[2018-01-29 10:13:07,965][restartedMain][INFO][com.rejoice.active.console.ActiveConsole:48] Starting ActiveConsole on jrjzx01-PC with PID 5396 (D:\sts\rejoice-active-console\target\classes started by jrjzx01 in D:\sts\rejoice-active-console)
[2018-01-29 10:13:07,980][restartedMain][INFO][com.rejoice.active.console.ActiveConsole:641] The following profiles are active: dev
[2018-01-29 10:13:08,140][restartedMain][INFO][org.springframework.boot.context.embedded.AnnotationConfigEmbeddedWebApplicationContext:582] Refreshing org.springframework.boot.context.embedded.AnnotationConfigEmbeddedWebApplicationContext@79ce6afa: startup date [Mon Jan 29 10:13:08 CST 2018]; root of context hierarchy
[2018-01-29 10:13:08,262][background-preinit][INFO][org.hibernate.validator.internal.util.Version:30] HV000001: Hibernate Validator 5.3.5.Final
[2018-01-29 10:13:09,428][restartedMain][INFO][org.springframework.context.support.PostProcessorRegistrationDelegate$BeanPostProcessorChecker:325] Bean 'propertiesConfig' of type [com.rejoice.active.console.config.PropertiesConfig$$EnhancerBySpringCGLIB$$e91c6229] is not eligible for getting processed by all BeanPostProcessors (for example: not eligible for auto-proxying)
[2018-01-29 10:13:09,440][restartedMain][INFO][org.springframework.context.support.PostProcessorRegistrationDelegate$BeanPostProcessorChecker:325] Bean 'conversionService' of type [org.springframework.context.support.ConversionServiceFactoryBean] is not eligible for getting processed by all BeanPostProcessors (for example: not eligible for auto-proxying)
[2018-01-29 10:13:09,440][restartedMain][INFO][org.springframework.context.support.PostProcessorRegistrationDelegate$BeanPostProcessorChecker:325] Bean 'conversionService' of type [org.springframework.core.convert.support.DefaultConversionService] is not eligible for getting processed by all BeanPostProcessors (for example: not eligible for auto-proxying)
[2018-01-29 10:13:09,840][restartedMain][INFO][org.springframework.boot.context.embedded.tomcat.TomcatEmbeddedServletContainer:89] Tomcat initialized with port(s): 8080 (http)
[2018-01-29 10:13:09,849][restartedMain][INFO][org.apache.catalina.core.StandardService:179] Starting service Tomcat
[2018-01-29 10:13:09,850][restartedMain][INFO][org.apache.catalina.core.StandardEngine:179] Starting Servlet Engine: Apache Tomcat/8.5.14
[2018-01-29 10:13:09,923][localhost-startStop-1][INFO][org.apache.catalina.core.ContainerBase.[Tomcat].[localhost].[/]:179] Initializing Spring embedded WebApplicationContext
[2018-01-29 10:13:09,923][localhost-startStop-1][INFO][org.springframework.web.context.ContextLoader:276] Root WebApplicationContext: initialization completed in 1785 ms
[2018-01-29 10:13:10,240][localhost-startStop-1][INFO][org.springframework.boot.web.servlet.ServletRegistrationBean:190] Mapping servlet: 'statViewServlet' to [/druid/*]
[2018-01-29 10:13:10,242][localhost-startStop-1][INFO][org.springframework.boot.web.servlet.ServletRegistrationBean:190] Mapping servlet: 'dispatcherServlet' to [/]
[2018-01-29 10:13:10,244][localhost-startStop-1][INFO][org.springframework.boot.web.servlet.FilterRegistrationBean:258] Mapping filter: 'metricsFilter' to: [/*]
[2018-01-29 10:13:10,244][localhost-startStop-1][INFO][org.springframework.boot.web.servlet.FilterRegistrationBean:258] Mapping filter: 'characterEncodingFilter' to: [/*]
[2018-01-29 10:13:10,244][localhost-startStop-1][INFO][org.springframework.boot.web.servlet.FilterRegistrationBean:258] Mapping filter: 'hiddenHttpMethodFilter' to: [/*]
[2018-01-29 10:13:10,244][localhost-startStop-1][INFO][org.springframework.boot.web.servlet.FilterRegistrationBean:258] Mapping filter: 'httpPutFormContentFilter' to: [/*]
[2018-01-29 10:13:10,245][localhost-startStop-1][INFO][org.springframework.boot.web.servlet.FilterRegistrationBean:258] Mapping filter: 'requestContextFilter' to: [/*]
[2018-01-29 10:13:10,245][localhost-startStop-1][INFO][org.springframework.boot.web.servlet.FilterRegistrationBean:258] Mapping filter: 'webRequestLoggingFilter' to: [/*]
[2018-01-29 10:13:10,245][localhost-startStop-1][INFO][org.springframework.boot.web.servlet.FilterRegistrationBean:271] Mapping filter: 'webStatFilter' to urls: [/*]
[2018-01-29 10:13:10,245][localhost-startStop-1][INFO][org.springframework.boot.web.servlet.FilterRegistrationBean:258] Mapping filter: 'applicationContextIdFilter' to: [/*]
[2018-01-29 10:13:10,741][restartedMain][INFO][com.alibaba.druid.pool.DruidDataSource:106] {dataSource-1} inited
[2018-01-29 10:13:11,145][restartedMain][INFO][org.springframework.web.servlet.mvc.method.annotation.RequestMappingHandlerAdapter:534] Looking for @ControllerAdvice: org.springframework.boot.context.embedded.AnnotationConfigEmbeddedWebApplicationContext@79ce6afa: startup date [Mon Jan 29 10:13:08 CST 2018]; root of context hierarchy
[2018-01-29 10:13:11,227][restartedMain][INFO][org.springframework.web.servlet.mvc.method.annotation.RequestMappingHandlerMapping:543] Mapped "{[/active],methods=[PUT]}" onto public void com.rejoice.active.console.controller.BaseController.update(T) throws java.lang.Exception
[2018-01-29 10:13:11,228][restartedMain][INFO][org.springframework.web.servlet.mvc.method.annotation.RequestMappingHandlerMapping:543] Mapped "{[/active/{ids}],methods=[DELETE]}" onto public void com.rejoice.active.console.controller.BaseController.delete(java.lang.String)
[2018-01-29 10:13:11,228][restartedMain][INFO][org.springframework.web.servlet.mvc.method.annotation.RequestMappingHandlerMapping:543] Mapped "{[/active],methods=[POST]}" onto public void com.rejoice.active.console.controller.BaseController.save(T) throws java.lang.Exception
[2018-01-29 10:13:11,229][restartedMain][INFO][org.springframework.web.servlet.mvc.method.annotation.RequestMappingHandlerMapping:543] Mapped "{[/active/all],methods=[GET]}" onto public org.springframework.http.ResponseEntity<java.util.List<T>> com.rejoice.active.console.controller.BaseController.findAll()
[2018-01-29 10:13:11,229][restartedMain][INFO][org.springframework.web.servlet.mvc.method.annotation.RequestMappingHandlerMapping:543] Mapped "{[/active/page],methods=[GET]}" onto public org.springframework.http.ResponseEntity<com.rejoice.active.console.common.bean.EasyUIResult> com.rejoice.active.console.controller.BaseController.findByPage(java.lang.Integer,java.lang.Integer,java.lang.String[],java.lang.String[],T) throws java.lang.Exception
[2018-01-29 10:13:11,229][restartedMain][INFO][org.springframework.web.servlet.mvc.method.annotation.RequestMappingHandlerMapping:543] Mapped "{[/active/{id}],methods=[GET]}" onto public T com.rejoice.active.console.controller.BaseController.getById(java.io.Serializable)
[2018-01-29 10:13:11,230][restartedMain][INFO][org.springframework.web.servlet.mvc.method.annotation.RequestMappingHandlerMapping:543] Mapped "{[/api/company/active],methods=[POST]}" onto public com.rejoice.active.console.response.ResponseVo com.rejoice.active.console.controller.api.ApiCompanyController.active(java.lang.String)
[2018-01-29 10:13:11,233][restartedMain][INFO][org.springframework.web.servlet.mvc.method.annotation.RequestMappingHandlerMapping:543] Mapped "{[/company/active],methods=[POST]}" onto public com.rejoice.active.console.response.ResponseVo com.rejoice.active.console.controller.CompanyController.active(com.rejoice.active.console.entity.Company) throws java.lang.Exception
[2018-01-29 10:13:11,233][restartedMain][INFO][org.springframework.web.servlet.mvc.method.annotation.RequestMappingHandlerMapping:543] Mapped "{[/company],methods=[PUT]}" onto public void com.rejoice.active.console.controller.BaseController.update(T) throws java.lang.Exception
[2018-01-29 10:13:11,233][restartedMain][INFO][org.springframework.web.servlet.mvc.method.annotation.RequestMappingHandlerMapping:543] Mapped "{[/company/{ids}],methods=[DELETE]}" onto public void com.rejoice.active.console.controller.BaseController.delete(java.lang.String)
[2018-01-29 10:13:11,234][restartedMain][INFO][org.springframework.web.servlet.mvc.method.annotation.RequestMappingHandlerMapping:543] Mapped "{[/company],methods=[POST]}" onto public void com.rejoice.active.console.controller.BaseController.save(T) throws java.lang.Exception
[2018-01-29 10:13:11,234][restartedMain][INFO][org.springframework.web.servlet.mvc.method.annotation.RequestMappingHandlerMapping:543] Mapped "{[/company/all],methods=[GET]}" onto public org.springframework.http.ResponseEntity<java.util.List<T>> com.rejoice.active.console.controller.BaseController.findAll()
[2018-01-29 10:13:11,235][restartedMain][INFO][org.springframework.web.servlet.mvc.method.annotation.RequestMappingHandlerMapping:543] Mapped "{[/company/page],methods=[GET]}" onto public org.springframework.http.ResponseEntity<com.rejoice.active.console.common.bean.EasyUIResult> com.rejoice.active.console.controller.BaseController.findByPage(java.lang.Integer,java.lang.Integer,java.lang.String[],java.lang.String[],T) throws java.lang.Exception
[2018-01-29 10:13:11,235][restartedMain][INFO][org.springframework.web.servlet.mvc.method.annotation.RequestMappingHandlerMapping:543] Mapped "{[/company/{id}],methods=[GET]}" onto public T com.rejoice.active.console.controller.BaseController.getById(java.io.Serializable)
[2018-01-29 10:13:11,236][restartedMain][INFO][org.springframework.web.servlet.mvc.method.annotation.RequestMappingHandlerMapping:543] Mapped "{[/page/**/*.html],methods=[GET]}" onto public java.lang.String com.rejoice.active.console.controller.PageController.toPage(javax.servlet.http.HttpServletRequest)
[2018-01-29 10:13:11,236][restartedMain][INFO][org.springframework.web.servlet.mvc.method.annotation.RequestMappingHandlerMapping:543] Mapped "{[],methods=[GET]}" onto public java.lang.String com.rejoice.active.console.controller.PageController.toHome()
[2018-01-29 10:13:11,237][restartedMain][INFO][org.springframework.web.servlet.mvc.method.annotation.RequestMappingHandlerMapping:543] Mapped "{[/pdf/b],methods=[GET]}" onto public org.springframework.web.servlet.ModelAndView com.rejoice.active.console.controller.PdfController.b()
[2018-01-29 10:13:11,237][restartedMain][INFO][org.springframework.web.servlet.mvc.method.annotation.RequestMappingHandlerMapping:543] Mapped "{[/pdf/a],methods=[GET]}" onto public org.springframework.web.servlet.ModelAndView com.rejoice.active.console.controller.PdfController.a()
[2018-01-29 10:13:11,237][restartedMain][INFO][org.springframework.web.servlet.mvc.method.annotation.RequestMappingHandlerMapping:543] Mapped "{[/pdf/simpleForm],methods=[GET]}" onto public org.springframework.web.servlet.ModelAndView com.rejoice.active.console.controller.PdfController.simpleForm()
[2018-01-29 10:13:11,239][restartedMain][INFO][org.springframework.web.servlet.mvc.method.annotation.RequestMappingHandlerMapping:543] Mapped "{[/user/login],methods=[POST]}" onto public org.springframework.web.servlet.ModelAndView com.rejoice.active.console.controller.UserController.login(com.rejoice.active.console.entity.User,javax.servlet.http.HttpServletRequest)
[2018-01-29 10:13:11,240][restartedMain][INFO][org.springframework.web.servlet.mvc.method.annotation.RequestMappingHandlerMapping:543] Mapped "{[/user/logout],methods=[GET]}" onto public org.springframework.web.servlet.ModelAndView com.rejoice.active.console.controller.UserController.logout(javax.servlet.http.HttpServletRequest)
[2018-01-29 10:13:11,240][restartedMain][INFO][org.springframework.web.servlet.mvc.method.annotation.RequestMappingHandlerMapping:543] Mapped "{[/user],methods=[PUT]}" onto public void com.rejoice.active.console.controller.BaseController.update(T) throws java.lang.Exception
[2018-01-29 10:13:11,246][restartedMain][INFO][org.springframework.web.servlet.mvc.method.annotation.RequestMappingHandlerMapping:543] Mapped "{[/user/{ids}],methods=[DELETE]}" onto public void com.rejoice.active.console.controller.BaseController.delete(java.lang.String)
[2018-01-29 10:13:11,246][restartedMain][INFO][org.springframework.web.servlet.mvc.method.annotation.RequestMappingHandlerMapping:543] Mapped "{[/user],methods=[POST]}" onto public void com.rejoice.active.console.controller.BaseController.save(T) throws java.lang.Exception
[2018-01-29 10:13:11,247][restartedMain][INFO][org.springframework.web.servlet.mvc.method.annotation.RequestMappingHandlerMapping:543] Mapped "{[/user/all],methods=[GET]}" onto public org.springframework.http.ResponseEntity<java.util.List<T>> com.rejoice.active.console.controller.BaseController.findAll()
[2018-01-29 10:13:11,247][restartedMain][INFO][org.springframework.web.servlet.mvc.method.annotation.RequestMappingHandlerMapping:543] Mapped "{[/user/page],methods=[GET]}" onto public org.springframework.http.ResponseEntity<com.rejoice.active.console.common.bean.EasyUIResult> com.rejoice.active.console.controller.BaseController.findByPage(java.lang.Integer,java.lang.Integer,java.lang.String[],java.lang.String[],T) throws java.lang.Exception
[2018-01-29 10:13:11,247][restartedMain][INFO][org.springframework.web.servlet.mvc.method.annotation.RequestMappingHandlerMapping:543] Mapped "{[/user/{id}],methods=[GET]}" onto public T com.rejoice.active.console.controller.BaseController.getById(java.io.Serializable)
[2018-01-29 10:13:11,249][restartedMain][INFO][org.springframework.web.servlet.mvc.method.annotation.RequestMappingHandlerMapping:543] Mapped "{[/error]}" onto public org.springframework.http.ResponseEntity<java.util.Map<java.lang.String, java.lang.Object>> org.springframework.boot.autoconfigure.web.BasicErrorController.error(javax.servlet.http.HttpServletRequest)
[2018-01-29 10:13:11,250][restartedMain][INFO][org.springframework.web.servlet.mvc.method.annotation.RequestMappingHandlerMapping:543] Mapped "{[/error],produces=[text/html]}" onto public org.springframework.web.servlet.ModelAndView org.springframework.boot.autoconfigure.web.BasicErrorController.errorHtml(javax.servlet.http.HttpServletRequest,javax.servlet.http.HttpServletResponse)
[2018-01-29 10:13:11,276][restartedMain][INFO][org.springframework.web.servlet.handler.SimpleUrlHandlerMapping:362] Mapped URL path [/webjars/**] onto handler of type [class org.springframework.web.servlet.resource.ResourceHttpRequestHandler]
[2018-01-29 10:13:11,276][restartedMain][INFO][org.springframework.web.servlet.handler.SimpleUrlHandlerMapping:362] Mapped URL path [/**] onto handler of type [class org.springframework.web.servlet.resource.ResourceHttpRequestHandler]
[2018-01-29 10:13:11,292][restartedMain][INFO][org.springframework.web.servlet.mvc.method.annotation.ExceptionHandlerExceptionResolver:273] Detected @ExceptionHandler methods in apiGlobalExceptionHandler
[2018-01-29 10:13:11,292][restartedMain][INFO][org.springframework.web.servlet.mvc.method.annotation.ExceptionHandlerExceptionResolver:273] Detected @ExceptionHandler methods in globalDefaultExceptionHandler
[2018-01-29 10:13:11,314][restartedMain][INFO][org.springframework.web.servlet.handler.SimpleUrlHandlerMapping:362] Mapped URL path [/**/favicon.ico] onto handler of type [class org.springframework.web.servlet.resource.ResourceHttpRequestHandler]
[2018-01-29 10:13:12,212][restartedMain][INFO][org.springframework.boot.actuate.endpoint.mvc.EndpointHandlerMapping:543] Mapped "{[/configprops || /configprops.json],methods=[GET],produces=[application/vnd.spring-boot.actuator.v1+json || application/json]}" onto public java.lang.Object org.springframework.boot.actuate.endpoint.mvc.EndpointMvcAdapter.invoke()
[2018-01-29 10:13:12,214][restartedMain][INFO][org.springframework.boot.actuate.endpoint.mvc.EndpointHandlerMapping:543] Mapped "{[/health || /health.json],methods=[GET],produces=[application/vnd.spring-boot.actuator.v1+json || application/json]}" onto public java.lang.Object org.springframework.boot.actuate.endpoint.mvc.HealthMvcEndpoint.invoke(javax.servlet.http.HttpServletRequest,java.security.Principal)
[2018-01-29 10:13:12,215][restartedMain][INFO][org.springframework.boot.actuate.endpoint.mvc.EndpointHandlerMapping:543] Mapped "{[/trace || /trace.json],methods=[GET],produces=[application/vnd.spring-boot.actuator.v1+json || application/json]}" onto public java.lang.Object org.springframework.boot.actuate.endpoint.mvc.EndpointMvcAdapter.invoke()
[2018-01-29 10:13:12,215][restartedMain][INFO][org.springframework.boot.actuate.endpoint.mvc.EndpointHandlerMapping:543] Mapped "{[/beans || /beans.json],methods=[GET],produces=[application/vnd.spring-boot.actuator.v1+json || application/json]}" onto public java.lang.Object org.springframework.boot.actuate.endpoint.mvc.EndpointMvcAdapter.invoke()
[2018-01-29 10:13:12,216][restartedMain][INFO][org.springframework.boot.actuate.endpoint.mvc.EndpointHandlerMapping:543] Mapped "{[/autoconfig || /autoconfig.json],methods=[GET],produces=[application/vnd.spring-boot.actuator.v1+json || application/json]}" onto public java.lang.Object org.springframework.boot.actuate.endpoint.mvc.EndpointMvcAdapter.invoke()
[2018-01-29 10:13:12,217][restartedMain][INFO][org.springframework.boot.actuate.endpoint.mvc.EndpointHandlerMapping:543] Mapped "{[/auditevents || /auditevents.json],methods=[GET],produces=[application/vnd.spring-boot.actuator.v1+json || application/json]}" onto public org.springframework.http.ResponseEntity<?> org.springframework.boot.actuate.endpoint.mvc.AuditEventsMvcEndpoint.findByPrincipalAndAfterAndType(java.lang.String,java.util.Date,java.lang.String)
[2018-01-29 10:13:12,217][restartedMain][INFO][org.springframework.boot.actuate.endpoint.mvc.EndpointHandlerMapping:543] Mapped "{[/heapdump || /heapdump.json],methods=[GET],produces=[application/octet-stream]}" onto public void org.springframework.boot.actuate.endpoint.mvc.HeapdumpMvcEndpoint.invoke(boolean,javax.servlet.http.HttpServletRequest,javax.servlet.http.HttpServletResponse) throws java.io.IOException,javax.servlet.ServletException
[2018-01-29 10:13:12,218][restartedMain][INFO][org.springframework.boot.actuate.endpoint.mvc.EndpointHandlerMapping:543] Mapped "{[/env/{name:.*}],methods=[GET],produces=[application/vnd.spring-boot.actuator.v1+json || application/json]}" onto public java.lang.Object org.springframework.boot.actuate.endpoint.mvc.EnvironmentMvcEndpoint.value(java.lang.String)
[2018-01-29 10:13:12,218][restartedMain][INFO][org.springframework.boot.actuate.endpoint.mvc.EndpointHandlerMapping:543] Mapped "{[/env || /env.json],methods=[GET],produces=[application/vnd.spring-boot.actuator.v1+json || application/json]}" onto public java.lang.Object org.springframework.boot.actuate.endpoint.mvc.EndpointMvcAdapter.invoke()
[2018-01-29 10:13:12,219][restartedMain][INFO][org.springframework.boot.actuate.endpoint.mvc.EndpointHandlerMapping:543] Mapped "{[/dump || /dump.json],methods=[GET],produces=[application/vnd.spring-boot.actuator.v1+json || application/json]}" onto public java.lang.Object org.springframework.boot.actuate.endpoint.mvc.EndpointMvcAdapter.invoke()
[2018-01-29 10:13:12,221][restartedMain][INFO][org.springframework.boot.actuate.endpoint.mvc.EndpointHandlerMapping:543] Mapped "{[/loggers/{name:.*}],methods=[GET],produces=[application/vnd.spring-boot.actuator.v1+json || application/json]}" onto public java.lang.Object org.springframework.boot.actuate.endpoint.mvc.LoggersMvcEndpoint.get(java.lang.String)
[2018-01-29 10:13:12,221][restartedMain][INFO][org.springframework.boot.actuate.endpoint.mvc.EndpointHandlerMapping:543] Mapped "{[/loggers/{name:.*}],methods=[POST],consumes=[application/vnd.spring-boot.actuator.v1+json || application/json],produces=[application/vnd.spring-boot.actuator.v1+json || application/json]}" onto public java.lang.Object org.springframework.boot.actuate.endpoint.mvc.LoggersMvcEndpoint.set(java.lang.String,java.util.Map<java.lang.String, java.lang.String>)
[2018-01-29 10:13:12,222][restartedMain][INFO][org.springframework.boot.actuate.endpoint.mvc.EndpointHandlerMapping:543] Mapped "{[/loggers || /loggers.json],methods=[GET],produces=[application/vnd.spring-boot.actuator.v1+json || application/json]}" onto public java.lang.Object org.springframework.boot.actuate.endpoint.mvc.EndpointMvcAdapter.invoke()
[2018-01-29 10:13:12,224][restartedMain][INFO][org.springframework.boot.actuate.endpoint.mvc.EndpointHandlerMapping:543] Mapped "{[/mappings || /mappings.json],methods=[GET],produces=[application/vnd.spring-boot.actuator.v1+json || application/json]}" onto public java.lang.Object org.springframework.boot.actuate.endpoint.mvc.EndpointMvcAdapter.invoke()
[2018-01-29 10:13:12,225][restartedMain][INFO][org.springframework.boot.actuate.endpoint.mvc.EndpointHandlerMapping:543] Mapped "{[/info || /info.json],methods=[GET],produces=[application/vnd.spring-boot.actuator.v1+json || application/json]}" onto public java.lang.Object org.springframework.boot.actuate.endpoint.mvc.EndpointMvcAdapter.invoke()
[2018-01-29 10:13:12,226][restartedMain][INFO][org.springframework.boot.actuate.endpoint.mvc.EndpointHandlerMapping:543] Mapped "{[/metrics/{name:.*}],methods=[GET],produces=[application/vnd.spring-boot.actuator.v1+json || application/json]}" onto public java.lang.Object org.springframework.boot.actuate.endpoint.mvc.MetricsMvcEndpoint.value(java.lang.String)
[2018-01-29 10:13:12,226][restartedMain][INFO][org.springframework.boot.actuate.endpoint.mvc.EndpointHandlerMapping:543] Mapped "{[/metrics || /metrics.json],methods=[GET],produces=[application/vnd.spring-boot.actuator.v1+json || application/json]}" onto public java.lang.Object org.springframework.boot.actuate.endpoint.mvc.EndpointMvcAdapter.invoke()
[2018-01-29 10:13:12,316][restartedMain][INFO][org.springframework.web.servlet.view.freemarker.FreeMarkerConfigurer:127] ClassTemplateLoader for Spring macros added to FreeMarker configuration
[2018-01-29 10:13:12,743][restartedMain][INFO][org.springframework.boot.devtools.autoconfigure.OptionalLiveReloadServer:58] LiveReload server is running on port 35729
[2018-01-29 10:13:13,517][restartedMain][INFO][org.springframework.jmx.export.annotation.AnnotationMBeanExporter:431] Registering beans for JMX exposure on startup
[2018-01-29 10:13:13,518][restartedMain][INFO][org.springframework.jmx.export.annotation.AnnotationMBeanExporter:916] Bean with name 'dataSource' has been autodetected for JMX exposure
[2018-01-29 10:13:13,523][restartedMain][INFO][org.springframework.jmx.export.annotation.AnnotationMBeanExporter:671] Located MBean 'dataSource': registering with JMX server as MBean [com.alibaba.druid.pool:name=dataSource,type=DruidDataSource]
[2018-01-29 10:13:13,524][restartedMain][INFO][org.springframework.boot.actuate.endpoint.jmx.EndpointMBeanExporter:431] Registering beans for JMX exposure on startup
[2018-01-29 10:13:13,528][restartedMain][INFO][org.springframework.context.support.DefaultLifecycleProcessor:343] Starting beans in phase 0
[2018-01-29 10:13:13,529][restartedMain][INFO][org.springframework.boot.actuate.endpoint.jmx.EndpointMBeanExporter:678] Located managed bean 'auditEventsEndpoint': registering with JMX server as MBean [org.springframework.boot:type=Endpoint,name=auditEventsEndpoint]
[2018-01-29 10:13:13,540][restartedMain][INFO][org.springframework.boot.actuate.endpoint.jmx.EndpointMBeanExporter:678] Located managed bean 'requestMappingEndpoint': registering with JMX server as MBean [org.springframework.boot:type=Endpoint,name=requestMappingEndpoint]
[2018-01-29 10:13:13,547][restartedMain][INFO][org.springframework.boot.actuate.endpoint.jmx.EndpointMBeanExporter:678] Located managed bean 'environmentEndpoint': registering with JMX server as MBean [org.springframework.boot:type=Endpoint,name=environmentEndpoint]
[2018-01-29 10:13:13,551][restartedMain][INFO][org.springframework.boot.actuate.endpoint.jmx.EndpointMBeanExporter:678] Located managed bean 'healthEndpoint': registering with JMX server as MBean [org.springframework.boot:type=Endpoint,name=healthEndpoint]
[2018-01-29 10:13:13,553][restartedMain][INFO][org.springframework.boot.actuate.endpoint.jmx.EndpointMBeanExporter:678] Located managed bean 'beansEndpoint': registering with JMX server as MBean [org.springframework.boot:type=Endpoint,name=beansEndpoint]
[2018-01-29 10:13:13,555][restartedMain][INFO][org.springframework.boot.actuate.endpoint.jmx.EndpointMBeanExporter:678] Located managed bean 'infoEndpoint': registering with JMX server as MBean [org.springframework.boot:type=Endpoint,name=infoEndpoint]
[2018-01-29 10:13:13,557][restartedMain][INFO][org.springframework.boot.actuate.endpoint.jmx.EndpointMBeanExporter:678] Located managed bean 'loggersEndpoint': registering with JMX server as MBean [org.springframework.boot:type=Endpoint,name=loggersEndpoint]
[2018-01-29 10:13:13,561][restartedMain][INFO][org.springframework.boot.actuate.endpoint.jmx.EndpointMBeanExporter:678] Located managed bean 'metricsEndpoint': registering with JMX server as MBean [org.springframework.boot:type=Endpoint,name=metricsEndpoint]
[2018-01-29 10:13:13,563][restartedMain][INFO][org.springframework.boot.actuate.endpoint.jmx.EndpointMBeanExporter:678] Located managed bean 'traceEndpoint': registering with JMX server as MBean [org.springframework.boot:type=Endpoint,name=traceEndpoint]
[2018-01-29 10:13:13,565][restartedMain][INFO][org.springframework.boot.actuate.endpoint.jmx.EndpointMBeanExporter:678] Located managed bean 'dumpEndpoint': registering with JMX server as MBean [org.springframework.boot:type=Endpoint,name=dumpEndpoint]
[2018-01-29 10:13:13,567][restartedMain][INFO][org.springframework.boot.actuate.endpoint.jmx.EndpointMBeanExporter:678] Located managed bean 'autoConfigurationReportEndpoint': registering with JMX server as MBean [org.springframework.boot:type=Endpoint,name=autoConfigurationReportEndpoint]
[2018-01-29 10:13:13,568][restartedMain][INFO][org.springframework.boot.actuate.endpoint.jmx.EndpointMBeanExporter:678] Located managed bean 'configurationPropertiesReportEndpoint': registering with JMX server as MBean [org.springframework.boot:type=Endpoint,name=configurationPropertiesReportEndpoint]
[2018-01-29 10:13:13,585][restartedMain][INFO][org.apache.coyote.http11.Http11NioProtocol:179] Initializing ProtocolHandler ["http-nio-8080"]
[2018-01-29 10:13:13,594][restartedMain][INFO][org.apache.coyote.http11.Http11NioProtocol:179] Starting ProtocolHandler ["http-nio-8080"]
[2018-01-29 10:13:13,603][restartedMain][INFO][org.apache.tomcat.util.net.NioSelectorPool:179] Using a shared selector for servlet write/read
[2018-01-29 10:13:13,616][restartedMain][INFO][org.springframework.boot.context.embedded.tomcat.TomcatEmbeddedServletContainer:198] Tomcat started on port(s): 8080 (http)
[2018-01-29 10:13:13,621][restartedMain][INFO][com.rejoice.active.console.ActiveConsole:57] Started ActiveConsole in 5.894 seconds (JVM running for 6.465)
[2018-01-29 10:13:25,001][http-nio-8080-exec-1][INFO][org.apache.catalina.core.ContainerBase.[Tomcat].[localhost].[/]:179] Initializing Spring FrameworkServlet 'dispatcherServlet'
[2018-01-29 10:13:25,001][http-nio-8080-exec-1][INFO][org.springframework.web.servlet.DispatcherServlet:489] FrameworkServlet 'dispatcherServlet': initialization started
[2018-01-29 10:13:25,017][http-nio-8080-exec-1][INFO][org.springframework.web.servlet.DispatcherServlet:508] FrameworkServlet 'dispatcherServlet': initialization completed in 15 ms
[2018-01-29 10:13:25,092][http-nio-8080-exec-3][INFO][org.thymeleaf.TemplateEngine:825] [THYMELEAF] INITIALIZING TEMPLATE ENGINE
[2018-01-29 10:13:25,146][http-nio-8080-exec-3][INFO][org.thymeleaf.templateresolver.AbstractTemplateResolver:99] [THYMELEAF] INITIALIZING TEMPLATE RESOLVER: org.thymeleaf.spring4.templateresolver.SpringResourceTemplateResolver
[2018-01-29 10:13:25,147][http-nio-8080-exec-3][INFO][org.thymeleaf.templateresolver.AbstractTemplateResolver:110] [THYMELEAF] TEMPLATE RESOLVER INITIALIZED OK
[2018-01-29 10:13:25,147][http-nio-8080-exec-3][INFO][org.thymeleaf.messageresolver.AbstractMessageResolver:72] [THYMELEAF] INITIALIZING MESSAGE RESOLVER: org.thymeleaf.spring4.messageresolver.SpringMessageResolver
[2018-01-29 10:13:25,147][http-nio-8080-exec-3][INFO][org.thymeleaf.messageresolver.AbstractMessageResolver:78] [THYMELEAF] MESSAGE RESOLVER INITIALIZED OK
[2018-01-29 10:13:25,151][http-nio-8080-exec-3][INFO][org.thymeleaf.TemplateEngine.CONFIG:123] [THYMELEAF] TEMPLATE ENGINE CONFIGURATION:
[THYMELEAF] * Cache Factory implementation: org.thymeleaf.cache.StandardCacheManager
[THYMELEAF] * Template modes:
[THYMELEAF]     * XHTML
[THYMELEAF]     * LEGACYHTML5
[THYMELEAF]     * VALIDXML
[THYMELEAF]     * VALIDXHTML
[THYMELEAF]     * XML
[THYMELEAF]     * HTML5
[THYMELEAF] * Template resolvers (in order):
[THYMELEAF]     * org.thymeleaf.spring4.templateresolver.SpringResourceTemplateResolver
[THYMELEAF] * Message resolvers (in order):
[THYMELEAF]     * org.thymeleaf.spring4.messageresolver.SpringMessageResolver
[THYMELEAF] * Dialect [1 of 2]: org.thymeleaf.spring4.dialect.SpringStandardDialect
[THYMELEAF]     * Prefix: "th"
[THYMELEAF] * Dialect [2 of 2]: nz.net.ultraq.thymeleaf.LayoutDialect
[THYMELEAF]     * Prefix: "layout"
[THYMELEAF] TEMPLATE ENGINE CONFIGURED OK
[2018-01-29 10:13:25,154][http-nio-8080-exec-3][INFO][org.thymeleaf.TemplateEngine:838] [THYMELEAF] TEMPLATE ENGINE INITIALIZED
