[2017-12-28 09:04:13,566][restartedMain][INFO][com.rejoice.active.console.ActiveConsole:48] Starting ActiveConsole on jrjzx01-PC with PID 9656 (D:\sts\rejoice-active-console\target\classes started by jrjzx01 in D:\sts\rejoice-active-console)
[2017-12-28 09:04:13,580][restartedMain][INFO][com.rejoice.active.console.ActiveConsole:641] The following profiles are active: dev
[2017-12-28 09:04:13,765][restartedMain][INFO][org.springframework.boot.context.embedded.AnnotationConfigEmbeddedWebApplicationContext:582] Refreshing org.springframework.boot.context.embedded.AnnotationConfigEmbeddedWebApplicationContext@4b0f95e2: startup date [Thu Dec 28 09:04:13 CST 2017]; root of context hierarchy
[2017-12-28 09:04:13,869][background-preinit][INFO][org.hibernate.validator.internal.util.Version:30] HV000001: Hibernate Validator 5.3.5.Final
[2017-12-28 09:04:15,177][restartedMain][INFO][org.springframework.context.support.PostProcessorRegistrationDelegate$BeanPostProcessorChecker:325] Bean 'propertiesConfig' of type [com.rejoice.active.console.config.PropertiesConfig$$EnhancerBySpringCGLIB$$dbab59e9] is not eligible for getting processed by all BeanPostProcessors (for example: not eligible for auto-proxying)
[2017-12-28 09:04:15,189][restartedMain][INFO][org.springframework.context.support.PostProcessorRegistrationDelegate$BeanPostProcessorChecker:325] Bean 'conversionService' of type [org.springframework.context.support.ConversionServiceFactoryBean] is not eligible for getting processed by all BeanPostProcessors (for example: not eligible for auto-proxying)
[2017-12-28 09:04:15,190][restartedMain][INFO][org.springframework.context.support.PostProcessorRegistrationDelegate$BeanPostProcessorChecker:325] Bean 'conversionService' of type [org.springframework.core.convert.support.DefaultConversionService] is not eligible for getting processed by all BeanPostProcessors (for example: not eligible for auto-proxying)
[2017-12-28 09:04:15,604][restartedMain][INFO][org.springframework.boot.context.embedded.tomcat.TomcatEmbeddedServletContainer:89] Tomcat initialized with port(s): 8080 (http)
[2017-12-28 09:04:15,615][restartedMain][INFO][org.apache.catalina.core.StandardService:179] Starting service Tomcat
[2017-12-28 09:04:15,617][restartedMain][INFO][org.apache.catalina.core.StandardEngine:179] Starting Servlet Engine: Apache Tomcat/8.5.14
[2017-12-28 09:04:15,703][localhost-startStop-1][INFO][org.apache.catalina.core.ContainerBase.[Tomcat].[localhost].[/]:179] Initializing Spring embedded WebApplicationContext
[2017-12-28 09:04:15,703][localhost-startStop-1][INFO][org.springframework.web.context.ContextLoader:276] Root WebApplicationContext: initialization completed in 1942 ms
[2017-12-28 09:04:16,048][localhost-startStop-1][INFO][org.springframework.boot.web.servlet.ServletRegistrationBean:190] Mapping servlet: 'statViewServlet' to [/druid/*]
[2017-12-28 09:04:16,049][localhost-startStop-1][INFO][org.springframework.boot.web.servlet.ServletRegistrationBean:190] Mapping servlet: 'dispatcherServlet' to [/]
[2017-12-28 09:04:16,053][localhost-startStop-1][INFO][org.springframework.boot.web.servlet.FilterRegistrationBean:258] Mapping filter: 'metricsFilter' to: [/*]
[2017-12-28 09:04:16,054][localhost-startStop-1][INFO][org.springframework.boot.web.servlet.FilterRegistrationBean:258] Mapping filter: 'characterEncodingFilter' to: [/*]
[2017-12-28 09:04:16,054][localhost-startStop-1][INFO][org.springframework.boot.web.servlet.FilterRegistrationBean:258] Mapping filter: 'hiddenHttpMethodFilter' to: [/*]
[2017-12-28 09:04:16,054][localhost-startStop-1][INFO][org.springframework.boot.web.servlet.FilterRegistrationBean:258] Mapping filter: 'httpPutFormContentFilter' to: [/*]
[2017-12-28 09:04:16,054][localhost-startStop-1][INFO][org.springframework.boot.web.servlet.FilterRegistrationBean:258] Mapping filter: 'requestContextFilter' to: [/*]
[2017-12-28 09:04:16,055][localhost-startStop-1][INFO][org.springframework.boot.web.servlet.FilterRegistrationBean:258] Mapping filter: 'webRequestLoggingFilter' to: [/*]
[2017-12-28 09:04:16,055][localhost-startStop-1][INFO][org.springframework.boot.web.servlet.FilterRegistrationBean:271] Mapping filter: 'webStatFilter' to urls: [/*]
[2017-12-28 09:04:16,055][localhost-startStop-1][INFO][org.springframework.boot.web.servlet.FilterRegistrationBean:258] Mapping filter: 'applicationContextIdFilter' to: [/*]
[2017-12-28 09:04:16,595][restartedMain][INFO][com.alibaba.druid.pool.DruidDataSource:106] {dataSource-1} inited
[2017-12-28 09:04:17,005][restartedMain][INFO][org.springframework.web.servlet.mvc.method.annotation.RequestMappingHandlerAdapter:534] Looking for @ControllerAdvice: org.springframework.boot.context.embedded.AnnotationConfigEmbeddedWebApplicationContext@4b0f95e2: startup date [Thu Dec 28 09:04:13 CST 2017]; root of context hierarchy
[2017-12-28 09:04:17,070][restartedMain][INFO][org.springframework.web.servlet.mvc.method.annotation.RequestMappingHandlerMapping:543] Mapped "{[/active],methods=[PUT]}" onto public void com.rejoice.active.console.controller.BaseController.update(T) throws java.lang.Exception
[2017-12-28 09:04:17,071][restartedMain][INFO][org.springframework.web.servlet.mvc.method.annotation.RequestMappingHandlerMapping:543] Mapped "{[/active/{ids}],methods=[DELETE]}" onto public void com.rejoice.active.console.controller.BaseController.delete(java.lang.String)
[2017-12-28 09:04:17,072][restartedMain][INFO][org.springframework.web.servlet.mvc.method.annotation.RequestMappingHandlerMapping:543] Mapped "{[/active],methods=[POST]}" onto public void com.rejoice.active.console.controller.BaseController.save(T) throws java.lang.Exception
[2017-12-28 09:04:17,072][restartedMain][INFO][org.springframework.web.servlet.mvc.method.annotation.RequestMappingHandlerMapping:543] Mapped "{[/active/all],methods=[GET]}" onto public org.springframework.http.ResponseEntity<java.util.List<T>> com.rejoice.active.console.controller.BaseController.findAll()
[2017-12-28 09:04:17,072][restartedMain][INFO][org.springframework.web.servlet.mvc.method.annotation.RequestMappingHandlerMapping:543] Mapped "{[/active/page],methods=[GET]}" onto public org.springframework.http.ResponseEntity<com.rejoice.active.console.common.bean.EasyUIResult> com.rejoice.active.console.controller.BaseController.findByPage(java.lang.Integer,java.lang.Integer,java.lang.String[],java.lang.String[],T) throws java.lang.Exception
[2017-12-28 09:04:17,073][restartedMain][INFO][org.springframework.web.servlet.mvc.method.annotation.RequestMappingHandlerMapping:543] Mapped "{[/active/{id}],methods=[GET]}" onto public T com.rejoice.active.console.controller.BaseController.getById(java.io.Serializable)
[2017-12-28 09:04:17,073][restartedMain][INFO][org.springframework.web.servlet.mvc.method.annotation.RequestMappingHandlerMapping:543] Mapped "{[/api/company/active],methods=[POST]}" onto public com.rejoice.active.console.response.ResponseVo com.rejoice.active.console.controller.api.ApiCompanyController.active(java.lang.String)
[2017-12-28 09:04:17,075][restartedMain][INFO][org.springframework.web.servlet.mvc.method.annotation.RequestMappingHandlerMapping:543] Mapped "{[/company/active],methods=[POST]}" onto public com.rejoice.active.console.response.ResponseVo com.rejoice.active.console.controller.CompanyController.active(com.rejoice.active.console.entity.Company) throws java.lang.Exception
[2017-12-28 09:04:17,075][restartedMain][INFO][org.springframework.web.servlet.mvc.method.annotation.RequestMappingHandlerMapping:543] Mapped "{[/company],methods=[PUT]}" onto public void com.rejoice.active.console.controller.BaseController.update(T) throws java.lang.Exception
[2017-12-28 09:04:17,076][restartedMain][INFO][org.springframework.web.servlet.mvc.method.annotation.RequestMappingHandlerMapping:543] Mapped "{[/company/{ids}],methods=[DELETE]}" onto public void com.rejoice.active.console.controller.BaseController.delete(java.lang.String)
[2017-12-28 09:04:17,076][restartedMain][INFO][org.springframework.web.servlet.mvc.method.annotation.RequestMappingHandlerMapping:543] Mapped "{[/company],methods=[POST]}" onto public void com.rejoice.active.console.controller.BaseController.save(T) throws java.lang.Exception
[2017-12-28 09:04:17,076][restartedMain][INFO][org.springframework.web.servlet.mvc.method.annotation.RequestMappingHandlerMapping:543] Mapped "{[/company/all],methods=[GET]}" onto public org.springframework.http.ResponseEntity<java.util.List<T>> com.rejoice.active.console.controller.BaseController.findAll()
[2017-12-28 09:04:17,076][restartedMain][INFO][org.springframework.web.servlet.mvc.method.annotation.RequestMappingHandlerMapping:543] Mapped "{[/company/page],methods=[GET]}" onto public org.springframework.http.ResponseEntity<com.rejoice.active.console.common.bean.EasyUIResult> com.rejoice.active.console.controller.BaseController.findByPage(java.lang.Integer,java.lang.Integer,java.lang.String[],java.lang.String[],T) throws java.lang.Exception
[2017-12-28 09:04:17,077][restartedMain][INFO][org.springframework.web.servlet.mvc.method.annotation.RequestMappingHandlerMapping:543] Mapped "{[/company/{id}],methods=[GET]}" onto public T com.rejoice.active.console.controller.BaseController.getById(java.io.Serializable)
[2017-12-28 09:04:17,077][restartedMain][INFO][org.springframework.web.servlet.mvc.method.annotation.RequestMappingHandlerMapping:543] Mapped "{[/page/**/*.html],methods=[GET]}" onto public java.lang.String com.rejoice.active.console.controller.PageController.toPage(javax.servlet.http.HttpServletRequest)
[2017-12-28 09:04:17,078][restartedMain][INFO][org.springframework.web.servlet.mvc.method.annotation.RequestMappingHandlerMapping:543] Mapped "{[],methods=[GET]}" onto public java.lang.String com.rejoice.active.console.controller.PageController.toHome()
[2017-12-28 09:04:17,078][restartedMain][INFO][org.springframework.web.servlet.mvc.method.annotation.RequestMappingHandlerMapping:543] Mapped "{[/pdf/b],methods=[GET]}" onto public org.springframework.web.servlet.ModelAndView com.rejoice.active.console.controller.PdfController.b()
[2017-12-28 09:04:17,079][restartedMain][INFO][org.springframework.web.servlet.mvc.method.annotation.RequestMappingHandlerMapping:543] Mapped "{[/pdf/a],methods=[GET]}" onto public org.springframework.web.servlet.ModelAndView com.rejoice.active.console.controller.PdfController.a()
[2017-12-28 09:04:17,079][restartedMain][INFO][org.springframework.web.servlet.mvc.method.annotation.RequestMappingHandlerMapping:543] Mapped "{[/pdf/simpleForm],methods=[GET]}" onto public org.springframework.web.servlet.ModelAndView com.rejoice.active.console.controller.PdfController.simpleForm()
[2017-12-28 09:04:17,080][restartedMain][INFO][org.springframework.web.servlet.mvc.method.annotation.RequestMappingHandlerMapping:543] Mapped "{[/user/login],methods=[POST]}" onto public org.springframework.web.servlet.ModelAndView com.rejoice.active.console.controller.UserController.login(com.rejoice.active.console.entity.User,javax.servlet.http.HttpServletRequest)
[2017-12-28 09:04:17,081][restartedMain][INFO][org.springframework.web.servlet.mvc.method.annotation.RequestMappingHandlerMapping:543] Mapped "{[/user/logout],methods=[GET]}" onto public org.springframework.web.servlet.ModelAndView com.rejoice.active.console.controller.UserController.logout(javax.servlet.http.HttpServletRequest)
[2017-12-28 09:04:17,081][restartedMain][INFO][org.springframework.web.servlet.mvc.method.annotation.RequestMappingHandlerMapping:543] Mapped "{[/user],methods=[PUT]}" onto public void com.rejoice.active.console.controller.BaseController.update(T) throws java.lang.Exception
[2017-12-28 09:04:17,081][restartedMain][INFO][org.springframework.web.servlet.mvc.method.annotation.RequestMappingHandlerMapping:543] Mapped "{[/user/{ids}],methods=[DELETE]}" onto public void com.rejoice.active.console.controller.BaseController.delete(java.lang.String)
[2017-12-28 09:04:17,082][restartedMain][INFO][org.springframework.web.servlet.mvc.method.annotation.RequestMappingHandlerMapping:543] Mapped "{[/user],methods=[POST]}" onto public void com.rejoice.active.console.controller.BaseController.save(T) throws java.lang.Exception
[2017-12-28 09:04:17,082][restartedMain][INFO][org.springframework.web.servlet.mvc.method.annotation.RequestMappingHandlerMapping:543] Mapped "{[/user/all],methods=[GET]}" onto public org.springframework.http.ResponseEntity<java.util.List<T>> com.rejoice.active.console.controller.BaseController.findAll()
[2017-12-28 09:04:17,082][restartedMain][INFO][org.springframework.web.servlet.mvc.method.annotation.RequestMappingHandlerMapping:543] Mapped "{[/user/page],methods=[GET]}" onto public org.springframework.http.ResponseEntity<com.rejoice.active.console.common.bean.EasyUIResult> com.rejoice.active.console.controller.BaseController.findByPage(java.lang.Integer,java.lang.Integer,java.lang.String[],java.lang.String[],T) throws java.lang.Exception
[2017-12-28 09:04:17,083][restartedMain][INFO][org.springframework.web.servlet.mvc.method.annotation.RequestMappingHandlerMapping:543] Mapped "{[/user/{id}],methods=[GET]}" onto public T com.rejoice.active.console.controller.BaseController.getById(java.io.Serializable)
[2017-12-28 09:04:17,084][restartedMain][INFO][org.springframework.web.servlet.mvc.method.annotation.RequestMappingHandlerMapping:543] Mapped "{[/error]}" onto public org.springframework.http.ResponseEntity<java.util.Map<java.lang.String, java.lang.Object>> org.springframework.boot.autoconfigure.web.BasicErrorController.error(javax.servlet.http.HttpServletRequest)
[2017-12-28 09:04:17,085][restartedMain][INFO][org.springframework.web.servlet.mvc.method.annotation.RequestMappingHandlerMapping:543] Mapped "{[/error],produces=[text/html]}" onto public org.springframework.web.servlet.ModelAndView org.springframework.boot.autoconfigure.web.BasicErrorController.errorHtml(javax.servlet.http.HttpServletRequest,javax.servlet.http.HttpServletResponse)
[2017-12-28 09:04:17,113][restartedMain][INFO][org.springframework.web.servlet.handler.SimpleUrlHandlerMapping:362] Mapped URL path [/webjars/**] onto handler of type [class org.springframework.web.servlet.resource.ResourceHttpRequestHandler]
[2017-12-28 09:04:17,113][restartedMain][INFO][org.springframework.web.servlet.handler.SimpleUrlHandlerMapping:362] Mapped URL path [/**] onto handler of type [class org.springframework.web.servlet.resource.ResourceHttpRequestHandler]
[2017-12-28 09:04:17,130][restartedMain][INFO][org.springframework.web.servlet.mvc.method.annotation.ExceptionHandlerExceptionResolver:273] Detected @ExceptionHandler methods in apiGlobalExceptionHandler
[2017-12-28 09:04:17,130][restartedMain][INFO][org.springframework.web.servlet.mvc.method.annotation.ExceptionHandlerExceptionResolver:273] Detected @ExceptionHandler methods in globalDefaultExceptionHandler
[2017-12-28 09:04:17,155][restartedMain][INFO][org.springframework.web.servlet.handler.SimpleUrlHandlerMapping:362] Mapped URL path [/**/favicon.ico] onto handler of type [class org.springframework.web.servlet.resource.ResourceHttpRequestHandler]
[2017-12-28 09:04:18,071][restartedMain][INFO][org.springframework.boot.actuate.endpoint.mvc.EndpointHandlerMapping:543] Mapped "{[/loggers/{name:.*}],methods=[GET],produces=[application/vnd.spring-boot.actuator.v1+json || application/json]}" onto public java.lang.Object org.springframework.boot.actuate.endpoint.mvc.LoggersMvcEndpoint.get(java.lang.String)
[2017-12-28 09:04:18,072][restartedMain][INFO][org.springframework.boot.actuate.endpoint.mvc.EndpointHandlerMapping:543] Mapped "{[/loggers/{name:.*}],methods=[POST],consumes=[application/vnd.spring-boot.actuator.v1+json || application/json],produces=[application/vnd.spring-boot.actuator.v1+json || application/json]}" onto public java.lang.Object org.springframework.boot.actuate.endpoint.mvc.LoggersMvcEndpoint.set(java.lang.String,java.util.Map<java.lang.String, java.lang.String>)
[2017-12-28 09:04:18,072][restartedMain][INFO][org.springframework.boot.actuate.endpoint.mvc.EndpointHandlerMapping:543] Mapped "{[/loggers || /loggers.json],methods=[GET],produces=[application/vnd.spring-boot.actuator.v1+json || application/json]}" onto public java.lang.Object org.springframework.boot.actuate.endpoint.mvc.EndpointMvcAdapter.invoke()
[2017-12-28 09:04:18,073][restartedMain][INFO][org.springframework.boot.actuate.endpoint.mvc.EndpointHandlerMapping:543] Mapped "{[/info || /info.json],methods=[GET],produces=[application/vnd.spring-boot.actuator.v1+json || application/json]}" onto public java.lang.Object org.springframework.boot.actuate.endpoint.mvc.EndpointMvcAdapter.invoke()
[2017-12-28 09:04:18,073][restartedMain][INFO][org.springframework.boot.actuate.endpoint.mvc.EndpointHandlerMapping:543] Mapped "{[/configprops || /configprops.json],methods=[GET],produces=[application/vnd.spring-boot.actuator.v1+json || application/json]}" onto public java.lang.Object org.springframework.boot.actuate.endpoint.mvc.EndpointMvcAdapter.invoke()
[2017-12-28 09:04:18,074][restartedMain][INFO][org.springframework.boot.actuate.endpoint.mvc.EndpointHandlerMapping:543] Mapped "{[/mappings || /mappings.json],methods=[GET],produces=[application/vnd.spring-boot.actuator.v1+json || application/json]}" onto public java.lang.Object org.springframework.boot.actuate.endpoint.mvc.EndpointMvcAdapter.invoke()
[2017-12-28 09:04:18,074][restartedMain][INFO][org.springframework.boot.actuate.endpoint.mvc.EndpointHandlerMapping:543] Mapped "{[/dump || /dump.json],methods=[GET],produces=[application/vnd.spring-boot.actuator.v1+json || application/json]}" onto public java.lang.Object org.springframework.boot.actuate.endpoint.mvc.EndpointMvcAdapter.invoke()
[2017-12-28 09:04:18,075][restartedMain][INFO][org.springframework.boot.actuate.endpoint.mvc.EndpointHandlerMapping:543] Mapped "{[/heapdump || /heapdump.json],methods=[GET],produces=[application/octet-stream]}" onto public void org.springframework.boot.actuate.endpoint.mvc.HeapdumpMvcEndpoint.invoke(boolean,javax.servlet.http.HttpServletRequest,javax.servlet.http.HttpServletResponse) throws java.io.IOException,javax.servlet.ServletException
[2017-12-28 09:04:18,075][restartedMain][INFO][org.springframework.boot.actuate.endpoint.mvc.EndpointHandlerMapping:543] Mapped "{[/autoconfig || /autoconfig.json],methods=[GET],produces=[application/vnd.spring-boot.actuator.v1+json || application/json]}" onto public java.lang.Object org.springframework.boot.actuate.endpoint.mvc.EndpointMvcAdapter.invoke()
[2017-12-28 09:04:18,076][restartedMain][INFO][org.springframework.boot.actuate.endpoint.mvc.EndpointHandlerMapping:543] Mapped "{[/trace || /trace.json],methods=[GET],produces=[application/vnd.spring-boot.actuator.v1+json || application/json]}" onto public java.lang.Object org.springframework.boot.actuate.endpoint.mvc.EndpointMvcAdapter.invoke()
[2017-12-28 09:04:18,076][restartedMain][INFO][org.springframework.boot.actuate.endpoint.mvc.EndpointHandlerMapping:543] Mapped "{[/beans || /beans.json],methods=[GET],produces=[application/vnd.spring-boot.actuator.v1+json || application/json]}" onto public java.lang.Object org.springframework.boot.actuate.endpoint.mvc.EndpointMvcAdapter.invoke()
[2017-12-28 09:04:18,077][restartedMain][INFO][org.springframework.boot.actuate.endpoint.mvc.EndpointHandlerMapping:543] Mapped "{[/auditevents || /auditevents.json],methods=[GET],produces=[application/vnd.spring-boot.actuator.v1+json || application/json]}" onto public org.springframework.http.ResponseEntity<?> org.springframework.boot.actuate.endpoint.mvc.AuditEventsMvcEndpoint.findByPrincipalAndAfterAndType(java.lang.String,java.util.Date,java.lang.String)
[2017-12-28 09:04:18,077][restartedMain][INFO][org.springframework.boot.actuate.endpoint.mvc.EndpointHandlerMapping:543] Mapped "{[/health || /health.json],methods=[GET],produces=[application/vnd.spring-boot.actuator.v1+json || application/json]}" onto public java.lang.Object org.springframework.boot.actuate.endpoint.mvc.HealthMvcEndpoint.invoke(javax.servlet.http.HttpServletRequest,java.security.Principal)
[2017-12-28 09:04:18,078][restartedMain][INFO][org.springframework.boot.actuate.endpoint.mvc.EndpointHandlerMapping:543] Mapped "{[/metrics/{name:.*}],methods=[GET],produces=[application/vnd.spring-boot.actuator.v1+json || application/json]}" onto public java.lang.Object org.springframework.boot.actuate.endpoint.mvc.MetricsMvcEndpoint.value(java.lang.String)
[2017-12-28 09:04:18,078][restartedMain][INFO][org.springframework.boot.actuate.endpoint.mvc.EndpointHandlerMapping:543] Mapped "{[/metrics || /metrics.json],methods=[GET],produces=[application/vnd.spring-boot.actuator.v1+json || application/json]}" onto public java.lang.Object org.springframework.boot.actuate.endpoint.mvc.EndpointMvcAdapter.invoke()
[2017-12-28 09:04:18,079][restartedMain][INFO][org.springframework.boot.actuate.endpoint.mvc.EndpointHandlerMapping:543] Mapped "{[/env/{name:.*}],methods=[GET],produces=[application/vnd.spring-boot.actuator.v1+json || application/json]}" onto public java.lang.Object org.springframework.boot.actuate.endpoint.mvc.EnvironmentMvcEndpoint.value(java.lang.String)
[2017-12-28 09:04:18,079][restartedMain][INFO][org.springframework.boot.actuate.endpoint.mvc.EndpointHandlerMapping:543] Mapped "{[/env || /env.json],methods=[GET],produces=[application/vnd.spring-boot.actuator.v1+json || application/json]}" onto public java.lang.Object org.springframework.boot.actuate.endpoint.mvc.EndpointMvcAdapter.invoke()
[2017-12-28 09:04:18,171][restartedMain][INFO][org.springframework.web.servlet.view.freemarker.FreeMarkerConfigurer:127] ClassTemplateLoader for Spring macros added to FreeMarker configuration
[2017-12-28 09:04:18,558][restartedMain][INFO][org.springframework.boot.devtools.autoconfigure.OptionalLiveReloadServer:58] LiveReload server is running on port 35729
[2017-12-28 09:04:18,623][restartedMain][INFO][org.springframework.jmx.export.annotation.AnnotationMBeanExporter:431] Registering beans for JMX exposure on startup
[2017-12-28 09:04:18,624][restartedMain][INFO][org.springframework.jmx.export.annotation.AnnotationMBeanExporter:916] Bean with name 'dataSource' has been autodetected for JMX exposure
[2017-12-28 09:04:18,644][restartedMain][INFO][org.springframework.jmx.export.annotation.AnnotationMBeanExporter:671] Located MBean 'dataSource': registering with JMX server as MBean [com.alibaba.druid.pool:name=dataSource,type=DruidDataSource]
[2017-12-28 09:04:18,645][restartedMain][INFO][org.springframework.boot.actuate.endpoint.jmx.EndpointMBeanExporter:431] Registering beans for JMX exposure on startup
[2017-12-28 09:04:18,651][restartedMain][INFO][org.springframework.context.support.DefaultLifecycleProcessor:343] Starting beans in phase 0
[2017-12-28 09:04:18,653][restartedMain][INFO][org.springframework.boot.actuate.endpoint.jmx.EndpointMBeanExporter:678] Located managed bean 'auditEventsEndpoint': registering with JMX server as MBean [org.springframework.boot:type=Endpoint,name=auditEventsEndpoint]
[2017-12-28 09:04:18,664][restartedMain][INFO][org.springframework.boot.actuate.endpoint.jmx.EndpointMBeanExporter:678] Located managed bean 'requestMappingEndpoint': registering with JMX server as MBean [org.springframework.boot:type=Endpoint,name=requestMappingEndpoint]
[2017-12-28 09:04:18,673][restartedMain][INFO][org.springframework.boot.actuate.endpoint.jmx.EndpointMBeanExporter:678] Located managed bean 'environmentEndpoint': registering with JMX server as MBean [org.springframework.boot:type=Endpoint,name=environmentEndpoint]
[2017-12-28 09:04:18,676][restartedMain][INFO][org.springframework.boot.actuate.endpoint.jmx.EndpointMBeanExporter:678] Located managed bean 'healthEndpoint': registering with JMX server as MBean [org.springframework.boot:type=Endpoint,name=healthEndpoint]
[2017-12-28 09:04:18,690][restartedMain][INFO][org.springframework.boot.actuate.endpoint.jmx.EndpointMBeanExporter:678] Located managed bean 'beansEndpoint': registering with JMX server as MBean [org.springframework.boot:type=Endpoint,name=beansEndpoint]
[2017-12-28 09:04:18,692][restartedMain][INFO][org.springframework.boot.actuate.endpoint.jmx.EndpointMBeanExporter:678] Located managed bean 'infoEndpoint': registering with JMX server as MBean [org.springframework.boot:type=Endpoint,name=infoEndpoint]
[2017-12-28 09:04:18,695][restartedMain][INFO][org.springframework.boot.actuate.endpoint.jmx.EndpointMBeanExporter:678] Located managed bean 'loggersEndpoint': registering with JMX server as MBean [org.springframework.boot:type=Endpoint,name=loggersEndpoint]
[2017-12-28 09:04:18,699][restartedMain][INFO][org.springframework.boot.actuate.endpoint.jmx.EndpointMBeanExporter:678] Located managed bean 'metricsEndpoint': registering with JMX server as MBean [org.springframework.boot:type=Endpoint,name=metricsEndpoint]
[2017-12-28 09:04:18,701][restartedMain][INFO][org.springframework.boot.actuate.endpoint.jmx.EndpointMBeanExporter:678] Located managed bean 'traceEndpoint': registering with JMX server as MBean [org.springframework.boot:type=Endpoint,name=traceEndpoint]
[2017-12-28 09:04:18,704][restartedMain][INFO][org.springframework.boot.actuate.endpoint.jmx.EndpointMBeanExporter:678] Located managed bean 'dumpEndpoint': registering with JMX server as MBean [org.springframework.boot:type=Endpoint,name=dumpEndpoint]
[2017-12-28 09:04:18,705][restartedMain][INFO][org.springframework.boot.actuate.endpoint.jmx.EndpointMBeanExporter:678] Located managed bean 'autoConfigurationReportEndpoint': registering with JMX server as MBean [org.springframework.boot:type=Endpoint,name=autoConfigurationReportEndpoint]
[2017-12-28 09:04:18,707][restartedMain][INFO][org.springframework.boot.actuate.endpoint.jmx.EndpointMBeanExporter:678] Located managed bean 'configurationPropertiesReportEndpoint': registering with JMX server as MBean [org.springframework.boot:type=Endpoint,name=configurationPropertiesReportEndpoint]
[2017-12-28 09:04:18,727][restartedMain][INFO][org.apache.coyote.http11.Http11NioProtocol:179] Initializing ProtocolHandler ["http-nio-8080"]
[2017-12-28 09:04:18,737][restartedMain][INFO][org.apache.coyote.http11.Http11NioProtocol:179] Starting ProtocolHandler ["http-nio-8080"]
[2017-12-28 09:04:18,747][restartedMain][INFO][org.apache.tomcat.util.net.NioSelectorPool:179] Using a shared selector for servlet write/read
[2017-12-28 09:04:18,770][restartedMain][INFO][org.springframework.boot.context.embedded.tomcat.TomcatEmbeddedServletContainer:198] Tomcat started on port(s): 8080 (http)
[2017-12-28 09:04:18,781][restartedMain][INFO][com.rejoice.active.console.ActiveConsole:57] Started ActiveConsole in 5.462 seconds (JVM running for 6.092)
[2017-12-28 09:04:40,167][http-nio-8080-exec-1][INFO][org.apache.catalina.core.ContainerBase.[Tomcat].[localhost].[/]:179] Initializing Spring FrameworkServlet 'dispatcherServlet'
[2017-12-28 09:04:40,167][http-nio-8080-exec-1][INFO][org.springframework.web.servlet.DispatcherServlet:489] FrameworkServlet 'dispatcherServlet': initialization started
[2017-12-28 09:04:40,186][http-nio-8080-exec-1][INFO][org.springframework.web.servlet.DispatcherServlet:508] FrameworkServlet 'dispatcherServlet': initialization completed in 19 ms
[2017-12-28 09:04:40,262][http-nio-8080-exec-4][INFO][org.thymeleaf.TemplateEngine:825] [THYMELEAF] INITIALIZING TEMPLATE ENGINE
[2017-12-28 09:04:40,328][http-nio-8080-exec-4][INFO][org.thymeleaf.templateresolver.AbstractTemplateResolver:99] [THYMELEAF] INITIALIZING TEMPLATE RESOLVER: org.thymeleaf.spring4.templateresolver.SpringResourceTemplateResolver
[2017-12-28 09:04:40,328][http-nio-8080-exec-4][INFO][org.thymeleaf.templateresolver.AbstractTemplateResolver:110] [THYMELEAF] TEMPLATE RESOLVER INITIALIZED OK
[2017-12-28 09:04:40,329][http-nio-8080-exec-4][INFO][org.thymeleaf.messageresolver.AbstractMessageResolver:72] [THYMELEAF] INITIALIZING MESSAGE RESOLVER: org.thymeleaf.spring4.messageresolver.SpringMessageResolver
[2017-12-28 09:04:40,329][http-nio-8080-exec-4][INFO][org.thymeleaf.messageresolver.AbstractMessageResolver:78] [THYMELEAF] MESSAGE RESOLVER INITIALIZED OK
[2017-12-28 09:04:40,334][http-nio-8080-exec-4][INFO][org.thymeleaf.TemplateEngine.CONFIG:123] [THYMELEAF] TEMPLATE ENGINE CONFIGURATION:
[THYMELEAF] * Cache Factory implementation: org.thymeleaf.cache.StandardCacheManager
[THYMELEAF] * Template modes:
[THYMELEAF]     * LEGACYHTML5
[THYMELEAF]     * XML
[THYMELEAF]     * VALIDXHTML
[THYMELEAF]     * VALIDXML
[THYMELEAF]     * XHTML
[THYMELEAF]     * HTML5
[THYMELEAF] * Template resolvers (in order):
[THYMELEAF]     * org.thymeleaf.spring4.templateresolver.SpringResourceTemplateResolver
[THYMELEAF] * Message resolvers (in order):
[THYMELEAF]     * org.thymeleaf.spring4.messageresolver.SpringMessageResolver
[THYMELEAF] * Dialect [1 of 2]: org.thymeleaf.spring4.dialect.SpringStandardDialect
[THYMELEAF]     * Prefix: "th"
[THYMELEAF] * Dialect [2 of 2]: nz.net.ultraq.thymeleaf.LayoutDialect
[THYMELEAF]     * Prefix: "layout"
[THYMELEAF] TEMPLATE ENGINE CONFIGURED OK
[2017-12-28 09:04:40,335][http-nio-8080-exec-4][INFO][org.thymeleaf.TemplateEngine:838] [THYMELEAF] TEMPLATE ENGINE INITIALIZED
