[2017-07-07 10:52:23,725][restartedMain][INFO][com.rejoice.active.console.ActiveConsole:48] Starting ActiveConsole on jrjzx01-PC with PID 139972 (D:\sts\rejoice-active-console\target\classes started by jrjzx01 in D:\sts\rejoice-active-console)
[2017-07-07 10:52:23,742][restartedMain][INFO][com.rejoice.active.console.ActiveConsole:641] The following profiles are active: dev
[2017-07-07 10:52:23,905][restartedMain][INFO][org.springframework.boot.context.embedded.AnnotationConfigEmbeddedWebApplicationContext:582] Refreshing org.springframework.boot.context.embedded.AnnotationConfigEmbeddedWebApplicationContext@1f674803: startup date [Fri Jul 07 10:52:23 CST 2017]; root of context hierarchy
[2017-07-07 10:52:24,087][background-preinit][INFO][org.hibernate.validator.internal.util.Version:30] HV000001: Hibernate Validator 5.3.5.Final
[2017-07-07 10:52:25,133][restartedMain][INFO][org.springframework.context.support.PostProcessorRegistrationDelegate$BeanPostProcessorChecker:325] Bean 'propertiesConfig' of type [com.rejoice.active.console.config.PropertiesConfig$$EnhancerBySpringCGLIB$$5003d268] is not eligible for getting processed by all BeanPostProcessors (for example: not eligible for auto-proxying)
[2017-07-07 10:52:25,144][restartedMain][INFO][org.springframework.context.support.PostProcessorRegistrationDelegate$BeanPostProcessorChecker:325] Bean 'conversionService' of type [org.springframework.context.support.ConversionServiceFactoryBean] is not eligible for getting processed by all BeanPostProcessors (for example: not eligible for auto-proxying)
[2017-07-07 10:52:25,144][restartedMain][INFO][org.springframework.context.support.PostProcessorRegistrationDelegate$BeanPostProcessorChecker:325] Bean 'conversionService' of type [org.springframework.core.convert.support.DefaultConversionService] is not eligible for getting processed by all BeanPostProcessors (for example: not eligible for auto-proxying)
[2017-07-07 10:52:25,553][restartedMain][INFO][org.springframework.boot.context.embedded.tomcat.TomcatEmbeddedServletContainer:89] Tomcat initialized with port(s): 8080 (http)
[2017-07-07 10:52:25,563][restartedMain][INFO][org.apache.catalina.core.StandardService:179] Starting service Tomcat
[2017-07-07 10:52:25,568][restartedMain][INFO][org.apache.catalina.core.StandardEngine:179] Starting Servlet Engine: Apache Tomcat/8.5.14
[2017-07-07 10:52:25,651][localhost-startStop-1][INFO][org.apache.catalina.core.ContainerBase.[Tomcat].[localhost].[/]:179] Initializing Spring embedded WebApplicationContext
[2017-07-07 10:52:25,652][localhost-startStop-1][INFO][org.springframework.web.context.ContextLoader:276] Root WebApplicationContext: initialization completed in 1750 ms
[2017-07-07 10:52:25,938][localhost-startStop-1][INFO][org.springframework.boot.web.servlet.ServletRegistrationBean:190] Mapping servlet: 'statViewServlet' to [/druid/*]
[2017-07-07 10:52:25,940][localhost-startStop-1][INFO][org.springframework.boot.web.servlet.ServletRegistrationBean:190] Mapping servlet: 'dispatcherServlet' to [/]
[2017-07-07 10:52:25,942][localhost-startStop-1][INFO][org.springframework.boot.web.servlet.FilterRegistrationBean:258] Mapping filter: 'metricsFilter' to: [/*]
[2017-07-07 10:52:25,942][localhost-startStop-1][INFO][org.springframework.boot.web.servlet.FilterRegistrationBean:258] Mapping filter: 'characterEncodingFilter' to: [/*]
[2017-07-07 10:52:25,942][localhost-startStop-1][INFO][org.springframework.boot.web.servlet.FilterRegistrationBean:258] Mapping filter: 'hiddenHttpMethodFilter' to: [/*]
[2017-07-07 10:52:25,943][localhost-startStop-1][INFO][org.springframework.boot.web.servlet.FilterRegistrationBean:258] Mapping filter: 'httpPutFormContentFilter' to: [/*]
[2017-07-07 10:52:25,943][localhost-startStop-1][INFO][org.springframework.boot.web.servlet.FilterRegistrationBean:258] Mapping filter: 'requestContextFilter' to: [/*]
[2017-07-07 10:52:25,943][localhost-startStop-1][INFO][org.springframework.boot.web.servlet.FilterRegistrationBean:258] Mapping filter: 'webRequestLoggingFilter' to: [/*]
[2017-07-07 10:52:25,943][localhost-startStop-1][INFO][org.springframework.boot.web.servlet.FilterRegistrationBean:271] Mapping filter: 'webStatFilter' to urls: [/*]
[2017-07-07 10:52:25,944][localhost-startStop-1][INFO][org.springframework.boot.web.servlet.FilterRegistrationBean:258] Mapping filter: 'applicationContextIdFilter' to: [/*]
[2017-07-07 10:52:26,436][restartedMain][INFO][com.alibaba.druid.pool.DruidDataSource:106] {dataSource-1} inited
[2017-07-07 10:52:26,837][restartedMain][INFO][org.springframework.web.servlet.mvc.method.annotation.RequestMappingHandlerAdapter:534] Looking for @ControllerAdvice: org.springframework.boot.context.embedded.AnnotationConfigEmbeddedWebApplicationContext@1f674803: startup date [Fri Jul 07 10:52:23 CST 2017]; root of context hierarchy
[2017-07-07 10:52:26,901][restartedMain][INFO][org.springframework.web.servlet.mvc.method.annotation.RequestMappingHandlerMapping:543] Mapped "{[/active],methods=[PUT]}" onto public void com.rejoice.active.console.controller.BaseController.update(T) throws java.lang.Exception
[2017-07-07 10:52:26,902][restartedMain][INFO][org.springframework.web.servlet.mvc.method.annotation.RequestMappingHandlerMapping:543] Mapped "{[/active/{ids}],methods=[DELETE]}" onto public void com.rejoice.active.console.controller.BaseController.delete(java.lang.String)
[2017-07-07 10:52:26,902][restartedMain][INFO][org.springframework.web.servlet.mvc.method.annotation.RequestMappingHandlerMapping:543] Mapped "{[/active],methods=[POST]}" onto public void com.rejoice.active.console.controller.BaseController.save(T) throws java.lang.Exception
[2017-07-07 10:52:26,902][restartedMain][INFO][org.springframework.web.servlet.mvc.method.annotation.RequestMappingHandlerMapping:543] Mapped "{[/active/all],methods=[GET]}" onto public org.springframework.http.ResponseEntity<java.util.List<T>> com.rejoice.active.console.controller.BaseController.findAll()
[2017-07-07 10:52:26,903][restartedMain][INFO][org.springframework.web.servlet.mvc.method.annotation.RequestMappingHandlerMapping:543] Mapped "{[/active/page],methods=[GET]}" onto public org.springframework.http.ResponseEntity<com.rejoice.active.console.common.bean.EasyUIResult> com.rejoice.active.console.controller.BaseController.findByPage(java.lang.Integer,java.lang.Integer,java.lang.String[],java.lang.String[],T) throws java.lang.Exception
[2017-07-07 10:52:26,903][restartedMain][INFO][org.springframework.web.servlet.mvc.method.annotation.RequestMappingHandlerMapping:543] Mapped "{[/active/{id}],methods=[GET]}" onto public T com.rejoice.active.console.controller.BaseController.getById(java.io.Serializable)
[2017-07-07 10:52:26,904][restartedMain][INFO][org.springframework.web.servlet.mvc.method.annotation.RequestMappingHandlerMapping:543] Mapped "{[/api/company/active],methods=[POST]}" onto public com.rejoice.active.console.response.ResponseVo com.rejoice.active.console.controller.api.ApiCompanyController.active(java.lang.String)
[2017-07-07 10:52:26,906][restartedMain][INFO][org.springframework.web.servlet.mvc.method.annotation.RequestMappingHandlerMapping:543] Mapped "{[/company/active],methods=[POST]}" onto public com.rejoice.active.console.response.ResponseVo com.rejoice.active.console.controller.CompanyController.active(com.rejoice.active.console.entity.Company) throws java.lang.Exception
[2017-07-07 10:52:26,906][restartedMain][INFO][org.springframework.web.servlet.mvc.method.annotation.RequestMappingHandlerMapping:543] Mapped "{[/company],methods=[PUT]}" onto public void com.rejoice.active.console.controller.BaseController.update(T) throws java.lang.Exception
[2017-07-07 10:52:26,907][restartedMain][INFO][org.springframework.web.servlet.mvc.method.annotation.RequestMappingHandlerMapping:543] Mapped "{[/company/{ids}],methods=[DELETE]}" onto public void com.rejoice.active.console.controller.BaseController.delete(java.lang.String)
[2017-07-07 10:52:26,907][restartedMain][INFO][org.springframework.web.servlet.mvc.method.annotation.RequestMappingHandlerMapping:543] Mapped "{[/company],methods=[POST]}" onto public void com.rejoice.active.console.controller.BaseController.save(T) throws java.lang.Exception
[2017-07-07 10:52:26,907][restartedMain][INFO][org.springframework.web.servlet.mvc.method.annotation.RequestMappingHandlerMapping:543] Mapped "{[/company/all],methods=[GET]}" onto public org.springframework.http.ResponseEntity<java.util.List<T>> com.rejoice.active.console.controller.BaseController.findAll()
[2017-07-07 10:52:26,907][restartedMain][INFO][org.springframework.web.servlet.mvc.method.annotation.RequestMappingHandlerMapping:543] Mapped "{[/company/page],methods=[GET]}" onto public org.springframework.http.ResponseEntity<com.rejoice.active.console.common.bean.EasyUIResult> com.rejoice.active.console.controller.BaseController.findByPage(java.lang.Integer,java.lang.Integer,java.lang.String[],java.lang.String[],T) throws java.lang.Exception
[2017-07-07 10:52:26,908][restartedMain][INFO][org.springframework.web.servlet.mvc.method.annotation.RequestMappingHandlerMapping:543] Mapped "{[/company/{id}],methods=[GET]}" onto public T com.rejoice.active.console.controller.BaseController.getById(java.io.Serializable)
[2017-07-07 10:52:26,908][restartedMain][INFO][org.springframework.web.servlet.mvc.method.annotation.RequestMappingHandlerMapping:543] Mapped "{[/page/**/*.html],methods=[GET]}" onto public java.lang.String com.rejoice.active.console.controller.PageController.toPage(javax.servlet.http.HttpServletRequest)
[2017-07-07 10:52:26,909][restartedMain][INFO][org.springframework.web.servlet.mvc.method.annotation.RequestMappingHandlerMapping:543] Mapped "{[],methods=[GET]}" onto public java.lang.String com.rejoice.active.console.controller.PageController.toHome()
[2017-07-07 10:52:26,909][restartedMain][INFO][org.springframework.web.servlet.mvc.method.annotation.RequestMappingHandlerMapping:543] Mapped "{[/pdf/b],methods=[GET]}" onto public org.springframework.web.servlet.ModelAndView com.rejoice.active.console.controller.PdfController.b()
[2017-07-07 10:52:26,909][restartedMain][INFO][org.springframework.web.servlet.mvc.method.annotation.RequestMappingHandlerMapping:543] Mapped "{[/pdf/a],methods=[GET]}" onto public org.springframework.web.servlet.ModelAndView com.rejoice.active.console.controller.PdfController.a()
[2017-07-07 10:52:26,910][restartedMain][INFO][org.springframework.web.servlet.mvc.method.annotation.RequestMappingHandlerMapping:543] Mapped "{[/pdf/simpleForm],methods=[GET]}" onto public org.springframework.web.servlet.ModelAndView com.rejoice.active.console.controller.PdfController.simpleForm()
[2017-07-07 10:52:26,911][restartedMain][INFO][org.springframework.web.servlet.mvc.method.annotation.RequestMappingHandlerMapping:543] Mapped "{[/user/login],methods=[POST]}" onto public org.springframework.web.servlet.ModelAndView com.rejoice.active.console.controller.UserController.login(com.rejoice.active.console.entity.User,javax.servlet.http.HttpServletRequest)
[2017-07-07 10:52:26,912][restartedMain][INFO][org.springframework.web.servlet.mvc.method.annotation.RequestMappingHandlerMapping:543] Mapped "{[/user/logout],methods=[GET]}" onto public org.springframework.web.servlet.ModelAndView com.rejoice.active.console.controller.UserController.logout(javax.servlet.http.HttpServletRequest)
[2017-07-07 10:52:26,912][restartedMain][INFO][org.springframework.web.servlet.mvc.method.annotation.RequestMappingHandlerMapping:543] Mapped "{[/user],methods=[PUT]}" onto public void com.rejoice.active.console.controller.BaseController.update(T) throws java.lang.Exception
[2017-07-07 10:52:26,912][restartedMain][INFO][org.springframework.web.servlet.mvc.method.annotation.RequestMappingHandlerMapping:543] Mapped "{[/user/{ids}],methods=[DELETE]}" onto public void com.rejoice.active.console.controller.BaseController.delete(java.lang.String)
[2017-07-07 10:52:26,913][restartedMain][INFO][org.springframework.web.servlet.mvc.method.annotation.RequestMappingHandlerMapping:543] Mapped "{[/user],methods=[POST]}" onto public void com.rejoice.active.console.controller.BaseController.save(T) throws java.lang.Exception
[2017-07-07 10:52:26,913][restartedMain][INFO][org.springframework.web.servlet.mvc.method.annotation.RequestMappingHandlerMapping:543] Mapped "{[/user/all],methods=[GET]}" onto public org.springframework.http.ResponseEntity<java.util.List<T>> com.rejoice.active.console.controller.BaseController.findAll()
[2017-07-07 10:52:26,913][restartedMain][INFO][org.springframework.web.servlet.mvc.method.annotation.RequestMappingHandlerMapping:543] Mapped "{[/user/page],methods=[GET]}" onto public org.springframework.http.ResponseEntity<com.rejoice.active.console.common.bean.EasyUIResult> com.rejoice.active.console.controller.BaseController.findByPage(java.lang.Integer,java.lang.Integer,java.lang.String[],java.lang.String[],T) throws java.lang.Exception
[2017-07-07 10:52:26,913][restartedMain][INFO][org.springframework.web.servlet.mvc.method.annotation.RequestMappingHandlerMapping:543] Mapped "{[/user/{id}],methods=[GET]}" onto public T com.rejoice.active.console.controller.BaseController.getById(java.io.Serializable)
[2017-07-07 10:52:26,915][restartedMain][INFO][org.springframework.web.servlet.mvc.method.annotation.RequestMappingHandlerMapping:543] Mapped "{[/error]}" onto public org.springframework.http.ResponseEntity<java.util.Map<java.lang.String, java.lang.Object>> org.springframework.boot.autoconfigure.web.BasicErrorController.error(javax.servlet.http.HttpServletRequest)
[2017-07-07 10:52:26,915][restartedMain][INFO][org.springframework.web.servlet.mvc.method.annotation.RequestMappingHandlerMapping:543] Mapped "{[/error],produces=[text/html]}" onto public org.springframework.web.servlet.ModelAndView org.springframework.boot.autoconfigure.web.BasicErrorController.errorHtml(javax.servlet.http.HttpServletRequest,javax.servlet.http.HttpServletResponse)
[2017-07-07 10:52:26,940][restartedMain][INFO][org.springframework.web.servlet.handler.SimpleUrlHandlerMapping:362] Mapped URL path [/webjars/**] onto handler of type [class org.springframework.web.servlet.resource.ResourceHttpRequestHandler]
[2017-07-07 10:52:26,941][restartedMain][INFO][org.springframework.web.servlet.handler.SimpleUrlHandlerMapping:362] Mapped URL path [/**] onto handler of type [class org.springframework.web.servlet.resource.ResourceHttpRequestHandler]
[2017-07-07 10:52:26,956][restartedMain][INFO][org.springframework.web.servlet.mvc.method.annotation.ExceptionHandlerExceptionResolver:273] Detected @ExceptionHandler methods in apiGlobalExceptionHandler
[2017-07-07 10:52:26,956][restartedMain][INFO][org.springframework.web.servlet.mvc.method.annotation.ExceptionHandlerExceptionResolver:273] Detected @ExceptionHandler methods in globalDefaultExceptionHandler
[2017-07-07 10:52:26,979][restartedMain][INFO][org.springframework.web.servlet.handler.SimpleUrlHandlerMapping:362] Mapped URL path [/**/favicon.ico] onto handler of type [class org.springframework.web.servlet.resource.ResourceHttpRequestHandler]
[2017-07-07 10:52:27,728][restartedMain][INFO][org.springframework.boot.actuate.endpoint.mvc.EndpointHandlerMapping:543] Mapped "{[/dump || /dump.json],methods=[GET],produces=[application/vnd.spring-boot.actuator.v1+json || application/json]}" onto public java.lang.Object org.springframework.boot.actuate.endpoint.mvc.EndpointMvcAdapter.invoke()
[2017-07-07 10:52:27,729][restartedMain][INFO][org.springframework.boot.actuate.endpoint.mvc.EndpointHandlerMapping:543] Mapped "{[/env/{name:.*}],methods=[GET],produces=[application/vnd.spring-boot.actuator.v1+json || application/json]}" onto public java.lang.Object org.springframework.boot.actuate.endpoint.mvc.EnvironmentMvcEndpoint.value(java.lang.String)
[2017-07-07 10:52:27,729][restartedMain][INFO][org.springframework.boot.actuate.endpoint.mvc.EndpointHandlerMapping:543] Mapped "{[/env || /env.json],methods=[GET],produces=[application/vnd.spring-boot.actuator.v1+json || application/json]}" onto public java.lang.Object org.springframework.boot.actuate.endpoint.mvc.EndpointMvcAdapter.invoke()
[2017-07-07 10:52:27,730][restartedMain][INFO][org.springframework.boot.actuate.endpoint.mvc.EndpointHandlerMapping:543] Mapped "{[/loggers/{name:.*}],methods=[GET],produces=[application/vnd.spring-boot.actuator.v1+json || application/json]}" onto public java.lang.Object org.springframework.boot.actuate.endpoint.mvc.LoggersMvcEndpoint.get(java.lang.String)
[2017-07-07 10:52:27,731][restartedMain][INFO][org.springframework.boot.actuate.endpoint.mvc.EndpointHandlerMapping:543] Mapped "{[/loggers/{name:.*}],methods=[POST],consumes=[application/vnd.spring-boot.actuator.v1+json || application/json],produces=[application/vnd.spring-boot.actuator.v1+json || application/json]}" onto public java.lang.Object org.springframework.boot.actuate.endpoint.mvc.LoggersMvcEndpoint.set(java.lang.String,java.util.Map<java.lang.String, java.lang.String>)
[2017-07-07 10:52:27,731][restartedMain][INFO][org.springframework.boot.actuate.endpoint.mvc.EndpointHandlerMapping:543] Mapped "{[/loggers || /loggers.json],methods=[GET],produces=[application/vnd.spring-boot.actuator.v1+json || application/json]}" onto public java.lang.Object org.springframework.boot.actuate.endpoint.mvc.EndpointMvcAdapter.invoke()
[2017-07-07 10:52:27,732][restartedMain][INFO][org.springframework.boot.actuate.endpoint.mvc.EndpointHandlerMapping:543] Mapped "{[/metrics/{name:.*}],methods=[GET],produces=[application/vnd.spring-boot.actuator.v1+json || application/json]}" onto public java.lang.Object org.springframework.boot.actuate.endpoint.mvc.MetricsMvcEndpoint.value(java.lang.String)
[2017-07-07 10:52:27,732][restartedMain][INFO][org.springframework.boot.actuate.endpoint.mvc.EndpointHandlerMapping:543] Mapped "{[/metrics || /metrics.json],methods=[GET],produces=[application/vnd.spring-boot.actuator.v1+json || application/json]}" onto public java.lang.Object org.springframework.boot.actuate.endpoint.mvc.EndpointMvcAdapter.invoke()
[2017-07-07 10:52:27,733][restartedMain][INFO][org.springframework.boot.actuate.endpoint.mvc.EndpointHandlerMapping:543] Mapped "{[/trace || /trace.json],methods=[GET],produces=[application/vnd.spring-boot.actuator.v1+json || application/json]}" onto public java.lang.Object org.springframework.boot.actuate.endpoint.mvc.EndpointMvcAdapter.invoke()
[2017-07-07 10:52:27,733][restartedMain][INFO][org.springframework.boot.actuate.endpoint.mvc.EndpointHandlerMapping:543] Mapped "{[/heapdump || /heapdump.json],methods=[GET],produces=[application/octet-stream]}" onto public void org.springframework.boot.actuate.endpoint.mvc.HeapdumpMvcEndpoint.invoke(boolean,javax.servlet.http.HttpServletRequest,javax.servlet.http.HttpServletResponse) throws java.io.IOException,javax.servlet.ServletException
[2017-07-07 10:52:27,734][restartedMain][INFO][org.springframework.boot.actuate.endpoint.mvc.EndpointHandlerMapping:543] Mapped "{[/health || /health.json],methods=[GET],produces=[application/vnd.spring-boot.actuator.v1+json || application/json]}" onto public java.lang.Object org.springframework.boot.actuate.endpoint.mvc.HealthMvcEndpoint.invoke(javax.servlet.http.HttpServletRequest,java.security.Principal)
[2017-07-07 10:52:27,734][restartedMain][INFO][org.springframework.boot.actuate.endpoint.mvc.EndpointHandlerMapping:543] Mapped "{[/auditevents || /auditevents.json],methods=[GET],produces=[application/vnd.spring-boot.actuator.v1+json || application/json]}" onto public org.springframework.http.ResponseEntity<?> org.springframework.boot.actuate.endpoint.mvc.AuditEventsMvcEndpoint.findByPrincipalAndAfterAndType(java.lang.String,java.util.Date,java.lang.String)
[2017-07-07 10:52:27,735][restartedMain][INFO][org.springframework.boot.actuate.endpoint.mvc.EndpointHandlerMapping:543] Mapped "{[/beans || /beans.json],methods=[GET],produces=[application/vnd.spring-boot.actuator.v1+json || application/json]}" onto public java.lang.Object org.springframework.boot.actuate.endpoint.mvc.EndpointMvcAdapter.invoke()
[2017-07-07 10:52:27,735][restartedMain][INFO][org.springframework.boot.actuate.endpoint.mvc.EndpointHandlerMapping:543] Mapped "{[/autoconfig || /autoconfig.json],methods=[GET],produces=[application/vnd.spring-boot.actuator.v1+json || application/json]}" onto public java.lang.Object org.springframework.boot.actuate.endpoint.mvc.EndpointMvcAdapter.invoke()
[2017-07-07 10:52:27,736][restartedMain][INFO][org.springframework.boot.actuate.endpoint.mvc.EndpointHandlerMapping:543] Mapped "{[/mappings || /mappings.json],methods=[GET],produces=[application/vnd.spring-boot.actuator.v1+json || application/json]}" onto public java.lang.Object org.springframework.boot.actuate.endpoint.mvc.EndpointMvcAdapter.invoke()
[2017-07-07 10:52:27,736][restartedMain][INFO][org.springframework.boot.actuate.endpoint.mvc.EndpointHandlerMapping:543] Mapped "{[/configprops || /configprops.json],methods=[GET],produces=[application/vnd.spring-boot.actuator.v1+json || application/json]}" onto public java.lang.Object org.springframework.boot.actuate.endpoint.mvc.EndpointMvcAdapter.invoke()
[2017-07-07 10:52:27,736][restartedMain][INFO][org.springframework.boot.actuate.endpoint.mvc.EndpointHandlerMapping:543] Mapped "{[/info || /info.json],methods=[GET],produces=[application/vnd.spring-boot.actuator.v1+json || application/json]}" onto public java.lang.Object org.springframework.boot.actuate.endpoint.mvc.EndpointMvcAdapter.invoke()
[2017-07-07 10:52:27,831][restartedMain][INFO][org.springframework.web.servlet.view.freemarker.FreeMarkerConfigurer:127] ClassTemplateLoader for Spring macros added to FreeMarker configuration
[2017-07-07 10:52:28,034][restartedMain][INFO][org.springframework.boot.devtools.autoconfigure.OptionalLiveReloadServer:58] LiveReload server is running on port 35729
[2017-07-07 10:52:28,119][restartedMain][INFO][org.springframework.jmx.export.annotation.AnnotationMBeanExporter:431] Registering beans for JMX exposure on startup
[2017-07-07 10:52:28,120][restartedMain][INFO][org.springframework.jmx.export.annotation.AnnotationMBeanExporter:916] Bean with name 'dataSource' has been autodetected for JMX exposure
[2017-07-07 10:52:28,125][restartedMain][INFO][org.springframework.jmx.export.annotation.AnnotationMBeanExporter:671] Located MBean 'dataSource': registering with JMX server as MBean [com.alibaba.druid.pool:name=dataSource,type=DruidDataSource]
[2017-07-07 10:52:28,126][restartedMain][INFO][org.springframework.boot.actuate.endpoint.jmx.EndpointMBeanExporter:431] Registering beans for JMX exposure on startup
[2017-07-07 10:52:28,129][restartedMain][INFO][org.springframework.context.support.DefaultLifecycleProcessor:343] Starting beans in phase 0
[2017-07-07 10:52:28,131][restartedMain][INFO][org.springframework.boot.actuate.endpoint.jmx.EndpointMBeanExporter:678] Located managed bean 'auditEventsEndpoint': registering with JMX server as MBean [org.springframework.boot:type=Endpoint,name=auditEventsEndpoint]
[2017-07-07 10:52:28,143][restartedMain][INFO][org.springframework.boot.actuate.endpoint.jmx.EndpointMBeanExporter:678] Located managed bean 'requestMappingEndpoint': registering with JMX server as MBean [org.springframework.boot:type=Endpoint,name=requestMappingEndpoint]
[2017-07-07 10:52:28,151][restartedMain][INFO][org.springframework.boot.actuate.endpoint.jmx.EndpointMBeanExporter:678] Located managed bean 'environmentEndpoint': registering with JMX server as MBean [org.springframework.boot:type=Endpoint,name=environmentEndpoint]
[2017-07-07 10:52:28,154][restartedMain][INFO][org.springframework.boot.actuate.endpoint.jmx.EndpointMBeanExporter:678] Located managed bean 'healthEndpoint': registering with JMX server as MBean [org.springframework.boot:type=Endpoint,name=healthEndpoint]
[2017-07-07 10:52:28,156][restartedMain][INFO][org.springframework.boot.actuate.endpoint.jmx.EndpointMBeanExporter:678] Located managed bean 'beansEndpoint': registering with JMX server as MBean [org.springframework.boot:type=Endpoint,name=beansEndpoint]
[2017-07-07 10:52:28,160][restartedMain][INFO][org.springframework.boot.actuate.endpoint.jmx.EndpointMBeanExporter:678] Located managed bean 'infoEndpoint': registering with JMX server as MBean [org.springframework.boot:type=Endpoint,name=infoEndpoint]
[2017-07-07 10:52:28,163][restartedMain][INFO][org.springframework.boot.actuate.endpoint.jmx.EndpointMBeanExporter:678] Located managed bean 'loggersEndpoint': registering with JMX server as MBean [org.springframework.boot:type=Endpoint,name=loggersEndpoint]
[2017-07-07 10:52:28,167][restartedMain][INFO][org.springframework.boot.actuate.endpoint.jmx.EndpointMBeanExporter:678] Located managed bean 'metricsEndpoint': registering with JMX server as MBean [org.springframework.boot:type=Endpoint,name=metricsEndpoint]
[2017-07-07 10:52:28,169][restartedMain][INFO][org.springframework.boot.actuate.endpoint.jmx.EndpointMBeanExporter:678] Located managed bean 'traceEndpoint': registering with JMX server as MBean [org.springframework.boot:type=Endpoint,name=traceEndpoint]
[2017-07-07 10:52:28,171][restartedMain][INFO][org.springframework.boot.actuate.endpoint.jmx.EndpointMBeanExporter:678] Located managed bean 'dumpEndpoint': registering with JMX server as MBean [org.springframework.boot:type=Endpoint,name=dumpEndpoint]
[2017-07-07 10:52:28,173][restartedMain][INFO][org.springframework.boot.actuate.endpoint.jmx.EndpointMBeanExporter:678] Located managed bean 'autoConfigurationReportEndpoint': registering with JMX server as MBean [org.springframework.boot:type=Endpoint,name=autoConfigurationReportEndpoint]
[2017-07-07 10:52:28,175][restartedMain][INFO][org.springframework.boot.actuate.endpoint.jmx.EndpointMBeanExporter:678] Located managed bean 'configurationPropertiesReportEndpoint': registering with JMX server as MBean [org.springframework.boot:type=Endpoint,name=configurationPropertiesReportEndpoint]
[2017-07-07 10:52:28,193][restartedMain][INFO][org.apache.coyote.http11.Http11NioProtocol:179] Initializing ProtocolHandler ["http-nio-8080"]
[2017-07-07 10:52:28,202][restartedMain][INFO][org.apache.coyote.http11.Http11NioProtocol:179] Starting ProtocolHandler ["http-nio-8080"]
[2017-07-07 10:52:28,212][restartedMain][INFO][org.apache.tomcat.util.net.NioSelectorPool:179] Using a shared selector for servlet write/read
[2017-07-07 10:52:28,224][restartedMain][INFO][org.springframework.boot.context.embedded.tomcat.TomcatEmbeddedServletContainer:198] Tomcat started on port(s): 8080 (http)
[2017-07-07 10:52:28,236][restartedMain][INFO][com.rejoice.active.console.ActiveConsole:57] Started ActiveConsole in 4.735 seconds (JVM running for 5.358)
[2017-07-07 10:52:51,485][http-nio-8080-exec-2][INFO][org.apache.catalina.core.ContainerBase.[Tomcat].[localhost].[/]:179] Initializing Spring FrameworkServlet 'dispatcherServlet'
[2017-07-07 10:52:51,485][http-nio-8080-exec-2][INFO][org.springframework.web.servlet.DispatcherServlet:489] FrameworkServlet 'dispatcherServlet': initialization started
[2017-07-07 10:52:51,503][http-nio-8080-exec-2][INFO][org.springframework.web.servlet.DispatcherServlet:508] FrameworkServlet 'dispatcherServlet': initialization completed in 17 ms
[2017-07-07 10:52:51,579][http-nio-8080-exec-6][INFO][org.thymeleaf.TemplateEngine:825] [THYMELEAF] INITIALIZING TEMPLATE ENGINE
[2017-07-07 10:52:51,629][http-nio-8080-exec-6][INFO][org.thymeleaf.templateresolver.AbstractTemplateResolver:99] [THYMELEAF] INITIALIZING TEMPLATE RESOLVER: org.thymeleaf.spring4.templateresolver.SpringResourceTemplateResolver
[2017-07-07 10:52:51,629][http-nio-8080-exec-6][INFO][org.thymeleaf.templateresolver.AbstractTemplateResolver:110] [THYMELEAF] TEMPLATE RESOLVER INITIALIZED OK
[2017-07-07 10:52:51,629][http-nio-8080-exec-6][INFO][org.thymeleaf.messageresolver.AbstractMessageResolver:72] [THYMELEAF] INITIALIZING MESSAGE RESOLVER: org.thymeleaf.spring4.messageresolver.SpringMessageResolver
[2017-07-07 10:52:51,629][http-nio-8080-exec-6][INFO][org.thymeleaf.messageresolver.AbstractMessageResolver:78] [THYMELEAF] MESSAGE RESOLVER INITIALIZED OK
[2017-07-07 10:52:51,634][http-nio-8080-exec-6][INFO][org.thymeleaf.TemplateEngine.CONFIG:123] [THYMELEAF] TEMPLATE ENGINE CONFIGURATION:
[THYMELEAF] * Cache Factory implementation: org.thymeleaf.cache.StandardCacheManager
[THYMELEAF] * Template modes:
[THYMELEAF]     * XML
[THYMELEAF]     * VALIDXHTML
[THYMELEAF]     * XHTML
[THYMELEAF]     * HTML5
[THYMELEAF]     * VALIDXML
[THYMELEAF]     * LEGACYHTML5
[THYMELEAF] * Template resolvers (in order):
[THYMELEAF]     * org.thymeleaf.spring4.templateresolver.SpringResourceTemplateResolver
[THYMELEAF] * Message resolvers (in order):
[THYMELEAF]     * org.thymeleaf.spring4.messageresolver.SpringMessageResolver
[THYMELEAF] * Dialect [1 of 2]: org.thymeleaf.spring4.dialect.SpringStandardDialect
[THYMELEAF]     * Prefix: "th"
[THYMELEAF] * Dialect [2 of 2]: nz.net.ultraq.thymeleaf.LayoutDialect
[THYMELEAF]     * Prefix: "layout"
[THYMELEAF] TEMPLATE ENGINE CONFIGURED OK
[2017-07-07 10:52:51,635][http-nio-8080-exec-6][INFO][org.thymeleaf.TemplateEngine:838] [THYMELEAF] TEMPLATE ENGINE INITIALIZED
