[2018-01-30 08:59:19,945][restartedMain][INFO][com.rejoice.active.console.ActiveConsole:48] Starting ActiveConsole on jrjzx01-PC with PID 10076 (D:\sts\rejoice-active-console\target\classes started by jrjzx01 in D:\sts\rejoice-active-console)
[2018-01-30 08:59:19,958][restartedMain][INFO][com.rejoice.active.console.ActiveConsole:641] The following profiles are active: dev
[2018-01-30 08:59:20,209][restartedMain][INFO][org.springframework.boot.context.embedded.AnnotationConfigEmbeddedWebApplicationContext:582] Refreshing org.springframework.boot.context.embedded.AnnotationConfigEmbeddedWebApplicationContext@63f09895: startup date [Tue Jan 30 08:59:20 CST 2018]; root of context hierarchy
[2018-01-30 08:59:20,283][background-preinit][INFO][org.hibernate.validator.internal.util.Version:30] HV000001: Hibernate Validator 5.3.5.Final
[2018-01-30 08:59:21,675][restartedMain][INFO][org.springframework.context.support.PostProcessorRegistrationDelegate$BeanPostProcessorChecker:325] Bean 'propertiesConfig' of type [com.rejoice.active.console.config.PropertiesConfig$$EnhancerBySpringCGLIB$$9effa0e1] is not eligible for getting processed by all BeanPostProcessors (for example: not eligible for auto-proxying)
[2018-01-30 08:59:21,687][restartedMain][INFO][org.springframework.context.support.PostProcessorRegistrationDelegate$BeanPostProcessorChecker:325] Bean 'conversionService' of type [org.springframework.context.support.ConversionServiceFactoryBean] is not eligible for getting processed by all BeanPostProcessors (for example: not eligible for auto-proxying)
[2018-01-30 08:59:21,687][restartedMain][INFO][org.springframework.context.support.PostProcessorRegistrationDelegate$BeanPostProcessorChecker:325] Bean 'conversionService' of type [org.springframework.core.convert.support.DefaultConversionService] is not eligible for getting processed by all BeanPostProcessors (for example: not eligible for auto-proxying)
[2018-01-30 08:59:22,228][restartedMain][INFO][org.springframework.boot.context.embedded.tomcat.TomcatEmbeddedServletContainer:89] Tomcat initialized with port(s): 8080 (http)
[2018-01-30 08:59:22,237][restartedMain][INFO][org.apache.catalina.core.StandardService:179] Starting service Tomcat
[2018-01-30 08:59:22,238][restartedMain][INFO][org.apache.catalina.core.StandardEngine:179] Starting Servlet Engine: Apache Tomcat/8.5.14
[2018-01-30 08:59:22,457][localhost-startStop-1][INFO][org.apache.catalina.core.ContainerBase.[Tomcat].[localhost].[/]:179] Initializing Spring embedded WebApplicationContext
[2018-01-30 08:59:22,458][localhost-startStop-1][INFO][org.springframework.web.context.ContextLoader:276] Root WebApplicationContext: initialization completed in 2251 ms
[2018-01-30 08:59:22,682][localhost-startStop-1][INFO][org.springframework.boot.web.servlet.ServletRegistrationBean:190] Mapping servlet: 'statViewServlet' to [/druid/*]
[2018-01-30 08:59:22,683][localhost-startStop-1][INFO][org.springframework.boot.web.servlet.ServletRegistrationBean:190] Mapping servlet: 'dispatcherServlet' to [/]
[2018-01-30 08:59:22,686][localhost-startStop-1][INFO][org.springframework.boot.web.servlet.FilterRegistrationBean:258] Mapping filter: 'metricsFilter' to: [/*]
[2018-01-30 08:59:22,686][localhost-startStop-1][INFO][org.springframework.boot.web.servlet.FilterRegistrationBean:258] Mapping filter: 'characterEncodingFilter' to: [/*]
[2018-01-30 08:59:22,686][localhost-startStop-1][INFO][org.springframework.boot.web.servlet.FilterRegistrationBean:258] Mapping filter: 'hiddenHttpMethodFilter' to: [/*]
[2018-01-30 08:59:22,686][localhost-startStop-1][INFO][org.springframework.boot.web.servlet.FilterRegistrationBean:258] Mapping filter: 'httpPutFormContentFilter' to: [/*]
[2018-01-30 08:59:22,686][localhost-startStop-1][INFO][org.springframework.boot.web.servlet.FilterRegistrationBean:258] Mapping filter: 'requestContextFilter' to: [/*]
[2018-01-30 08:59:22,687][localhost-startStop-1][INFO][org.springframework.boot.web.servlet.FilterRegistrationBean:258] Mapping filter: 'webRequestLoggingFilter' to: [/*]
[2018-01-30 08:59:22,687][localhost-startStop-1][INFO][org.springframework.boot.web.servlet.FilterRegistrationBean:271] Mapping filter: 'webStatFilter' to urls: [/*]
[2018-01-30 08:59:22,687][localhost-startStop-1][INFO][org.springframework.boot.web.servlet.FilterRegistrationBean:258] Mapping filter: 'applicationContextIdFilter' to: [/*]
[2018-01-30 08:59:23,378][restartedMain][INFO][com.alibaba.druid.pool.DruidDataSource:106] {dataSource-1} inited
[2018-01-30 08:59:23,923][restartedMain][INFO][org.springframework.web.servlet.mvc.method.annotation.RequestMappingHandlerAdapter:534] Looking for @ControllerAdvice: org.springframework.boot.context.embedded.AnnotationConfigEmbeddedWebApplicationContext@63f09895: startup date [Tue Jan 30 08:59:20 CST 2018]; root of context hierarchy
[2018-01-30 08:59:23,984][restartedMain][INFO][org.springframework.web.servlet.mvc.method.annotation.RequestMappingHandlerMapping:543] Mapped "{[/qrcode],methods=[DELETE]}" onto public void com.rejoice.active.console.ActiveConsole.deleteAllCachedImages()
[2018-01-30 08:59:23,990][restartedMain][INFO][org.springframework.web.servlet.mvc.method.annotation.RequestMappingHandlerMapping:543] Mapped "{[/active],methods=[PUT]}" onto public void com.rejoice.active.console.controller.BaseController.update(T) throws java.lang.Exception
[2018-01-30 08:59:23,991][restartedMain][INFO][org.springframework.web.servlet.mvc.method.annotation.RequestMappingHandlerMapping:543] Mapped "{[/active/{ids}],methods=[DELETE]}" onto public void com.rejoice.active.console.controller.BaseController.delete(java.lang.String)
[2018-01-30 08:59:23,991][restartedMain][INFO][org.springframework.web.servlet.mvc.method.annotation.RequestMappingHandlerMapping:543] Mapped "{[/active],methods=[POST]}" onto public void com.rejoice.active.console.controller.BaseController.save(T) throws java.lang.Exception
[2018-01-30 08:59:23,991][restartedMain][INFO][org.springframework.web.servlet.mvc.method.annotation.RequestMappingHandlerMapping:543] Mapped "{[/active/all],methods=[GET]}" onto public org.springframework.http.ResponseEntity<java.util.List<T>> com.rejoice.active.console.controller.BaseController.findAll()
[2018-01-30 08:59:23,992][restartedMain][INFO][org.springframework.web.servlet.mvc.method.annotation.RequestMappingHandlerMapping:543] Mapped "{[/active/page],methods=[GET]}" onto public org.springframework.http.ResponseEntity<com.rejoice.active.console.common.bean.EasyUIResult> com.rejoice.active.console.controller.BaseController.findByPage(java.lang.Integer,java.lang.Integer,java.lang.String[],java.lang.String[],T) throws java.lang.Exception
[2018-01-30 08:59:23,992][restartedMain][INFO][org.springframework.web.servlet.mvc.method.annotation.RequestMappingHandlerMapping:543] Mapped "{[/active/{id}],methods=[GET]}" onto public T com.rejoice.active.console.controller.BaseController.getById(java.io.Serializable)
[2018-01-30 08:59:23,992][restartedMain][INFO][org.springframework.web.servlet.mvc.method.annotation.RequestMappingHandlerMapping:543] Mapped "{[/api/company/active],methods=[POST]}" onto public com.rejoice.active.console.response.ResponseVo com.rejoice.active.console.controller.api.ApiCompanyController.active(java.lang.String)
[2018-01-30 08:59:23,994][restartedMain][INFO][org.springframework.web.servlet.mvc.method.annotation.RequestMappingHandlerMapping:543] Mapped "{[/company/active],methods=[POST]}" onto public com.rejoice.active.console.response.ResponseVo com.rejoice.active.console.controller.CompanyController.active(com.rejoice.active.console.entity.Company) throws java.lang.Exception
[2018-01-30 08:59:23,994][restartedMain][INFO][org.springframework.web.servlet.mvc.method.annotation.RequestMappingHandlerMapping:543] Mapped "{[/company],methods=[PUT]}" onto public void com.rejoice.active.console.controller.BaseController.update(T) throws java.lang.Exception
[2018-01-30 08:59:23,995][restartedMain][INFO][org.springframework.web.servlet.mvc.method.annotation.RequestMappingHandlerMapping:543] Mapped "{[/company/{ids}],methods=[DELETE]}" onto public void com.rejoice.active.console.controller.BaseController.delete(java.lang.String)
[2018-01-30 08:59:23,995][restartedMain][INFO][org.springframework.web.servlet.mvc.method.annotation.RequestMappingHandlerMapping:543] Mapped "{[/company],methods=[POST]}" onto public void com.rejoice.active.console.controller.BaseController.save(T) throws java.lang.Exception
[2018-01-30 08:59:23,995][restartedMain][INFO][org.springframework.web.servlet.mvc.method.annotation.RequestMappingHandlerMapping:543] Mapped "{[/company/all],methods=[GET]}" onto public org.springframework.http.ResponseEntity<java.util.List<T>> com.rejoice.active.console.controller.BaseController.findAll()
[2018-01-30 08:59:23,995][restartedMain][INFO][org.springframework.web.servlet.mvc.method.annotation.RequestMappingHandlerMapping:543] Mapped "{[/company/page],methods=[GET]}" onto public org.springframework.http.ResponseEntity<com.rejoice.active.console.common.bean.EasyUIResult> com.rejoice.active.console.controller.BaseController.findByPage(java.lang.Integer,java.lang.Integer,java.lang.String[],java.lang.String[],T) throws java.lang.Exception
[2018-01-30 08:59:23,996][restartedMain][INFO][org.springframework.web.servlet.mvc.method.annotation.RequestMappingHandlerMapping:543] Mapped "{[/company/{id}],methods=[GET]}" onto public T com.rejoice.active.console.controller.BaseController.getById(java.io.Serializable)
[2018-01-30 08:59:23,996][restartedMain][INFO][org.springframework.web.servlet.mvc.method.annotation.RequestMappingHandlerMapping:543] Mapped "{[/page/**/*.html],methods=[GET]}" onto public java.lang.String com.rejoice.active.console.controller.PageController.toPage(javax.servlet.http.HttpServletRequest)
[2018-01-30 08:59:23,996][restartedMain][INFO][org.springframework.web.servlet.mvc.method.annotation.RequestMappingHandlerMapping:543] Mapped "{[],methods=[GET]}" onto public java.lang.String com.rejoice.active.console.controller.PageController.toHome()
[2018-01-30 08:59:23,997][restartedMain][INFO][org.springframework.web.servlet.mvc.method.annotation.RequestMappingHandlerMapping:543] Mapped "{[/pdf/b],methods=[GET]}" onto public org.springframework.web.servlet.ModelAndView com.rejoice.active.console.controller.PdfController.b()
[2018-01-30 08:59:23,997][restartedMain][INFO][org.springframework.web.servlet.mvc.method.annotation.RequestMappingHandlerMapping:543] Mapped "{[/pdf/a],methods=[GET]}" onto public org.springframework.web.servlet.ModelAndView com.rejoice.active.console.controller.PdfController.a()
[2018-01-30 08:59:23,997][restartedMain][INFO][org.springframework.web.servlet.mvc.method.annotation.RequestMappingHandlerMapping:543] Mapped "{[/pdf/simpleForm],methods=[GET]}" onto public org.springframework.web.servlet.ModelAndView com.rejoice.active.console.controller.PdfController.simpleForm()
[2018-01-30 08:59:23,999][restartedMain][INFO][org.springframework.web.servlet.mvc.method.annotation.RequestMappingHandlerMapping:543] Mapped "{[/user/login],methods=[POST]}" onto public org.springframework.web.servlet.ModelAndView com.rejoice.active.console.controller.UserController.login(com.rejoice.active.console.entity.User,javax.servlet.http.HttpServletRequest)
[2018-01-30 08:59:23,999][restartedMain][INFO][org.springframework.web.servlet.mvc.method.annotation.RequestMappingHandlerMapping:543] Mapped "{[/user/logout],methods=[GET]}" onto public org.springframework.web.servlet.ModelAndView com.rejoice.active.console.controller.UserController.logout(javax.servlet.http.HttpServletRequest)
[2018-01-30 08:59:24,000][restartedMain][INFO][org.springframework.web.servlet.mvc.method.annotation.RequestMappingHandlerMapping:543] Mapped "{[/user],methods=[PUT]}" onto public void com.rejoice.active.console.controller.BaseController.update(T) throws java.lang.Exception
[2018-01-30 08:59:24,000][restartedMain][INFO][org.springframework.web.servlet.mvc.method.annotation.RequestMappingHandlerMapping:543] Mapped "{[/user/{ids}],methods=[DELETE]}" onto public void com.rejoice.active.console.controller.BaseController.delete(java.lang.String)
[2018-01-30 08:59:24,000][restartedMain][INFO][org.springframework.web.servlet.mvc.method.annotation.RequestMappingHandlerMapping:543] Mapped "{[/user],methods=[POST]}" onto public void com.rejoice.active.console.controller.BaseController.save(T) throws java.lang.Exception
[2018-01-30 08:59:24,000][restartedMain][INFO][org.springframework.web.servlet.mvc.method.annotation.RequestMappingHandlerMapping:543] Mapped "{[/user/all],methods=[GET]}" onto public org.springframework.http.ResponseEntity<java.util.List<T>> com.rejoice.active.console.controller.BaseController.findAll()
[2018-01-30 08:59:24,000][restartedMain][INFO][org.springframework.web.servlet.mvc.method.annotation.RequestMappingHandlerMapping:543] Mapped "{[/user/page],methods=[GET]}" onto public org.springframework.http.ResponseEntity<com.rejoice.active.console.common.bean.EasyUIResult> com.rejoice.active.console.controller.BaseController.findByPage(java.lang.Integer,java.lang.Integer,java.lang.String[],java.lang.String[],T) throws java.lang.Exception
[2018-01-30 08:59:24,001][restartedMain][INFO][org.springframework.web.servlet.mvc.method.annotation.RequestMappingHandlerMapping:543] Mapped "{[/user/{id}],methods=[GET]}" onto public T com.rejoice.active.console.controller.BaseController.getById(java.io.Serializable)
[2018-01-30 08:59:24,002][restartedMain][INFO][org.springframework.web.servlet.mvc.method.annotation.RequestMappingHandlerMapping:543] Mapped "{[/error]}" onto public org.springframework.http.ResponseEntity<java.util.Map<java.lang.String, java.lang.Object>> org.springframework.boot.autoconfigure.web.BasicErrorController.error(javax.servlet.http.HttpServletRequest)
[2018-01-30 08:59:24,002][restartedMain][INFO][org.springframework.web.servlet.mvc.method.annotation.RequestMappingHandlerMapping:543] Mapped "{[/error],produces=[text/html]}" onto public org.springframework.web.servlet.ModelAndView org.springframework.boot.autoconfigure.web.BasicErrorController.errorHtml(javax.servlet.http.HttpServletRequest,javax.servlet.http.HttpServletResponse)
[2018-01-30 08:59:24,035][restartedMain][INFO][org.springframework.web.servlet.handler.SimpleUrlHandlerMapping:362] Mapped URL path [/webjars/**] onto handler of type [class org.springframework.web.servlet.resource.ResourceHttpRequestHandler]
[2018-01-30 08:59:24,035][restartedMain][INFO][org.springframework.web.servlet.handler.SimpleUrlHandlerMapping:362] Mapped URL path [/**] onto handler of type [class org.springframework.web.servlet.resource.ResourceHttpRequestHandler]
[2018-01-30 08:59:24,051][restartedMain][INFO][org.springframework.web.servlet.mvc.method.annotation.ExceptionHandlerExceptionResolver:273] Detected @ExceptionHandler methods in apiGlobalExceptionHandler
[2018-01-30 08:59:24,051][restartedMain][INFO][org.springframework.web.servlet.mvc.method.annotation.ExceptionHandlerExceptionResolver:273] Detected @ExceptionHandler methods in globalDefaultExceptionHandler
[2018-01-30 08:59:24,071][restartedMain][INFO][org.springframework.web.servlet.handler.SimpleUrlHandlerMapping:362] Mapped URL path [/**/favicon.ico] onto handler of type [class org.springframework.web.servlet.resource.ResourceHttpRequestHandler]
[2018-01-30 08:59:24,874][restartedMain][INFO][org.springframework.boot.actuate.endpoint.mvc.EndpointHandlerMapping:543] Mapped "{[/loggers/{name:.*}],methods=[GET],produces=[application/vnd.spring-boot.actuator.v1+json || application/json]}" onto public java.lang.Object org.springframework.boot.actuate.endpoint.mvc.LoggersMvcEndpoint.get(java.lang.String)
[2018-01-30 08:59:24,874][restartedMain][INFO][org.springframework.boot.actuate.endpoint.mvc.EndpointHandlerMapping:543] Mapped "{[/loggers/{name:.*}],methods=[POST],consumes=[application/vnd.spring-boot.actuator.v1+json || application/json],produces=[application/vnd.spring-boot.actuator.v1+json || application/json]}" onto public java.lang.Object org.springframework.boot.actuate.endpoint.mvc.LoggersMvcEndpoint.set(java.lang.String,java.util.Map<java.lang.String, java.lang.String>)
[2018-01-30 08:59:24,875][restartedMain][INFO][org.springframework.boot.actuate.endpoint.mvc.EndpointHandlerMapping:543] Mapped "{[/loggers || /loggers.json],methods=[GET],produces=[application/vnd.spring-boot.actuator.v1+json || application/json]}" onto public java.lang.Object org.springframework.boot.actuate.endpoint.mvc.EndpointMvcAdapter.invoke()
[2018-01-30 08:59:24,875][restartedMain][INFO][org.springframework.boot.actuate.endpoint.mvc.EndpointHandlerMapping:543] Mapped "{[/beans || /beans.json],methods=[GET],produces=[application/vnd.spring-boot.actuator.v1+json || application/json]}" onto public java.lang.Object org.springframework.boot.actuate.endpoint.mvc.EndpointMvcAdapter.invoke()
[2018-01-30 08:59:24,876][restartedMain][INFO][org.springframework.boot.actuate.endpoint.mvc.EndpointHandlerMapping:543] Mapped "{[/health || /health.json],methods=[GET],produces=[application/vnd.spring-boot.actuator.v1+json || application/json]}" onto public java.lang.Object org.springframework.boot.actuate.endpoint.mvc.HealthMvcEndpoint.invoke(javax.servlet.http.HttpServletRequest,java.security.Principal)
[2018-01-30 08:59:24,877][restartedMain][INFO][org.springframework.boot.actuate.endpoint.mvc.EndpointHandlerMapping:543] Mapped "{[/env/{name:.*}],methods=[GET],produces=[application/vnd.spring-boot.actuator.v1+json || application/json]}" onto public java.lang.Object org.springframework.boot.actuate.endpoint.mvc.EnvironmentMvcEndpoint.value(java.lang.String)
[2018-01-30 08:59:24,877][restartedMain][INFO][org.springframework.boot.actuate.endpoint.mvc.EndpointHandlerMapping:543] Mapped "{[/env || /env.json],methods=[GET],produces=[application/vnd.spring-boot.actuator.v1+json || application/json]}" onto public java.lang.Object org.springframework.boot.actuate.endpoint.mvc.EndpointMvcAdapter.invoke()
[2018-01-30 08:59:24,877][restartedMain][INFO][org.springframework.boot.actuate.endpoint.mvc.EndpointHandlerMapping:543] Mapped "{[/heapdump || /heapdump.json],methods=[GET],produces=[application/octet-stream]}" onto public void org.springframework.boot.actuate.endpoint.mvc.HeapdumpMvcEndpoint.invoke(boolean,javax.servlet.http.HttpServletRequest,javax.servlet.http.HttpServletResponse) throws java.io.IOException,javax.servlet.ServletException
[2018-01-30 08:59:24,878][restartedMain][INFO][org.springframework.boot.actuate.endpoint.mvc.EndpointHandlerMapping:543] Mapped "{[/metrics/{name:.*}],methods=[GET],produces=[application/vnd.spring-boot.actuator.v1+json || application/json]}" onto public java.lang.Object org.springframework.boot.actuate.endpoint.mvc.MetricsMvcEndpoint.value(java.lang.String)
[2018-01-30 08:59:24,878][restartedMain][INFO][org.springframework.boot.actuate.endpoint.mvc.EndpointHandlerMapping:543] Mapped "{[/metrics || /metrics.json],methods=[GET],produces=[application/vnd.spring-boot.actuator.v1+json || application/json]}" onto public java.lang.Object org.springframework.boot.actuate.endpoint.mvc.EndpointMvcAdapter.invoke()
[2018-01-30 08:59:24,879][restartedMain][INFO][org.springframework.boot.actuate.endpoint.mvc.EndpointHandlerMapping:543] Mapped "{[/trace || /trace.json],methods=[GET],produces=[application/vnd.spring-boot.actuator.v1+json || application/json]}" onto public java.lang.Object org.springframework.boot.actuate.endpoint.mvc.EndpointMvcAdapter.invoke()
[2018-01-30 08:59:24,879][restartedMain][INFO][org.springframework.boot.actuate.endpoint.mvc.EndpointHandlerMapping:543] Mapped "{[/mappings || /mappings.json],methods=[GET],produces=[application/vnd.spring-boot.actuator.v1+json || application/json]}" onto public java.lang.Object org.springframework.boot.actuate.endpoint.mvc.EndpointMvcAdapter.invoke()
[2018-01-30 08:59:24,880][restartedMain][INFO][org.springframework.boot.actuate.endpoint.mvc.EndpointHandlerMapping:543] Mapped "{[/info || /info.json],methods=[GET],produces=[application/vnd.spring-boot.actuator.v1+json || application/json]}" onto public java.lang.Object org.springframework.boot.actuate.endpoint.mvc.EndpointMvcAdapter.invoke()
[2018-01-30 08:59:24,880][restartedMain][INFO][org.springframework.boot.actuate.endpoint.mvc.EndpointHandlerMapping:543] Mapped "{[/auditevents || /auditevents.json],methods=[GET],produces=[application/vnd.spring-boot.actuator.v1+json || application/json]}" onto public org.springframework.http.ResponseEntity<?> org.springframework.boot.actuate.endpoint.mvc.AuditEventsMvcEndpoint.findByPrincipalAndAfterAndType(java.lang.String,java.util.Date,java.lang.String)
[2018-01-30 08:59:24,881][restartedMain][INFO][org.springframework.boot.actuate.endpoint.mvc.EndpointHandlerMapping:543] Mapped "{[/autoconfig || /autoconfig.json],methods=[GET],produces=[application/vnd.spring-boot.actuator.v1+json || application/json]}" onto public java.lang.Object org.springframework.boot.actuate.endpoint.mvc.EndpointMvcAdapter.invoke()
[2018-01-30 08:59:24,881][restartedMain][INFO][org.springframework.boot.actuate.endpoint.mvc.EndpointHandlerMapping:543] Mapped "{[/dump || /dump.json],methods=[GET],produces=[application/vnd.spring-boot.actuator.v1+json || application/json]}" onto public java.lang.Object org.springframework.boot.actuate.endpoint.mvc.EndpointMvcAdapter.invoke()
[2018-01-30 08:59:24,881][restartedMain][INFO][org.springframework.boot.actuate.endpoint.mvc.EndpointHandlerMapping:543] Mapped "{[/configprops || /configprops.json],methods=[GET],produces=[application/vnd.spring-boot.actuator.v1+json || application/json]}" onto public java.lang.Object org.springframework.boot.actuate.endpoint.mvc.EndpointMvcAdapter.invoke()
[2018-01-30 08:59:24,987][restartedMain][INFO][org.springframework.web.servlet.view.freemarker.FreeMarkerConfigurer:127] ClassTemplateLoader for Spring macros added to FreeMarker configuration
[2018-01-30 08:59:25,170][restartedMain][INFO][org.springframework.boot.devtools.autoconfigure.OptionalLiveReloadServer:58] LiveReload server is running on port 35729
[2018-01-30 08:59:25,236][restartedMain][INFO][org.springframework.jmx.export.annotation.AnnotationMBeanExporter:431] Registering beans for JMX exposure on startup
[2018-01-30 08:59:25,237][restartedMain][INFO][org.springframework.jmx.export.annotation.AnnotationMBeanExporter:916] Bean with name 'dataSource' has been autodetected for JMX exposure
[2018-01-30 08:59:25,242][restartedMain][INFO][org.springframework.jmx.export.annotation.AnnotationMBeanExporter:671] Located MBean 'dataSource': registering with JMX server as MBean [com.alibaba.druid.pool:name=dataSource,type=DruidDataSource]
[2018-01-30 08:59:25,242][restartedMain][INFO][org.springframework.boot.actuate.endpoint.jmx.EndpointMBeanExporter:431] Registering beans for JMX exposure on startup
[2018-01-30 08:59:25,246][restartedMain][INFO][org.springframework.context.support.DefaultLifecycleProcessor:343] Starting beans in phase 0
[2018-01-30 08:59:25,247][restartedMain][INFO][org.springframework.boot.actuate.endpoint.jmx.EndpointMBeanExporter:678] Located managed bean 'auditEventsEndpoint': registering with JMX server as MBean [org.springframework.boot:type=Endpoint,name=auditEventsEndpoint]
[2018-01-30 08:59:25,259][restartedMain][INFO][org.springframework.boot.actuate.endpoint.jmx.EndpointMBeanExporter:678] Located managed bean 'requestMappingEndpoint': registering with JMX server as MBean [org.springframework.boot:type=Endpoint,name=requestMappingEndpoint]
[2018-01-30 08:59:25,267][restartedMain][INFO][org.springframework.boot.actuate.endpoint.jmx.EndpointMBeanExporter:678] Located managed bean 'environmentEndpoint': registering with JMX server as MBean [org.springframework.boot:type=Endpoint,name=environmentEndpoint]
[2018-01-30 08:59:25,271][restartedMain][INFO][org.springframework.boot.actuate.endpoint.jmx.EndpointMBeanExporter:678] Located managed bean 'healthEndpoint': registering with JMX server as MBean [org.springframework.boot:type=Endpoint,name=healthEndpoint]
[2018-01-30 08:59:25,273][restartedMain][INFO][org.springframework.boot.actuate.endpoint.jmx.EndpointMBeanExporter:678] Located managed bean 'beansEndpoint': registering with JMX server as MBean [org.springframework.boot:type=Endpoint,name=beansEndpoint]
[2018-01-30 08:59:25,275][restartedMain][INFO][org.springframework.boot.actuate.endpoint.jmx.EndpointMBeanExporter:678] Located managed bean 'infoEndpoint': registering with JMX server as MBean [org.springframework.boot:type=Endpoint,name=infoEndpoint]
[2018-01-30 08:59:25,277][restartedMain][INFO][org.springframework.boot.actuate.endpoint.jmx.EndpointMBeanExporter:678] Located managed bean 'loggersEndpoint': registering with JMX server as MBean [org.springframework.boot:type=Endpoint,name=loggersEndpoint]
[2018-01-30 08:59:25,281][restartedMain][INFO][org.springframework.boot.actuate.endpoint.jmx.EndpointMBeanExporter:678] Located managed bean 'metricsEndpoint': registering with JMX server as MBean [org.springframework.boot:type=Endpoint,name=metricsEndpoint]
[2018-01-30 08:59:25,284][restartedMain][INFO][org.springframework.boot.actuate.endpoint.jmx.EndpointMBeanExporter:678] Located managed bean 'traceEndpoint': registering with JMX server as MBean [org.springframework.boot:type=Endpoint,name=traceEndpoint]
[2018-01-30 08:59:25,285][restartedMain][INFO][org.springframework.boot.actuate.endpoint.jmx.EndpointMBeanExporter:678] Located managed bean 'dumpEndpoint': registering with JMX server as MBean [org.springframework.boot:type=Endpoint,name=dumpEndpoint]
[2018-01-30 08:59:25,287][restartedMain][INFO][org.springframework.boot.actuate.endpoint.jmx.EndpointMBeanExporter:678] Located managed bean 'autoConfigurationReportEndpoint': registering with JMX server as MBean [org.springframework.boot:type=Endpoint,name=autoConfigurationReportEndpoint]
[2018-01-30 08:59:25,289][restartedMain][INFO][org.springframework.boot.actuate.endpoint.jmx.EndpointMBeanExporter:678] Located managed bean 'configurationPropertiesReportEndpoint': registering with JMX server as MBean [org.springframework.boot:type=Endpoint,name=configurationPropertiesReportEndpoint]
[2018-01-30 08:59:25,300][restartedMain][INFO][org.springframework.scheduling.annotation.ScheduledAnnotationBeanPostProcessor:260] No TaskScheduler/ScheduledExecutorService bean found for scheduled processing
[2018-01-30 08:59:25,309][restartedMain][INFO][org.apache.coyote.http11.Http11NioProtocol:179] Initializing ProtocolHandler ["http-nio-8080"]
[2018-01-30 08:59:25,318][restartedMain][INFO][org.apache.coyote.http11.Http11NioProtocol:179] Starting ProtocolHandler ["http-nio-8080"]
[2018-01-30 08:59:25,326][restartedMain][INFO][org.apache.tomcat.util.net.NioSelectorPool:179] Using a shared selector for servlet write/read
[2018-01-30 08:59:25,345][pool-2-thread-1][INFO][com.rejoice.active.console.common.util.ImageService:51] Purging cache
[2018-01-30 08:59:25,346][restartedMain][INFO][org.springframework.boot.context.embedded.tomcat.TomcatEmbeddedServletContainer:198] Tomcat started on port(s): 8080 (http)
[2018-01-30 08:59:25,351][restartedMain][INFO][com.rejoice.active.console.ActiveConsole:57] Started ActiveConsole in 5.642 seconds (JVM running for 6.293)
[2018-01-30 08:59:53,187][Thread-6][INFO][org.springframework.boot.context.embedded.AnnotationConfigEmbeddedWebApplicationContext:987] Closing org.springframework.boot.context.embedded.AnnotationConfigEmbeddedWebApplicationContext@63f09895: startup date [Tue Jan 30 08:59:20 CST 2018]; root of context hierarchy
[2018-01-30 08:59:53,193][Thread-6][INFO][org.springframework.context.support.DefaultLifecycleProcessor:358] Stopping beans in phase 0
[2018-01-30 08:59:53,205][Thread-6][INFO][org.springframework.boot.actuate.endpoint.jmx.EndpointMBeanExporter:449] Unregistering JMX-exposed beans on shutdown
[2018-01-30 08:59:53,205][Thread-6][INFO][org.springframework.boot.actuate.endpoint.jmx.EndpointMBeanExporter:241] Unregistering JMX-exposed beans
[2018-01-30 08:59:53,209][Thread-6][INFO][org.springframework.jmx.export.annotation.AnnotationMBeanExporter:449] Unregistering JMX-exposed beans on shutdown
[2018-01-30 08:59:53,209][Thread-6][INFO][org.springframework.jmx.export.annotation.AnnotationMBeanExporter:241] Unregistering JMX-exposed beans
[2018-01-30 08:59:53,223][Thread-6][INFO][com.alibaba.druid.pool.DruidDataSource:106] {dataSource-1} closed
[2018-01-30 08:59:59,199][restartedMain][INFO][com.rejoice.active.console.ActiveConsole:48] Starting ActiveConsole on jrjzx01-PC with PID 10076 (D:\sts\rejoice-active-console\target\classes started by jrjzx01 in D:\sts\rejoice-active-console)
[2018-01-30 08:59:59,199][restartedMain][INFO][com.rejoice.active.console.ActiveConsole:641] The following profiles are active: dev
[2018-01-30 08:59:59,208][restartedMain][INFO][org.springframework.boot.context.embedded.AnnotationConfigEmbeddedWebApplicationContext:582] Refreshing org.springframework.boot.context.embedded.AnnotationConfigEmbeddedWebApplicationContext@2221325b: startup date [Tue Jan 30 08:59:59 CST 2018]; root of context hierarchy
[2018-01-30 08:59:59,839][restartedMain][INFO][org.springframework.context.support.PostProcessorRegistrationDelegate$BeanPostProcessorChecker:325] Bean 'propertiesConfig' of type [com.rejoice.active.console.config.PropertiesConfig$$EnhancerBySpringCGLIB$$9effa0e1] is not eligible for getting processed by all BeanPostProcessors (for example: not eligible for auto-proxying)
[2018-01-30 08:59:59,843][restartedMain][INFO][org.springframework.context.support.PostProcessorRegistrationDelegate$BeanPostProcessorChecker:325] Bean 'conversionService' of type [org.springframework.context.support.ConversionServiceFactoryBean] is not eligible for getting processed by all BeanPostProcessors (for example: not eligible for auto-proxying)
[2018-01-30 08:59:59,843][restartedMain][INFO][org.springframework.context.support.PostProcessorRegistrationDelegate$BeanPostProcessorChecker:325] Bean 'conversionService' of type [org.springframework.core.convert.support.DefaultConversionService] is not eligible for getting processed by all BeanPostProcessors (for example: not eligible for auto-proxying)
[2018-01-30 08:59:59,916][restartedMain][INFO][org.springframework.boot.context.embedded.tomcat.TomcatEmbeddedServletContainer:89] Tomcat initialized with port(s): 8080 (http)
[2018-01-30 08:59:59,916][restartedMain][INFO][org.apache.catalina.core.StandardService:179] Starting service Tomcat
[2018-01-30 08:59:59,917][restartedMain][INFO][org.apache.catalina.core.StandardEngine:179] Starting Servlet Engine: Apache Tomcat/8.5.14
[2018-01-30 08:59:59,931][localhost-startStop-1][INFO][org.apache.catalina.core.ContainerBase.[Tomcat].[localhost].[/]:179] Initializing Spring embedded WebApplicationContext
[2018-01-30 08:59:59,932][localhost-startStop-1][INFO][org.springframework.web.context.ContextLoader:276] Root WebApplicationContext: initialization completed in 724 ms
[2018-01-30 08:59:59,985][localhost-startStop-1][INFO][org.springframework.boot.web.servlet.ServletRegistrationBean:190] Mapping servlet: 'statViewServlet' to [/druid/*]
[2018-01-30 08:59:59,985][localhost-startStop-1][INFO][org.springframework.boot.web.servlet.ServletRegistrationBean:190] Mapping servlet: 'dispatcherServlet' to [/]
[2018-01-30 08:59:59,985][localhost-startStop-1][INFO][org.springframework.boot.web.servlet.FilterRegistrationBean:258] Mapping filter: 'metricsFilter' to: [/*]
[2018-01-30 08:59:59,986][localhost-startStop-1][INFO][org.springframework.boot.web.servlet.FilterRegistrationBean:258] Mapping filter: 'characterEncodingFilter' to: [/*]
[2018-01-30 08:59:59,986][localhost-startStop-1][INFO][org.springframework.boot.web.servlet.FilterRegistrationBean:258] Mapping filter: 'hiddenHttpMethodFilter' to: [/*]
[2018-01-30 08:59:59,986][localhost-startStop-1][INFO][org.springframework.boot.web.servlet.FilterRegistrationBean:258] Mapping filter: 'httpPutFormContentFilter' to: [/*]
[2018-01-30 08:59:59,986][localhost-startStop-1][INFO][org.springframework.boot.web.servlet.FilterRegistrationBean:258] Mapping filter: 'requestContextFilter' to: [/*]
[2018-01-30 08:59:59,986][localhost-startStop-1][INFO][org.springframework.boot.web.servlet.FilterRegistrationBean:258] Mapping filter: 'webRequestLoggingFilter' to: [/*]
[2018-01-30 08:59:59,986][localhost-startStop-1][INFO][org.springframework.boot.web.servlet.FilterRegistrationBean:271] Mapping filter: 'webStatFilter' to urls: [/*]
[2018-01-30 08:59:59,986][localhost-startStop-1][INFO][org.springframework.boot.web.servlet.FilterRegistrationBean:258] Mapping filter: 'applicationContextIdFilter' to: [/*]
[2018-01-30 09:00:00,099][restartedMain][INFO][com.alibaba.druid.pool.DruidDataSource:106] {dataSource-2} inited
[2018-01-30 09:00:00,247][restartedMain][INFO][org.springframework.web.servlet.mvc.method.annotation.RequestMappingHandlerAdapter:534] Looking for @ControllerAdvice: org.springframework.boot.context.embedded.AnnotationConfigEmbeddedWebApplicationContext@2221325b: startup date [Tue Jan 30 08:59:59 CST 2018]; root of context hierarchy
[2018-01-30 09:00:00,253][restartedMain][INFO][org.springframework.web.servlet.mvc.method.annotation.RequestMappingHandlerMapping:543] Mapped "{[/qrcode],methods=[DELETE]}" onto public void com.rejoice.active.console.ActiveConsole.deleteAllCachedImages()
[2018-01-30 09:00:00,254][restartedMain][INFO][org.springframework.web.servlet.mvc.method.annotation.RequestMappingHandlerMapping:543] Mapped "{[/qrcode],methods=[GET],produces=[image/png]}" onto public org.springframework.http.ResponseEntity<byte[]> com.rejoice.active.console.ActiveConsole.getQRCode(java.lang.String)
[2018-01-30 09:00:00,257][restartedMain][INFO][org.springframework.web.servlet.mvc.method.annotation.RequestMappingHandlerMapping:543] Mapped "{[/active],methods=[PUT]}" onto public void com.rejoice.active.console.controller.BaseController.update(T) throws java.lang.Exception
[2018-01-30 09:00:00,257][restartedMain][INFO][org.springframework.web.servlet.mvc.method.annotation.RequestMappingHandlerMapping:543] Mapped "{[/active/{ids}],methods=[DELETE]}" onto public void com.rejoice.active.console.controller.BaseController.delete(java.lang.String)
[2018-01-30 09:00:00,258][restartedMain][INFO][org.springframework.web.servlet.mvc.method.annotation.RequestMappingHandlerMapping:543] Mapped "{[/active],methods=[POST]}" onto public void com.rejoice.active.console.controller.BaseController.save(T) throws java.lang.Exception
[2018-01-30 09:00:00,258][restartedMain][INFO][org.springframework.web.servlet.mvc.method.annotation.RequestMappingHandlerMapping:543] Mapped "{[/active/all],methods=[GET]}" onto public org.springframework.http.ResponseEntity<java.util.List<T>> com.rejoice.active.console.controller.BaseController.findAll()
[2018-01-30 09:00:00,258][restartedMain][INFO][org.springframework.web.servlet.mvc.method.annotation.RequestMappingHandlerMapping:543] Mapped "{[/active/page],methods=[GET]}" onto public org.springframework.http.ResponseEntity<com.rejoice.active.console.common.bean.EasyUIResult> com.rejoice.active.console.controller.BaseController.findByPage(java.lang.Integer,java.lang.Integer,java.lang.String[],java.lang.String[],T) throws java.lang.Exception
[2018-01-30 09:00:00,258][restartedMain][INFO][org.springframework.web.servlet.mvc.method.annotation.RequestMappingHandlerMapping:543] Mapped "{[/active/{id}],methods=[GET]}" onto public T com.rejoice.active.console.controller.BaseController.getById(java.io.Serializable)
[2018-01-30 09:00:00,259][restartedMain][INFO][org.springframework.web.servlet.mvc.method.annotation.RequestMappingHandlerMapping:543] Mapped "{[/api/company/active],methods=[POST]}" onto public com.rejoice.active.console.response.ResponseVo com.rejoice.active.console.controller.api.ApiCompanyController.active(java.lang.String)
[2018-01-30 09:00:00,260][restartedMain][INFO][org.springframework.web.servlet.mvc.method.annotation.RequestMappingHandlerMapping:543] Mapped "{[/company/active],methods=[POST]}" onto public com.rejoice.active.console.response.ResponseVo com.rejoice.active.console.controller.CompanyController.active(com.rejoice.active.console.entity.Company) throws java.lang.Exception
[2018-01-30 09:00:00,261][restartedMain][INFO][org.springframework.web.servlet.mvc.method.annotation.RequestMappingHandlerMapping:543] Mapped "{[/company],methods=[PUT]}" onto public void com.rejoice.active.console.controller.BaseController.update(T) throws java.lang.Exception
[2018-01-30 09:00:00,261][restartedMain][INFO][org.springframework.web.servlet.mvc.method.annotation.RequestMappingHandlerMapping:543] Mapped "{[/company/{ids}],methods=[DELETE]}" onto public void com.rejoice.active.console.controller.BaseController.delete(java.lang.String)
[2018-01-30 09:00:00,261][restartedMain][INFO][org.springframework.web.servlet.mvc.method.annotation.RequestMappingHandlerMapping:543] Mapped "{[/company],methods=[POST]}" onto public void com.rejoice.active.console.controller.BaseController.save(T) throws java.lang.Exception
[2018-01-30 09:00:00,261][restartedMain][INFO][org.springframework.web.servlet.mvc.method.annotation.RequestMappingHandlerMapping:543] Mapped "{[/company/all],methods=[GET]}" onto public org.springframework.http.ResponseEntity<java.util.List<T>> com.rejoice.active.console.controller.BaseController.findAll()
[2018-01-30 09:00:00,262][restartedMain][INFO][org.springframework.web.servlet.mvc.method.annotation.RequestMappingHandlerMapping:543] Mapped "{[/company/page],methods=[GET]}" onto public org.springframework.http.ResponseEntity<com.rejoice.active.console.common.bean.EasyUIResult> com.rejoice.active.console.controller.BaseController.findByPage(java.lang.Integer,java.lang.Integer,java.lang.String[],java.lang.String[],T) throws java.lang.Exception
[2018-01-30 09:00:00,262][restartedMain][INFO][org.springframework.web.servlet.mvc.method.annotation.RequestMappingHandlerMapping:543] Mapped "{[/company/{id}],methods=[GET]}" onto public T com.rejoice.active.console.controller.BaseController.getById(java.io.Serializable)
[2018-01-30 09:00:00,262][restartedMain][INFO][org.springframework.web.servlet.mvc.method.annotation.RequestMappingHandlerMapping:543] Mapped "{[/page/**/*.html],methods=[GET]}" onto public java.lang.String com.rejoice.active.console.controller.PageController.toPage(javax.servlet.http.HttpServletRequest)
[2018-01-30 09:00:00,263][restartedMain][INFO][org.springframework.web.servlet.mvc.method.annotation.RequestMappingHandlerMapping:543] Mapped "{[],methods=[GET]}" onto public java.lang.String com.rejoice.active.console.controller.PageController.toHome()
[2018-01-30 09:00:00,264][restartedMain][INFO][org.springframework.web.servlet.mvc.method.annotation.RequestMappingHandlerMapping:543] Mapped "{[/pdf/b],methods=[GET]}" onto public org.springframework.web.servlet.ModelAndView com.rejoice.active.console.controller.PdfController.b()
[2018-01-30 09:00:00,264][restartedMain][INFO][org.springframework.web.servlet.mvc.method.annotation.RequestMappingHandlerMapping:543] Mapped "{[/pdf/a],methods=[GET]}" onto public org.springframework.web.servlet.ModelAndView com.rejoice.active.console.controller.PdfController.a()
[2018-01-30 09:00:00,264][restartedMain][INFO][org.springframework.web.servlet.mvc.method.annotation.RequestMappingHandlerMapping:543] Mapped "{[/pdf/simpleForm],methods=[GET]}" onto public org.springframework.web.servlet.ModelAndView com.rejoice.active.console.controller.PdfController.simpleForm()
[2018-01-30 09:00:00,265][restartedMain][INFO][org.springframework.web.servlet.mvc.method.annotation.RequestMappingHandlerMapping:543] Mapped "{[/user/login],methods=[POST]}" onto public org.springframework.web.servlet.ModelAndView com.rejoice.active.console.controller.UserController.login(com.rejoice.active.console.entity.User,javax.servlet.http.HttpServletRequest)
[2018-01-30 09:00:00,266][restartedMain][INFO][org.springframework.web.servlet.mvc.method.annotation.RequestMappingHandlerMapping:543] Mapped "{[/user/logout],methods=[GET]}" onto public org.springframework.web.servlet.ModelAndView com.rejoice.active.console.controller.UserController.logout(javax.servlet.http.HttpServletRequest)
[2018-01-30 09:00:00,266][restartedMain][INFO][org.springframework.web.servlet.mvc.method.annotation.RequestMappingHandlerMapping:543] Mapped "{[/user],methods=[PUT]}" onto public void com.rejoice.active.console.controller.BaseController.update(T) throws java.lang.Exception
[2018-01-30 09:00:00,266][restartedMain][INFO][org.springframework.web.servlet.mvc.method.annotation.RequestMappingHandlerMapping:543] Mapped "{[/user/{ids}],methods=[DELETE]}" onto public void com.rejoice.active.console.controller.BaseController.delete(java.lang.String)
[2018-01-30 09:00:00,267][restartedMain][INFO][org.springframework.web.servlet.mvc.method.annotation.RequestMappingHandlerMapping:543] Mapped "{[/user],methods=[POST]}" onto public void com.rejoice.active.console.controller.BaseController.save(T) throws java.lang.Exception
[2018-01-30 09:00:00,267][restartedMain][INFO][org.springframework.web.servlet.mvc.method.annotation.RequestMappingHandlerMapping:543] Mapped "{[/user/all],methods=[GET]}" onto public org.springframework.http.ResponseEntity<java.util.List<T>> com.rejoice.active.console.controller.BaseController.findAll()
[2018-01-30 09:00:00,267][restartedMain][INFO][org.springframework.web.servlet.mvc.method.annotation.RequestMappingHandlerMapping:543] Mapped "{[/user/page],methods=[GET]}" onto public org.springframework.http.ResponseEntity<com.rejoice.active.console.common.bean.EasyUIResult> com.rejoice.active.console.controller.BaseController.findByPage(java.lang.Integer,java.lang.Integer,java.lang.String[],java.lang.String[],T) throws java.lang.Exception
[2018-01-30 09:00:00,267][restartedMain][INFO][org.springframework.web.servlet.mvc.method.annotation.RequestMappingHandlerMapping:543] Mapped "{[/user/{id}],methods=[GET]}" onto public T com.rejoice.active.console.controller.BaseController.getById(java.io.Serializable)
[2018-01-30 09:00:00,269][restartedMain][INFO][org.springframework.web.servlet.mvc.method.annotation.RequestMappingHandlerMapping:543] Mapped "{[/error]}" onto public org.springframework.http.ResponseEntity<java.util.Map<java.lang.String, java.lang.Object>> org.springframework.boot.autoconfigure.web.BasicErrorController.error(javax.servlet.http.HttpServletRequest)
[2018-01-30 09:00:00,269][restartedMain][INFO][org.springframework.web.servlet.mvc.method.annotation.RequestMappingHandlerMapping:543] Mapped "{[/error],produces=[text/html]}" onto public org.springframework.web.servlet.ModelAndView org.springframework.boot.autoconfigure.web.BasicErrorController.errorHtml(javax.servlet.http.HttpServletRequest,javax.servlet.http.HttpServletResponse)
[2018-01-30 09:00:00,277][restartedMain][INFO][org.springframework.web.servlet.handler.SimpleUrlHandlerMapping:362] Mapped URL path [/webjars/**] onto handler of type [class org.springframework.web.servlet.resource.ResourceHttpRequestHandler]
[2018-01-30 09:00:00,278][restartedMain][INFO][org.springframework.web.servlet.handler.SimpleUrlHandlerMapping:362] Mapped URL path [/**] onto handler of type [class org.springframework.web.servlet.resource.ResourceHttpRequestHandler]
[2018-01-30 09:00:00,284][restartedMain][INFO][org.springframework.web.servlet.mvc.method.annotation.ExceptionHandlerExceptionResolver:273] Detected @ExceptionHandler methods in apiGlobalExceptionHandler
[2018-01-30 09:00:00,284][restartedMain][INFO][org.springframework.web.servlet.mvc.method.annotation.ExceptionHandlerExceptionResolver:273] Detected @ExceptionHandler methods in globalDefaultExceptionHandler
[2018-01-30 09:00:00,289][restartedMain][INFO][org.springframework.web.servlet.handler.SimpleUrlHandlerMapping:362] Mapped URL path [/**/favicon.ico] onto handler of type [class org.springframework.web.servlet.resource.ResourceHttpRequestHandler]
[2018-01-30 09:00:00,519][restartedMain][INFO][org.springframework.boot.actuate.endpoint.mvc.EndpointHandlerMapping:543] Mapped "{[/heapdump || /heapdump.json],methods=[GET],produces=[application/octet-stream]}" onto public void org.springframework.boot.actuate.endpoint.mvc.HeapdumpMvcEndpoint.invoke(boolean,javax.servlet.http.HttpServletRequest,javax.servlet.http.HttpServletResponse) throws java.io.IOException,javax.servlet.ServletException
[2018-01-30 09:00:00,520][restartedMain][INFO][org.springframework.boot.actuate.endpoint.mvc.EndpointHandlerMapping:543] Mapped "{[/loggers/{name:.*}],methods=[GET],produces=[application/vnd.spring-boot.actuator.v1+json || application/json]}" onto public java.lang.Object org.springframework.boot.actuate.endpoint.mvc.LoggersMvcEndpoint.get(java.lang.String)
[2018-01-30 09:00:00,520][restartedMain][INFO][org.springframework.boot.actuate.endpoint.mvc.EndpointHandlerMapping:543] Mapped "{[/loggers/{name:.*}],methods=[POST],consumes=[application/vnd.spring-boot.actuator.v1+json || application/json],produces=[application/vnd.spring-boot.actuator.v1+json || application/json]}" onto public java.lang.Object org.springframework.boot.actuate.endpoint.mvc.LoggersMvcEndpoint.set(java.lang.String,java.util.Map<java.lang.String, java.lang.String>)
[2018-01-30 09:00:00,520][restartedMain][INFO][org.springframework.boot.actuate.endpoint.mvc.EndpointHandlerMapping:543] Mapped "{[/loggers || /loggers.json],methods=[GET],produces=[application/vnd.spring-boot.actuator.v1+json || application/json]}" onto public java.lang.Object org.springframework.boot.actuate.endpoint.mvc.EndpointMvcAdapter.invoke()
[2018-01-30 09:00:00,521][restartedMain][INFO][org.springframework.boot.actuate.endpoint.mvc.EndpointHandlerMapping:543] Mapped "{[/info || /info.json],methods=[GET],produces=[application/vnd.spring-boot.actuator.v1+json || application/json]}" onto public java.lang.Object org.springframework.boot.actuate.endpoint.mvc.EndpointMvcAdapter.invoke()
[2018-01-30 09:00:00,521][restartedMain][INFO][org.springframework.boot.actuate.endpoint.mvc.EndpointHandlerMapping:543] Mapped "{[/mappings || /mappings.json],methods=[GET],produces=[application/vnd.spring-boot.actuator.v1+json || application/json]}" onto public java.lang.Object org.springframework.boot.actuate.endpoint.mvc.EndpointMvcAdapter.invoke()
[2018-01-30 09:00:00,522][restartedMain][INFO][org.springframework.boot.actuate.endpoint.mvc.EndpointHandlerMapping:543] Mapped "{[/auditevents || /auditevents.json],methods=[GET],produces=[application/vnd.spring-boot.actuator.v1+json || application/json]}" onto public org.springframework.http.ResponseEntity<?> org.springframework.boot.actuate.endpoint.mvc.AuditEventsMvcEndpoint.findByPrincipalAndAfterAndType(java.lang.String,java.util.Date,java.lang.String)
[2018-01-30 09:00:00,522][restartedMain][INFO][org.springframework.boot.actuate.endpoint.mvc.EndpointHandlerMapping:543] Mapped "{[/trace || /trace.json],methods=[GET],produces=[application/vnd.spring-boot.actuator.v1+json || application/json]}" onto public java.lang.Object org.springframework.boot.actuate.endpoint.mvc.EndpointMvcAdapter.invoke()
[2018-01-30 09:00:00,523][restartedMain][INFO][org.springframework.boot.actuate.endpoint.mvc.EndpointHandlerMapping:543] Mapped "{[/health || /health.json],methods=[GET],produces=[application/vnd.spring-boot.actuator.v1+json || application/json]}" onto public java.lang.Object org.springframework.boot.actuate.endpoint.mvc.HealthMvcEndpoint.invoke(javax.servlet.http.HttpServletRequest,java.security.Principal)
[2018-01-30 09:00:00,523][restartedMain][INFO][org.springframework.boot.actuate.endpoint.mvc.EndpointHandlerMapping:543] Mapped "{[/dump || /dump.json],methods=[GET],produces=[application/vnd.spring-boot.actuator.v1+json || application/json]}" onto public java.lang.Object org.springframework.boot.actuate.endpoint.mvc.EndpointMvcAdapter.invoke()
[2018-01-30 09:00:00,523][restartedMain][INFO][org.springframework.boot.actuate.endpoint.mvc.EndpointHandlerMapping:543] Mapped "{[/metrics/{name:.*}],methods=[GET],produces=[application/vnd.spring-boot.actuator.v1+json || application/json]}" onto public java.lang.Object org.springframework.boot.actuate.endpoint.mvc.MetricsMvcEndpoint.value(java.lang.String)
[2018-01-30 09:00:00,524][restartedMain][INFO][org.springframework.boot.actuate.endpoint.mvc.EndpointHandlerMapping:543] Mapped "{[/metrics || /metrics.json],methods=[GET],produces=[application/vnd.spring-boot.actuator.v1+json || application/json]}" onto public java.lang.Object org.springframework.boot.actuate.endpoint.mvc.EndpointMvcAdapter.invoke()
[2018-01-30 09:00:00,528][restartedMain][INFO][org.springframework.boot.actuate.endpoint.mvc.EndpointHandlerMapping:543] Mapped "{[/configprops || /configprops.json],methods=[GET],produces=[application/vnd.spring-boot.actuator.v1+json || application/json]}" onto public java.lang.Object org.springframework.boot.actuate.endpoint.mvc.EndpointMvcAdapter.invoke()
[2018-01-30 09:00:00,529][restartedMain][INFO][org.springframework.boot.actuate.endpoint.mvc.EndpointHandlerMapping:543] Mapped "{[/beans || /beans.json],methods=[GET],produces=[application/vnd.spring-boot.actuator.v1+json || application/json]}" onto public java.lang.Object org.springframework.boot.actuate.endpoint.mvc.EndpointMvcAdapter.invoke()
[2018-01-30 09:00:00,529][restartedMain][INFO][org.springframework.boot.actuate.endpoint.mvc.EndpointHandlerMapping:543] Mapped "{[/autoconfig || /autoconfig.json],methods=[GET],produces=[application/vnd.spring-boot.actuator.v1+json || application/json]}" onto public java.lang.Object org.springframework.boot.actuate.endpoint.mvc.EndpointMvcAdapter.invoke()
[2018-01-30 09:00:00,530][restartedMain][INFO][org.springframework.boot.actuate.endpoint.mvc.EndpointHandlerMapping:543] Mapped "{[/env/{name:.*}],methods=[GET],produces=[application/vnd.spring-boot.actuator.v1+json || application/json]}" onto public java.lang.Object org.springframework.boot.actuate.endpoint.mvc.EnvironmentMvcEndpoint.value(java.lang.String)
[2018-01-30 09:00:00,530][restartedMain][INFO][org.springframework.boot.actuate.endpoint.mvc.EndpointHandlerMapping:543] Mapped "{[/env || /env.json],methods=[GET],produces=[application/vnd.spring-boot.actuator.v1+json || application/json]}" onto public java.lang.Object org.springframework.boot.actuate.endpoint.mvc.EndpointMvcAdapter.invoke()
[2018-01-30 09:00:00,566][restartedMain][INFO][org.springframework.web.servlet.view.freemarker.FreeMarkerConfigurer:127] ClassTemplateLoader for Spring macros added to FreeMarker configuration
[2018-01-30 09:00:00,623][restartedMain][INFO][org.springframework.boot.devtools.autoconfigure.OptionalLiveReloadServer:58] LiveReload server is running on port 35729
[2018-01-30 09:00:00,677][restartedMain][INFO][org.springframework.jmx.export.annotation.AnnotationMBeanExporter:431] Registering beans for JMX exposure on startup
[2018-01-30 09:00:00,677][restartedMain][INFO][org.springframework.jmx.export.annotation.AnnotationMBeanExporter:916] Bean with name 'dataSource' has been autodetected for JMX exposure
[2018-01-30 09:00:00,680][restartedMain][INFO][org.springframework.jmx.export.annotation.AnnotationMBeanExporter:671] Located MBean 'dataSource': registering with JMX server as MBean [com.alibaba.druid.pool:name=dataSource,type=DruidDataSource]
[2018-01-30 09:00:00,680][restartedMain][INFO][org.springframework.boot.actuate.endpoint.jmx.EndpointMBeanExporter:431] Registering beans for JMX exposure on startup
[2018-01-30 09:00:00,681][restartedMain][INFO][org.springframework.context.support.DefaultLifecycleProcessor:343] Starting beans in phase 0
[2018-01-30 09:00:00,682][restartedMain][INFO][org.springframework.boot.actuate.endpoint.jmx.EndpointMBeanExporter:678] Located managed bean 'auditEventsEndpoint': registering with JMX server as MBean [org.springframework.boot:type=Endpoint,name=auditEventsEndpoint]
[2018-01-30 09:00:00,685][restartedMain][INFO][org.springframework.boot.actuate.endpoint.jmx.EndpointMBeanExporter:678] Located managed bean 'requestMappingEndpoint': registering with JMX server as MBean [org.springframework.boot:type=Endpoint,name=requestMappingEndpoint]
[2018-01-30 09:00:00,686][restartedMain][INFO][org.springframework.boot.actuate.endpoint.jmx.EndpointMBeanExporter:678] Located managed bean 'environmentEndpoint': registering with JMX server as MBean [org.springframework.boot:type=Endpoint,name=environmentEndpoint]
[2018-01-30 09:00:00,687][restartedMain][INFO][org.springframework.boot.actuate.endpoint.jmx.EndpointMBeanExporter:678] Located managed bean 'healthEndpoint': registering with JMX server as MBean [org.springframework.boot:type=Endpoint,name=healthEndpoint]
[2018-01-30 09:00:00,689][restartedMain][INFO][org.springframework.boot.actuate.endpoint.jmx.EndpointMBeanExporter:678] Located managed bean 'beansEndpoint': registering with JMX server as MBean [org.springframework.boot:type=Endpoint,name=beansEndpoint]
[2018-01-30 09:00:00,690][restartedMain][INFO][org.springframework.boot.actuate.endpoint.jmx.EndpointMBeanExporter:678] Located managed bean 'infoEndpoint': registering with JMX server as MBean [org.springframework.boot:type=Endpoint,name=infoEndpoint]
[2018-01-30 09:00:00,691][restartedMain][INFO][org.springframework.boot.actuate.endpoint.jmx.EndpointMBeanExporter:678] Located managed bean 'loggersEndpoint': registering with JMX server as MBean [org.springframework.boot:type=Endpoint,name=loggersEndpoint]
[2018-01-30 09:00:00,694][restartedMain][INFO][org.springframework.boot.actuate.endpoint.jmx.EndpointMBeanExporter:678] Located managed bean 'metricsEndpoint': registering with JMX server as MBean [org.springframework.boot:type=Endpoint,name=metricsEndpoint]
[2018-01-30 09:00:00,695][restartedMain][INFO][org.springframework.boot.actuate.endpoint.jmx.EndpointMBeanExporter:678] Located managed bean 'traceEndpoint': registering with JMX server as MBean [org.springframework.boot:type=Endpoint,name=traceEndpoint]
[2018-01-30 09:00:00,697][restartedMain][INFO][org.springframework.boot.actuate.endpoint.jmx.EndpointMBeanExporter:678] Located managed bean 'dumpEndpoint': registering with JMX server as MBean [org.springframework.boot:type=Endpoint,name=dumpEndpoint]
[2018-01-30 09:00:00,698][restartedMain][INFO][org.springframework.boot.actuate.endpoint.jmx.EndpointMBeanExporter:678] Located managed bean 'autoConfigurationReportEndpoint': registering with JMX server as MBean [org.springframework.boot:type=Endpoint,name=autoConfigurationReportEndpoint]
[2018-01-30 09:00:00,699][restartedMain][INFO][org.springframework.boot.actuate.endpoint.jmx.EndpointMBeanExporter:678] Located managed bean 'configurationPropertiesReportEndpoint': registering with JMX server as MBean [org.springframework.boot:type=Endpoint,name=configurationPropertiesReportEndpoint]
[2018-01-30 09:00:00,704][restartedMain][INFO][org.springframework.scheduling.annotation.ScheduledAnnotationBeanPostProcessor:260] No TaskScheduler/ScheduledExecutorService bean found for scheduled processing
[2018-01-30 09:00:00,705][restartedMain][INFO][org.apache.coyote.http11.Http11NioProtocol:179] Initializing ProtocolHandler ["http-nio-8080"]
[2018-01-30 09:00:00,705][restartedMain][INFO][org.apache.coyote.http11.Http11NioProtocol:179] Starting ProtocolHandler ["http-nio-8080"]
[2018-01-30 09:00:00,706][restartedMain][INFO][org.apache.tomcat.util.net.NioSelectorPool:179] Using a shared selector for servlet write/read
[2018-01-30 09:00:00,717][pool-3-thread-1][INFO][com.rejoice.active.console.common.util.ImageService:51] Purging cache
[2018-01-30 09:00:00,719][restartedMain][INFO][org.springframework.boot.context.embedded.tomcat.TomcatEmbeddedServletContainer:198] Tomcat started on port(s): 8080 (http)
[2018-01-30 09:00:00,721][restartedMain][INFO][com.rejoice.active.console.ActiveConsole:57] Started ActiveConsole in 1.578 seconds (JVM running for 41.663)
[2018-01-30 09:00:22,930][http-nio-8080-exec-10][INFO][org.apache.catalina.core.ContainerBase.[Tomcat].[localhost].[/]:179] Initializing Spring FrameworkServlet 'dispatcherServlet'
[2018-01-30 09:00:22,930][http-nio-8080-exec-10][INFO][org.springframework.web.servlet.DispatcherServlet:489] FrameworkServlet 'dispatcherServlet': initialization started
[2018-01-30 09:00:22,962][http-nio-8080-exec-10][INFO][org.springframework.web.servlet.DispatcherServlet:508] FrameworkServlet 'dispatcherServlet': initialization completed in 32 ms
[2018-01-30 09:00:23,118][http-nio-8080-exec-6][INFO][org.thymeleaf.TemplateEngine:825] [THYMELEAF] INITIALIZING TEMPLATE ENGINE
[2018-01-30 09:00:23,186][http-nio-8080-exec-6][INFO][org.thymeleaf.templateresolver.AbstractTemplateResolver:99] [THYMELEAF] INITIALIZING TEMPLATE RESOLVER: org.thymeleaf.spring4.templateresolver.SpringResourceTemplateResolver
[2018-01-30 09:00:23,187][http-nio-8080-exec-6][INFO][org.thymeleaf.templateresolver.AbstractTemplateResolver:110] [THYMELEAF] TEMPLATE RESOLVER INITIALIZED OK
[2018-01-30 09:00:23,187][http-nio-8080-exec-6][INFO][org.thymeleaf.messageresolver.AbstractMessageResolver:72] [THYMELEAF] INITIALIZING MESSAGE RESOLVER: org.thymeleaf.spring4.messageresolver.SpringMessageResolver
[2018-01-30 09:00:23,187][http-nio-8080-exec-6][INFO][org.thymeleaf.messageresolver.AbstractMessageResolver:78] [THYMELEAF] MESSAGE RESOLVER INITIALIZED OK
[2018-01-30 09:00:23,193][http-nio-8080-exec-6][INFO][org.thymeleaf.TemplateEngine.CONFIG:123] [THYMELEAF] TEMPLATE ENGINE CONFIGURATION:
[THYMELEAF] * Cache Factory implementation: org.thymeleaf.cache.StandardCacheManager
[THYMELEAF] * Template modes:
[THYMELEAF]     * LEGACYHTML5
[THYMELEAF]     * XML
[THYMELEAF]     * VALIDXML
[THYMELEAF]     * VALIDXHTML
[THYMELEAF]     * HTML5
[THYMELEAF]     * XHTML
[THYMELEAF] * Template resolvers (in order):
[THYMELEAF]     * org.thymeleaf.spring4.templateresolver.SpringResourceTemplateResolver
[THYMELEAF] * Message resolvers (in order):
[THYMELEAF]     * org.thymeleaf.spring4.messageresolver.SpringMessageResolver
[THYMELEAF] * Dialect [1 of 2]: org.thymeleaf.spring4.dialect.SpringStandardDialect
[THYMELEAF]     * Prefix: "th"
[THYMELEAF] * Dialect [2 of 2]: nz.net.ultraq.thymeleaf.LayoutDialect
[THYMELEAF]     * Prefix: "layout"
[THYMELEAF] TEMPLATE ENGINE CONFIGURED OK
[2018-01-30 09:00:23,194][http-nio-8080-exec-6][INFO][org.thymeleaf.TemplateEngine:838] [THYMELEAF] TEMPLATE ENGINE INITIALIZED
[2018-01-30 09:01:36,244][http-nio-8080-exec-2][INFO][org.springframework.scheduling.annotation.AnnotationAsyncExecutionInterceptor:245] No TaskExecutor bean found for async processing
[2018-01-30 09:01:36,251][SimpleAsyncTaskExecutor-1][INFO][com.rejoice.active.console.common.util.ImageService:36] Will generate image  text=[], width=[256], height=[256]
[2018-01-30 09:02:07,102][SimpleAsyncTaskExecutor-2][INFO][com.rejoice.active.console.common.util.ImageService:36] Will generate image  text=[http://localhost:8080/], width=[256], height=[256]
[2018-01-30 09:02:36,970][SimpleAsyncTaskExecutor-3][INFO][com.rejoice.active.console.common.util.ImageService:36] Will generate image  text=[hello world], width=[256], height=[256]
[2018-01-30 09:03:19,892][SimpleAsyncTaskExecutor-4][INFO][com.rejoice.active.console.common.util.ImageService:36] Will generate image  text=[http://192.168.8.141:8080], width=[256], height=[256]
