[2018-02-08 20:32:09,786][restartedMain][WARN][org.mybatis.spring.mapper.ClassPathMapperScanner:240] Skipping MapperFactoryBean with name 'userMapper' and 'com.rejoice.active.console.mapper.UserMapper' mapperInterface. Bean already defined with the same name!
[2018-02-08 20:32:09,790][restartedMain][WARN][org.mybatis.spring.mapper.ClassPathMapperScanner:167] No MyBatis mapper was found in '[com.rejoice.active.console.mapper]' package. Please check your configuration.
[2018-02-08 20:32:17,463][restartedMain][WARN][springfox.documentation.spring.web.readers.parameter.ParameterDataTypeReader:86] Trying to infer dataType java.lang.String[]
[2018-02-08 20:32:17,464][restartedMain][WARN][springfox.documentation.spring.web.readers.parameter.ParameterDataTypeReader:86] Trying to infer dataType java.lang.String[]
[2018-02-08 20:35:26,997][restartedMain][WARN][org.mybatis.spring.mapper.ClassPathMapperScanner:240] Skipping MapperFactoryBean with name 'userMapper' and 'com.rejoice.active.console.mapper.UserMapper' mapperInterface. Bean already defined with the same name!
[2018-02-08 20:35:26,998][restartedMain][WARN][org.mybatis.spring.mapper.ClassPathMapperScanner:167] No MyBatis mapper was found in '[com.rejoice.active.console.mapper]' package. Please check your configuration.
[2018-02-08 20:35:28,569][restartedMain][WARN][springfox.documentation.spring.web.readers.parameter.ParameterDataTypeReader:86] Trying to infer dataType java.lang.String[]
[2018-02-08 20:35:28,569][restartedMain][WARN][springfox.documentation.spring.web.readers.parameter.ParameterDataTypeReader:86] Trying to infer dataType java.lang.String[]
[2018-02-08 20:35:29,386][http-nio-80-exec-1][WARN][com.rejoice.active.console.interceptor.SessionInterceptor:48] visit path[/]:no session, redirect to /login
[2018-02-08 20:35:34,963][http-nio-80-exec-1][WARN][com.rejoice.active.console.interceptor.SessionInterceptor:48] visit path[/swagger-resources/configuration/security]:no session, redirect to /login
[2018-02-08 20:35:51,704][restartedMain][WARN][org.mybatis.spring.mapper.ClassPathMapperScanner:240] Skipping MapperFactoryBean with name 'userMapper' and 'com.rejoice.active.console.mapper.UserMapper' mapperInterface. Bean already defined with the same name!
[2018-02-08 20:35:51,708][restartedMain][WARN][org.mybatis.spring.mapper.ClassPathMapperScanner:167] No MyBatis mapper was found in '[com.rejoice.active.console.mapper]' package. Please check your configuration.
[2018-02-08 20:35:54,931][restartedMain][WARN][springfox.documentation.spring.web.readers.parameter.ParameterDataTypeReader:86] Trying to infer dataType java.lang.String[]
[2018-02-08 20:35:54,932][restartedMain][WARN][springfox.documentation.spring.web.readers.parameter.ParameterDataTypeReader:86] Trying to infer dataType java.lang.String[]
[2018-02-08 20:35:57,754][http-nio-80-exec-10][WARN][com.rejoice.active.console.interceptor.SessionInterceptor:48] visit path[/swagger-resources/configuration/security]:no session, redirect to /login
[2018-02-08 20:37:32,364][restartedMain][WARN][org.mybatis.spring.mapper.ClassPathMapperScanner:240] Skipping MapperFactoryBean with name 'userMapper' and 'com.rejoice.active.console.mapper.UserMapper' mapperInterface. Bean already defined with the same name!
[2018-02-08 20:37:32,364][restartedMain][WARN][org.mybatis.spring.mapper.ClassPathMapperScanner:167] No MyBatis mapper was found in '[com.rejoice.active.console.mapper]' package. Please check your configuration.
[2018-02-08 20:37:33,778][restartedMain][WARN][springfox.documentation.spring.web.readers.parameter.ParameterDataTypeReader:86] Trying to infer dataType java.lang.String[]
[2018-02-08 20:37:33,779][restartedMain][WARN][springfox.documentation.spring.web.readers.parameter.ParameterDataTypeReader:86] Trying to infer dataType java.lang.String[]
[2018-02-08 20:37:45,906][http-nio-80-exec-8][WARN][com.rejoice.active.console.interceptor.SessionInterceptor:48] visit path[/swagger-resources/configuration/security]:no session, redirect to /login
[2018-02-08 20:38:26,896][restartedMain][WARN][org.mybatis.spring.mapper.ClassPathMapperScanner:240] Skipping MapperFactoryBean with name 'userMapper' and 'com.rejoice.active.console.mapper.UserMapper' mapperInterface. Bean already defined with the same name!
[2018-02-08 20:38:26,896][restartedMain][WARN][org.mybatis.spring.mapper.ClassPathMapperScanner:167] No MyBatis mapper was found in '[com.rejoice.active.console.mapper]' package. Please check your configuration.
[2018-02-08 20:38:28,287][restartedMain][WARN][springfox.documentation.spring.web.readers.parameter.ParameterDataTypeReader:86] Trying to infer dataType java.lang.String[]
[2018-02-08 20:38:28,287][restartedMain][WARN][springfox.documentation.spring.web.readers.parameter.ParameterDataTypeReader:86] Trying to infer dataType java.lang.String[]
[2018-02-08 20:38:28,855][http-nio-80-exec-7][WARN][com.rejoice.active.console.interceptor.SessionInterceptor:48] visit path[/swagger-resources/configuration/security]:no session, redirect to /login
[2018-02-08 20:38:29,179][http-nio-80-exec-3][WARN][com.rejoice.active.console.interceptor.SessionInterceptor:48] visit path[/swagger-resources/configuration/security]:no session, redirect to /login
[2018-02-08 20:39:53,022][restartedMain][WARN][org.mybatis.spring.mapper.ClassPathMapperScanner:240] Skipping MapperFactoryBean with name 'userMapper' and 'com.rejoice.active.console.mapper.UserMapper' mapperInterface. Bean already defined with the same name!
[2018-02-08 20:39:53,023][restartedMain][WARN][org.mybatis.spring.mapper.ClassPathMapperScanner:167] No MyBatis mapper was found in '[com.rejoice.active.console.mapper]' package. Please check your configuration.
[2018-02-08 20:39:53,588][restartedMain][WARN][org.springframework.boot.context.embedded.AnnotationConfigEmbeddedWebApplicationContext:551] Exception encountered during context initialization - cancelling refresh attempt: org.springframework.beans.factory.BeanCreationException: Error creating bean with name 'userController' defined in file [C:\Users\jiongyi\git\rejoice-active-console\target\classes\com\rejoice\active\console\controller\UserController.class]: Instantiation of bean failed; nested exception is org.springframework.beans.BeanInstantiationException: Failed to instantiate [com.rejoice.active.console.controller.UserController]: Constructor threw exception; nested exception is java.lang.Error: Unresolved compilation problems: 
	ApiImplicitParams cannot be resolved to a type
	ApiImplicitParam cannot be resolved to a type
	ApiImplicitParam cannot be resolved to a type

[2018-02-08 20:39:56,141][restartedMain][WARN][org.mybatis.spring.mapper.ClassPathMapperScanner:240] Skipping MapperFactoryBean with name 'userMapper' and 'com.rejoice.active.console.mapper.UserMapper' mapperInterface. Bean already defined with the same name!
[2018-02-08 20:39:56,141][restartedMain][WARN][org.mybatis.spring.mapper.ClassPathMapperScanner:167] No MyBatis mapper was found in '[com.rejoice.active.console.mapper]' package. Please check your configuration.
[2018-02-08 20:39:57,201][restartedMain][WARN][springfox.documentation.spring.web.readers.parameter.ParameterDataTypeReader:86] Trying to infer dataType java.lang.String[]
[2018-02-08 20:39:57,202][restartedMain][WARN][springfox.documentation.spring.web.readers.parameter.ParameterDataTypeReader:86] Trying to infer dataType java.lang.String[]
[2018-02-08 20:39:58,592][http-nio-80-exec-2][WARN][com.rejoice.active.console.interceptor.SessionInterceptor:48] visit path[/swagger-resources/configuration/security]:no session, redirect to /login
[2018-02-08 20:40:36,561][restartedMain][WARN][org.mybatis.spring.mapper.ClassPathMapperScanner:240] Skipping MapperFactoryBean with name 'userMapper' and 'com.rejoice.active.console.mapper.UserMapper' mapperInterface. Bean already defined with the same name!
[2018-02-08 20:40:36,561][restartedMain][WARN][org.mybatis.spring.mapper.ClassPathMapperScanner:167] No MyBatis mapper was found in '[com.rejoice.active.console.mapper]' package. Please check your configuration.
[2018-02-08 20:40:37,686][restartedMain][WARN][springfox.documentation.spring.web.readers.parameter.ParameterDataTypeReader:86] Trying to infer dataType java.lang.String[]
[2018-02-08 20:40:37,686][restartedMain][WARN][springfox.documentation.spring.web.readers.parameter.ParameterDataTypeReader:86] Trying to infer dataType java.lang.String[]
[2018-02-08 20:41:16,947][restartedMain][WARN][org.mybatis.spring.mapper.ClassPathMapperScanner:240] Skipping MapperFactoryBean with name 'userMapper' and 'com.rejoice.active.console.mapper.UserMapper' mapperInterface. Bean already defined with the same name!
[2018-02-08 20:41:16,947][restartedMain][WARN][org.mybatis.spring.mapper.ClassPathMapperScanner:167] No MyBatis mapper was found in '[com.rejoice.active.console.mapper]' package. Please check your configuration.
[2018-02-08 20:41:18,201][restartedMain][WARN][springfox.documentation.spring.web.readers.parameter.ParameterDataTypeReader:86] Trying to infer dataType java.lang.String[]
[2018-02-08 20:41:18,201][restartedMain][WARN][springfox.documentation.spring.web.readers.parameter.ParameterDataTypeReader:86] Trying to infer dataType java.lang.String[]
[2018-02-08 20:41:18,707][http-nio-80-exec-1][WARN][com.rejoice.active.console.interceptor.SessionInterceptor:48] visit path[/swagger-resources/configuration/security]:no session, redirect to /login
[2018-02-08 20:41:57,496][http-nio-80-exec-10][WARN][com.rejoice.active.console.interceptor.SessionInterceptor:48] visit path[/swagger-resources/configuration/security]:no session, redirect to /login
[2018-02-08 20:41:59,511][restartedMain][WARN][org.mybatis.spring.mapper.ClassPathMapperScanner:240] Skipping MapperFactoryBean with name 'userMapper' and 'com.rejoice.active.console.mapper.UserMapper' mapperInterface. Bean already defined with the same name!
[2018-02-08 20:41:59,512][restartedMain][WARN][org.mybatis.spring.mapper.ClassPathMapperScanner:167] No MyBatis mapper was found in '[com.rejoice.active.console.mapper]' package. Please check your configuration.
[2018-02-08 20:42:00,656][restartedMain][WARN][springfox.documentation.spring.web.readers.parameter.ParameterDataTypeReader:86] Trying to infer dataType java.lang.String[]
[2018-02-08 20:42:00,656][restartedMain][WARN][springfox.documentation.spring.web.readers.parameter.ParameterDataTypeReader:86] Trying to infer dataType java.lang.String[]
[2018-02-08 20:42:36,743][http-nio-80-exec-1][WARN][org.springframework.web.servlet.mvc.method.annotation.ExceptionHandlerExceptionResolver:189] Resolved exception caused by Handler execution: java.lang.NullPointerException
[2018-02-08 20:44:06,975][restartedMain][WARN][org.mybatis.spring.mapper.ClassPathMapperScanner:240] Skipping MapperFactoryBean with name 'userMapper' and 'com.rejoice.active.console.mapper.UserMapper' mapperInterface. Bean already defined with the same name!
[2018-02-08 20:44:06,975][restartedMain][WARN][org.mybatis.spring.mapper.ClassPathMapperScanner:167] No MyBatis mapper was found in '[com.rejoice.active.console.mapper]' package. Please check your configuration.
[2018-02-08 20:44:08,296][restartedMain][WARN][springfox.documentation.spring.web.readers.parameter.ParameterDataTypeReader:86] Trying to infer dataType java.lang.String[]
[2018-02-08 20:44:08,297][restartedMain][WARN][springfox.documentation.spring.web.readers.parameter.ParameterDataTypeReader:86] Trying to infer dataType java.lang.String[]
[2018-02-08 20:44:08,853][http-nio-80-exec-9][WARN][com.rejoice.active.console.interceptor.SessionInterceptor:48] visit path[/swagger-resources/configuration/security]:no session, redirect to /login
[2018-02-08 20:44:57,076][restartedMain][WARN][org.mybatis.spring.mapper.ClassPathMapperScanner:240] Skipping MapperFactoryBean with name 'userMapper' and 'com.rejoice.active.console.mapper.UserMapper' mapperInterface. Bean already defined with the same name!
[2018-02-08 20:44:57,077][restartedMain][WARN][org.mybatis.spring.mapper.ClassPathMapperScanner:167] No MyBatis mapper was found in '[com.rejoice.active.console.mapper]' package. Please check your configuration.
[2018-02-08 20:44:58,421][restartedMain][WARN][springfox.documentation.spring.web.readers.parameter.ParameterDataTypeReader:86] Trying to infer dataType java.lang.String[]
[2018-02-08 20:44:58,422][restartedMain][WARN][springfox.documentation.spring.web.readers.parameter.ParameterDataTypeReader:86] Trying to infer dataType java.lang.String[]
[2018-02-08 20:45:01,495][restartedMain][WARN][org.mybatis.spring.mapper.ClassPathMapperScanner:240] Skipping MapperFactoryBean with name 'userMapper' and 'com.rejoice.active.console.mapper.UserMapper' mapperInterface. Bean already defined with the same name!
[2018-02-08 20:45:01,495][restartedMain][WARN][org.mybatis.spring.mapper.ClassPathMapperScanner:167] No MyBatis mapper was found in '[com.rejoice.active.console.mapper]' package. Please check your configuration.
[2018-02-08 20:45:02,578][restartedMain][WARN][springfox.documentation.spring.web.readers.parameter.ParameterDataTypeReader:86] Trying to infer dataType java.lang.String[]
[2018-02-08 20:45:02,579][restartedMain][WARN][springfox.documentation.spring.web.readers.parameter.ParameterDataTypeReader:86] Trying to infer dataType java.lang.String[]
[2018-02-08 20:45:03,011][http-nio-80-exec-9][WARN][com.rejoice.active.console.interceptor.SessionInterceptor:48] visit path[/swagger-resources/configuration/security]:no session, redirect to /login
[2018-02-08 20:45:23,626][restartedMain][WARN][org.mybatis.spring.mapper.ClassPathMapperScanner:240] Skipping MapperFactoryBean with name 'userMapper' and 'com.rejoice.active.console.mapper.UserMapper' mapperInterface. Bean already defined with the same name!
[2018-02-08 20:45:23,626][restartedMain][WARN][org.mybatis.spring.mapper.ClassPathMapperScanner:167] No MyBatis mapper was found in '[com.rejoice.active.console.mapper]' package. Please check your configuration.
[2018-02-08 20:45:24,686][restartedMain][WARN][springfox.documentation.spring.web.readers.parameter.ParameterDataTypeReader:86] Trying to infer dataType java.lang.String[]
[2018-02-08 20:45:24,686][restartedMain][WARN][springfox.documentation.spring.web.readers.parameter.ParameterDataTypeReader:86] Trying to infer dataType java.lang.String[]
[2018-02-08 20:45:25,274][http-nio-80-exec-5][WARN][com.rejoice.active.console.interceptor.SessionInterceptor:48] visit path[/swagger-resources/configuration/security]:no session, redirect to /login
[2018-02-08 20:45:53,726][http-nio-80-exec-3][WARN][org.springframework.web.servlet.mvc.method.annotation.ExceptionHandlerExceptionResolver:189] Resolved exception caused by Handler execution: java.lang.NullPointerException
[2018-02-08 20:46:03,603][restartedMain][WARN][org.mybatis.spring.mapper.ClassPathMapperScanner:240] Skipping MapperFactoryBean with name 'userMapper' and 'com.rejoice.active.console.mapper.UserMapper' mapperInterface. Bean already defined with the same name!
[2018-02-08 20:46:03,603][restartedMain][WARN][org.mybatis.spring.mapper.ClassPathMapperScanner:167] No MyBatis mapper was found in '[com.rejoice.active.console.mapper]' package. Please check your configuration.
[2018-02-08 20:46:04,716][restartedMain][WARN][springfox.documentation.spring.web.readers.parameter.ParameterDataTypeReader:86] Trying to infer dataType java.lang.String[]
[2018-02-08 20:46:04,717][restartedMain][WARN][springfox.documentation.spring.web.readers.parameter.ParameterDataTypeReader:86] Trying to infer dataType java.lang.String[]
[2018-02-08 20:46:06,467][http-nio-80-exec-7][WARN][com.rejoice.active.console.interceptor.SessionInterceptor:48] visit path[/swagger-resources/configuration/security]:no session, redirect to /login
[2018-02-08 20:46:19,351][restartedMain][WARN][org.mybatis.spring.mapper.ClassPathMapperScanner:240] Skipping MapperFactoryBean with name 'userMapper' and 'com.rejoice.active.console.mapper.UserMapper' mapperInterface. Bean already defined with the same name!
[2018-02-08 20:46:19,351][restartedMain][WARN][org.mybatis.spring.mapper.ClassPathMapperScanner:167] No MyBatis mapper was found in '[com.rejoice.active.console.mapper]' package. Please check your configuration.
[2018-02-08 20:46:20,307][restartedMain][WARN][org.springframework.boot.context.embedded.AnnotationConfigEmbeddedWebApplicationContext:551] Exception encountered during context initialization - cancelling refresh attempt: org.springframework.context.ApplicationContextException: Failed to start bean 'documentationPluginsBootstrapper'; nested exception is java.lang.TypeNotPresentException: Type NUll not present
[2018-02-08 20:46:25,073][restartedMain][WARN][org.mybatis.spring.mapper.ClassPathMapperScanner:240] Skipping MapperFactoryBean with name 'userMapper' and 'com.rejoice.active.console.mapper.UserMapper' mapperInterface. Bean already defined with the same name!
[2018-02-08 20:46:25,073][restartedMain][WARN][org.mybatis.spring.mapper.ClassPathMapperScanner:167] No MyBatis mapper was found in '[com.rejoice.active.console.mapper]' package. Please check your configuration.
[2018-02-08 20:46:26,079][restartedMain][WARN][org.springframework.boot.context.embedded.AnnotationConfigEmbeddedWebApplicationContext:551] Exception encountered during context initialization - cancelling refresh attempt: org.springframework.context.ApplicationContextException: Failed to start bean 'documentationPluginsBootstrapper'; nested exception is java.lang.TypeNotPresentException: Type Null not present
[2018-02-08 20:46:34,340][restartedMain][WARN][org.mybatis.spring.mapper.ClassPathMapperScanner:240] Skipping MapperFactoryBean with name 'userMapper' and 'com.rejoice.active.console.mapper.UserMapper' mapperInterface. Bean already defined with the same name!
[2018-02-08 20:46:34,340][restartedMain][WARN][org.mybatis.spring.mapper.ClassPathMapperScanner:167] No MyBatis mapper was found in '[com.rejoice.active.console.mapper]' package. Please check your configuration.
[2018-02-08 20:46:35,341][restartedMain][WARN][springfox.documentation.spring.web.readers.parameter.ParameterDataTypeReader:86] Trying to infer dataType java.lang.String[]
[2018-02-08 20:46:35,341][restartedMain][WARN][springfox.documentation.spring.web.readers.parameter.ParameterDataTypeReader:86] Trying to infer dataType java.lang.String[]
[2018-02-08 20:46:35,964][http-nio-80-exec-3][WARN][com.rejoice.active.console.interceptor.SessionInterceptor:48] visit path[/swagger-resources/configuration/security]:no session, redirect to /login
[2018-02-08 20:47:04,243][restartedMain][WARN][org.mybatis.spring.mapper.ClassPathMapperScanner:240] Skipping MapperFactoryBean with name 'userMapper' and 'com.rejoice.active.console.mapper.UserMapper' mapperInterface. Bean already defined with the same name!
[2018-02-08 20:47:04,243][restartedMain][WARN][org.mybatis.spring.mapper.ClassPathMapperScanner:167] No MyBatis mapper was found in '[com.rejoice.active.console.mapper]' package. Please check your configuration.
[2018-02-08 20:47:05,300][restartedMain][WARN][springfox.documentation.spring.web.readers.parameter.ParameterDataTypeReader:86] Trying to infer dataType java.lang.String[]
[2018-02-08 20:47:05,301][restartedMain][WARN][springfox.documentation.spring.web.readers.parameter.ParameterDataTypeReader:86] Trying to infer dataType java.lang.String[]
[2018-02-08 20:47:05,740][http-nio-80-exec-9][WARN][com.rejoice.active.console.interceptor.SessionInterceptor:48] visit path[/swagger-resources/configuration/security]:no session, redirect to /login
[2018-02-08 20:48:19,398][http-nio-80-exec-5][WARN][org.springframework.web.servlet.mvc.method.annotation.ExceptionHandlerExceptionResolver:189] Resolved exception caused by Handler execution: java.lang.NullPointerException
[2018-02-08 20:48:42,411][restartedMain][WARN][org.mybatis.spring.mapper.ClassPathMapperScanner:240] Skipping MapperFactoryBean with name 'userMapper' and 'com.rejoice.active.console.mapper.UserMapper' mapperInterface. Bean already defined with the same name!
[2018-02-08 20:48:42,411][restartedMain][WARN][org.mybatis.spring.mapper.ClassPathMapperScanner:167] No MyBatis mapper was found in '[com.rejoice.active.console.mapper]' package. Please check your configuration.
[2018-02-08 20:48:43,465][restartedMain][WARN][springfox.documentation.spring.web.readers.parameter.ParameterDataTypeReader:86] Trying to infer dataType java.lang.String[]
[2018-02-08 20:48:43,466][restartedMain][WARN][springfox.documentation.spring.web.readers.parameter.ParameterDataTypeReader:86] Trying to infer dataType java.lang.String[]
[2018-02-08 20:48:55,090][restartedMain][WARN][org.mybatis.spring.mapper.ClassPathMapperScanner:240] Skipping MapperFactoryBean with name 'userMapper' and 'com.rejoice.active.console.mapper.UserMapper' mapperInterface. Bean already defined with the same name!
[2018-02-08 20:48:55,090][restartedMain][WARN][org.mybatis.spring.mapper.ClassPathMapperScanner:167] No MyBatis mapper was found in '[com.rejoice.active.console.mapper]' package. Please check your configuration.
[2018-02-08 20:48:56,050][restartedMain][WARN][springfox.documentation.spring.web.readers.parameter.ParameterDataTypeReader:86] Trying to infer dataType java.lang.String[]
[2018-02-08 20:48:56,050][restartedMain][WARN][springfox.documentation.spring.web.readers.parameter.ParameterDataTypeReader:86] Trying to infer dataType java.lang.String[]
[2018-02-08 20:48:56,624][http-nio-80-exec-7][WARN][com.rejoice.active.console.interceptor.SessionInterceptor:48] visit path[/swagger-resources/configuration/security]:no session, redirect to /login
[2018-02-08 20:49:12,971][http-nio-80-exec-10][WARN][com.rejoice.active.console.interceptor.SessionInterceptor:48] visit path[/swagger-resources/configuration/security]:no session, redirect to /login
[2018-02-08 20:49:40,806][restartedMain][WARN][org.mybatis.spring.mapper.ClassPathMapperScanner:240] Skipping MapperFactoryBean with name 'userMapper' and 'com.rejoice.active.console.mapper.UserMapper' mapperInterface. Bean already defined with the same name!
[2018-02-08 20:49:40,807][restartedMain][WARN][org.mybatis.spring.mapper.ClassPathMapperScanner:167] No MyBatis mapper was found in '[com.rejoice.active.console.mapper]' package. Please check your configuration.
[2018-02-08 20:49:46,842][restartedMain][WARN][springfox.documentation.spring.web.readers.parameter.ParameterDataTypeReader:86] Trying to infer dataType java.lang.String[]
[2018-02-08 20:49:46,842][restartedMain][WARN][springfox.documentation.spring.web.readers.parameter.ParameterDataTypeReader:86] Trying to infer dataType java.lang.String[]
[2018-02-08 20:49:50,012][http-nio-80-exec-5][WARN][com.rejoice.active.console.interceptor.SessionInterceptor:48] visit path[/swagger-resources/configuration/security]:no session, redirect to /login
[2018-02-08 20:49:56,871][http-nio-80-exec-7][WARN][org.springframework.web.servlet.mvc.method.annotation.ExceptionHandlerExceptionResolver:189] Resolved exception caused by Handler execution: java.lang.NullPointerException
[2018-02-08 20:50:11,246][restartedMain][WARN][org.mybatis.spring.mapper.ClassPathMapperScanner:240] Skipping MapperFactoryBean with name 'userMapper' and 'com.rejoice.active.console.mapper.UserMapper' mapperInterface. Bean already defined with the same name!
[2018-02-08 20:50:11,247][restartedMain][WARN][org.mybatis.spring.mapper.ClassPathMapperScanner:167] No MyBatis mapper was found in '[com.rejoice.active.console.mapper]' package. Please check your configuration.
[2018-02-08 20:50:12,884][restartedMain][WARN][springfox.documentation.spring.web.readers.parameter.ParameterDataTypeReader:86] Trying to infer dataType java.lang.String[]
[2018-02-08 20:50:12,884][restartedMain][WARN][springfox.documentation.spring.web.readers.parameter.ParameterDataTypeReader:86] Trying to infer dataType java.lang.String[]
[2018-02-08 20:50:13,503][http-nio-80-exec-8][WARN][com.rejoice.active.console.interceptor.SessionInterceptor:48] visit path[/swagger-resources/configuration/security]:no session, redirect to /login
[2018-02-08 20:50:36,378][restartedMain][WARN][org.mybatis.spring.mapper.ClassPathMapperScanner:240] Skipping MapperFactoryBean with name 'userMapper' and 'com.rejoice.active.console.mapper.UserMapper' mapperInterface. Bean already defined with the same name!
[2018-02-08 20:50:36,378][restartedMain][WARN][org.mybatis.spring.mapper.ClassPathMapperScanner:167] No MyBatis mapper was found in '[com.rejoice.active.console.mapper]' package. Please check your configuration.
[2018-02-08 20:50:37,757][restartedMain][WARN][springfox.documentation.spring.web.readers.parameter.ParameterDataTypeReader:86] Trying to infer dataType java.lang.String[]
[2018-02-08 20:50:37,757][restartedMain][WARN][springfox.documentation.spring.web.readers.parameter.ParameterDataTypeReader:86] Trying to infer dataType java.lang.String[]
[2018-02-08 20:50:56,864][restartedMain][WARN][org.mybatis.spring.mapper.ClassPathMapperScanner:240] Skipping MapperFactoryBean with name 'userMapper' and 'com.rejoice.active.console.mapper.UserMapper' mapperInterface. Bean already defined with the same name!
[2018-02-08 20:50:56,865][restartedMain][WARN][org.mybatis.spring.mapper.ClassPathMapperScanner:167] No MyBatis mapper was found in '[com.rejoice.active.console.mapper]' package. Please check your configuration.
[2018-02-08 20:50:58,186][restartedMain][WARN][springfox.documentation.spring.web.readers.parameter.ParameterDataTypeReader:86] Trying to infer dataType java.lang.String[]
[2018-02-08 20:50:58,186][restartedMain][WARN][springfox.documentation.spring.web.readers.parameter.ParameterDataTypeReader:86] Trying to infer dataType java.lang.String[]
[2018-02-08 20:51:30,433][restartedMain][WARN][org.mybatis.spring.mapper.ClassPathMapperScanner:240] Skipping MapperFactoryBean with name 'userMapper' and 'com.rejoice.active.console.mapper.UserMapper' mapperInterface. Bean already defined with the same name!
[2018-02-08 20:51:30,434][restartedMain][WARN][org.mybatis.spring.mapper.ClassPathMapperScanner:167] No MyBatis mapper was found in '[com.rejoice.active.console.mapper]' package. Please check your configuration.
[2018-02-08 20:51:31,657][restartedMain][WARN][springfox.documentation.spring.web.readers.parameter.ParameterDataTypeReader:86] Trying to infer dataType java.lang.String[]
[2018-02-08 20:51:31,657][restartedMain][WARN][springfox.documentation.spring.web.readers.parameter.ParameterDataTypeReader:86] Trying to infer dataType java.lang.String[]
[2018-02-08 20:51:32,334][http-nio-80-exec-2][WARN][com.rejoice.active.console.interceptor.SessionInterceptor:48] visit path[/swagger-resources/configuration/security]:no session, redirect to /login
[2018-02-08 20:52:02,481][restartedMain][WARN][org.mybatis.spring.mapper.ClassPathMapperScanner:240] Skipping MapperFactoryBean with name 'userMapper' and 'com.rejoice.active.console.mapper.UserMapper' mapperInterface. Bean already defined with the same name!
[2018-02-08 20:52:02,482][restartedMain][WARN][org.mybatis.spring.mapper.ClassPathMapperScanner:167] No MyBatis mapper was found in '[com.rejoice.active.console.mapper]' package. Please check your configuration.
[2018-02-08 20:52:03,610][restartedMain][WARN][springfox.documentation.spring.web.readers.parameter.ParameterDataTypeReader:86] Trying to infer dataType java.lang.String[]
[2018-02-08 20:52:03,610][restartedMain][WARN][springfox.documentation.spring.web.readers.parameter.ParameterDataTypeReader:86] Trying to infer dataType java.lang.String[]
[2018-02-08 20:52:09,501][restartedMain][WARN][org.mybatis.spring.mapper.ClassPathMapperScanner:240] Skipping MapperFactoryBean with name 'userMapper' and 'com.rejoice.active.console.mapper.UserMapper' mapperInterface. Bean already defined with the same name!
[2018-02-08 20:52:09,501][restartedMain][WARN][org.mybatis.spring.mapper.ClassPathMapperScanner:167] No MyBatis mapper was found in '[com.rejoice.active.console.mapper]' package. Please check your configuration.
[2018-02-08 20:52:09,889][restartedMain][WARN][org.springframework.boot.context.embedded.AnnotationConfigEmbeddedWebApplicationContext:551] Exception encountered during context initialization - cancelling refresh attempt: org.springframework.beans.factory.BeanCreationException: Error creating bean with name 'userController': Failed to introspect bean class [com.rejoice.active.console.controller.UserController] for lookup method metadata: could not find class that it depends on; nested exception is java.lang.NoClassDefFoundError: LoginVo
[2018-02-08 20:52:18,252][restartedMain][WARN][org.mybatis.spring.mapper.ClassPathMapperScanner:240] Skipping MapperFactoryBean with name 'userMapper' and 'com.rejoice.active.console.mapper.UserMapper' mapperInterface. Bean already defined with the same name!
[2018-02-08 20:52:18,252][restartedMain][WARN][org.mybatis.spring.mapper.ClassPathMapperScanner:167] No MyBatis mapper was found in '[com.rejoice.active.console.mapper]' package. Please check your configuration.
[2018-02-08 20:52:19,444][restartedMain][WARN][springfox.documentation.spring.web.readers.parameter.ParameterDataTypeReader:86] Trying to infer dataType java.lang.String[]
[2018-02-08 20:52:19,445][restartedMain][WARN][springfox.documentation.spring.web.readers.parameter.ParameterDataTypeReader:86] Trying to infer dataType java.lang.String[]
[2018-02-08 20:52:48,552][restartedMain][WARN][org.mybatis.spring.mapper.ClassPathMapperScanner:240] Skipping MapperFactoryBean with name 'userMapper' and 'com.rejoice.active.console.mapper.UserMapper' mapperInterface. Bean already defined with the same name!
[2018-02-08 20:52:48,552][restartedMain][WARN][org.mybatis.spring.mapper.ClassPathMapperScanner:167] No MyBatis mapper was found in '[com.rejoice.active.console.mapper]' package. Please check your configuration.
[2018-02-08 20:52:49,575][restartedMain][WARN][springfox.documentation.spring.web.readers.parameter.ParameterDataTypeReader:86] Trying to infer dataType java.lang.String[]
[2018-02-08 20:52:49,576][restartedMain][WARN][springfox.documentation.spring.web.readers.parameter.ParameterDataTypeReader:86] Trying to infer dataType java.lang.String[]
[2018-02-08 20:52:55,482][restartedMain][WARN][org.mybatis.spring.mapper.ClassPathMapperScanner:240] Skipping MapperFactoryBean with name 'userMapper' and 'com.rejoice.active.console.mapper.UserMapper' mapperInterface. Bean already defined with the same name!
[2018-02-08 20:52:55,482][restartedMain][WARN][org.mybatis.spring.mapper.ClassPathMapperScanner:167] No MyBatis mapper was found in '[com.rejoice.active.console.mapper]' package. Please check your configuration.
[2018-02-08 20:52:56,536][restartedMain][WARN][springfox.documentation.spring.web.readers.parameter.ParameterDataTypeReader:86] Trying to infer dataType java.lang.String[]
[2018-02-08 20:52:56,536][restartedMain][WARN][springfox.documentation.spring.web.readers.parameter.ParameterDataTypeReader:86] Trying to infer dataType java.lang.String[]
[2018-02-08 20:53:29,245][restartedMain][WARN][org.mybatis.spring.mapper.ClassPathMapperScanner:240] Skipping MapperFactoryBean with name 'userMapper' and 'com.rejoice.active.console.mapper.UserMapper' mapperInterface. Bean already defined with the same name!
[2018-02-08 20:53:29,245][restartedMain][WARN][org.mybatis.spring.mapper.ClassPathMapperScanner:167] No MyBatis mapper was found in '[com.rejoice.active.console.mapper]' package. Please check your configuration.
[2018-02-08 20:53:30,232][restartedMain][WARN][springfox.documentation.spring.web.readers.parameter.ParameterDataTypeReader:86] Trying to infer dataType java.lang.String[]
[2018-02-08 20:53:30,233][restartedMain][WARN][springfox.documentation.spring.web.readers.parameter.ParameterDataTypeReader:86] Trying to infer dataType java.lang.String[]
[2018-02-08 20:53:32,327][http-nio-80-exec-10][WARN][com.rejoice.active.console.interceptor.SessionInterceptor:48] visit path[/swagger-resources/configuration/security]:no session, redirect to /login
[2018-02-08 20:53:47,390][http-nio-80-exec-8][WARN][org.springframework.web.servlet.mvc.method.annotation.ExceptionHandlerExceptionResolver:189] Resolved exception caused by Handler execution: org.springframework.http.converter.HttpMessageNotReadableException: JSON parse error: Can not construct instance of com.rejoice.active.console.vo.LoginVo: no int/Int-argument constructor/factory method to deserialize from Number value (233223); nested exception is com.fasterxml.jackson.databind.JsonMappingException: Can not construct instance of com.rejoice.active.console.vo.LoginVo: no int/Int-argument constructor/factory method to deserialize from Number value (233223)
 at [Source: java.io.PushbackInputStream@26c3df22; line: 1, column: 1]
[2018-02-08 20:54:12,409][restartedMain][WARN][org.mybatis.spring.mapper.ClassPathMapperScanner:240] Skipping MapperFactoryBean with name 'userMapper' and 'com.rejoice.active.console.mapper.UserMapper' mapperInterface. Bean already defined with the same name!
[2018-02-08 20:54:12,409][restartedMain][WARN][org.mybatis.spring.mapper.ClassPathMapperScanner:167] No MyBatis mapper was found in '[com.rejoice.active.console.mapper]' package. Please check your configuration.
[2018-02-08 20:54:13,485][restartedMain][WARN][springfox.documentation.spring.web.readers.parameter.ParameterDataTypeReader:86] Trying to infer dataType java.lang.String[]
[2018-02-08 20:54:13,485][restartedMain][WARN][springfox.documentation.spring.web.readers.parameter.ParameterDataTypeReader:86] Trying to infer dataType java.lang.String[]
[2018-02-08 20:54:17,371][restartedMain][WARN][org.mybatis.spring.mapper.ClassPathMapperScanner:240] Skipping MapperFactoryBean with name 'userMapper' and 'com.rejoice.active.console.mapper.UserMapper' mapperInterface. Bean already defined with the same name!
[2018-02-08 20:54:17,371][restartedMain][WARN][org.mybatis.spring.mapper.ClassPathMapperScanner:167] No MyBatis mapper was found in '[com.rejoice.active.console.mapper]' package. Please check your configuration.
[2018-02-08 20:54:18,562][restartedMain][WARN][springfox.documentation.spring.web.readers.parameter.ParameterDataTypeReader:86] Trying to infer dataType java.lang.String[]
[2018-02-08 20:54:18,563][restartedMain][WARN][springfox.documentation.spring.web.readers.parameter.ParameterDataTypeReader:86] Trying to infer dataType java.lang.String[]
[2018-02-08 20:54:50,094][http-nio-80-exec-9][WARN][com.rejoice.active.console.interceptor.SessionInterceptor:48] visit path[/swagger-resources/configuration/security]:no session, redirect to /login
[2018-02-08 20:55:16,834][http-nio-80-exec-6][WARN][com.rejoice.active.console.interceptor.SessionInterceptor:48] visit path[/swagger-resources/configuration/security]:no session, redirect to /login
[2018-02-08 20:55:18,658][restartedMain][WARN][org.mybatis.spring.mapper.ClassPathMapperScanner:240] Skipping MapperFactoryBean with name 'userMapper' and 'com.rejoice.active.console.mapper.UserMapper' mapperInterface. Bean already defined with the same name!
[2018-02-08 20:55:18,658][restartedMain][WARN][org.mybatis.spring.mapper.ClassPathMapperScanner:167] No MyBatis mapper was found in '[com.rejoice.active.console.mapper]' package. Please check your configuration.
[2018-02-08 20:55:19,813][restartedMain][WARN][springfox.documentation.spring.web.readers.parameter.ParameterDataTypeReader:86] Trying to infer dataType java.lang.String[]
[2018-02-08 20:55:19,814][restartedMain][WARN][springfox.documentation.spring.web.readers.parameter.ParameterDataTypeReader:86] Trying to infer dataType java.lang.String[]
[2018-02-08 20:55:36,599][restartedMain][WARN][org.mybatis.spring.mapper.ClassPathMapperScanner:240] Skipping MapperFactoryBean with name 'userMapper' and 'com.rejoice.active.console.mapper.UserMapper' mapperInterface. Bean already defined with the same name!
[2018-02-08 20:55:36,600][restartedMain][WARN][org.mybatis.spring.mapper.ClassPathMapperScanner:167] No MyBatis mapper was found in '[com.rejoice.active.console.mapper]' package. Please check your configuration.
[2018-02-08 20:55:42,523][restartedMain][WARN][springfox.documentation.spring.web.readers.parameter.ParameterDataTypeReader:86] Trying to infer dataType java.lang.String[]
[2018-02-08 20:55:42,524][restartedMain][WARN][springfox.documentation.spring.web.readers.parameter.ParameterDataTypeReader:86] Trying to infer dataType java.lang.String[]
[2018-02-08 20:55:43,491][http-nio-80-exec-6][WARN][com.rejoice.active.console.interceptor.SessionInterceptor:48] visit path[/swagger-resources/configuration/security]:no session, redirect to /login
[2018-02-08 20:55:51,349][http-nio-80-exec-1][WARN][org.springframework.web.servlet.mvc.method.annotation.ExceptionHandlerExceptionResolver:189] Resolved exception caused by Handler execution: org.springframework.jdbc.BadSqlGrammarException: 
### Error querying database.  Cause: com.mysql.jdbc.exceptions.jdbc4.MySQLSyntaxErrorException: Table 'rejoice.rejoice_user' doesn't exist
### The error may exist in com/rejoice/active/console/mapper/UserMapper.java (best guess)
### The error may involve com.rejoice.active.console.mapper.UserMapper.selectOne-Inline
### The error occurred while setting parameters
### SQL: SELECT create_time,update_time,description,id,username,password,mobile  FROM rejoice_user  WHERE  password = ? AND mobile = ?
### Cause: com.mysql.jdbc.exceptions.jdbc4.MySQLSyntaxErrorException: Table 'rejoice.rejoice_user' doesn't exist
; bad SQL grammar []; nested exception is com.mysql.jdbc.exceptions.jdbc4.MySQLSyntaxErrorException: Table 'rejoice.rejoice_user' doesn't exist
[2018-02-08 20:57:04,602][http-nio-80-exec-7][WARN][com.rejoice.active.console.interceptor.SessionInterceptor:48] visit path[/swagger-resources/configuration/security]:no session, redirect to /login
[2018-02-08 20:57:56,594][restartedMain][WARN][org.mybatis.spring.mapper.ClassPathMapperScanner:240] Skipping MapperFactoryBean with name 'userMapper' and 'com.rejoice.active.console.mapper.UserMapper' mapperInterface. Bean already defined with the same name!
[2018-02-08 20:57:56,595][restartedMain][WARN][org.mybatis.spring.mapper.ClassPathMapperScanner:167] No MyBatis mapper was found in '[com.rejoice.active.console.mapper]' package. Please check your configuration.
[2018-02-08 20:58:04,359][restartedMain][WARN][springfox.documentation.spring.web.readers.parameter.ParameterDataTypeReader:86] Trying to infer dataType java.lang.String[]
[2018-02-08 20:58:04,360][restartedMain][WARN][springfox.documentation.spring.web.readers.parameter.ParameterDataTypeReader:86] Trying to infer dataType java.lang.String[]
[2018-02-08 21:02:30,710][restartedMain][WARN][org.mybatis.spring.mapper.ClassPathMapperScanner:240] Skipping MapperFactoryBean with name 'userMapper' and 'com.rejoice.active.console.mapper.UserMapper' mapperInterface. Bean already defined with the same name!
[2018-02-08 21:02:30,710][restartedMain][WARN][org.mybatis.spring.mapper.ClassPathMapperScanner:167] No MyBatis mapper was found in '[com.rejoice.active.console.mapper]' package. Please check your configuration.
[2018-02-08 21:02:33,113][restartedMain][WARN][springfox.documentation.spring.web.readers.parameter.ParameterDataTypeReader:86] Trying to infer dataType java.lang.String[]
[2018-02-08 21:02:33,114][restartedMain][WARN][springfox.documentation.spring.web.readers.parameter.ParameterDataTypeReader:86] Trying to infer dataType java.lang.String[]
[2018-02-08 21:02:59,641][restartedMain][WARN][org.mybatis.spring.mapper.ClassPathMapperScanner:240] Skipping MapperFactoryBean with name 'userMapper' and 'com.rejoice.active.console.mapper.UserMapper' mapperInterface. Bean already defined with the same name!
[2018-02-08 21:02:59,641][restartedMain][WARN][org.mybatis.spring.mapper.ClassPathMapperScanner:167] No MyBatis mapper was found in '[com.rejoice.active.console.mapper]' package. Please check your configuration.
[2018-02-08 21:03:01,532][restartedMain][WARN][springfox.documentation.spring.web.readers.parameter.ParameterDataTypeReader:86] Trying to infer dataType java.lang.String[]
[2018-02-08 21:03:01,533][restartedMain][WARN][springfox.documentation.spring.web.readers.parameter.ParameterDataTypeReader:86] Trying to infer dataType java.lang.String[]
[2018-02-08 21:03:50,518][restartedMain][WARN][org.mybatis.spring.mapper.ClassPathMapperScanner:240] Skipping MapperFactoryBean with name 'userMapper' and 'com.rejoice.active.console.mapper.UserMapper' mapperInterface. Bean already defined with the same name!
[2018-02-08 21:03:50,519][restartedMain][WARN][org.mybatis.spring.mapper.ClassPathMapperScanner:167] No MyBatis mapper was found in '[com.rejoice.active.console.mapper]' package. Please check your configuration.
[2018-02-08 21:03:52,362][restartedMain][WARN][springfox.documentation.spring.web.readers.parameter.ParameterDataTypeReader:86] Trying to infer dataType java.lang.String[]
[2018-02-08 21:03:52,362][restartedMain][WARN][springfox.documentation.spring.web.readers.parameter.ParameterDataTypeReader:86] Trying to infer dataType java.lang.String[]
[2018-02-08 21:08:46,623][restartedMain][WARN][org.mybatis.spring.mapper.ClassPathMapperScanner:240] Skipping MapperFactoryBean with name 'userMapper' and 'com.rejoice.active.console.mapper.UserMapper' mapperInterface. Bean already defined with the same name!
[2018-02-08 21:08:46,624][restartedMain][WARN][org.mybatis.spring.mapper.ClassPathMapperScanner:167] No MyBatis mapper was found in '[com.rejoice.active.console.mapper]' package. Please check your configuration.
[2018-02-08 21:08:47,371][restartedMain][WARN][org.springframework.boot.context.embedded.AnnotationConfigEmbeddedWebApplicationContext:551] Exception encountered during context initialization - cancelling refresh attempt: org.springframework.beans.factory.UnsatisfiedDependencyException: Error creating bean with name 'documentationPluginsBootstrapper' defined in URL [jar:file:/D:/maven-repo/io/springfox/springfox-spring-web/2.7.0/springfox-spring-web-2.7.0.jar!/springfox/documentation/spring/web/plugins/DocumentationPluginsBootstrapper.class]: Unsatisfied dependency expressed through constructor parameter 1; nested exception is org.springframework.beans.factory.UnsatisfiedDependencyException: Error creating bean with name 'webMvcRequestHandlerProvider' defined in URL [jar:file:/D:/maven-repo/io/springfox/springfox-spring-web/2.7.0/springfox-spring-web-2.7.0.jar!/springfox/documentation/spring/web/plugins/WebMvcRequestHandlerProvider.class]: Unsatisfied dependency expressed through constructor parameter 0; nested exception is org.springframework.beans.factory.BeanCreationException: Error creating bean with name 'requestMappingHandlerMapping' defined in class path resource [org/springframework/boot/autoconfigure/web/WebMvcAutoConfiguration$EnableWebMvcConfiguration.class]: Invocation of init method failed; nested exception is java.lang.IllegalStateException: Ambiguous mapping. Cannot map 'userController' method 
public com.rejoice.active.console.common.bean.Result<java.lang.Void> com.rejoice.active.console.controller.UserController.login(com.rejoice.active.console.vo.LoginVo,javax.servlet.http.HttpServletRequest)
to {[/user/client/login],methods=[POST]}: There is already 'userController' bean method
public org.springframework.web.servlet.ModelAndView com.rejoice.active.console.controller.UserController.clientLogin(com.rejoice.active.console.entity.User,javax.servlet.http.HttpServletRequest) mapped.
[2018-02-08 21:08:51,294][restartedMain][WARN][org.mybatis.spring.mapper.ClassPathMapperScanner:240] Skipping MapperFactoryBean with name 'userMapper' and 'com.rejoice.active.console.mapper.UserMapper' mapperInterface. Bean already defined with the same name!
[2018-02-08 21:08:51,294][restartedMain][WARN][org.mybatis.spring.mapper.ClassPathMapperScanner:167] No MyBatis mapper was found in '[com.rejoice.active.console.mapper]' package. Please check your configuration.
[2018-02-08 21:08:52,962][restartedMain][WARN][springfox.documentation.spring.web.readers.parameter.ParameterDataTypeReader:86] Trying to infer dataType java.lang.String[]
[2018-02-08 21:08:52,962][restartedMain][WARN][springfox.documentation.spring.web.readers.parameter.ParameterDataTypeReader:86] Trying to infer dataType java.lang.String[]
[2018-02-08 21:08:58,110][http-nio-80-exec-3][WARN][com.rejoice.active.console.interceptor.SessionInterceptor:48] visit path[/swagger-resources/configuration/security]:no session, redirect to /login
[2018-02-08 21:10:46,226][restartedMain][WARN][org.mybatis.spring.mapper.ClassPathMapperScanner:240] Skipping MapperFactoryBean with name 'userMapper' and 'com.rejoice.active.console.mapper.UserMapper' mapperInterface. Bean already defined with the same name!
[2018-02-08 21:10:46,227][restartedMain][WARN][org.mybatis.spring.mapper.ClassPathMapperScanner:167] No MyBatis mapper was found in '[com.rejoice.active.console.mapper]' package. Please check your configuration.
[2018-02-08 21:10:47,760][restartedMain][WARN][springfox.documentation.spring.web.readers.parameter.ParameterDataTypeReader:86] Trying to infer dataType java.lang.String[]
[2018-02-08 21:10:47,760][restartedMain][WARN][springfox.documentation.spring.web.readers.parameter.ParameterDataTypeReader:86] Trying to infer dataType java.lang.String[]
[2018-02-08 21:11:00,934][restartedMain][WARN][org.mybatis.spring.mapper.ClassPathMapperScanner:240] Skipping MapperFactoryBean with name 'userMapper' and 'com.rejoice.active.console.mapper.UserMapper' mapperInterface. Bean already defined with the same name!
[2018-02-08 21:11:00,934][restartedMain][WARN][org.mybatis.spring.mapper.ClassPathMapperScanner:167] No MyBatis mapper was found in '[com.rejoice.active.console.mapper]' package. Please check your configuration.
[2018-02-08 21:11:03,026][restartedMain][WARN][springfox.documentation.spring.web.readers.parameter.ParameterDataTypeReader:86] Trying to infer dataType java.lang.String[]
[2018-02-08 21:11:03,026][restartedMain][WARN][springfox.documentation.spring.web.readers.parameter.ParameterDataTypeReader:86] Trying to infer dataType java.lang.String[]
[2018-02-08 21:11:05,448][restartedMain][WARN][org.mybatis.spring.mapper.ClassPathMapperScanner:240] Skipping MapperFactoryBean with name 'userMapper' and 'com.rejoice.active.console.mapper.UserMapper' mapperInterface. Bean already defined with the same name!
[2018-02-08 21:11:05,448][restartedMain][WARN][org.mybatis.spring.mapper.ClassPathMapperScanner:167] No MyBatis mapper was found in '[com.rejoice.active.console.mapper]' package. Please check your configuration.
[2018-02-08 21:11:07,017][restartedMain][WARN][springfox.documentation.spring.web.readers.parameter.ParameterDataTypeReader:86] Trying to infer dataType java.lang.String[]
[2018-02-08 21:11:07,018][restartedMain][WARN][springfox.documentation.spring.web.readers.parameter.ParameterDataTypeReader:86] Trying to infer dataType java.lang.String[]
[2018-02-08 21:14:04,325][restartedMain][WARN][org.mybatis.spring.mapper.ClassPathMapperScanner:240] Skipping MapperFactoryBean with name 'userMapper' and 'com.rejoice.active.console.mapper.UserMapper' mapperInterface. Bean already defined with the same name!
[2018-02-08 21:14:04,325][restartedMain][WARN][org.mybatis.spring.mapper.ClassPathMapperScanner:167] No MyBatis mapper was found in '[com.rejoice.active.console.mapper]' package. Please check your configuration.
[2018-02-08 21:14:05,775][restartedMain][WARN][springfox.documentation.spring.web.readers.parameter.ParameterDataTypeReader:86] Trying to infer dataType java.lang.String[]
[2018-02-08 21:14:05,776][restartedMain][WARN][springfox.documentation.spring.web.readers.parameter.ParameterDataTypeReader:86] Trying to infer dataType java.lang.String[]
[2018-02-08 21:14:57,372][restartedMain][WARN][org.mybatis.spring.mapper.ClassPathMapperScanner:240] Skipping MapperFactoryBean with name 'userMapper' and 'com.rejoice.active.console.mapper.UserMapper' mapperInterface. Bean already defined with the same name!
[2018-02-08 21:14:57,373][restartedMain][WARN][org.mybatis.spring.mapper.ClassPathMapperScanner:167] No MyBatis mapper was found in '[com.rejoice.active.console.mapper]' package. Please check your configuration.
[2018-02-08 21:14:58,824][restartedMain][WARN][springfox.documentation.spring.web.readers.parameter.ParameterDataTypeReader:86] Trying to infer dataType java.lang.String[]
[2018-02-08 21:14:58,824][restartedMain][WARN][springfox.documentation.spring.web.readers.parameter.ParameterDataTypeReader:86] Trying to infer dataType java.lang.String[]
[2018-02-08 21:16:38,526][restartedMain][WARN][org.mybatis.spring.mapper.ClassPathMapperScanner:240] Skipping MapperFactoryBean with name 'userMapper' and 'com.rejoice.active.console.mapper.UserMapper' mapperInterface. Bean already defined with the same name!
[2018-02-08 21:16:38,526][restartedMain][WARN][org.mybatis.spring.mapper.ClassPathMapperScanner:167] No MyBatis mapper was found in '[com.rejoice.active.console.mapper]' package. Please check your configuration.
[2018-02-08 21:16:39,131][restartedMain][WARN][org.springframework.boot.context.embedded.AnnotationConfigEmbeddedWebApplicationContext:551] Exception encountered during context initialization - cancelling refresh attempt: org.springframework.beans.factory.UnsatisfiedDependencyException: Error creating bean with name 'documentationPluginsBootstrapper' defined in URL [jar:file:/D:/maven-repo/io/springfox/springfox-spring-web/2.7.0/springfox-spring-web-2.7.0.jar!/springfox/documentation/spring/web/plugins/DocumentationPluginsBootstrapper.class]: Unsatisfied dependency expressed through constructor parameter 1; nested exception is org.springframework.beans.factory.UnsatisfiedDependencyException: Error creating bean with name 'webMvcRequestHandlerProvider' defined in URL [jar:file:/D:/maven-repo/io/springfox/springfox-spring-web/2.7.0/springfox-spring-web-2.7.0.jar!/springfox/documentation/spring/web/plugins/WebMvcRequestHandlerProvider.class]: Unsatisfied dependency expressed through constructor parameter 0; nested exception is org.springframework.beans.factory.BeanCreationException: Error creating bean with name 'requestMappingHandlerMapping' defined in class path resource [org/springframework/boot/autoconfigure/web/WebMvcAutoConfiguration$EnableWebMvcConfiguration.class]: Invocation of init method failed; nested exception is java.lang.IllegalStateException: Ambiguous mapping. Cannot map 'userController' method 
public com.rejoice.active.console.common.bean.Result<java.lang.Boolean> com.rejoice.active.console.controller.UserController.clientRegister(com.rejoice.active.console.entity.User,javax.servlet.http.HttpServletRequest)
to {[/user/client/register],methods=[POST]}: There is already 'userController' bean method
public com.rejoice.active.console.common.bean.Result<java.lang.Object> com.rejoice.active.console.controller.UserController.register(com.rejoice.active.console.entity.User) mapped.
[2018-02-08 21:19:07,239][restartedMain][WARN][org.mybatis.spring.mapper.ClassPathMapperScanner:240] Skipping MapperFactoryBean with name 'userMapper' and 'com.rejoice.active.console.mapper.UserMapper' mapperInterface. Bean already defined with the same name!
[2018-02-08 21:19:07,240][restartedMain][WARN][org.mybatis.spring.mapper.ClassPathMapperScanner:167] No MyBatis mapper was found in '[com.rejoice.active.console.mapper]' package. Please check your configuration.
[2018-02-08 21:19:07,897][restartedMain][WARN][org.springframework.boot.context.embedded.AnnotationConfigEmbeddedWebApplicationContext:551] Exception encountered during context initialization - cancelling refresh attempt: org.springframework.beans.factory.UnsatisfiedDependencyException: Error creating bean with name 'documentationPluginsBootstrapper' defined in URL [jar:file:/D:/maven-repo/io/springfox/springfox-spring-web/2.7.0/springfox-spring-web-2.7.0.jar!/springfox/documentation/spring/web/plugins/DocumentationPluginsBootstrapper.class]: Unsatisfied dependency expressed through constructor parameter 1; nested exception is org.springframework.beans.factory.UnsatisfiedDependencyException: Error creating bean with name 'webMvcRequestHandlerProvider' defined in URL [jar:file:/D:/maven-repo/io/springfox/springfox-spring-web/2.7.0/springfox-spring-web-2.7.0.jar!/springfox/documentation/spring/web/plugins/WebMvcRequestHandlerProvider.class]: Unsatisfied dependency expressed through constructor parameter 0; nested exception is org.springframework.beans.factory.BeanCreationException: Error creating bean with name 'requestMappingHandlerMapping' defined in class path resource [org/springframework/boot/autoconfigure/web/WebMvcAutoConfiguration$EnableWebMvcConfiguration.class]: Invocation of init method failed; nested exception is java.lang.IllegalStateException: Ambiguous mapping. Cannot map 'userController' method 
public com.rejoice.active.console.common.bean.Result<java.lang.Boolean> com.rejoice.active.console.controller.UserController.clientRegister(com.rejoice.active.console.entity.User,javax.servlet.http.HttpServletRequest)
to {[/user/client/register],methods=[POST]}: There is already 'userController' bean method
public com.rejoice.active.console.common.bean.Result<java.lang.Object> com.rejoice.active.console.controller.UserController.register(com.rejoice.active.console.entity.User) mapped.
[2018-02-08 21:19:17,430][restartedMain][WARN][org.mybatis.spring.mapper.ClassPathMapperScanner:240] Skipping MapperFactoryBean with name 'userMapper' and 'com.rejoice.active.console.mapper.UserMapper' mapperInterface. Bean already defined with the same name!
[2018-02-08 21:19:17,430][restartedMain][WARN][org.mybatis.spring.mapper.ClassPathMapperScanner:167] No MyBatis mapper was found in '[com.rejoice.active.console.mapper]' package. Please check your configuration.
[2018-02-08 21:19:18,051][restartedMain][WARN][org.springframework.boot.context.embedded.AnnotationConfigEmbeddedWebApplicationContext:551] Exception encountered during context initialization - cancelling refresh attempt: org.springframework.beans.factory.UnsatisfiedDependencyException: Error creating bean with name 'documentationPluginsBootstrapper' defined in URL [jar:file:/D:/maven-repo/io/springfox/springfox-spring-web/2.7.0/springfox-spring-web-2.7.0.jar!/springfox/documentation/spring/web/plugins/DocumentationPluginsBootstrapper.class]: Unsatisfied dependency expressed through constructor parameter 1; nested exception is org.springframework.beans.factory.UnsatisfiedDependencyException: Error creating bean with name 'webMvcRequestHandlerProvider' defined in URL [jar:file:/D:/maven-repo/io/springfox/springfox-spring-web/2.7.0/springfox-spring-web-2.7.0.jar!/springfox/documentation/spring/web/plugins/WebMvcRequestHandlerProvider.class]: Unsatisfied dependency expressed through constructor parameter 0; nested exception is org.springframework.beans.factory.BeanCreationException: Error creating bean with name 'requestMappingHandlerMapping' defined in class path resource [org/springframework/boot/autoconfigure/web/WebMvcAutoConfiguration$EnableWebMvcConfiguration.class]: Invocation of init method failed; nested exception is java.lang.IllegalStateException: Ambiguous mapping. Cannot map 'userController' method 
public com.rejoice.active.console.common.bean.Result<java.lang.Object> com.rejoice.active.console.controller.UserController.clientRegister(com.rejoice.active.console.entity.User,javax.servlet.http.HttpServletRequest)
to {[/user/client/register],methods=[POST]}: There is already 'userController' bean method
public com.rejoice.active.console.common.bean.Result<java.lang.Object> com.rejoice.active.console.controller.UserController.register(com.rejoice.active.console.entity.User) mapped.
[2018-02-08 21:19:27,169][restartedMain][WARN][org.mybatis.spring.mapper.ClassPathMapperScanner:240] Skipping MapperFactoryBean with name 'userMapper' and 'com.rejoice.active.console.mapper.UserMapper' mapperInterface. Bean already defined with the same name!
[2018-02-08 21:19:27,169][restartedMain][WARN][org.mybatis.spring.mapper.ClassPathMapperScanner:167] No MyBatis mapper was found in '[com.rejoice.active.console.mapper]' package. Please check your configuration.
[2018-02-08 21:19:27,845][restartedMain][WARN][org.springframework.boot.context.embedded.AnnotationConfigEmbeddedWebApplicationContext:551] Exception encountered during context initialization - cancelling refresh attempt: org.springframework.beans.factory.UnsatisfiedDependencyException: Error creating bean with name 'documentationPluginsBootstrapper' defined in URL [jar:file:/D:/maven-repo/io/springfox/springfox-spring-web/2.7.0/springfox-spring-web-2.7.0.jar!/springfox/documentation/spring/web/plugins/DocumentationPluginsBootstrapper.class]: Unsatisfied dependency expressed through constructor parameter 1; nested exception is org.springframework.beans.factory.UnsatisfiedDependencyException: Error creating bean with name 'webMvcRequestHandlerProvider' defined in URL [jar:file:/D:/maven-repo/io/springfox/springfox-spring-web/2.7.0/springfox-spring-web-2.7.0.jar!/springfox/documentation/spring/web/plugins/WebMvcRequestHandlerProvider.class]: Unsatisfied dependency expressed through constructor parameter 0; nested exception is org.springframework.beans.factory.BeanCreationException: Error creating bean with name 'requestMappingHandlerMapping' defined in class path resource [org/springframework/boot/autoconfigure/web/WebMvcAutoConfiguration$EnableWebMvcConfiguration.class]: Invocation of init method failed; nested exception is java.lang.IllegalStateException: Ambiguous mapping. Cannot map 'userController' method 
public com.rejoice.active.console.common.bean.Result<java.lang.Object> com.rejoice.active.console.controller.UserController.clientRegister(com.rejoice.active.console.entity.User,javax.servlet.http.HttpServletRequest)
to {[/user/client/register],methods=[POST]}: There is already 'userController' bean method
public com.rejoice.active.console.common.bean.Result<java.lang.Object> com.rejoice.active.console.controller.UserController.register(com.rejoice.active.console.entity.User) mapped.
[2018-02-08 21:19:49,650][restartedMain][WARN][org.mybatis.spring.mapper.ClassPathMapperScanner:240] Skipping MapperFactoryBean with name 'userMapper' and 'com.rejoice.active.console.mapper.UserMapper' mapperInterface. Bean already defined with the same name!
[2018-02-08 21:19:49,650][restartedMain][WARN][org.mybatis.spring.mapper.ClassPathMapperScanner:167] No MyBatis mapper was found in '[com.rejoice.active.console.mapper]' package. Please check your configuration.
[2018-02-08 21:19:51,353][restartedMain][WARN][springfox.documentation.spring.web.readers.parameter.ParameterDataTypeReader:86] Trying to infer dataType java.lang.String[]
[2018-02-08 21:19:51,354][restartedMain][WARN][springfox.documentation.spring.web.readers.parameter.ParameterDataTypeReader:86] Trying to infer dataType java.lang.String[]
[2018-02-08 21:19:53,292][http-nio-80-exec-10][WARN][com.rejoice.active.console.interceptor.SessionInterceptor:48] visit path[/swagger-resources/configuration/security]:no session, redirect to /login
[2018-02-08 21:21:27,825][restartedMain][WARN][org.mybatis.spring.mapper.ClassPathMapperScanner:240] Skipping MapperFactoryBean with name 'userMapper' and 'com.rejoice.active.console.mapper.UserMapper' mapperInterface. Bean already defined with the same name!
[2018-02-08 21:21:27,825][restartedMain][WARN][org.mybatis.spring.mapper.ClassPathMapperScanner:167] No MyBatis mapper was found in '[com.rejoice.active.console.mapper]' package. Please check your configuration.
[2018-02-08 21:21:29,369][restartedMain][WARN][springfox.documentation.spring.web.readers.parameter.ParameterDataTypeReader:86] Trying to infer dataType java.lang.String[]
[2018-02-08 21:21:29,369][restartedMain][WARN][springfox.documentation.spring.web.readers.parameter.ParameterDataTypeReader:86] Trying to infer dataType java.lang.String[]
[2018-02-08 21:22:02,011][http-nio-80-exec-4][WARN][com.rejoice.active.console.interceptor.SessionInterceptor:48] visit path[/swagger-resources/configuration/security]:no session, redirect to /login
[2018-02-08 21:22:04,195][restartedMain][WARN][org.mybatis.spring.mapper.ClassPathMapperScanner:240] Skipping MapperFactoryBean with name 'userMapper' and 'com.rejoice.active.console.mapper.UserMapper' mapperInterface. Bean already defined with the same name!
[2018-02-08 21:22:04,195][restartedMain][WARN][org.mybatis.spring.mapper.ClassPathMapperScanner:167] No MyBatis mapper was found in '[com.rejoice.active.console.mapper]' package. Please check your configuration.
[2018-02-08 21:22:05,837][restartedMain][WARN][springfox.documentation.spring.web.readers.parameter.ParameterDataTypeReader:86] Trying to infer dataType java.lang.String[]
[2018-02-08 21:22:05,837][restartedMain][WARN][springfox.documentation.spring.web.readers.parameter.ParameterDataTypeReader:86] Trying to infer dataType java.lang.String[]
[2018-02-08 21:22:20,139][restartedMain][WARN][org.mybatis.spring.mapper.ClassPathMapperScanner:240] Skipping MapperFactoryBean with name 'userMapper' and 'com.rejoice.active.console.mapper.UserMapper' mapperInterface. Bean already defined with the same name!
[2018-02-08 21:22:20,139][restartedMain][WARN][org.mybatis.spring.mapper.ClassPathMapperScanner:167] No MyBatis mapper was found in '[com.rejoice.active.console.mapper]' package. Please check your configuration.
[2018-02-08 21:22:22,010][restartedMain][WARN][org.springframework.boot.context.embedded.AnnotationConfigEmbeddedWebApplicationContext:551] Exception encountered during context initialization - cancelling refresh attempt: org.springframework.context.ApplicationContextException: Failed to start bean 'documentationPluginsBootstrapper'; nested exception is java.lang.IllegalStateException: Method [clientRegister] was discovered in the .class file but cannot be resolved in the class object
[2018-02-08 21:23:15,857][restartedMain][WARN][org.mybatis.spring.mapper.ClassPathMapperScanner:240] Skipping MapperFactoryBean with name 'userMapper' and 'com.rejoice.active.console.mapper.UserMapper' mapperInterface. Bean already defined with the same name!
[2018-02-08 21:23:15,857][restartedMain][WARN][org.mybatis.spring.mapper.ClassPathMapperScanner:167] No MyBatis mapper was found in '[com.rejoice.active.console.mapper]' package. Please check your configuration.
[2018-02-08 21:23:17,406][restartedMain][WARN][springfox.documentation.spring.web.readers.parameter.ParameterDataTypeReader:86] Trying to infer dataType java.lang.String[]
[2018-02-08 21:23:17,406][restartedMain][WARN][springfox.documentation.spring.web.readers.parameter.ParameterDataTypeReader:86] Trying to infer dataType java.lang.String[]
[2018-02-08 21:23:19,320][http-nio-80-exec-4][WARN][com.rejoice.active.console.interceptor.SessionInterceptor:48] visit path[/swagger-resources/configuration/security]:no session, redirect to /login
[2018-02-08 21:24:05,855][http-nio-80-exec-3][WARN][com.rejoice.active.console.interceptor.SessionInterceptor:48] visit path[/swagger-resources/configuration/security]:no session, redirect to /login
[2018-02-08 21:24:07,947][restartedMain][WARN][org.mybatis.spring.mapper.ClassPathMapperScanner:240] Skipping MapperFactoryBean with name 'userMapper' and 'com.rejoice.active.console.mapper.UserMapper' mapperInterface. Bean already defined with the same name!
[2018-02-08 21:24:07,947][restartedMain][WARN][org.mybatis.spring.mapper.ClassPathMapperScanner:167] No MyBatis mapper was found in '[com.rejoice.active.console.mapper]' package. Please check your configuration.
[2018-02-08 21:24:09,712][restartedMain][WARN][springfox.documentation.spring.web.readers.parameter.ParameterDataTypeReader:86] Trying to infer dataType java.lang.String[]
[2018-02-08 21:24:09,712][restartedMain][WARN][springfox.documentation.spring.web.readers.parameter.ParameterDataTypeReader:86] Trying to infer dataType java.lang.String[]
[2018-02-08 21:24:09,816][http-nio-80-exec-10][WARN][org.springframework.web.servlet.mvc.method.annotation.ExceptionHandlerExceptionResolver:189] Resolved exception caused by Handler execution: java.lang.NullPointerException
[2018-02-08 21:24:23,099][restartedMain][WARN][org.mybatis.spring.mapper.ClassPathMapperScanner:240] Skipping MapperFactoryBean with name 'userMapper' and 'com.rejoice.active.console.mapper.UserMapper' mapperInterface. Bean already defined with the same name!
[2018-02-08 21:24:23,099][restartedMain][WARN][org.mybatis.spring.mapper.ClassPathMapperScanner:167] No MyBatis mapper was found in '[com.rejoice.active.console.mapper]' package. Please check your configuration.
[2018-02-08 21:24:24,638][restartedMain][WARN][springfox.documentation.spring.web.readers.parameter.ParameterDataTypeReader:86] Trying to infer dataType java.lang.String[]
[2018-02-08 21:24:24,638][restartedMain][WARN][springfox.documentation.spring.web.readers.parameter.ParameterDataTypeReader:86] Trying to infer dataType java.lang.String[]
[2018-02-08 21:24:31,257][restartedMain][WARN][org.mybatis.spring.mapper.ClassPathMapperScanner:240] Skipping MapperFactoryBean with name 'userMapper' and 'com.rejoice.active.console.mapper.UserMapper' mapperInterface. Bean already defined with the same name!
[2018-02-08 21:24:31,257][restartedMain][WARN][org.mybatis.spring.mapper.ClassPathMapperScanner:167] No MyBatis mapper was found in '[com.rejoice.active.console.mapper]' package. Please check your configuration.
[2018-02-08 21:24:32,751][restartedMain][WARN][springfox.documentation.spring.web.readers.parameter.ParameterDataTypeReader:86] Trying to infer dataType java.lang.String[]
[2018-02-08 21:24:32,752][restartedMain][WARN][springfox.documentation.spring.web.readers.parameter.ParameterDataTypeReader:86] Trying to infer dataType java.lang.String[]
[2018-02-08 21:24:35,623][http-nio-80-exec-2][WARN][com.rejoice.active.console.interceptor.SessionInterceptor:48] visit path[/swagger-resources/configuration/security]:no session, redirect to /login
[2018-02-08 21:25:24,975][http-nio-80-exec-9][WARN][com.rejoice.active.console.interceptor.SessionInterceptor:48] visit path[/user/client/register]:no session, redirect to /login
[2018-02-08 21:26:12,266][restartedMain][WARN][org.mybatis.spring.mapper.ClassPathMapperScanner:240] Skipping MapperFactoryBean with name 'userMapper' and 'com.rejoice.active.console.mapper.UserMapper' mapperInterface. Bean already defined with the same name!
[2018-02-08 21:26:12,266][restartedMain][WARN][org.mybatis.spring.mapper.ClassPathMapperScanner:167] No MyBatis mapper was found in '[com.rejoice.active.console.mapper]' package. Please check your configuration.
[2018-02-08 21:26:14,051][restartedMain][WARN][springfox.documentation.spring.web.readers.parameter.ParameterDataTypeReader:86] Trying to infer dataType java.lang.String[]
[2018-02-08 21:26:14,051][restartedMain][WARN][springfox.documentation.spring.web.readers.parameter.ParameterDataTypeReader:86] Trying to infer dataType java.lang.String[]
[2018-02-08 21:26:22,729][http-nio-80-exec-5][WARN][org.springframework.web.servlet.mvc.method.annotation.ExceptionHandlerExceptionResolver:189] Resolved exception caused by Handler execution: com.rejoice.active.console.handler.InvalidParamException: password is blank
[2018-02-08 21:26:23,712][http-nio-80-exec-6][WARN][org.springframework.web.servlet.mvc.method.annotation.ExceptionHandlerExceptionResolver:189] Resolved exception caused by Handler execution: com.rejoice.active.console.handler.InvalidParamException: password is blank
[2018-02-08 21:26:24,156][http-nio-80-exec-7][WARN][org.springframework.web.servlet.mvc.method.annotation.ExceptionHandlerExceptionResolver:189] Resolved exception caused by Handler execution: com.rejoice.active.console.handler.InvalidParamException: password is blank
[2018-02-08 21:26:25,214][http-nio-80-exec-8][WARN][com.rejoice.active.console.interceptor.SessionInterceptor:48] visit path[/swagger-resources/configuration/security]:no session, redirect to /login
[2018-02-08 21:50:46,811][restartedMain][WARN][org.mybatis.spring.mapper.ClassPathMapperScanner:240] Skipping MapperFactoryBean with name 'userMapper' and 'com.rejoice.active.console.mapper.UserMapper' mapperInterface. Bean already defined with the same name!
[2018-02-08 21:50:46,812][restartedMain][WARN][org.mybatis.spring.mapper.ClassPathMapperScanner:167] No MyBatis mapper was found in '[com.rejoice.active.console.mapper]' package. Please check your configuration.
[2018-02-08 21:50:48,514][restartedMain][WARN][springfox.documentation.spring.web.readers.parameter.ParameterDataTypeReader:86] Trying to infer dataType java.lang.String[]
[2018-02-08 21:50:48,515][restartedMain][WARN][springfox.documentation.spring.web.readers.parameter.ParameterDataTypeReader:86] Trying to infer dataType java.lang.String[]
[2018-02-08 21:51:00,944][restartedMain][WARN][org.mybatis.spring.mapper.ClassPathMapperScanner:240] Skipping MapperFactoryBean with name 'userMapper' and 'com.rejoice.active.console.mapper.UserMapper' mapperInterface. Bean already defined with the same name!
[2018-02-08 21:51:00,945][restartedMain][WARN][org.mybatis.spring.mapper.ClassPathMapperScanner:167] No MyBatis mapper was found in '[com.rejoice.active.console.mapper]' package. Please check your configuration.
[2018-02-08 21:51:02,390][restartedMain][WARN][springfox.documentation.spring.web.readers.parameter.ParameterDataTypeReader:86] Trying to infer dataType java.lang.String[]
[2018-02-08 21:51:02,391][restartedMain][WARN][springfox.documentation.spring.web.readers.parameter.ParameterDataTypeReader:86] Trying to infer dataType java.lang.String[]
[2018-02-08 21:51:18,278][restartedMain][WARN][org.mybatis.spring.mapper.ClassPathMapperScanner:240] Skipping MapperFactoryBean with name 'userMapper' and 'com.rejoice.active.console.mapper.UserMapper' mapperInterface. Bean already defined with the same name!
[2018-02-08 21:51:18,278][restartedMain][WARN][org.mybatis.spring.mapper.ClassPathMapperScanner:167] No MyBatis mapper was found in '[com.rejoice.active.console.mapper]' package. Please check your configuration.
[2018-02-08 21:51:20,088][restartedMain][WARN][springfox.documentation.spring.web.readers.parameter.ParameterDataTypeReader:86] Trying to infer dataType java.lang.String[]
[2018-02-08 21:51:20,089][restartedMain][WARN][springfox.documentation.spring.web.readers.parameter.ParameterDataTypeReader:86] Trying to infer dataType java.lang.String[]
[2018-02-08 21:52:06,355][restartedMain][WARN][org.mybatis.spring.mapper.ClassPathMapperScanner:240] Skipping MapperFactoryBean with name 'userMapper' and 'com.rejoice.active.console.mapper.UserMapper' mapperInterface. Bean already defined with the same name!
[2018-02-08 21:52:06,356][restartedMain][WARN][org.mybatis.spring.mapper.ClassPathMapperScanner:167] No MyBatis mapper was found in '[com.rejoice.active.console.mapper]' package. Please check your configuration.
[2018-02-08 21:52:07,948][restartedMain][WARN][springfox.documentation.spring.web.readers.parameter.ParameterDataTypeReader:86] Trying to infer dataType java.lang.String[]
[2018-02-08 21:52:07,948][restartedMain][WARN][springfox.documentation.spring.web.readers.parameter.ParameterDataTypeReader:86] Trying to infer dataType java.lang.String[]
[2018-02-08 21:53:03,950][restartedMain][WARN][org.mybatis.spring.mapper.ClassPathMapperScanner:240] Skipping MapperFactoryBean with name 'userMapper' and 'com.rejoice.active.console.mapper.UserMapper' mapperInterface. Bean already defined with the same name!
[2018-02-08 21:53:03,950][restartedMain][WARN][org.mybatis.spring.mapper.ClassPathMapperScanner:167] No MyBatis mapper was found in '[com.rejoice.active.console.mapper]' package. Please check your configuration.
[2018-02-08 21:53:05,463][restartedMain][WARN][springfox.documentation.spring.web.readers.parameter.ParameterDataTypeReader:86] Trying to infer dataType java.lang.String[]
[2018-02-08 21:53:05,464][restartedMain][WARN][springfox.documentation.spring.web.readers.parameter.ParameterDataTypeReader:86] Trying to infer dataType java.lang.String[]
[2018-02-08 21:53:12,411][http-nio-80-exec-2][WARN][com.rejoice.active.console.interceptor.SessionInterceptor:48] visit path[/]:no session, redirect to /login
