[2017-06-21 10:11:52,214][restartedMain][WARN][org.mybatis.spring.mapper.ClassPathMapperScanner:240] Skipping MapperFactoryBean with name 'activeHistoryMapper' and 'com.rejoice.active.console.mapper.ActiveHistoryMapper' mapperInterface. Bean already defined with the same name!
[2017-06-21 10:11:52,216][restartedMain][WARN][org.mybatis.spring.mapper.ClassPathMapperScanner:240] Skipping MapperFactoryBean with name 'companyMapper' and 'com.rejoice.active.console.mapper.CompanyMapper' mapperInterface. Bean already defined with the same name!
[2017-06-21 10:11:52,217][restartedMain][WARN][org.mybatis.spring.mapper.ClassPathMapperScanner:240] Skipping MapperFactoryBean with name 'userMapper' and 'com.rejoice.active.console.mapper.UserMapper' mapperInterface. Bean already defined with the same name!
[2017-06-21 10:11:52,217][restartedMain][WARN][org.mybatis.spring.mapper.ClassPathMapperScanner:167] No MyBatis mapper was found in '[com.rejoice.active.console.mapper]' package. Please check your configuration.
[2017-06-21 10:12:03,305][http-nio-8081-exec-1][WARN][com.rejoice.active.console.interceptor.SessionInterceptor:48] visit path[/rejoice/pdf/a.pdf]:no session, redirect to /login
[2017-06-21 10:12:11,172][http-nio-8081-exec-5][WARN][org.springframework.web.servlet.mvc.method.annotation.ExceptionHandlerExceptionResolver:189] Resolved exception caused by Handler execution: org.mybatis.spring.MyBatisSystemException: nested exception is org.apache.ibatis.type.TypeException: Could not set parameters for mapping: ParameterMapping{property='id', mode=IN, javaType=class java.lang.Integer, jdbcType=null, numericScale=null, resultMapId='null', jdbcTypeName='null', expression='null'}. Cause: org.apache.ibatis.type.TypeException: Error setting non null for parameter #1 with JdbcType null . Try setting a different JdbcType for this parameter or a different configuration property. Cause: java.lang.ClassCastException: java.lang.String cannot be cast to java.lang.Integer
[2017-06-21 10:23:59,112][restartedMain][WARN][org.mybatis.spring.mapper.ClassPathMapperScanner:240] Skipping MapperFactoryBean with name 'activeHistoryMapper' and 'com.rejoice.active.console.mapper.ActiveHistoryMapper' mapperInterface. Bean already defined with the same name!
[2017-06-21 10:23:59,112][restartedMain][WARN][org.mybatis.spring.mapper.ClassPathMapperScanner:240] Skipping MapperFactoryBean with name 'companyMapper' and 'com.rejoice.active.console.mapper.CompanyMapper' mapperInterface. Bean already defined with the same name!
[2017-06-21 10:23:59,112][restartedMain][WARN][org.mybatis.spring.mapper.ClassPathMapperScanner:240] Skipping MapperFactoryBean with name 'userMapper' and 'com.rejoice.active.console.mapper.UserMapper' mapperInterface. Bean already defined with the same name!
[2017-06-21 10:23:59,112][restartedMain][WARN][org.mybatis.spring.mapper.ClassPathMapperScanner:167] No MyBatis mapper was found in '[com.rejoice.active.console.mapper]' package. Please check your configuration.
[2017-06-21 10:51:10,186][restartedMain][WARN][org.mybatis.spring.mapper.ClassPathMapperScanner:240] Skipping MapperFactoryBean with name 'activeHistoryMapper' and 'com.rejoice.active.console.mapper.ActiveHistoryMapper' mapperInterface. Bean already defined with the same name!
[2017-06-21 10:51:10,187][restartedMain][WARN][org.mybatis.spring.mapper.ClassPathMapperScanner:240] Skipping MapperFactoryBean with name 'companyMapper' and 'com.rejoice.active.console.mapper.CompanyMapper' mapperInterface. Bean already defined with the same name!
[2017-06-21 10:51:10,187][restartedMain][WARN][org.mybatis.spring.mapper.ClassPathMapperScanner:240] Skipping MapperFactoryBean with name 'userMapper' and 'com.rejoice.active.console.mapper.UserMapper' mapperInterface. Bean already defined with the same name!
[2017-06-21 10:51:10,187][restartedMain][WARN][org.mybatis.spring.mapper.ClassPathMapperScanner:167] No MyBatis mapper was found in '[com.rejoice.active.console.mapper]' package. Please check your configuration.
[2017-06-21 10:51:50,726][restartedMain][WARN][org.mybatis.spring.mapper.ClassPathMapperScanner:240] Skipping MapperFactoryBean with name 'activeHistoryMapper' and 'com.rejoice.active.console.mapper.ActiveHistoryMapper' mapperInterface. Bean already defined with the same name!
[2017-06-21 10:51:50,726][restartedMain][WARN][org.mybatis.spring.mapper.ClassPathMapperScanner:240] Skipping MapperFactoryBean with name 'companyMapper' and 'com.rejoice.active.console.mapper.CompanyMapper' mapperInterface. Bean already defined with the same name!
[2017-06-21 10:51:50,727][restartedMain][WARN][org.mybatis.spring.mapper.ClassPathMapperScanner:240] Skipping MapperFactoryBean with name 'userMapper' and 'com.rejoice.active.console.mapper.UserMapper' mapperInterface. Bean already defined with the same name!
[2017-06-21 10:51:50,727][restartedMain][WARN][org.mybatis.spring.mapper.ClassPathMapperScanner:167] No MyBatis mapper was found in '[com.rejoice.active.console.mapper]' package. Please check your configuration.
[2017-06-21 10:55:26,247][http-nio-8081-exec-1][WARN][com.rejoice.active.console.interceptor.SessionInterceptor:48] visit path[/rejoice/user/12]:no session, redirect to /login
[2017-06-21 10:55:53,057][restartedMain][WARN][org.mybatis.spring.mapper.ClassPathMapperScanner:240] Skipping MapperFactoryBean with name 'activeHistoryMapper' and 'com.rejoice.active.console.mapper.ActiveHistoryMapper' mapperInterface. Bean already defined with the same name!
[2017-06-21 10:55:53,057][restartedMain][WARN][org.mybatis.spring.mapper.ClassPathMapperScanner:240] Skipping MapperFactoryBean with name 'companyMapper' and 'com.rejoice.active.console.mapper.CompanyMapper' mapperInterface. Bean already defined with the same name!
[2017-06-21 10:55:53,057][restartedMain][WARN][org.mybatis.spring.mapper.ClassPathMapperScanner:240] Skipping MapperFactoryBean with name 'userMapper' and 'com.rejoice.active.console.mapper.UserMapper' mapperInterface. Bean already defined with the same name!
[2017-06-21 10:55:53,058][restartedMain][WARN][org.mybatis.spring.mapper.ClassPathMapperScanner:167] No MyBatis mapper was found in '[com.rejoice.active.console.mapper]' package. Please check your configuration.
[2017-06-21 10:58:01,818][restartedMain][WARN][org.mybatis.spring.mapper.ClassPathMapperScanner:240] Skipping MapperFactoryBean with name 'activeHistoryMapper' and 'com.rejoice.active.console.mapper.ActiveHistoryMapper' mapperInterface. Bean already defined with the same name!
[2017-06-21 10:58:01,818][restartedMain][WARN][org.mybatis.spring.mapper.ClassPathMapperScanner:240] Skipping MapperFactoryBean with name 'companyMapper' and 'com.rejoice.active.console.mapper.CompanyMapper' mapperInterface. Bean already defined with the same name!
[2017-06-21 10:58:01,818][restartedMain][WARN][org.mybatis.spring.mapper.ClassPathMapperScanner:240] Skipping MapperFactoryBean with name 'userMapper' and 'com.rejoice.active.console.mapper.UserMapper' mapperInterface. Bean already defined with the same name!
[2017-06-21 10:58:01,818][restartedMain][WARN][org.mybatis.spring.mapper.ClassPathMapperScanner:167] No MyBatis mapper was found in '[com.rejoice.active.console.mapper]' package. Please check your configuration.
[2017-06-21 10:58:06,729][http-nio-8081-exec-1][WARN][com.rejoice.active.console.interceptor.SessionInterceptor:48] visit path[/rejoice/user/30]:no session, redirect to /login
[2017-06-21 11:04:11,152][restartedMain][WARN][org.mybatis.spring.mapper.ClassPathMapperScanner:240] Skipping MapperFactoryBean with name 'activeHistoryMapper' and 'com.rejoice.active.console.mapper.ActiveHistoryMapper' mapperInterface. Bean already defined with the same name!
[2017-06-21 11:04:11,152][restartedMain][WARN][org.mybatis.spring.mapper.ClassPathMapperScanner:240] Skipping MapperFactoryBean with name 'companyMapper' and 'com.rejoice.active.console.mapper.CompanyMapper' mapperInterface. Bean already defined with the same name!
[2017-06-21 11:04:11,153][restartedMain][WARN][org.mybatis.spring.mapper.ClassPathMapperScanner:240] Skipping MapperFactoryBean with name 'userMapper' and 'com.rejoice.active.console.mapper.UserMapper' mapperInterface. Bean already defined with the same name!
[2017-06-21 11:04:11,153][restartedMain][WARN][org.mybatis.spring.mapper.ClassPathMapperScanner:167] No MyBatis mapper was found in '[com.rejoice.active.console.mapper]' package. Please check your configuration.
[2017-06-21 11:04:21,146][http-nio-8081-exec-3][WARN][com.rejoice.active.console.interceptor.SessionInterceptor:48] visit path[/rejoice/user/30]:no session, redirect to /login
[2017-06-21 11:04:28,080][http-nio-8081-exec-9][WARN][org.springframework.web.servlet.mvc.method.annotation.ExceptionHandlerExceptionResolver:189] Resolved exception caused by Handler execution: org.springframework.web.util.NestedServletException: Handler dispatch failed; nested exception is java.lang.Error: Unresolved compilation problem: 
	The method queryById(Serializable) is undefined for the type BaseService<T>

[2017-06-21 11:04:54,323][restartedMain][WARN][org.mybatis.spring.mapper.ClassPathMapperScanner:240] Skipping MapperFactoryBean with name 'activeHistoryMapper' and 'com.rejoice.active.console.mapper.ActiveHistoryMapper' mapperInterface. Bean already defined with the same name!
[2017-06-21 11:04:54,324][restartedMain][WARN][org.mybatis.spring.mapper.ClassPathMapperScanner:240] Skipping MapperFactoryBean with name 'companyMapper' and 'com.rejoice.active.console.mapper.CompanyMapper' mapperInterface. Bean already defined with the same name!
[2017-06-21 11:04:54,324][restartedMain][WARN][org.mybatis.spring.mapper.ClassPathMapperScanner:240] Skipping MapperFactoryBean with name 'userMapper' and 'com.rejoice.active.console.mapper.UserMapper' mapperInterface. Bean already defined with the same name!
[2017-06-21 11:04:54,324][restartedMain][WARN][org.mybatis.spring.mapper.ClassPathMapperScanner:167] No MyBatis mapper was found in '[com.rejoice.active.console.mapper]' package. Please check your configuration.
[2017-06-21 11:04:58,100][http-nio-8081-exec-3][WARN][com.rejoice.active.console.interceptor.SessionInterceptor:48] visit path[/rejoice/user/23]:no session, redirect to /login
[2017-06-21 11:05:40,638][restartedMain][WARN][org.mybatis.spring.mapper.ClassPathMapperScanner:240] Skipping MapperFactoryBean with name 'activeHistoryMapper' and 'com.rejoice.active.console.mapper.ActiveHistoryMapper' mapperInterface. Bean already defined with the same name!
[2017-06-21 11:05:40,639][restartedMain][WARN][org.mybatis.spring.mapper.ClassPathMapperScanner:240] Skipping MapperFactoryBean with name 'companyMapper' and 'com.rejoice.active.console.mapper.CompanyMapper' mapperInterface. Bean already defined with the same name!
[2017-06-21 11:05:40,639][restartedMain][WARN][org.mybatis.spring.mapper.ClassPathMapperScanner:240] Skipping MapperFactoryBean with name 'userMapper' and 'com.rejoice.active.console.mapper.UserMapper' mapperInterface. Bean already defined with the same name!
[2017-06-21 11:05:40,639][restartedMain][WARN][org.mybatis.spring.mapper.ClassPathMapperScanner:167] No MyBatis mapper was found in '[com.rejoice.active.console.mapper]' package. Please check your configuration.
[2017-06-21 11:06:04,382][restartedMain][WARN][org.mybatis.spring.mapper.ClassPathMapperScanner:240] Skipping MapperFactoryBean with name 'activeHistoryMapper' and 'com.rejoice.active.console.mapper.ActiveHistoryMapper' mapperInterface. Bean already defined with the same name!
[2017-06-21 11:06:04,382][restartedMain][WARN][org.mybatis.spring.mapper.ClassPathMapperScanner:240] Skipping MapperFactoryBean with name 'companyMapper' and 'com.rejoice.active.console.mapper.CompanyMapper' mapperInterface. Bean already defined with the same name!
[2017-06-21 11:06:04,382][restartedMain][WARN][org.mybatis.spring.mapper.ClassPathMapperScanner:240] Skipping MapperFactoryBean with name 'userMapper' and 'com.rejoice.active.console.mapper.UserMapper' mapperInterface. Bean already defined with the same name!
[2017-06-21 11:06:04,382][restartedMain][WARN][org.mybatis.spring.mapper.ClassPathMapperScanner:167] No MyBatis mapper was found in '[com.rejoice.active.console.mapper]' package. Please check your configuration.
[2017-06-21 11:06:15,265][restartedMain][WARN][org.mybatis.spring.mapper.ClassPathMapperScanner:240] Skipping MapperFactoryBean with name 'activeHistoryMapper' and 'com.rejoice.active.console.mapper.ActiveHistoryMapper' mapperInterface. Bean already defined with the same name!
[2017-06-21 11:06:15,266][restartedMain][WARN][org.mybatis.spring.mapper.ClassPathMapperScanner:240] Skipping MapperFactoryBean with name 'companyMapper' and 'com.rejoice.active.console.mapper.CompanyMapper' mapperInterface. Bean already defined with the same name!
[2017-06-21 11:06:15,266][restartedMain][WARN][org.mybatis.spring.mapper.ClassPathMapperScanner:240] Skipping MapperFactoryBean with name 'userMapper' and 'com.rejoice.active.console.mapper.UserMapper' mapperInterface. Bean already defined with the same name!
[2017-06-21 11:06:15,266][restartedMain][WARN][org.mybatis.spring.mapper.ClassPathMapperScanner:167] No MyBatis mapper was found in '[com.rejoice.active.console.mapper]' package. Please check your configuration.
[2017-06-21 11:06:25,625][restartedMain][WARN][org.mybatis.spring.mapper.ClassPathMapperScanner:240] Skipping MapperFactoryBean with name 'activeHistoryMapper' and 'com.rejoice.active.console.mapper.ActiveHistoryMapper' mapperInterface. Bean already defined with the same name!
[2017-06-21 11:06:25,625][restartedMain][WARN][org.mybatis.spring.mapper.ClassPathMapperScanner:240] Skipping MapperFactoryBean with name 'companyMapper' and 'com.rejoice.active.console.mapper.CompanyMapper' mapperInterface. Bean already defined with the same name!
[2017-06-21 11:06:25,625][restartedMain][WARN][org.mybatis.spring.mapper.ClassPathMapperScanner:240] Skipping MapperFactoryBean with name 'userMapper' and 'com.rejoice.active.console.mapper.UserMapper' mapperInterface. Bean already defined with the same name!
[2017-06-21 11:06:25,625][restartedMain][WARN][org.mybatis.spring.mapper.ClassPathMapperScanner:167] No MyBatis mapper was found in '[com.rejoice.active.console.mapper]' package. Please check your configuration.
[2017-06-21 11:07:06,511][restartedMain][WARN][org.mybatis.spring.mapper.ClassPathMapperScanner:240] Skipping MapperFactoryBean with name 'activeHistoryMapper' and 'com.rejoice.active.console.mapper.ActiveHistoryMapper' mapperInterface. Bean already defined with the same name!
[2017-06-21 11:07:06,512][restartedMain][WARN][org.mybatis.spring.mapper.ClassPathMapperScanner:240] Skipping MapperFactoryBean with name 'companyMapper' and 'com.rejoice.active.console.mapper.CompanyMapper' mapperInterface. Bean already defined with the same name!
[2017-06-21 11:07:06,512][restartedMain][WARN][org.mybatis.spring.mapper.ClassPathMapperScanner:240] Skipping MapperFactoryBean with name 'userMapper' and 'com.rejoice.active.console.mapper.UserMapper' mapperInterface. Bean already defined with the same name!
[2017-06-21 11:07:06,512][restartedMain][WARN][org.mybatis.spring.mapper.ClassPathMapperScanner:167] No MyBatis mapper was found in '[com.rejoice.active.console.mapper]' package. Please check your configuration.
[2017-06-21 11:07:13,462][http-nio-8081-exec-4][WARN][com.rejoice.active.console.interceptor.SessionInterceptor:48] visit path[/rejoice/]:no session, redirect to /login
[2017-06-21 11:08:29,958][restartedMain][WARN][org.mybatis.spring.mapper.ClassPathMapperScanner:240] Skipping MapperFactoryBean with name 'activeHistoryMapper' and 'com.rejoice.active.console.mapper.ActiveHistoryMapper' mapperInterface. Bean already defined with the same name!
[2017-06-21 11:08:29,959][restartedMain][WARN][org.mybatis.spring.mapper.ClassPathMapperScanner:240] Skipping MapperFactoryBean with name 'companyMapper' and 'com.rejoice.active.console.mapper.CompanyMapper' mapperInterface. Bean already defined with the same name!
[2017-06-21 11:08:29,959][restartedMain][WARN][org.mybatis.spring.mapper.ClassPathMapperScanner:240] Skipping MapperFactoryBean with name 'userMapper' and 'com.rejoice.active.console.mapper.UserMapper' mapperInterface. Bean already defined with the same name!
[2017-06-21 11:08:29,959][restartedMain][WARN][org.mybatis.spring.mapper.ClassPathMapperScanner:167] No MyBatis mapper was found in '[com.rejoice.active.console.mapper]' package. Please check your configuration.
[2017-06-21 11:08:38,000][http-nio-8081-exec-1][WARN][com.rejoice.active.console.interceptor.SessionInterceptor:48] visit path[/rejoice/home]:no session, redirect to /login
[2017-06-21 11:08:56,380][restartedMain][WARN][org.mybatis.spring.mapper.ClassPathMapperScanner:240] Skipping MapperFactoryBean with name 'activeHistoryMapper' and 'com.rejoice.active.console.mapper.ActiveHistoryMapper' mapperInterface. Bean already defined with the same name!
[2017-06-21 11:08:56,380][restartedMain][WARN][org.mybatis.spring.mapper.ClassPathMapperScanner:240] Skipping MapperFactoryBean with name 'companyMapper' and 'com.rejoice.active.console.mapper.CompanyMapper' mapperInterface. Bean already defined with the same name!
[2017-06-21 11:08:56,380][restartedMain][WARN][org.mybatis.spring.mapper.ClassPathMapperScanner:240] Skipping MapperFactoryBean with name 'userMapper' and 'com.rejoice.active.console.mapper.UserMapper' mapperInterface. Bean already defined with the same name!
[2017-06-21 11:08:56,380][restartedMain][WARN][org.mybatis.spring.mapper.ClassPathMapperScanner:167] No MyBatis mapper was found in '[com.rejoice.active.console.mapper]' package. Please check your configuration.
[2017-06-21 11:08:57,374][http-nio-8081-exec-1][WARN][com.rejoice.active.console.interceptor.SessionInterceptor:48] visit path[/rejoice/user/12]:no session, redirect to /login
[2017-06-21 11:09:05,191][http-nio-8081-exec-6][WARN][com.rejoice.active.console.interceptor.SessionInterceptor:48] visit path[/rejoice/]:no session, redirect to /login
[2017-06-21 16:31:29,579][restartedMain][WARN][org.mybatis.spring.mapper.ClassPathMapperScanner:240] Skipping MapperFactoryBean with name 'activeHistoryMapper' and 'com.rejoice.active.console.mapper.ActiveHistoryMapper' mapperInterface. Bean already defined with the same name!
[2017-06-21 16:31:29,582][restartedMain][WARN][org.mybatis.spring.mapper.ClassPathMapperScanner:240] Skipping MapperFactoryBean with name 'companyMapper' and 'com.rejoice.active.console.mapper.CompanyMapper' mapperInterface. Bean already defined with the same name!
[2017-06-21 16:31:29,582][restartedMain][WARN][org.mybatis.spring.mapper.ClassPathMapperScanner:240] Skipping MapperFactoryBean with name 'userMapper' and 'com.rejoice.active.console.mapper.UserMapper' mapperInterface. Bean already defined with the same name!
[2017-06-21 16:31:29,582][restartedMain][WARN][org.mybatis.spring.mapper.ClassPathMapperScanner:167] No MyBatis mapper was found in '[com.rejoice.active.console.mapper]' package. Please check your configuration.
[2017-06-21 16:31:32,964][restartedMain][WARN][org.springframework.boot.devtools.autoconfigure.OptionalLiveReloadServer:62] Unable to start LiveReload server
[2017-06-21 16:32:19,881][restartedMain][WARN][org.mybatis.spring.mapper.ClassPathMapperScanner:240] Skipping MapperFactoryBean with name 'activeHistoryMapper' and 'com.rejoice.active.console.mapper.ActiveHistoryMapper' mapperInterface. Bean already defined with the same name!
[2017-06-21 16:32:19,881][restartedMain][WARN][org.mybatis.spring.mapper.ClassPathMapperScanner:240] Skipping MapperFactoryBean with name 'companyMapper' and 'com.rejoice.active.console.mapper.CompanyMapper' mapperInterface. Bean already defined with the same name!
[2017-06-21 16:32:19,881][restartedMain][WARN][org.mybatis.spring.mapper.ClassPathMapperScanner:240] Skipping MapperFactoryBean with name 'userMapper' and 'com.rejoice.active.console.mapper.UserMapper' mapperInterface. Bean already defined with the same name!
[2017-06-21 16:32:19,881][restartedMain][WARN][org.mybatis.spring.mapper.ClassPathMapperScanner:167] No MyBatis mapper was found in '[com.rejoice.active.console.mapper]' package. Please check your configuration.
[2017-06-21 16:34:33,776][restartedMain][WARN][org.mybatis.spring.mapper.ClassPathMapperScanner:240] Skipping MapperFactoryBean with name 'activeHistoryMapper' and 'com.rejoice.active.console.mapper.ActiveHistoryMapper' mapperInterface. Bean already defined with the same name!
[2017-06-21 16:34:33,776][restartedMain][WARN][org.mybatis.spring.mapper.ClassPathMapperScanner:240] Skipping MapperFactoryBean with name 'companyMapper' and 'com.rejoice.active.console.mapper.CompanyMapper' mapperInterface. Bean already defined with the same name!
[2017-06-21 16:34:33,786][restartedMain][WARN][org.mybatis.spring.mapper.ClassPathMapperScanner:240] Skipping MapperFactoryBean with name 'userMapper' and 'com.rejoice.active.console.mapper.UserMapper' mapperInterface. Bean already defined with the same name!
[2017-06-21 16:34:33,786][restartedMain][WARN][org.mybatis.spring.mapper.ClassPathMapperScanner:167] No MyBatis mapper was found in '[com.rejoice.active.console.mapper]' package. Please check your configuration.
[2017-06-21 17:45:32,645][restartedMain][WARN][org.mybatis.spring.mapper.ClassPathMapperScanner:240] Skipping MapperFactoryBean with name 'activeHistoryMapper' and 'com.rejoice.active.console.mapper.ActiveHistoryMapper' mapperInterface. Bean already defined with the same name!
[2017-06-21 17:45:32,645][restartedMain][WARN][org.mybatis.spring.mapper.ClassPathMapperScanner:240] Skipping MapperFactoryBean with name 'companyMapper' and 'com.rejoice.active.console.mapper.CompanyMapper' mapperInterface. Bean already defined with the same name!
[2017-06-21 17:45:32,645][restartedMain][WARN][org.mybatis.spring.mapper.ClassPathMapperScanner:240] Skipping MapperFactoryBean with name 'userMapper' and 'com.rejoice.active.console.mapper.UserMapper' mapperInterface. Bean already defined with the same name!
[2017-06-21 17:45:32,645][restartedMain][WARN][org.mybatis.spring.mapper.ClassPathMapperScanner:167] No MyBatis mapper was found in '[com.rejoice.active.console.mapper]' package. Please check your configuration.
[2017-06-21 17:45:37,064][http-nio-8081-exec-1][WARN][com.rejoice.active.console.interceptor.SessionInterceptor:48] visit path[/rejoice/]:no session, redirect to /login
[2017-06-21 17:46:28,462][http-nio-8081-exec-3][WARN][org.springframework.web.servlet.PageNotFound:215] Request method 'DELETE' not supported
[2017-06-21 17:46:28,464][http-nio-8081-exec-3][WARN][org.springframework.web.servlet.mvc.support.DefaultHandlerExceptionResolver:189] Resolved exception caused by Handler execution: org.springframework.web.HttpRequestMethodNotSupportedException: Request method 'DELETE' not supported
