[2017-06-17 01:00:35,945][http-nio-8081-exec-1][WARN][com.rejoice.active.console.interceptor.SessionInterceptor:48] visit path[/rejoice/download]:no session, redirect to /login
[2017-06-17 01:00:53,970][restartedMain][WARN][org.mybatis.spring.mapper.ClassPathMapperScanner:240] Skipping MapperFactoryBean with name 'activeHistoryMapper' and 'com.rejoice.active.console.mapper.ActiveHistoryMapper' mapperInterface. Bean already defined with the same name!
[2017-06-17 01:00:53,971][restartedMain][WARN][org.mybatis.spring.mapper.ClassPathMapperScanner:240] Skipping MapperFactoryBean with name 'companyMapper' and 'com.rejoice.active.console.mapper.CompanyMapper' mapperInterface. Bean already defined with the same name!
[2017-06-17 01:00:53,971][restartedMain][WARN][org.mybatis.spring.mapper.ClassPathMapperScanner:240] Skipping MapperFactoryBean with name 'userMapper' and 'com.rejoice.active.console.mapper.UserMapper' mapperInterface. Bean already defined with the same name!
[2017-06-17 01:00:53,971][restartedMain][WARN][org.mybatis.spring.mapper.ClassPathMapperScanner:167] No MyBatis mapper was found in '[com.rejoice.active.console.mapper]' package. Please check your configuration.
[2017-06-17 01:01:07,816][http-nio-8081-exec-1][WARN][com.rejoice.active.console.interceptor.SessionInterceptor:48] visit path[/rejoice/download.pdf]:no session, redirect to /login
[2017-06-17 01:02:16,995][restartedMain][WARN][org.mybatis.spring.mapper.ClassPathMapperScanner:240] Skipping MapperFactoryBean with name 'activeHistoryMapper' and 'com.rejoice.active.console.mapper.ActiveHistoryMapper' mapperInterface. Bean already defined with the same name!
[2017-06-17 01:02:17,003][restartedMain][WARN][org.mybatis.spring.mapper.ClassPathMapperScanner:240] Skipping MapperFactoryBean with name 'companyMapper' and 'com.rejoice.active.console.mapper.CompanyMapper' mapperInterface. Bean already defined with the same name!
[2017-06-17 01:02:17,003][restartedMain][WARN][org.mybatis.spring.mapper.ClassPathMapperScanner:240] Skipping MapperFactoryBean with name 'userMapper' and 'com.rejoice.active.console.mapper.UserMapper' mapperInterface. Bean already defined with the same name!
[2017-06-17 01:02:17,003][restartedMain][WARN][org.mybatis.spring.mapper.ClassPathMapperScanner:167] No MyBatis mapper was found in '[com.rejoice.active.console.mapper]' package. Please check your configuration.
[2017-06-17 01:02:22,932][http-nio-8081-exec-3][WARN][com.rejoice.active.console.interceptor.SessionInterceptor:48] visit path[/rejoice/download.pdf]:no session, redirect to /login
[2017-06-17 01:02:23,362][http-nio-8081-exec-6][WARN][com.rejoice.active.console.interceptor.SessionInterceptor:48] visit path[/rejoice/a.pdf]:no session, redirect to /login
[2017-06-17 01:02:31,737][http-nio-8081-exec-10][WARN][org.apache.catalina.connector.CoyoteAdapter:181] Exception while attempting to add an entry to the access log
java.lang.NullPointerException: null
	at org.apache.catalina.connector.CoyoteAdapter.log(CoyoteAdapter.java:468) [tomcat-embed-core-8.5.14.jar:8.5.14]
	at org.apache.coyote.http11.Http11Processor.service(Http11Processor.java:829) [tomcat-embed-core-8.5.14.jar:8.5.14]
	at org.apache.coyote.AbstractProcessorLight.process(AbstractProcessorLight.java:66) [tomcat-embed-core-8.5.14.jar:8.5.14]
	at org.apache.coyote.AbstractProtocol$ConnectionHandler.process(AbstractProtocol.java:861) [tomcat-embed-core-8.5.14.jar:8.5.14]
	at org.apache.tomcat.util.net.NioEndpoint$SocketProcessor.doRun(NioEndpoint.java:1455) [tomcat-embed-core-8.5.14.jar:8.5.14]
	at org.apache.tomcat.util.net.SocketProcessorBase.run(SocketProcessorBase.java:49) [tomcat-embed-core-8.5.14.jar:8.5.14]
	at java.util.concurrent.ThreadPoolExecutor.runWorker(ThreadPoolExecutor.java:1142) [?:1.8.0_05]
	at java.util.concurrent.ThreadPoolExecutor$Worker.run(ThreadPoolExecutor.java:617) [?:1.8.0_05]
	at org.apache.tomcat.util.threads.TaskThread$WrappingRunnable.run(TaskThread.java:61) [tomcat-embed-core-8.5.14.jar:8.5.14]
	at java.lang.Thread.run(Thread.java:745) [?:1.8.0_05]
[2017-06-17 01:03:37,019][restartedMain][WARN][org.mybatis.spring.mapper.ClassPathMapperScanner:240] Skipping MapperFactoryBean with name 'activeHistoryMapper' and 'com.rejoice.active.console.mapper.ActiveHistoryMapper' mapperInterface. Bean already defined with the same name!
[2017-06-17 01:03:37,019][restartedMain][WARN][org.mybatis.spring.mapper.ClassPathMapperScanner:240] Skipping MapperFactoryBean with name 'companyMapper' and 'com.rejoice.active.console.mapper.CompanyMapper' mapperInterface. Bean already defined with the same name!
[2017-06-17 01:03:37,020][restartedMain][WARN][org.mybatis.spring.mapper.ClassPathMapperScanner:240] Skipping MapperFactoryBean with name 'userMapper' and 'com.rejoice.active.console.mapper.UserMapper' mapperInterface. Bean already defined with the same name!
[2017-06-17 01:03:37,020][restartedMain][WARN][org.mybatis.spring.mapper.ClassPathMapperScanner:167] No MyBatis mapper was found in '[com.rejoice.active.console.mapper]' package. Please check your configuration.
[2017-06-17 01:03:45,436][http-nio-8081-exec-3][WARN][com.rejoice.active.console.interceptor.SessionInterceptor:48] visit path[/rejoice/a.pdf]:no session, redirect to /login
[2017-06-17 01:09:23,634][restartedMain][WARN][org.mybatis.spring.mapper.ClassPathMapperScanner:240] Skipping MapperFactoryBean with name 'activeHistoryMapper' and 'com.rejoice.active.console.mapper.ActiveHistoryMapper' mapperInterface. Bean already defined with the same name!
[2017-06-17 01:09:23,634][restartedMain][WARN][org.mybatis.spring.mapper.ClassPathMapperScanner:240] Skipping MapperFactoryBean with name 'companyMapper' and 'com.rejoice.active.console.mapper.CompanyMapper' mapperInterface. Bean already defined with the same name!
[2017-06-17 01:09:23,634][restartedMain][WARN][org.mybatis.spring.mapper.ClassPathMapperScanner:240] Skipping MapperFactoryBean with name 'userMapper' and 'com.rejoice.active.console.mapper.UserMapper' mapperInterface. Bean already defined with the same name!
[2017-06-17 01:09:23,634][restartedMain][WARN][org.mybatis.spring.mapper.ClassPathMapperScanner:167] No MyBatis mapper was found in '[com.rejoice.active.console.mapper]' package. Please check your configuration.
[2017-06-17 01:09:29,543][http-nio-8081-exec-2][WARN][com.rejoice.active.console.interceptor.SessionInterceptor:48] visit path[/rejoice/a.pdf]:no session, redirect to /login
[2017-06-17 01:09:55,034][restartedMain][WARN][org.mybatis.spring.mapper.ClassPathMapperScanner:240] Skipping MapperFactoryBean with name 'activeHistoryMapper' and 'com.rejoice.active.console.mapper.ActiveHistoryMapper' mapperInterface. Bean already defined with the same name!
[2017-06-17 01:09:55,035][restartedMain][WARN][org.mybatis.spring.mapper.ClassPathMapperScanner:240] Skipping MapperFactoryBean with name 'companyMapper' and 'com.rejoice.active.console.mapper.CompanyMapper' mapperInterface. Bean already defined with the same name!
[2017-06-17 01:09:55,035][restartedMain][WARN][org.mybatis.spring.mapper.ClassPathMapperScanner:240] Skipping MapperFactoryBean with name 'userMapper' and 'com.rejoice.active.console.mapper.UserMapper' mapperInterface. Bean already defined with the same name!
[2017-06-17 01:09:55,035][restartedMain][WARN][org.mybatis.spring.mapper.ClassPathMapperScanner:167] No MyBatis mapper was found in '[com.rejoice.active.console.mapper]' package. Please check your configuration.
[2017-06-17 01:10:52,491][restartedMain][WARN][org.mybatis.spring.mapper.ClassPathMapperScanner:240] Skipping MapperFactoryBean with name 'activeHistoryMapper' and 'com.rejoice.active.console.mapper.ActiveHistoryMapper' mapperInterface. Bean already defined with the same name!
[2017-06-17 01:10:52,491][restartedMain][WARN][org.mybatis.spring.mapper.ClassPathMapperScanner:240] Skipping MapperFactoryBean with name 'companyMapper' and 'com.rejoice.active.console.mapper.CompanyMapper' mapperInterface. Bean already defined with the same name!
[2017-06-17 01:10:52,492][restartedMain][WARN][org.mybatis.spring.mapper.ClassPathMapperScanner:240] Skipping MapperFactoryBean with name 'userMapper' and 'com.rejoice.active.console.mapper.UserMapper' mapperInterface. Bean already defined with the same name!
[2017-06-17 01:10:52,492][restartedMain][WARN][org.mybatis.spring.mapper.ClassPathMapperScanner:167] No MyBatis mapper was found in '[com.rejoice.active.console.mapper]' package. Please check your configuration.
[2017-06-17 01:10:59,194][restartedMain][WARN][org.mybatis.spring.mapper.ClassPathMapperScanner:240] Skipping MapperFactoryBean with name 'activeHistoryMapper' and 'com.rejoice.active.console.mapper.ActiveHistoryMapper' mapperInterface. Bean already defined with the same name!
[2017-06-17 01:10:59,194][restartedMain][WARN][org.mybatis.spring.mapper.ClassPathMapperScanner:240] Skipping MapperFactoryBean with name 'companyMapper' and 'com.rejoice.active.console.mapper.CompanyMapper' mapperInterface. Bean already defined with the same name!
[2017-06-17 01:10:59,195][restartedMain][WARN][org.mybatis.spring.mapper.ClassPathMapperScanner:240] Skipping MapperFactoryBean with name 'userMapper' and 'com.rejoice.active.console.mapper.UserMapper' mapperInterface. Bean already defined with the same name!
[2017-06-17 01:10:59,195][restartedMain][WARN][org.mybatis.spring.mapper.ClassPathMapperScanner:167] No MyBatis mapper was found in '[com.rejoice.active.console.mapper]' package. Please check your configuration.
[2017-06-17 01:11:10,004][http-nio-8081-exec-2][WARN][com.rejoice.active.console.interceptor.SessionInterceptor:48] visit path[/rejoice/]:no session, redirect to /login
[2017-06-17 01:11:30,288][restartedMain][WARN][org.mybatis.spring.mapper.ClassPathMapperScanner:240] Skipping MapperFactoryBean with name 'activeHistoryMapper' and 'com.rejoice.active.console.mapper.ActiveHistoryMapper' mapperInterface. Bean already defined with the same name!
[2017-06-17 01:11:30,288][restartedMain][WARN][org.mybatis.spring.mapper.ClassPathMapperScanner:240] Skipping MapperFactoryBean with name 'companyMapper' and 'com.rejoice.active.console.mapper.CompanyMapper' mapperInterface. Bean already defined with the same name!
[2017-06-17 01:11:30,288][restartedMain][WARN][org.mybatis.spring.mapper.ClassPathMapperScanner:240] Skipping MapperFactoryBean with name 'userMapper' and 'com.rejoice.active.console.mapper.UserMapper' mapperInterface. Bean already defined with the same name!
[2017-06-17 01:11:30,289][restartedMain][WARN][org.mybatis.spring.mapper.ClassPathMapperScanner:167] No MyBatis mapper was found in '[com.rejoice.active.console.mapper]' package. Please check your configuration.
[2017-06-17 01:11:31,437][http-nio-8081-exec-1][WARN][com.rejoice.active.console.interceptor.SessionInterceptor:48] visit path[/rejoice/simpleForm.ftl]:no session, redirect to /login
[2017-06-17 01:14:44,363][restartedMain][WARN][org.mybatis.spring.mapper.ClassPathMapperScanner:240] Skipping MapperFactoryBean with name 'activeHistoryMapper' and 'com.rejoice.active.console.mapper.ActiveHistoryMapper' mapperInterface. Bean already defined with the same name!
[2017-06-17 01:14:44,363][restartedMain][WARN][org.mybatis.spring.mapper.ClassPathMapperScanner:240] Skipping MapperFactoryBean with name 'companyMapper' and 'com.rejoice.active.console.mapper.CompanyMapper' mapperInterface. Bean already defined with the same name!
[2017-06-17 01:14:44,363][restartedMain][WARN][org.mybatis.spring.mapper.ClassPathMapperScanner:240] Skipping MapperFactoryBean with name 'userMapper' and 'com.rejoice.active.console.mapper.UserMapper' mapperInterface. Bean already defined with the same name!
[2017-06-17 01:14:44,363][restartedMain][WARN][org.mybatis.spring.mapper.ClassPathMapperScanner:167] No MyBatis mapper was found in '[com.rejoice.active.console.mapper]' package. Please check your configuration.
[2017-06-17 01:14:46,879][http-nio-8081-exec-3][WARN][com.rejoice.active.console.interceptor.SessionInterceptor:48] visit path[/rejoice/pdf/simpleForm.pdf]:no session, redirect to /login
[2017-06-17 01:16:27,844][restartedMain][WARN][org.mybatis.spring.mapper.ClassPathMapperScanner:240] Skipping MapperFactoryBean with name 'activeHistoryMapper' and 'com.rejoice.active.console.mapper.ActiveHistoryMapper' mapperInterface. Bean already defined with the same name!
[2017-06-17 01:16:27,844][restartedMain][WARN][org.mybatis.spring.mapper.ClassPathMapperScanner:240] Skipping MapperFactoryBean with name 'companyMapper' and 'com.rejoice.active.console.mapper.CompanyMapper' mapperInterface. Bean already defined with the same name!
[2017-06-17 01:16:27,844][restartedMain][WARN][org.mybatis.spring.mapper.ClassPathMapperScanner:240] Skipping MapperFactoryBean with name 'userMapper' and 'com.rejoice.active.console.mapper.UserMapper' mapperInterface. Bean already defined with the same name!
[2017-06-17 01:16:27,844][restartedMain][WARN][org.mybatis.spring.mapper.ClassPathMapperScanner:167] No MyBatis mapper was found in '[com.rejoice.active.console.mapper]' package. Please check your configuration.
[2017-06-17 01:16:32,572][http-nio-8081-exec-1][WARN][com.rejoice.active.console.interceptor.SessionInterceptor:48] visit path[/rejoice/pdf/simpleForm.pdf]:no session, redirect to /login
[2017-06-17 01:17:00,697][restartedMain][WARN][org.mybatis.spring.mapper.ClassPathMapperScanner:240] Skipping MapperFactoryBean with name 'activeHistoryMapper' and 'com.rejoice.active.console.mapper.ActiveHistoryMapper' mapperInterface. Bean already defined with the same name!
[2017-06-17 01:17:00,697][restartedMain][WARN][org.mybatis.spring.mapper.ClassPathMapperScanner:240] Skipping MapperFactoryBean with name 'companyMapper' and 'com.rejoice.active.console.mapper.CompanyMapper' mapperInterface. Bean already defined with the same name!
[2017-06-17 01:17:00,697][restartedMain][WARN][org.mybatis.spring.mapper.ClassPathMapperScanner:240] Skipping MapperFactoryBean with name 'userMapper' and 'com.rejoice.active.console.mapper.UserMapper' mapperInterface. Bean already defined with the same name!
[2017-06-17 01:17:00,697][restartedMain][WARN][org.mybatis.spring.mapper.ClassPathMapperScanner:167] No MyBatis mapper was found in '[com.rejoice.active.console.mapper]' package. Please check your configuration.
[2017-06-17 01:17:05,436][http-nio-8081-exec-1][WARN][com.rejoice.active.console.interceptor.SessionInterceptor:48] visit path[/rejoice/pdf/simpleForm.pdf]:no session, redirect to /login
[2017-06-17 01:17:39,241][restartedMain][WARN][org.mybatis.spring.mapper.ClassPathMapperScanner:240] Skipping MapperFactoryBean with name 'activeHistoryMapper' and 'com.rejoice.active.console.mapper.ActiveHistoryMapper' mapperInterface. Bean already defined with the same name!
[2017-06-17 01:17:39,242][restartedMain][WARN][org.mybatis.spring.mapper.ClassPathMapperScanner:240] Skipping MapperFactoryBean with name 'companyMapper' and 'com.rejoice.active.console.mapper.CompanyMapper' mapperInterface. Bean already defined with the same name!
[2017-06-17 01:17:39,242][restartedMain][WARN][org.mybatis.spring.mapper.ClassPathMapperScanner:240] Skipping MapperFactoryBean with name 'userMapper' and 'com.rejoice.active.console.mapper.UserMapper' mapperInterface. Bean already defined with the same name!
[2017-06-17 01:17:39,242][restartedMain][WARN][org.mybatis.spring.mapper.ClassPathMapperScanner:167] No MyBatis mapper was found in '[com.rejoice.active.console.mapper]' package. Please check your configuration.
[2017-06-17 01:17:45,005][http-nio-8081-exec-1][WARN][com.rejoice.active.console.interceptor.SessionInterceptor:48] visit path[/rejoice/pdf/a.pdf]:no session, redirect to /login
[2017-06-17 01:27:31,468][http-nio-8081-exec-8][WARN][org.springframework.web.servlet.mvc.method.annotation.ExceptionHandlerExceptionResolver:189] Resolved exception caused by Handler execution: org.springframework.beans.BeanInstantiationException: Failed to instantiate [java.io.Serializable]: Specified class is an interface
[2017-06-17 01:27:42,079][http-nio-8081-exec-8][WARN][com.rejoice.active.console.interceptor.SessionInterceptor:48] visit path[/rejoice/user/list.html]:no session, redirect to /login
[2017-06-17 01:31:08,925][restartedMain][WARN][org.mybatis.spring.mapper.ClassPathMapperScanner:240] Skipping MapperFactoryBean with name 'activeHistoryMapper' and 'com.rejoice.active.console.mapper.ActiveHistoryMapper' mapperInterface. Bean already defined with the same name!
[2017-06-17 01:31:08,925][restartedMain][WARN][org.mybatis.spring.mapper.ClassPathMapperScanner:240] Skipping MapperFactoryBean with name 'companyMapper' and 'com.rejoice.active.console.mapper.CompanyMapper' mapperInterface. Bean already defined with the same name!
[2017-06-17 01:31:08,926][restartedMain][WARN][org.mybatis.spring.mapper.ClassPathMapperScanner:240] Skipping MapperFactoryBean with name 'userMapper' and 'com.rejoice.active.console.mapper.UserMapper' mapperInterface. Bean already defined with the same name!
[2017-06-17 01:31:08,926][restartedMain][WARN][org.mybatis.spring.mapper.ClassPathMapperScanner:167] No MyBatis mapper was found in '[com.rejoice.active.console.mapper]' package. Please check your configuration.
[2017-06-17 01:31:50,543][restartedMain][WARN][org.mybatis.spring.mapper.ClassPathMapperScanner:240] Skipping MapperFactoryBean with name 'activeHistoryMapper' and 'com.rejoice.active.console.mapper.ActiveHistoryMapper' mapperInterface. Bean already defined with the same name!
[2017-06-17 01:31:50,543][restartedMain][WARN][org.mybatis.spring.mapper.ClassPathMapperScanner:240] Skipping MapperFactoryBean with name 'companyMapper' and 'com.rejoice.active.console.mapper.CompanyMapper' mapperInterface. Bean already defined with the same name!
[2017-06-17 01:31:50,543][restartedMain][WARN][org.mybatis.spring.mapper.ClassPathMapperScanner:240] Skipping MapperFactoryBean with name 'userMapper' and 'com.rejoice.active.console.mapper.UserMapper' mapperInterface. Bean already defined with the same name!
[2017-06-17 01:31:50,543][restartedMain][WARN][org.mybatis.spring.mapper.ClassPathMapperScanner:167] No MyBatis mapper was found in '[com.rejoice.active.console.mapper]' package. Please check your configuration.
[2017-06-17 01:34:44,304][http-nio-8081-exec-1][WARN][com.rejoice.active.console.interceptor.SessionInterceptor:48] visit path[/rejoice/pdf/a.pdf]:no session, redirect to /login
[2017-06-17 01:36:42,465][http-nio-8081-exec-8][WARN][com.rejoice.active.console.interceptor.SessionInterceptor:48] visit path[/rejoice/pdf/b.pdf]:no session, redirect to /login
[2017-06-17 01:43:04,668][restartedMain][WARN][org.mybatis.spring.mapper.ClassPathMapperScanner:240] Skipping MapperFactoryBean with name 'activeHistoryMapper' and 'com.rejoice.active.console.mapper.ActiveHistoryMapper' mapperInterface. Bean already defined with the same name!
[2017-06-17 01:43:04,668][restartedMain][WARN][org.mybatis.spring.mapper.ClassPathMapperScanner:240] Skipping MapperFactoryBean with name 'companyMapper' and 'com.rejoice.active.console.mapper.CompanyMapper' mapperInterface. Bean already defined with the same name!
[2017-06-17 01:43:04,668][restartedMain][WARN][org.mybatis.spring.mapper.ClassPathMapperScanner:240] Skipping MapperFactoryBean with name 'userMapper' and 'com.rejoice.active.console.mapper.UserMapper' mapperInterface. Bean already defined with the same name!
[2017-06-17 01:43:04,668][restartedMain][WARN][org.mybatis.spring.mapper.ClassPathMapperScanner:167] No MyBatis mapper was found in '[com.rejoice.active.console.mapper]' package. Please check your configuration.
[2017-06-17 01:43:09,054][http-nio-8081-exec-1][WARN][com.rejoice.active.console.interceptor.SessionInterceptor:48] visit path[/rejoice/pdf/b.pdf]:no session, redirect to /login
[2017-06-17 01:43:09,402][http-nio-8081-exec-3][WARN][com.rejoice.active.console.interceptor.SessionInterceptor:48] visit path[/rejoice/pdf/b.pdf]:no session, redirect to /login
[2017-06-17 01:52:36,567][restartedMain][WARN][org.mybatis.spring.mapper.ClassPathMapperScanner:240] Skipping MapperFactoryBean with name 'activeHistoryMapper' and 'com.rejoice.active.console.mapper.ActiveHistoryMapper' mapperInterface. Bean already defined with the same name!
[2017-06-17 01:52:36,568][restartedMain][WARN][org.mybatis.spring.mapper.ClassPathMapperScanner:240] Skipping MapperFactoryBean with name 'companyMapper' and 'com.rejoice.active.console.mapper.CompanyMapper' mapperInterface. Bean already defined with the same name!
[2017-06-17 01:52:36,568][restartedMain][WARN][org.mybatis.spring.mapper.ClassPathMapperScanner:240] Skipping MapperFactoryBean with name 'userMapper' and 'com.rejoice.active.console.mapper.UserMapper' mapperInterface. Bean already defined with the same name!
[2017-06-17 01:52:36,568][restartedMain][WARN][org.mybatis.spring.mapper.ClassPathMapperScanner:167] No MyBatis mapper was found in '[com.rejoice.active.console.mapper]' package. Please check your configuration.
[2017-06-17 01:52:48,681][http-nio-8081-exec-1][WARN][com.rejoice.active.console.interceptor.SessionInterceptor:48] visit path[/rejoice/pdf/a.pdf]:no session, redirect to /login
[2017-06-17 11:20:22,484][http-nio-8081-exec-7][WARN][com.rejoice.active.console.interceptor.SessionInterceptor:48] visit path[/rejoice/pdf/a.pdf]:no session, redirect to /login
[2017-06-17 11:26:48,426][http-nio-8081-exec-4][WARN][com.rejoice.active.console.interceptor.SessionInterceptor:48] visit path[/rejoice/pdf/a.pdf]:no session, redirect to /login
[2017-06-17 12:25:12,844][restartedMain][WARN][org.mybatis.spring.mapper.ClassPathMapperScanner:240] Skipping MapperFactoryBean with name 'activeHistoryMapper' and 'com.rejoice.active.console.mapper.ActiveHistoryMapper' mapperInterface. Bean already defined with the same name!
[2017-06-17 12:25:12,845][restartedMain][WARN][org.mybatis.spring.mapper.ClassPathMapperScanner:240] Skipping MapperFactoryBean with name 'companyMapper' and 'com.rejoice.active.console.mapper.CompanyMapper' mapperInterface. Bean already defined with the same name!
[2017-06-17 12:25:12,845][restartedMain][WARN][org.mybatis.spring.mapper.ClassPathMapperScanner:240] Skipping MapperFactoryBean with name 'userMapper' and 'com.rejoice.active.console.mapper.UserMapper' mapperInterface. Bean already defined with the same name!
[2017-06-17 12:25:12,845][restartedMain][WARN][org.mybatis.spring.mapper.ClassPathMapperScanner:167] No MyBatis mapper was found in '[com.rejoice.active.console.mapper]' package. Please check your configuration.
[2017-06-17 12:25:14,928][http-nio-8081-exec-1][WARN][com.rejoice.active.console.interceptor.SessionInterceptor:48] visit path[/rejoice/pdf/b.pdf]:no session, redirect to /login
[2017-06-17 18:18:03,074][http-nio-8081-exec-6][WARN][com.rejoice.active.console.interceptor.SessionInterceptor:48] visit path[/rejoice/pdf/a.pdf]:no session, redirect to /login
[2017-06-17 18:18:55,797][restartedMain][WARN][org.mybatis.spring.mapper.ClassPathMapperScanner:240] Skipping MapperFactoryBean with name 'activeHistoryMapper' and 'com.rejoice.active.console.mapper.ActiveHistoryMapper' mapperInterface. Bean already defined with the same name!
[2017-06-17 18:18:55,797][restartedMain][WARN][org.mybatis.spring.mapper.ClassPathMapperScanner:240] Skipping MapperFactoryBean with name 'companyMapper' and 'com.rejoice.active.console.mapper.CompanyMapper' mapperInterface. Bean already defined with the same name!
[2017-06-17 18:18:55,803][restartedMain][WARN][org.mybatis.spring.mapper.ClassPathMapperScanner:240] Skipping MapperFactoryBean with name 'userMapper' and 'com.rejoice.active.console.mapper.UserMapper' mapperInterface. Bean already defined with the same name!
[2017-06-17 18:18:55,803][restartedMain][WARN][org.mybatis.spring.mapper.ClassPathMapperScanner:167] No MyBatis mapper was found in '[com.rejoice.active.console.mapper]' package. Please check your configuration.
[2017-06-17 18:18:57,857][http-nio-8081-exec-1][WARN][com.rejoice.active.console.interceptor.SessionInterceptor:48] visit path[/rejoice/home.html]:no session, redirect to /login
