[2017-06-19 08:51:14,788][restartedMain][WARN][org.mybatis.spring.mapper.ClassPathMapperScanner:240] Skipping MapperFactoryBean with name 'activeHistoryMapper' and 'com.rejoice.active.console.mapper.ActiveHistoryMapper' mapperInterface. Bean already defined with the same name!
[2017-06-19 08:51:14,792][restartedMain][WARN][org.mybatis.spring.mapper.ClassPathMapperScanner:240] Skipping MapperFactoryBean with name 'companyMapper' and 'com.rejoice.active.console.mapper.CompanyMapper' mapperInterface. Bean already defined with the same name!
[2017-06-19 08:51:14,792][restartedMain][WARN][org.mybatis.spring.mapper.ClassPathMapperScanner:240] Skipping MapperFactoryBean with name 'userMapper' and 'com.rejoice.active.console.mapper.UserMapper' mapperInterface. Bean already defined with the same name!
[2017-06-19 08:51:14,792][restartedMain][WARN][org.mybatis.spring.mapper.ClassPathMapperScanner:167] No MyBatis mapper was found in '[com.rejoice.active.console.mapper]' package. Please check your configuration.
[2017-06-19 08:54:33,721][restartedMain][WARN][org.mybatis.spring.mapper.ClassPathMapperScanner:240] Skipping MapperFactoryBean with name 'activeHistoryMapper' and 'com.rejoice.active.console.mapper.ActiveHistoryMapper' mapperInterface. Bean already defined with the same name!
[2017-06-19 08:54:33,721][restartedMain][WARN][org.mybatis.spring.mapper.ClassPathMapperScanner:240] Skipping MapperFactoryBean with name 'companyMapper' and 'com.rejoice.active.console.mapper.CompanyMapper' mapperInterface. Bean already defined with the same name!
[2017-06-19 08:54:33,721][restartedMain][WARN][org.mybatis.spring.mapper.ClassPathMapperScanner:240] Skipping MapperFactoryBean with name 'userMapper' and 'com.rejoice.active.console.mapper.UserMapper' mapperInterface. Bean already defined with the same name!
[2017-06-19 08:54:33,721][restartedMain][WARN][org.mybatis.spring.mapper.ClassPathMapperScanner:167] No MyBatis mapper was found in '[com.rejoice.active.console.mapper]' package. Please check your configuration.
[2017-06-19 08:54:40,874][http-nio-8081-exec-1][WARN][com.rejoice.active.console.interceptor.SessionInterceptor:48] visit path[/rejoice/user/list.html]:no session, redirect to /login
[2017-06-19 08:55:22,787][restartedMain][WARN][org.mybatis.spring.mapper.ClassPathMapperScanner:240] Skipping MapperFactoryBean with name 'activeHistoryMapper' and 'com.rejoice.active.console.mapper.ActiveHistoryMapper' mapperInterface. Bean already defined with the same name!
[2017-06-19 08:55:22,787][restartedMain][WARN][org.mybatis.spring.mapper.ClassPathMapperScanner:240] Skipping MapperFactoryBean with name 'companyMapper' and 'com.rejoice.active.console.mapper.CompanyMapper' mapperInterface. Bean already defined with the same name!
[2017-06-19 08:55:22,787][restartedMain][WARN][org.mybatis.spring.mapper.ClassPathMapperScanner:240] Skipping MapperFactoryBean with name 'userMapper' and 'com.rejoice.active.console.mapper.UserMapper' mapperInterface. Bean already defined with the same name!
[2017-06-19 08:55:22,787][restartedMain][WARN][org.mybatis.spring.mapper.ClassPathMapperScanner:167] No MyBatis mapper was found in '[com.rejoice.active.console.mapper]' package. Please check your configuration.
[2017-06-19 08:55:40,711][http-nio-8081-exec-1][WARN][com.rejoice.active.console.interceptor.SessionInterceptor:48] visit path[/rejoice/pdf/b.pdf]:no session, redirect to /login
[2017-06-19 08:56:24,506][restartedMain][WARN][org.mybatis.spring.mapper.ClassPathMapperScanner:240] Skipping MapperFactoryBean with name 'activeHistoryMapper' and 'com.rejoice.active.console.mapper.ActiveHistoryMapper' mapperInterface. Bean already defined with the same name!
[2017-06-19 08:56:24,506][restartedMain][WARN][org.mybatis.spring.mapper.ClassPathMapperScanner:240] Skipping MapperFactoryBean with name 'companyMapper' and 'com.rejoice.active.console.mapper.CompanyMapper' mapperInterface. Bean already defined with the same name!
[2017-06-19 08:56:24,506][restartedMain][WARN][org.mybatis.spring.mapper.ClassPathMapperScanner:240] Skipping MapperFactoryBean with name 'userMapper' and 'com.rejoice.active.console.mapper.UserMapper' mapperInterface. Bean already defined with the same name!
[2017-06-19 08:56:24,506][restartedMain][WARN][org.mybatis.spring.mapper.ClassPathMapperScanner:167] No MyBatis mapper was found in '[com.rejoice.active.console.mapper]' package. Please check your configuration.
[2017-06-19 08:56:25,794][http-nio-8081-exec-2][WARN][com.rejoice.active.console.interceptor.SessionInterceptor:48] visit path[/rejoice/pdf/a.pdf]:no session, redirect to /login
[2017-06-19 08:56:49,878][restartedMain][WARN][org.mybatis.spring.mapper.ClassPathMapperScanner:240] Skipping MapperFactoryBean with name 'activeHistoryMapper' and 'com.rejoice.active.console.mapper.ActiveHistoryMapper' mapperInterface. Bean already defined with the same name!
[2017-06-19 08:56:49,878][restartedMain][WARN][org.mybatis.spring.mapper.ClassPathMapperScanner:240] Skipping MapperFactoryBean with name 'companyMapper' and 'com.rejoice.active.console.mapper.CompanyMapper' mapperInterface. Bean already defined with the same name!
[2017-06-19 08:56:49,878][restartedMain][WARN][org.mybatis.spring.mapper.ClassPathMapperScanner:240] Skipping MapperFactoryBean with name 'userMapper' and 'com.rejoice.active.console.mapper.UserMapper' mapperInterface. Bean already defined with the same name!
[2017-06-19 08:56:49,878][restartedMain][WARN][org.mybatis.spring.mapper.ClassPathMapperScanner:167] No MyBatis mapper was found in '[com.rejoice.active.console.mapper]' package. Please check your configuration.
[2017-06-19 08:57:20,803][restartedMain][WARN][org.mybatis.spring.mapper.ClassPathMapperScanner:240] Skipping MapperFactoryBean with name 'activeHistoryMapper' and 'com.rejoice.active.console.mapper.ActiveHistoryMapper' mapperInterface. Bean already defined with the same name!
[2017-06-19 08:57:20,803][restartedMain][WARN][org.mybatis.spring.mapper.ClassPathMapperScanner:240] Skipping MapperFactoryBean with name 'companyMapper' and 'com.rejoice.active.console.mapper.CompanyMapper' mapperInterface. Bean already defined with the same name!
[2017-06-19 08:57:20,803][restartedMain][WARN][org.mybatis.spring.mapper.ClassPathMapperScanner:240] Skipping MapperFactoryBean with name 'userMapper' and 'com.rejoice.active.console.mapper.UserMapper' mapperInterface. Bean already defined with the same name!
[2017-06-19 08:57:20,803][restartedMain][WARN][org.mybatis.spring.mapper.ClassPathMapperScanner:167] No MyBatis mapper was found in '[com.rejoice.active.console.mapper]' package. Please check your configuration.
[2017-06-19 08:57:29,579][restartedMain][WARN][org.mybatis.spring.mapper.ClassPathMapperScanner:240] Skipping MapperFactoryBean with name 'activeHistoryMapper' and 'com.rejoice.active.console.mapper.ActiveHistoryMapper' mapperInterface. Bean already defined with the same name!
[2017-06-19 08:57:29,580][restartedMain][WARN][org.mybatis.spring.mapper.ClassPathMapperScanner:240] Skipping MapperFactoryBean with name 'companyMapper' and 'com.rejoice.active.console.mapper.CompanyMapper' mapperInterface. Bean already defined with the same name!
[2017-06-19 08:57:29,580][restartedMain][WARN][org.mybatis.spring.mapper.ClassPathMapperScanner:240] Skipping MapperFactoryBean with name 'userMapper' and 'com.rejoice.active.console.mapper.UserMapper' mapperInterface. Bean already defined with the same name!
[2017-06-19 08:57:29,580][restartedMain][WARN][org.mybatis.spring.mapper.ClassPathMapperScanner:167] No MyBatis mapper was found in '[com.rejoice.active.console.mapper]' package. Please check your configuration.
[2017-06-19 08:57:43,137][restartedMain][WARN][org.mybatis.spring.mapper.ClassPathMapperScanner:240] Skipping MapperFactoryBean with name 'activeHistoryMapper' and 'com.rejoice.active.console.mapper.ActiveHistoryMapper' mapperInterface. Bean already defined with the same name!
[2017-06-19 08:57:43,137][restartedMain][WARN][org.mybatis.spring.mapper.ClassPathMapperScanner:240] Skipping MapperFactoryBean with name 'companyMapper' and 'com.rejoice.active.console.mapper.CompanyMapper' mapperInterface. Bean already defined with the same name!
[2017-06-19 08:57:43,138][restartedMain][WARN][org.mybatis.spring.mapper.ClassPathMapperScanner:240] Skipping MapperFactoryBean with name 'userMapper' and 'com.rejoice.active.console.mapper.UserMapper' mapperInterface. Bean already defined with the same name!
[2017-06-19 08:57:43,138][restartedMain][WARN][org.mybatis.spring.mapper.ClassPathMapperScanner:167] No MyBatis mapper was found in '[com.rejoice.active.console.mapper]' package. Please check your configuration.
[2017-06-19 08:58:19,774][restartedMain][WARN][org.mybatis.spring.mapper.ClassPathMapperScanner:240] Skipping MapperFactoryBean with name 'activeHistoryMapper' and 'com.rejoice.active.console.mapper.ActiveHistoryMapper' mapperInterface. Bean already defined with the same name!
[2017-06-19 08:58:19,775][restartedMain][WARN][org.mybatis.spring.mapper.ClassPathMapperScanner:240] Skipping MapperFactoryBean with name 'companyMapper' and 'com.rejoice.active.console.mapper.CompanyMapper' mapperInterface. Bean already defined with the same name!
[2017-06-19 08:58:19,775][restartedMain][WARN][org.mybatis.spring.mapper.ClassPathMapperScanner:240] Skipping MapperFactoryBean with name 'userMapper' and 'com.rejoice.active.console.mapper.UserMapper' mapperInterface. Bean already defined with the same name!
[2017-06-19 08:58:19,775][restartedMain][WARN][org.mybatis.spring.mapper.ClassPathMapperScanner:167] No MyBatis mapper was found in '[com.rejoice.active.console.mapper]' package. Please check your configuration.
[2017-06-19 08:58:21,017][http-nio-8081-exec-1][WARN][com.rejoice.active.console.interceptor.SessionInterceptor:48] visit path[/rejoice/pdf/a.pdf]:no session, redirect to /login
[2017-06-19 08:58:24,161][http-nio-8081-exec-6][WARN][com.rejoice.active.console.interceptor.SessionInterceptor:48] visit path[/rejoice/pdf/a.pdf]:no session, redirect to /login
[2017-06-19 09:03:01,335][restartedMain][WARN][org.mybatis.spring.mapper.ClassPathMapperScanner:240] Skipping MapperFactoryBean with name 'activeHistoryMapper' and 'com.rejoice.active.console.mapper.ActiveHistoryMapper' mapperInterface. Bean already defined with the same name!
[2017-06-19 09:03:01,335][restartedMain][WARN][org.mybatis.spring.mapper.ClassPathMapperScanner:240] Skipping MapperFactoryBean with name 'companyMapper' and 'com.rejoice.active.console.mapper.CompanyMapper' mapperInterface. Bean already defined with the same name!
[2017-06-19 09:03:01,335][restartedMain][WARN][org.mybatis.spring.mapper.ClassPathMapperScanner:240] Skipping MapperFactoryBean with name 'userMapper' and 'com.rejoice.active.console.mapper.UserMapper' mapperInterface. Bean already defined with the same name!
[2017-06-19 09:03:01,335][restartedMain][WARN][org.mybatis.spring.mapper.ClassPathMapperScanner:167] No MyBatis mapper was found in '[com.rejoice.active.console.mapper]' package. Please check your configuration.
[2017-06-19 09:03:07,255][restartedMain][WARN][org.mybatis.spring.mapper.ClassPathMapperScanner:240] Skipping MapperFactoryBean with name 'activeHistoryMapper' and 'com.rejoice.active.console.mapper.ActiveHistoryMapper' mapperInterface. Bean already defined with the same name!
[2017-06-19 09:03:07,256][restartedMain][WARN][org.mybatis.spring.mapper.ClassPathMapperScanner:240] Skipping MapperFactoryBean with name 'companyMapper' and 'com.rejoice.active.console.mapper.CompanyMapper' mapperInterface. Bean already defined with the same name!
[2017-06-19 09:03:07,256][restartedMain][WARN][org.mybatis.spring.mapper.ClassPathMapperScanner:240] Skipping MapperFactoryBean with name 'userMapper' and 'com.rejoice.active.console.mapper.UserMapper' mapperInterface. Bean already defined with the same name!
[2017-06-19 09:03:07,256][restartedMain][WARN][org.mybatis.spring.mapper.ClassPathMapperScanner:167] No MyBatis mapper was found in '[com.rejoice.active.console.mapper]' package. Please check your configuration.
[2017-06-19 09:03:10,963][restartedMain][WARN][org.mybatis.spring.mapper.ClassPathMapperScanner:240] Skipping MapperFactoryBean with name 'activeHistoryMapper' and 'com.rejoice.active.console.mapper.ActiveHistoryMapper' mapperInterface. Bean already defined with the same name!
[2017-06-19 09:03:10,963][restartedMain][WARN][org.mybatis.spring.mapper.ClassPathMapperScanner:240] Skipping MapperFactoryBean with name 'companyMapper' and 'com.rejoice.active.console.mapper.CompanyMapper' mapperInterface. Bean already defined with the same name!
[2017-06-19 09:03:10,963][restartedMain][WARN][org.mybatis.spring.mapper.ClassPathMapperScanner:240] Skipping MapperFactoryBean with name 'userMapper' and 'com.rejoice.active.console.mapper.UserMapper' mapperInterface. Bean already defined with the same name!
[2017-06-19 09:03:10,963][restartedMain][WARN][org.mybatis.spring.mapper.ClassPathMapperScanner:167] No MyBatis mapper was found in '[com.rejoice.active.console.mapper]' package. Please check your configuration.
[2017-06-19 09:03:34,520][restartedMain][WARN][org.mybatis.spring.mapper.ClassPathMapperScanner:240] Skipping MapperFactoryBean with name 'activeHistoryMapper' and 'com.rejoice.active.console.mapper.ActiveHistoryMapper' mapperInterface. Bean already defined with the same name!
[2017-06-19 09:03:34,520][restartedMain][WARN][org.mybatis.spring.mapper.ClassPathMapperScanner:240] Skipping MapperFactoryBean with name 'companyMapper' and 'com.rejoice.active.console.mapper.CompanyMapper' mapperInterface. Bean already defined with the same name!
[2017-06-19 09:03:34,521][restartedMain][WARN][org.mybatis.spring.mapper.ClassPathMapperScanner:240] Skipping MapperFactoryBean with name 'userMapper' and 'com.rejoice.active.console.mapper.UserMapper' mapperInterface. Bean already defined with the same name!
[2017-06-19 09:03:34,521][restartedMain][WARN][org.mybatis.spring.mapper.ClassPathMapperScanner:167] No MyBatis mapper was found in '[com.rejoice.active.console.mapper]' package. Please check your configuration.
[2017-06-19 09:03:43,323][restartedMain][WARN][org.mybatis.spring.mapper.ClassPathMapperScanner:240] Skipping MapperFactoryBean with name 'activeHistoryMapper' and 'com.rejoice.active.console.mapper.ActiveHistoryMapper' mapperInterface. Bean already defined with the same name!
[2017-06-19 09:03:43,323][restartedMain][WARN][org.mybatis.spring.mapper.ClassPathMapperScanner:240] Skipping MapperFactoryBean with name 'companyMapper' and 'com.rejoice.active.console.mapper.CompanyMapper' mapperInterface. Bean already defined with the same name!
[2017-06-19 09:03:43,323][restartedMain][WARN][org.mybatis.spring.mapper.ClassPathMapperScanner:240] Skipping MapperFactoryBean with name 'userMapper' and 'com.rejoice.active.console.mapper.UserMapper' mapperInterface. Bean already defined with the same name!
[2017-06-19 09:03:43,323][restartedMain][WARN][org.mybatis.spring.mapper.ClassPathMapperScanner:167] No MyBatis mapper was found in '[com.rejoice.active.console.mapper]' package. Please check your configuration.
[2017-06-19 09:04:07,173][restartedMain][WARN][org.mybatis.spring.mapper.ClassPathMapperScanner:240] Skipping MapperFactoryBean with name 'activeHistoryMapper' and 'com.rejoice.active.console.mapper.ActiveHistoryMapper' mapperInterface. Bean already defined with the same name!
[2017-06-19 09:04:07,173][restartedMain][WARN][org.mybatis.spring.mapper.ClassPathMapperScanner:240] Skipping MapperFactoryBean with name 'companyMapper' and 'com.rejoice.active.console.mapper.CompanyMapper' mapperInterface. Bean already defined with the same name!
[2017-06-19 09:04:07,173][restartedMain][WARN][org.mybatis.spring.mapper.ClassPathMapperScanner:240] Skipping MapperFactoryBean with name 'userMapper' and 'com.rejoice.active.console.mapper.UserMapper' mapperInterface. Bean already defined with the same name!
[2017-06-19 09:04:07,173][restartedMain][WARN][org.mybatis.spring.mapper.ClassPathMapperScanner:167] No MyBatis mapper was found in '[com.rejoice.active.console.mapper]' package. Please check your configuration.
[2017-06-19 09:04:47,290][restartedMain][WARN][org.mybatis.spring.mapper.ClassPathMapperScanner:240] Skipping MapperFactoryBean with name 'activeHistoryMapper' and 'com.rejoice.active.console.mapper.ActiveHistoryMapper' mapperInterface. Bean already defined with the same name!
[2017-06-19 09:04:47,290][restartedMain][WARN][org.mybatis.spring.mapper.ClassPathMapperScanner:240] Skipping MapperFactoryBean with name 'companyMapper' and 'com.rejoice.active.console.mapper.CompanyMapper' mapperInterface. Bean already defined with the same name!
[2017-06-19 09:04:47,290][restartedMain][WARN][org.mybatis.spring.mapper.ClassPathMapperScanner:240] Skipping MapperFactoryBean with name 'userMapper' and 'com.rejoice.active.console.mapper.UserMapper' mapperInterface. Bean already defined with the same name!
[2017-06-19 09:04:47,290][restartedMain][WARN][org.mybatis.spring.mapper.ClassPathMapperScanner:167] No MyBatis mapper was found in '[com.rejoice.active.console.mapper]' package. Please check your configuration.
[2017-06-19 09:05:06,226][restartedMain][WARN][org.mybatis.spring.mapper.ClassPathMapperScanner:240] Skipping MapperFactoryBean with name 'activeHistoryMapper' and 'com.rejoice.active.console.mapper.ActiveHistoryMapper' mapperInterface. Bean already defined with the same name!
[2017-06-19 09:05:06,226][restartedMain][WARN][org.mybatis.spring.mapper.ClassPathMapperScanner:240] Skipping MapperFactoryBean with name 'companyMapper' and 'com.rejoice.active.console.mapper.CompanyMapper' mapperInterface. Bean already defined with the same name!
[2017-06-19 09:05:06,226][restartedMain][WARN][org.mybatis.spring.mapper.ClassPathMapperScanner:240] Skipping MapperFactoryBean with name 'userMapper' and 'com.rejoice.active.console.mapper.UserMapper' mapperInterface. Bean already defined with the same name!
[2017-06-19 09:05:06,226][restartedMain][WARN][org.mybatis.spring.mapper.ClassPathMapperScanner:167] No MyBatis mapper was found in '[com.rejoice.active.console.mapper]' package. Please check your configuration.
[2017-06-19 09:05:25,353][restartedMain][WARN][org.mybatis.spring.mapper.ClassPathMapperScanner:240] Skipping MapperFactoryBean with name 'activeHistoryMapper' and 'com.rejoice.active.console.mapper.ActiveHistoryMapper' mapperInterface. Bean already defined with the same name!
[2017-06-19 09:05:25,353][restartedMain][WARN][org.mybatis.spring.mapper.ClassPathMapperScanner:240] Skipping MapperFactoryBean with name 'companyMapper' and 'com.rejoice.active.console.mapper.CompanyMapper' mapperInterface. Bean already defined with the same name!
[2017-06-19 09:05:25,353][restartedMain][WARN][org.mybatis.spring.mapper.ClassPathMapperScanner:240] Skipping MapperFactoryBean with name 'userMapper' and 'com.rejoice.active.console.mapper.UserMapper' mapperInterface. Bean already defined with the same name!
[2017-06-19 09:05:25,354][restartedMain][WARN][org.mybatis.spring.mapper.ClassPathMapperScanner:167] No MyBatis mapper was found in '[com.rejoice.active.console.mapper]' package. Please check your configuration.
[2017-06-19 09:05:29,821][restartedMain][WARN][org.mybatis.spring.mapper.ClassPathMapperScanner:240] Skipping MapperFactoryBean with name 'activeHistoryMapper' and 'com.rejoice.active.console.mapper.ActiveHistoryMapper' mapperInterface. Bean already defined with the same name!
[2017-06-19 09:05:29,821][restartedMain][WARN][org.mybatis.spring.mapper.ClassPathMapperScanner:240] Skipping MapperFactoryBean with name 'companyMapper' and 'com.rejoice.active.console.mapper.CompanyMapper' mapperInterface. Bean already defined with the same name!
[2017-06-19 09:05:29,821][restartedMain][WARN][org.mybatis.spring.mapper.ClassPathMapperScanner:240] Skipping MapperFactoryBean with name 'userMapper' and 'com.rejoice.active.console.mapper.UserMapper' mapperInterface. Bean already defined with the same name!
[2017-06-19 09:05:29,821][restartedMain][WARN][org.mybatis.spring.mapper.ClassPathMapperScanner:167] No MyBatis mapper was found in '[com.rejoice.active.console.mapper]' package. Please check your configuration.
[2017-06-19 09:05:36,625][restartedMain][WARN][org.mybatis.spring.mapper.ClassPathMapperScanner:240] Skipping MapperFactoryBean with name 'activeHistoryMapper' and 'com.rejoice.active.console.mapper.ActiveHistoryMapper' mapperInterface. Bean already defined with the same name!
[2017-06-19 09:05:36,625][restartedMain][WARN][org.mybatis.spring.mapper.ClassPathMapperScanner:240] Skipping MapperFactoryBean with name 'companyMapper' and 'com.rejoice.active.console.mapper.CompanyMapper' mapperInterface. Bean already defined with the same name!
[2017-06-19 09:05:36,625][restartedMain][WARN][org.mybatis.spring.mapper.ClassPathMapperScanner:240] Skipping MapperFactoryBean with name 'userMapper' and 'com.rejoice.active.console.mapper.UserMapper' mapperInterface. Bean already defined with the same name!
[2017-06-19 09:05:36,625][restartedMain][WARN][org.mybatis.spring.mapper.ClassPathMapperScanner:167] No MyBatis mapper was found in '[com.rejoice.active.console.mapper]' package. Please check your configuration.
[2017-06-19 09:05:37,718][http-nio-8081-exec-1][WARN][com.rejoice.active.console.interceptor.SessionInterceptor:48] visit path[/rejoice/home]:no session, redirect to /login
[2017-06-19 09:06:58,202][restartedMain][WARN][org.mybatis.spring.mapper.ClassPathMapperScanner:240] Skipping MapperFactoryBean with name 'activeHistoryMapper' and 'com.rejoice.active.console.mapper.ActiveHistoryMapper' mapperInterface. Bean already defined with the same name!
[2017-06-19 09:06:58,202][restartedMain][WARN][org.mybatis.spring.mapper.ClassPathMapperScanner:240] Skipping MapperFactoryBean with name 'companyMapper' and 'com.rejoice.active.console.mapper.CompanyMapper' mapperInterface. Bean already defined with the same name!
[2017-06-19 09:06:58,202][restartedMain][WARN][org.mybatis.spring.mapper.ClassPathMapperScanner:240] Skipping MapperFactoryBean with name 'userMapper' and 'com.rejoice.active.console.mapper.UserMapper' mapperInterface. Bean already defined with the same name!
[2017-06-19 09:06:58,202][restartedMain][WARN][org.mybatis.spring.mapper.ClassPathMapperScanner:167] No MyBatis mapper was found in '[com.rejoice.active.console.mapper]' package. Please check your configuration.
[2017-06-19 09:07:05,220][restartedMain][WARN][org.mybatis.spring.mapper.ClassPathMapperScanner:240] Skipping MapperFactoryBean with name 'activeHistoryMapper' and 'com.rejoice.active.console.mapper.ActiveHistoryMapper' mapperInterface. Bean already defined with the same name!
[2017-06-19 09:07:05,220][restartedMain][WARN][org.mybatis.spring.mapper.ClassPathMapperScanner:240] Skipping MapperFactoryBean with name 'companyMapper' and 'com.rejoice.active.console.mapper.CompanyMapper' mapperInterface. Bean already defined with the same name!
[2017-06-19 09:07:05,220][restartedMain][WARN][org.mybatis.spring.mapper.ClassPathMapperScanner:240] Skipping MapperFactoryBean with name 'userMapper' and 'com.rejoice.active.console.mapper.UserMapper' mapperInterface. Bean already defined with the same name!
[2017-06-19 09:07:05,220][restartedMain][WARN][org.mybatis.spring.mapper.ClassPathMapperScanner:167] No MyBatis mapper was found in '[com.rejoice.active.console.mapper]' package. Please check your configuration.
[2017-06-19 09:07:07,030][http-nio-8081-exec-1][WARN][com.rejoice.active.console.interceptor.SessionInterceptor:48] visit path[/rejoice/download]:no session, redirect to /login
[2017-06-19 09:08:07,692][restartedMain][WARN][org.mybatis.spring.mapper.ClassPathMapperScanner:240] Skipping MapperFactoryBean with name 'activeHistoryMapper' and 'com.rejoice.active.console.mapper.ActiveHistoryMapper' mapperInterface. Bean already defined with the same name!
[2017-06-19 09:08:07,692][restartedMain][WARN][org.mybatis.spring.mapper.ClassPathMapperScanner:240] Skipping MapperFactoryBean with name 'companyMapper' and 'com.rejoice.active.console.mapper.CompanyMapper' mapperInterface. Bean already defined with the same name!
[2017-06-19 09:08:07,692][restartedMain][WARN][org.mybatis.spring.mapper.ClassPathMapperScanner:240] Skipping MapperFactoryBean with name 'userMapper' and 'com.rejoice.active.console.mapper.UserMapper' mapperInterface. Bean already defined with the same name!
[2017-06-19 09:08:07,692][restartedMain][WARN][org.mybatis.spring.mapper.ClassPathMapperScanner:167] No MyBatis mapper was found in '[com.rejoice.active.console.mapper]' package. Please check your configuration.
[2017-06-19 09:10:31,591][restartedMain][WARN][org.mybatis.spring.mapper.ClassPathMapperScanner:240] Skipping MapperFactoryBean with name 'activeHistoryMapper' and 'com.rejoice.active.console.mapper.ActiveHistoryMapper' mapperInterface. Bean already defined with the same name!
[2017-06-19 09:10:31,591][restartedMain][WARN][org.mybatis.spring.mapper.ClassPathMapperScanner:240] Skipping MapperFactoryBean with name 'companyMapper' and 'com.rejoice.active.console.mapper.CompanyMapper' mapperInterface. Bean already defined with the same name!
[2017-06-19 09:10:31,591][restartedMain][WARN][org.mybatis.spring.mapper.ClassPathMapperScanner:240] Skipping MapperFactoryBean with name 'userMapper' and 'com.rejoice.active.console.mapper.UserMapper' mapperInterface. Bean already defined with the same name!
[2017-06-19 09:10:31,591][restartedMain][WARN][org.mybatis.spring.mapper.ClassPathMapperScanner:167] No MyBatis mapper was found in '[com.rejoice.active.console.mapper]' package. Please check your configuration.
[2017-06-19 09:10:32,681][http-nio-8081-exec-1][WARN][com.rejoice.active.console.interceptor.SessionInterceptor:48] visit path[/rejoice/pdf/a.pdf]:no session, redirect to /login
[2017-06-19 09:10:36,813][http-nio-8081-exec-6][WARN][com.rejoice.active.console.interceptor.SessionInterceptor:48] visit path[/rejoice/a.pdf]:no session, redirect to /login
[2017-06-19 09:10:54,333][restartedMain][WARN][org.mybatis.spring.mapper.ClassPathMapperScanner:240] Skipping MapperFactoryBean with name 'activeHistoryMapper' and 'com.rejoice.active.console.mapper.ActiveHistoryMapper' mapperInterface. Bean already defined with the same name!
[2017-06-19 09:10:54,333][restartedMain][WARN][org.mybatis.spring.mapper.ClassPathMapperScanner:240] Skipping MapperFactoryBean with name 'companyMapper' and 'com.rejoice.active.console.mapper.CompanyMapper' mapperInterface. Bean already defined with the same name!
[2017-06-19 09:10:54,334][restartedMain][WARN][org.mybatis.spring.mapper.ClassPathMapperScanner:240] Skipping MapperFactoryBean with name 'userMapper' and 'com.rejoice.active.console.mapper.UserMapper' mapperInterface. Bean already defined with the same name!
[2017-06-19 09:10:54,334][restartedMain][WARN][org.mybatis.spring.mapper.ClassPathMapperScanner:167] No MyBatis mapper was found in '[com.rejoice.active.console.mapper]' package. Please check your configuration.
[2017-06-19 09:11:39,702][restartedMain][WARN][org.mybatis.spring.mapper.ClassPathMapperScanner:240] Skipping MapperFactoryBean with name 'activeHistoryMapper' and 'com.rejoice.active.console.mapper.ActiveHistoryMapper' mapperInterface. Bean already defined with the same name!
[2017-06-19 09:11:39,703][restartedMain][WARN][org.mybatis.spring.mapper.ClassPathMapperScanner:240] Skipping MapperFactoryBean with name 'companyMapper' and 'com.rejoice.active.console.mapper.CompanyMapper' mapperInterface. Bean already defined with the same name!
[2017-06-19 09:11:39,703][restartedMain][WARN][org.mybatis.spring.mapper.ClassPathMapperScanner:240] Skipping MapperFactoryBean with name 'userMapper' and 'com.rejoice.active.console.mapper.UserMapper' mapperInterface. Bean already defined with the same name!
[2017-06-19 09:11:39,703][restartedMain][WARN][org.mybatis.spring.mapper.ClassPathMapperScanner:167] No MyBatis mapper was found in '[com.rejoice.active.console.mapper]' package. Please check your configuration.
[2017-06-19 09:15:52,342][restartedMain][WARN][org.mybatis.spring.mapper.ClassPathMapperScanner:240] Skipping MapperFactoryBean with name 'activeHistoryMapper' and 'com.rejoice.active.console.mapper.ActiveHistoryMapper' mapperInterface. Bean already defined with the same name!
[2017-06-19 09:15:52,343][restartedMain][WARN][org.mybatis.spring.mapper.ClassPathMapperScanner:240] Skipping MapperFactoryBean with name 'companyMapper' and 'com.rejoice.active.console.mapper.CompanyMapper' mapperInterface. Bean already defined with the same name!
[2017-06-19 09:15:52,343][restartedMain][WARN][org.mybatis.spring.mapper.ClassPathMapperScanner:240] Skipping MapperFactoryBean with name 'userMapper' and 'com.rejoice.active.console.mapper.UserMapper' mapperInterface. Bean already defined with the same name!
[2017-06-19 09:15:52,343][restartedMain][WARN][org.mybatis.spring.mapper.ClassPathMapperScanner:167] No MyBatis mapper was found in '[com.rejoice.active.console.mapper]' package. Please check your configuration.
[2017-06-19 09:16:10,073][restartedMain][WARN][org.mybatis.spring.mapper.ClassPathMapperScanner:240] Skipping MapperFactoryBean with name 'activeHistoryMapper' and 'com.rejoice.active.console.mapper.ActiveHistoryMapper' mapperInterface. Bean already defined with the same name!
[2017-06-19 09:16:10,073][restartedMain][WARN][org.mybatis.spring.mapper.ClassPathMapperScanner:240] Skipping MapperFactoryBean with name 'companyMapper' and 'com.rejoice.active.console.mapper.CompanyMapper' mapperInterface. Bean already defined with the same name!
[2017-06-19 09:16:10,073][restartedMain][WARN][org.mybatis.spring.mapper.ClassPathMapperScanner:240] Skipping MapperFactoryBean with name 'userMapper' and 'com.rejoice.active.console.mapper.UserMapper' mapperInterface. Bean already defined with the same name!
[2017-06-19 09:16:10,073][restartedMain][WARN][org.mybatis.spring.mapper.ClassPathMapperScanner:167] No MyBatis mapper was found in '[com.rejoice.active.console.mapper]' package. Please check your configuration.
[2017-06-19 09:16:15,916][restartedMain][WARN][org.mybatis.spring.mapper.ClassPathMapperScanner:240] Skipping MapperFactoryBean with name 'activeHistoryMapper' and 'com.rejoice.active.console.mapper.ActiveHistoryMapper' mapperInterface. Bean already defined with the same name!
[2017-06-19 09:16:15,916][restartedMain][WARN][org.mybatis.spring.mapper.ClassPathMapperScanner:240] Skipping MapperFactoryBean with name 'companyMapper' and 'com.rejoice.active.console.mapper.CompanyMapper' mapperInterface. Bean already defined with the same name!
[2017-06-19 09:16:15,917][restartedMain][WARN][org.mybatis.spring.mapper.ClassPathMapperScanner:240] Skipping MapperFactoryBean with name 'userMapper' and 'com.rejoice.active.console.mapper.UserMapper' mapperInterface. Bean already defined with the same name!
[2017-06-19 09:16:15,917][restartedMain][WARN][org.mybatis.spring.mapper.ClassPathMapperScanner:167] No MyBatis mapper was found in '[com.rejoice.active.console.mapper]' package. Please check your configuration.
[2017-06-19 09:16:40,106][restartedMain][WARN][org.mybatis.spring.mapper.ClassPathMapperScanner:240] Skipping MapperFactoryBean with name 'activeHistoryMapper' and 'com.rejoice.active.console.mapper.ActiveHistoryMapper' mapperInterface. Bean already defined with the same name!
[2017-06-19 09:16:40,107][restartedMain][WARN][org.mybatis.spring.mapper.ClassPathMapperScanner:240] Skipping MapperFactoryBean with name 'companyMapper' and 'com.rejoice.active.console.mapper.CompanyMapper' mapperInterface. Bean already defined with the same name!
[2017-06-19 09:16:40,107][restartedMain][WARN][org.mybatis.spring.mapper.ClassPathMapperScanner:240] Skipping MapperFactoryBean with name 'userMapper' and 'com.rejoice.active.console.mapper.UserMapper' mapperInterface. Bean already defined with the same name!
[2017-06-19 09:16:40,107][restartedMain][WARN][org.mybatis.spring.mapper.ClassPathMapperScanner:167] No MyBatis mapper was found in '[com.rejoice.active.console.mapper]' package. Please check your configuration.
[2017-06-19 09:16:49,280][restartedMain][WARN][org.mybatis.spring.mapper.ClassPathMapperScanner:240] Skipping MapperFactoryBean with name 'activeHistoryMapper' and 'com.rejoice.active.console.mapper.ActiveHistoryMapper' mapperInterface. Bean already defined with the same name!
[2017-06-19 09:16:49,281][restartedMain][WARN][org.mybatis.spring.mapper.ClassPathMapperScanner:240] Skipping MapperFactoryBean with name 'companyMapper' and 'com.rejoice.active.console.mapper.CompanyMapper' mapperInterface. Bean already defined with the same name!
[2017-06-19 09:16:49,281][restartedMain][WARN][org.mybatis.spring.mapper.ClassPathMapperScanner:240] Skipping MapperFactoryBean with name 'userMapper' and 'com.rejoice.active.console.mapper.UserMapper' mapperInterface. Bean already defined with the same name!
[2017-06-19 09:16:49,281][restartedMain][WARN][org.mybatis.spring.mapper.ClassPathMapperScanner:167] No MyBatis mapper was found in '[com.rejoice.active.console.mapper]' package. Please check your configuration.
[2017-06-19 09:16:54,264][restartedMain][WARN][org.mybatis.spring.mapper.ClassPathMapperScanner:240] Skipping MapperFactoryBean with name 'activeHistoryMapper' and 'com.rejoice.active.console.mapper.ActiveHistoryMapper' mapperInterface. Bean already defined with the same name!
[2017-06-19 09:16:54,264][restartedMain][WARN][org.mybatis.spring.mapper.ClassPathMapperScanner:240] Skipping MapperFactoryBean with name 'companyMapper' and 'com.rejoice.active.console.mapper.CompanyMapper' mapperInterface. Bean already defined with the same name!
[2017-06-19 09:16:54,265][restartedMain][WARN][org.mybatis.spring.mapper.ClassPathMapperScanner:240] Skipping MapperFactoryBean with name 'userMapper' and 'com.rejoice.active.console.mapper.UserMapper' mapperInterface. Bean already defined with the same name!
[2017-06-19 09:16:54,265][restartedMain][WARN][org.mybatis.spring.mapper.ClassPathMapperScanner:167] No MyBatis mapper was found in '[com.rejoice.active.console.mapper]' package. Please check your configuration.
[2017-06-19 09:17:03,524][restartedMain][WARN][org.mybatis.spring.mapper.ClassPathMapperScanner:240] Skipping MapperFactoryBean with name 'activeHistoryMapper' and 'com.rejoice.active.console.mapper.ActiveHistoryMapper' mapperInterface. Bean already defined with the same name!
[2017-06-19 09:17:03,524][restartedMain][WARN][org.mybatis.spring.mapper.ClassPathMapperScanner:240] Skipping MapperFactoryBean with name 'companyMapper' and 'com.rejoice.active.console.mapper.CompanyMapper' mapperInterface. Bean already defined with the same name!
[2017-06-19 09:17:03,524][restartedMain][WARN][org.mybatis.spring.mapper.ClassPathMapperScanner:240] Skipping MapperFactoryBean with name 'userMapper' and 'com.rejoice.active.console.mapper.UserMapper' mapperInterface. Bean already defined with the same name!
[2017-06-19 09:17:03,524][restartedMain][WARN][org.mybatis.spring.mapper.ClassPathMapperScanner:167] No MyBatis mapper was found in '[com.rejoice.active.console.mapper]' package. Please check your configuration.
[2017-06-19 09:17:17,287][restartedMain][WARN][org.mybatis.spring.mapper.ClassPathMapperScanner:240] Skipping MapperFactoryBean with name 'activeHistoryMapper' and 'com.rejoice.active.console.mapper.ActiveHistoryMapper' mapperInterface. Bean already defined with the same name!
[2017-06-19 09:17:17,287][restartedMain][WARN][org.mybatis.spring.mapper.ClassPathMapperScanner:240] Skipping MapperFactoryBean with name 'companyMapper' and 'com.rejoice.active.console.mapper.CompanyMapper' mapperInterface. Bean already defined with the same name!
[2017-06-19 09:17:17,288][restartedMain][WARN][org.mybatis.spring.mapper.ClassPathMapperScanner:240] Skipping MapperFactoryBean with name 'userMapper' and 'com.rejoice.active.console.mapper.UserMapper' mapperInterface. Bean already defined with the same name!
[2017-06-19 09:17:17,288][restartedMain][WARN][org.mybatis.spring.mapper.ClassPathMapperScanner:167] No MyBatis mapper was found in '[com.rejoice.active.console.mapper]' package. Please check your configuration.
[2017-06-19 09:17:27,692][restartedMain][WARN][org.mybatis.spring.mapper.ClassPathMapperScanner:240] Skipping MapperFactoryBean with name 'activeHistoryMapper' and 'com.rejoice.active.console.mapper.ActiveHistoryMapper' mapperInterface. Bean already defined with the same name!
[2017-06-19 09:17:27,692][restartedMain][WARN][org.mybatis.spring.mapper.ClassPathMapperScanner:240] Skipping MapperFactoryBean with name 'companyMapper' and 'com.rejoice.active.console.mapper.CompanyMapper' mapperInterface. Bean already defined with the same name!
[2017-06-19 09:17:27,692][restartedMain][WARN][org.mybatis.spring.mapper.ClassPathMapperScanner:240] Skipping MapperFactoryBean with name 'userMapper' and 'com.rejoice.active.console.mapper.UserMapper' mapperInterface. Bean already defined with the same name!
[2017-06-19 09:17:27,693][restartedMain][WARN][org.mybatis.spring.mapper.ClassPathMapperScanner:167] No MyBatis mapper was found in '[com.rejoice.active.console.mapper]' package. Please check your configuration.
[2017-06-19 09:17:40,101][restartedMain][WARN][org.mybatis.spring.mapper.ClassPathMapperScanner:240] Skipping MapperFactoryBean with name 'activeHistoryMapper' and 'com.rejoice.active.console.mapper.ActiveHistoryMapper' mapperInterface. Bean already defined with the same name!
[2017-06-19 09:17:40,101][restartedMain][WARN][org.mybatis.spring.mapper.ClassPathMapperScanner:240] Skipping MapperFactoryBean with name 'companyMapper' and 'com.rejoice.active.console.mapper.CompanyMapper' mapperInterface. Bean already defined with the same name!
[2017-06-19 09:17:40,101][restartedMain][WARN][org.mybatis.spring.mapper.ClassPathMapperScanner:240] Skipping MapperFactoryBean with name 'userMapper' and 'com.rejoice.active.console.mapper.UserMapper' mapperInterface. Bean already defined with the same name!
[2017-06-19 09:17:40,101][restartedMain][WARN][org.mybatis.spring.mapper.ClassPathMapperScanner:167] No MyBatis mapper was found in '[com.rejoice.active.console.mapper]' package. Please check your configuration.
[2017-06-19 09:18:39,625][restartedMain][WARN][org.mybatis.spring.mapper.ClassPathMapperScanner:240] Skipping MapperFactoryBean with name 'activeHistoryMapper' and 'com.rejoice.active.console.mapper.ActiveHistoryMapper' mapperInterface. Bean already defined with the same name!
[2017-06-19 09:18:39,625][restartedMain][WARN][org.mybatis.spring.mapper.ClassPathMapperScanner:240] Skipping MapperFactoryBean with name 'companyMapper' and 'com.rejoice.active.console.mapper.CompanyMapper' mapperInterface. Bean already defined with the same name!
[2017-06-19 09:18:39,625][restartedMain][WARN][org.mybatis.spring.mapper.ClassPathMapperScanner:240] Skipping MapperFactoryBean with name 'userMapper' and 'com.rejoice.active.console.mapper.UserMapper' mapperInterface. Bean already defined with the same name!
[2017-06-19 09:18:39,625][restartedMain][WARN][org.mybatis.spring.mapper.ClassPathMapperScanner:167] No MyBatis mapper was found in '[com.rejoice.active.console.mapper]' package. Please check your configuration.
[2017-06-19 09:18:46,459][restartedMain][WARN][org.mybatis.spring.mapper.ClassPathMapperScanner:240] Skipping MapperFactoryBean with name 'activeHistoryMapper' and 'com.rejoice.active.console.mapper.ActiveHistoryMapper' mapperInterface. Bean already defined with the same name!
[2017-06-19 09:18:46,459][restartedMain][WARN][org.mybatis.spring.mapper.ClassPathMapperScanner:240] Skipping MapperFactoryBean with name 'companyMapper' and 'com.rejoice.active.console.mapper.CompanyMapper' mapperInterface. Bean already defined with the same name!
[2017-06-19 09:18:46,459][restartedMain][WARN][org.mybatis.spring.mapper.ClassPathMapperScanner:240] Skipping MapperFactoryBean with name 'userMapper' and 'com.rejoice.active.console.mapper.UserMapper' mapperInterface. Bean already defined with the same name!
[2017-06-19 09:18:46,459][restartedMain][WARN][org.mybatis.spring.mapper.ClassPathMapperScanner:167] No MyBatis mapper was found in '[com.rejoice.active.console.mapper]' package. Please check your configuration.
[2017-06-19 09:18:53,369][restartedMain][WARN][org.mybatis.spring.mapper.ClassPathMapperScanner:240] Skipping MapperFactoryBean with name 'activeHistoryMapper' and 'com.rejoice.active.console.mapper.ActiveHistoryMapper' mapperInterface. Bean already defined with the same name!
[2017-06-19 09:18:53,369][restartedMain][WARN][org.mybatis.spring.mapper.ClassPathMapperScanner:240] Skipping MapperFactoryBean with name 'companyMapper' and 'com.rejoice.active.console.mapper.CompanyMapper' mapperInterface. Bean already defined with the same name!
[2017-06-19 09:18:53,369][restartedMain][WARN][org.mybatis.spring.mapper.ClassPathMapperScanner:240] Skipping MapperFactoryBean with name 'userMapper' and 'com.rejoice.active.console.mapper.UserMapper' mapperInterface. Bean already defined with the same name!
[2017-06-19 09:18:53,369][restartedMain][WARN][org.mybatis.spring.mapper.ClassPathMapperScanner:167] No MyBatis mapper was found in '[com.rejoice.active.console.mapper]' package. Please check your configuration.
[2017-06-19 09:18:58,207][restartedMain][WARN][org.mybatis.spring.mapper.ClassPathMapperScanner:240] Skipping MapperFactoryBean with name 'activeHistoryMapper' and 'com.rejoice.active.console.mapper.ActiveHistoryMapper' mapperInterface. Bean already defined with the same name!
[2017-06-19 09:18:58,207][restartedMain][WARN][org.mybatis.spring.mapper.ClassPathMapperScanner:240] Skipping MapperFactoryBean with name 'companyMapper' and 'com.rejoice.active.console.mapper.CompanyMapper' mapperInterface. Bean already defined with the same name!
[2017-06-19 09:18:58,207][restartedMain][WARN][org.mybatis.spring.mapper.ClassPathMapperScanner:240] Skipping MapperFactoryBean with name 'userMapper' and 'com.rejoice.active.console.mapper.UserMapper' mapperInterface. Bean already defined with the same name!
[2017-06-19 09:18:58,207][restartedMain][WARN][org.mybatis.spring.mapper.ClassPathMapperScanner:167] No MyBatis mapper was found in '[com.rejoice.active.console.mapper]' package. Please check your configuration.
[2017-06-19 09:19:02,774][restartedMain][WARN][org.mybatis.spring.mapper.ClassPathMapperScanner:240] Skipping MapperFactoryBean with name 'activeHistoryMapper' and 'com.rejoice.active.console.mapper.ActiveHistoryMapper' mapperInterface. Bean already defined with the same name!
[2017-06-19 09:19:02,775][restartedMain][WARN][org.mybatis.spring.mapper.ClassPathMapperScanner:240] Skipping MapperFactoryBean with name 'companyMapper' and 'com.rejoice.active.console.mapper.CompanyMapper' mapperInterface. Bean already defined with the same name!
[2017-06-19 09:19:02,775][restartedMain][WARN][org.mybatis.spring.mapper.ClassPathMapperScanner:240] Skipping MapperFactoryBean with name 'userMapper' and 'com.rejoice.active.console.mapper.UserMapper' mapperInterface. Bean already defined with the same name!
[2017-06-19 09:19:02,775][restartedMain][WARN][org.mybatis.spring.mapper.ClassPathMapperScanner:167] No MyBatis mapper was found in '[com.rejoice.active.console.mapper]' package. Please check your configuration.
[2017-06-19 09:20:15,359][restartedMain][WARN][org.mybatis.spring.mapper.ClassPathMapperScanner:240] Skipping MapperFactoryBean with name 'activeHistoryMapper' and 'com.rejoice.active.console.mapper.ActiveHistoryMapper' mapperInterface. Bean already defined with the same name!
[2017-06-19 09:20:15,359][restartedMain][WARN][org.mybatis.spring.mapper.ClassPathMapperScanner:240] Skipping MapperFactoryBean with name 'companyMapper' and 'com.rejoice.active.console.mapper.CompanyMapper' mapperInterface. Bean already defined with the same name!
[2017-06-19 09:20:15,359][restartedMain][WARN][org.mybatis.spring.mapper.ClassPathMapperScanner:240] Skipping MapperFactoryBean with name 'userMapper' and 'com.rejoice.active.console.mapper.UserMapper' mapperInterface. Bean already defined with the same name!
[2017-06-19 09:20:15,359][restartedMain][WARN][org.mybatis.spring.mapper.ClassPathMapperScanner:167] No MyBatis mapper was found in '[com.rejoice.active.console.mapper]' package. Please check your configuration.
[2017-06-19 09:20:26,188][restartedMain][WARN][org.mybatis.spring.mapper.ClassPathMapperScanner:240] Skipping MapperFactoryBean with name 'activeHistoryMapper' and 'com.rejoice.active.console.mapper.ActiveHistoryMapper' mapperInterface. Bean already defined with the same name!
[2017-06-19 09:20:26,188][restartedMain][WARN][org.mybatis.spring.mapper.ClassPathMapperScanner:240] Skipping MapperFactoryBean with name 'companyMapper' and 'com.rejoice.active.console.mapper.CompanyMapper' mapperInterface. Bean already defined with the same name!
[2017-06-19 09:20:26,188][restartedMain][WARN][org.mybatis.spring.mapper.ClassPathMapperScanner:240] Skipping MapperFactoryBean with name 'userMapper' and 'com.rejoice.active.console.mapper.UserMapper' mapperInterface. Bean already defined with the same name!
[2017-06-19 09:20:26,188][restartedMain][WARN][org.mybatis.spring.mapper.ClassPathMapperScanner:167] No MyBatis mapper was found in '[com.rejoice.active.console.mapper]' package. Please check your configuration.
[2017-06-19 09:20:36,005][restartedMain][WARN][org.mybatis.spring.mapper.ClassPathMapperScanner:240] Skipping MapperFactoryBean with name 'activeHistoryMapper' and 'com.rejoice.active.console.mapper.ActiveHistoryMapper' mapperInterface. Bean already defined with the same name!
[2017-06-19 09:20:36,005][restartedMain][WARN][org.mybatis.spring.mapper.ClassPathMapperScanner:240] Skipping MapperFactoryBean with name 'companyMapper' and 'com.rejoice.active.console.mapper.CompanyMapper' mapperInterface. Bean already defined with the same name!
[2017-06-19 09:20:36,005][restartedMain][WARN][org.mybatis.spring.mapper.ClassPathMapperScanner:240] Skipping MapperFactoryBean with name 'userMapper' and 'com.rejoice.active.console.mapper.UserMapper' mapperInterface. Bean already defined with the same name!
[2017-06-19 09:20:36,005][restartedMain][WARN][org.mybatis.spring.mapper.ClassPathMapperScanner:167] No MyBatis mapper was found in '[com.rejoice.active.console.mapper]' package. Please check your configuration.
[2017-06-19 09:20:40,857][restartedMain][WARN][org.mybatis.spring.mapper.ClassPathMapperScanner:240] Skipping MapperFactoryBean with name 'activeHistoryMapper' and 'com.rejoice.active.console.mapper.ActiveHistoryMapper' mapperInterface. Bean already defined with the same name!
[2017-06-19 09:20:40,858][restartedMain][WARN][org.mybatis.spring.mapper.ClassPathMapperScanner:240] Skipping MapperFactoryBean with name 'companyMapper' and 'com.rejoice.active.console.mapper.CompanyMapper' mapperInterface. Bean already defined with the same name!
[2017-06-19 09:20:40,858][restartedMain][WARN][org.mybatis.spring.mapper.ClassPathMapperScanner:240] Skipping MapperFactoryBean with name 'userMapper' and 'com.rejoice.active.console.mapper.UserMapper' mapperInterface. Bean already defined with the same name!
[2017-06-19 09:20:40,858][restartedMain][WARN][org.mybatis.spring.mapper.ClassPathMapperScanner:167] No MyBatis mapper was found in '[com.rejoice.active.console.mapper]' package. Please check your configuration.
[2017-06-19 09:20:55,103][restartedMain][WARN][org.mybatis.spring.mapper.ClassPathMapperScanner:240] Skipping MapperFactoryBean with name 'activeHistoryMapper' and 'com.rejoice.active.console.mapper.ActiveHistoryMapper' mapperInterface. Bean already defined with the same name!
[2017-06-19 09:20:55,103][restartedMain][WARN][org.mybatis.spring.mapper.ClassPathMapperScanner:240] Skipping MapperFactoryBean with name 'companyMapper' and 'com.rejoice.active.console.mapper.CompanyMapper' mapperInterface. Bean already defined with the same name!
[2017-06-19 09:20:55,103][restartedMain][WARN][org.mybatis.spring.mapper.ClassPathMapperScanner:240] Skipping MapperFactoryBean with name 'userMapper' and 'com.rejoice.active.console.mapper.UserMapper' mapperInterface. Bean already defined with the same name!
[2017-06-19 09:20:55,103][restartedMain][WARN][org.mybatis.spring.mapper.ClassPathMapperScanner:167] No MyBatis mapper was found in '[com.rejoice.active.console.mapper]' package. Please check your configuration.
[2017-06-19 09:21:03,653][restartedMain][WARN][org.mybatis.spring.mapper.ClassPathMapperScanner:240] Skipping MapperFactoryBean with name 'activeHistoryMapper' and 'com.rejoice.active.console.mapper.ActiveHistoryMapper' mapperInterface. Bean already defined with the same name!
[2017-06-19 09:21:03,653][restartedMain][WARN][org.mybatis.spring.mapper.ClassPathMapperScanner:240] Skipping MapperFactoryBean with name 'companyMapper' and 'com.rejoice.active.console.mapper.CompanyMapper' mapperInterface. Bean already defined with the same name!
[2017-06-19 09:21:03,653][restartedMain][WARN][org.mybatis.spring.mapper.ClassPathMapperScanner:240] Skipping MapperFactoryBean with name 'userMapper' and 'com.rejoice.active.console.mapper.UserMapper' mapperInterface. Bean already defined with the same name!
[2017-06-19 09:21:03,653][restartedMain][WARN][org.mybatis.spring.mapper.ClassPathMapperScanner:167] No MyBatis mapper was found in '[com.rejoice.active.console.mapper]' package. Please check your configuration.
[2017-06-19 09:21:08,922][restartedMain][WARN][org.mybatis.spring.mapper.ClassPathMapperScanner:240] Skipping MapperFactoryBean with name 'activeHistoryMapper' and 'com.rejoice.active.console.mapper.ActiveHistoryMapper' mapperInterface. Bean already defined with the same name!
[2017-06-19 09:21:08,922][restartedMain][WARN][org.mybatis.spring.mapper.ClassPathMapperScanner:240] Skipping MapperFactoryBean with name 'companyMapper' and 'com.rejoice.active.console.mapper.CompanyMapper' mapperInterface. Bean already defined with the same name!
[2017-06-19 09:21:08,922][restartedMain][WARN][org.mybatis.spring.mapper.ClassPathMapperScanner:240] Skipping MapperFactoryBean with name 'userMapper' and 'com.rejoice.active.console.mapper.UserMapper' mapperInterface. Bean already defined with the same name!
[2017-06-19 09:21:08,922][restartedMain][WARN][org.mybatis.spring.mapper.ClassPathMapperScanner:167] No MyBatis mapper was found in '[com.rejoice.active.console.mapper]' package. Please check your configuration.
[2017-06-19 09:21:18,120][restartedMain][WARN][org.mybatis.spring.mapper.ClassPathMapperScanner:240] Skipping MapperFactoryBean with name 'activeHistoryMapper' and 'com.rejoice.active.console.mapper.ActiveHistoryMapper' mapperInterface. Bean already defined with the same name!
[2017-06-19 09:21:18,121][restartedMain][WARN][org.mybatis.spring.mapper.ClassPathMapperScanner:240] Skipping MapperFactoryBean with name 'companyMapper' and 'com.rejoice.active.console.mapper.CompanyMapper' mapperInterface. Bean already defined with the same name!
[2017-06-19 09:21:18,121][restartedMain][WARN][org.mybatis.spring.mapper.ClassPathMapperScanner:240] Skipping MapperFactoryBean with name 'userMapper' and 'com.rejoice.active.console.mapper.UserMapper' mapperInterface. Bean already defined with the same name!
[2017-06-19 09:21:18,121][restartedMain][WARN][org.mybatis.spring.mapper.ClassPathMapperScanner:167] No MyBatis mapper was found in '[com.rejoice.active.console.mapper]' package. Please check your configuration.
[2017-06-19 09:21:54,157][restartedMain][WARN][org.mybatis.spring.mapper.ClassPathMapperScanner:240] Skipping MapperFactoryBean with name 'activeHistoryMapper' and 'com.rejoice.active.console.mapper.ActiveHistoryMapper' mapperInterface. Bean already defined with the same name!
[2017-06-19 09:21:54,157][restartedMain][WARN][org.mybatis.spring.mapper.ClassPathMapperScanner:240] Skipping MapperFactoryBean with name 'companyMapper' and 'com.rejoice.active.console.mapper.CompanyMapper' mapperInterface. Bean already defined with the same name!
[2017-06-19 09:21:54,157][restartedMain][WARN][org.mybatis.spring.mapper.ClassPathMapperScanner:240] Skipping MapperFactoryBean with name 'userMapper' and 'com.rejoice.active.console.mapper.UserMapper' mapperInterface. Bean already defined with the same name!
[2017-06-19 09:21:54,157][restartedMain][WARN][org.mybatis.spring.mapper.ClassPathMapperScanner:167] No MyBatis mapper was found in '[com.rejoice.active.console.mapper]' package. Please check your configuration.
[2017-06-19 09:21:56,042][http-nio-8081-exec-1][WARN][com.rejoice.active.console.interceptor.SessionInterceptor:48] visit path[/rejoice/home]:no session, redirect to /login
[2017-06-19 09:22:32,618][restartedMain][WARN][org.mybatis.spring.mapper.ClassPathMapperScanner:240] Skipping MapperFactoryBean with name 'activeHistoryMapper' and 'com.rejoice.active.console.mapper.ActiveHistoryMapper' mapperInterface. Bean already defined with the same name!
[2017-06-19 09:22:32,618][restartedMain][WARN][org.mybatis.spring.mapper.ClassPathMapperScanner:240] Skipping MapperFactoryBean with name 'companyMapper' and 'com.rejoice.active.console.mapper.CompanyMapper' mapperInterface. Bean already defined with the same name!
[2017-06-19 09:22:32,618][restartedMain][WARN][org.mybatis.spring.mapper.ClassPathMapperScanner:240] Skipping MapperFactoryBean with name 'userMapper' and 'com.rejoice.active.console.mapper.UserMapper' mapperInterface. Bean already defined with the same name!
[2017-06-19 09:22:32,618][restartedMain][WARN][org.mybatis.spring.mapper.ClassPathMapperScanner:167] No MyBatis mapper was found in '[com.rejoice.active.console.mapper]' package. Please check your configuration.
[2017-06-19 09:23:08,822][restartedMain][WARN][org.mybatis.spring.mapper.ClassPathMapperScanner:240] Skipping MapperFactoryBean with name 'activeHistoryMapper' and 'com.rejoice.active.console.mapper.ActiveHistoryMapper' mapperInterface. Bean already defined with the same name!
[2017-06-19 09:23:08,822][restartedMain][WARN][org.mybatis.spring.mapper.ClassPathMapperScanner:240] Skipping MapperFactoryBean with name 'companyMapper' and 'com.rejoice.active.console.mapper.CompanyMapper' mapperInterface. Bean already defined with the same name!
[2017-06-19 09:23:08,823][restartedMain][WARN][org.mybatis.spring.mapper.ClassPathMapperScanner:240] Skipping MapperFactoryBean with name 'userMapper' and 'com.rejoice.active.console.mapper.UserMapper' mapperInterface. Bean already defined with the same name!
[2017-06-19 09:23:08,823][restartedMain][WARN][org.mybatis.spring.mapper.ClassPathMapperScanner:167] No MyBatis mapper was found in '[com.rejoice.active.console.mapper]' package. Please check your configuration.
[2017-06-19 09:23:18,857][http-nio-8081-exec-1][WARN][com.rejoice.active.console.interceptor.SessionInterceptor:48] visit path[/rejoice/pdf/a.pdf]:no session, redirect to /login
[2017-06-19 09:24:23,857][restartedMain][WARN][org.mybatis.spring.mapper.ClassPathMapperScanner:240] Skipping MapperFactoryBean with name 'activeHistoryMapper' and 'com.rejoice.active.console.mapper.ActiveHistoryMapper' mapperInterface. Bean already defined with the same name!
[2017-06-19 09:24:23,858][restartedMain][WARN][org.mybatis.spring.mapper.ClassPathMapperScanner:240] Skipping MapperFactoryBean with name 'companyMapper' and 'com.rejoice.active.console.mapper.CompanyMapper' mapperInterface. Bean already defined with the same name!
[2017-06-19 09:24:23,858][restartedMain][WARN][org.mybatis.spring.mapper.ClassPathMapperScanner:240] Skipping MapperFactoryBean with name 'userMapper' and 'com.rejoice.active.console.mapper.UserMapper' mapperInterface. Bean already defined with the same name!
[2017-06-19 09:24:23,858][restartedMain][WARN][org.mybatis.spring.mapper.ClassPathMapperScanner:167] No MyBatis mapper was found in '[com.rejoice.active.console.mapper]' package. Please check your configuration.
[2017-06-19 09:25:12,368][restartedMain][WARN][org.mybatis.spring.mapper.ClassPathMapperScanner:240] Skipping MapperFactoryBean with name 'activeHistoryMapper' and 'com.rejoice.active.console.mapper.ActiveHistoryMapper' mapperInterface. Bean already defined with the same name!
[2017-06-19 09:25:12,368][restartedMain][WARN][org.mybatis.spring.mapper.ClassPathMapperScanner:240] Skipping MapperFactoryBean with name 'companyMapper' and 'com.rejoice.active.console.mapper.CompanyMapper' mapperInterface. Bean already defined with the same name!
[2017-06-19 09:25:12,368][restartedMain][WARN][org.mybatis.spring.mapper.ClassPathMapperScanner:240] Skipping MapperFactoryBean with name 'userMapper' and 'com.rejoice.active.console.mapper.UserMapper' mapperInterface. Bean already defined with the same name!
[2017-06-19 09:25:12,368][restartedMain][WARN][org.mybatis.spring.mapper.ClassPathMapperScanner:167] No MyBatis mapper was found in '[com.rejoice.active.console.mapper]' package. Please check your configuration.
[2017-06-19 09:26:42,121][restartedMain][WARN][org.mybatis.spring.mapper.ClassPathMapperScanner:240] Skipping MapperFactoryBean with name 'activeHistoryMapper' and 'com.rejoice.active.console.mapper.ActiveHistoryMapper' mapperInterface. Bean already defined with the same name!
[2017-06-19 09:26:42,121][restartedMain][WARN][org.mybatis.spring.mapper.ClassPathMapperScanner:240] Skipping MapperFactoryBean with name 'companyMapper' and 'com.rejoice.active.console.mapper.CompanyMapper' mapperInterface. Bean already defined with the same name!
[2017-06-19 09:26:42,121][restartedMain][WARN][org.mybatis.spring.mapper.ClassPathMapperScanner:240] Skipping MapperFactoryBean with name 'userMapper' and 'com.rejoice.active.console.mapper.UserMapper' mapperInterface. Bean already defined with the same name!
[2017-06-19 09:26:42,121][restartedMain][WARN][org.mybatis.spring.mapper.ClassPathMapperScanner:167] No MyBatis mapper was found in '[com.rejoice.active.console.mapper]' package. Please check your configuration.
[2017-06-19 09:26:43,406][http-nio-8081-exec-2][WARN][com.rejoice.active.console.interceptor.SessionInterceptor:48] visit path[/rejoice/pdf/a.pdf]:no session, redirect to /login
[2017-06-19 09:46:41,455][restartedMain][WARN][org.mybatis.spring.mapper.ClassPathMapperScanner:240] Skipping MapperFactoryBean with name 'activeHistoryMapper' and 'com.rejoice.active.console.mapper.ActiveHistoryMapper' mapperInterface. Bean already defined with the same name!
[2017-06-19 09:46:41,456][restartedMain][WARN][org.mybatis.spring.mapper.ClassPathMapperScanner:240] Skipping MapperFactoryBean with name 'companyMapper' and 'com.rejoice.active.console.mapper.CompanyMapper' mapperInterface. Bean already defined with the same name!
[2017-06-19 09:46:41,456][restartedMain][WARN][org.mybatis.spring.mapper.ClassPathMapperScanner:240] Skipping MapperFactoryBean with name 'userMapper' and 'com.rejoice.active.console.mapper.UserMapper' mapperInterface. Bean already defined with the same name!
[2017-06-19 09:46:41,456][restartedMain][WARN][org.mybatis.spring.mapper.ClassPathMapperScanner:167] No MyBatis mapper was found in '[com.rejoice.active.console.mapper]' package. Please check your configuration.
[2017-06-19 09:46:55,853][restartedMain][WARN][org.mybatis.spring.mapper.ClassPathMapperScanner:240] Skipping MapperFactoryBean with name 'activeHistoryMapper' and 'com.rejoice.active.console.mapper.ActiveHistoryMapper' mapperInterface. Bean already defined with the same name!
[2017-06-19 09:46:55,853][restartedMain][WARN][org.mybatis.spring.mapper.ClassPathMapperScanner:240] Skipping MapperFactoryBean with name 'companyMapper' and 'com.rejoice.active.console.mapper.CompanyMapper' mapperInterface. Bean already defined with the same name!
[2017-06-19 09:46:55,854][restartedMain][WARN][org.mybatis.spring.mapper.ClassPathMapperScanner:240] Skipping MapperFactoryBean with name 'userMapper' and 'com.rejoice.active.console.mapper.UserMapper' mapperInterface. Bean already defined with the same name!
[2017-06-19 09:46:55,854][restartedMain][WARN][org.mybatis.spring.mapper.ClassPathMapperScanner:167] No MyBatis mapper was found in '[com.rejoice.active.console.mapper]' package. Please check your configuration.
[2017-06-19 09:47:14,402][restartedMain][WARN][org.mybatis.spring.mapper.ClassPathMapperScanner:240] Skipping MapperFactoryBean with name 'activeHistoryMapper' and 'com.rejoice.active.console.mapper.ActiveHistoryMapper' mapperInterface. Bean already defined with the same name!
[2017-06-19 09:47:14,402][restartedMain][WARN][org.mybatis.spring.mapper.ClassPathMapperScanner:240] Skipping MapperFactoryBean with name 'companyMapper' and 'com.rejoice.active.console.mapper.CompanyMapper' mapperInterface. Bean already defined with the same name!
[2017-06-19 09:47:14,402][restartedMain][WARN][org.mybatis.spring.mapper.ClassPathMapperScanner:240] Skipping MapperFactoryBean with name 'userMapper' and 'com.rejoice.active.console.mapper.UserMapper' mapperInterface. Bean already defined with the same name!
[2017-06-19 09:47:14,402][restartedMain][WARN][org.mybatis.spring.mapper.ClassPathMapperScanner:167] No MyBatis mapper was found in '[com.rejoice.active.console.mapper]' package. Please check your configuration.
[2017-06-19 09:47:36,225][restartedMain][WARN][org.mybatis.spring.mapper.ClassPathMapperScanner:240] Skipping MapperFactoryBean with name 'activeHistoryMapper' and 'com.rejoice.active.console.mapper.ActiveHistoryMapper' mapperInterface. Bean already defined with the same name!
[2017-06-19 09:47:36,225][restartedMain][WARN][org.mybatis.spring.mapper.ClassPathMapperScanner:240] Skipping MapperFactoryBean with name 'companyMapper' and 'com.rejoice.active.console.mapper.CompanyMapper' mapperInterface. Bean already defined with the same name!
[2017-06-19 09:47:36,225][restartedMain][WARN][org.mybatis.spring.mapper.ClassPathMapperScanner:240] Skipping MapperFactoryBean with name 'userMapper' and 'com.rejoice.active.console.mapper.UserMapper' mapperInterface. Bean already defined with the same name!
[2017-06-19 09:47:36,225][restartedMain][WARN][org.mybatis.spring.mapper.ClassPathMapperScanner:167] No MyBatis mapper was found in '[com.rejoice.active.console.mapper]' package. Please check your configuration.
[2017-06-19 09:47:51,035][restartedMain][WARN][org.mybatis.spring.mapper.ClassPathMapperScanner:240] Skipping MapperFactoryBean with name 'activeHistoryMapper' and 'com.rejoice.active.console.mapper.ActiveHistoryMapper' mapperInterface. Bean already defined with the same name!
[2017-06-19 09:47:51,035][restartedMain][WARN][org.mybatis.spring.mapper.ClassPathMapperScanner:240] Skipping MapperFactoryBean with name 'companyMapper' and 'com.rejoice.active.console.mapper.CompanyMapper' mapperInterface. Bean already defined with the same name!
[2017-06-19 09:47:51,035][restartedMain][WARN][org.mybatis.spring.mapper.ClassPathMapperScanner:240] Skipping MapperFactoryBean with name 'userMapper' and 'com.rejoice.active.console.mapper.UserMapper' mapperInterface. Bean already defined with the same name!
[2017-06-19 09:47:51,035][restartedMain][WARN][org.mybatis.spring.mapper.ClassPathMapperScanner:167] No MyBatis mapper was found in '[com.rejoice.active.console.mapper]' package. Please check your configuration.
[2017-06-19 09:48:01,910][restartedMain][WARN][org.mybatis.spring.mapper.ClassPathMapperScanner:240] Skipping MapperFactoryBean with name 'activeHistoryMapper' and 'com.rejoice.active.console.mapper.ActiveHistoryMapper' mapperInterface. Bean already defined with the same name!
[2017-06-19 09:48:01,910][restartedMain][WARN][org.mybatis.spring.mapper.ClassPathMapperScanner:240] Skipping MapperFactoryBean with name 'companyMapper' and 'com.rejoice.active.console.mapper.CompanyMapper' mapperInterface. Bean already defined with the same name!
[2017-06-19 09:48:01,910][restartedMain][WARN][org.mybatis.spring.mapper.ClassPathMapperScanner:240] Skipping MapperFactoryBean with name 'userMapper' and 'com.rejoice.active.console.mapper.UserMapper' mapperInterface. Bean already defined with the same name!
[2017-06-19 09:48:01,910][restartedMain][WARN][org.mybatis.spring.mapper.ClassPathMapperScanner:167] No MyBatis mapper was found in '[com.rejoice.active.console.mapper]' package. Please check your configuration.
[2017-06-19 09:48:07,460][restartedMain][WARN][org.mybatis.spring.mapper.ClassPathMapperScanner:240] Skipping MapperFactoryBean with name 'activeHistoryMapper' and 'com.rejoice.active.console.mapper.ActiveHistoryMapper' mapperInterface. Bean already defined with the same name!
[2017-06-19 09:48:07,460][restartedMain][WARN][org.mybatis.spring.mapper.ClassPathMapperScanner:240] Skipping MapperFactoryBean with name 'companyMapper' and 'com.rejoice.active.console.mapper.CompanyMapper' mapperInterface. Bean already defined with the same name!
[2017-06-19 09:48:07,460][restartedMain][WARN][org.mybatis.spring.mapper.ClassPathMapperScanner:240] Skipping MapperFactoryBean with name 'userMapper' and 'com.rejoice.active.console.mapper.UserMapper' mapperInterface. Bean already defined with the same name!
[2017-06-19 09:48:07,460][restartedMain][WARN][org.mybatis.spring.mapper.ClassPathMapperScanner:167] No MyBatis mapper was found in '[com.rejoice.active.console.mapper]' package. Please check your configuration.
[2017-06-19 09:48:27,382][restartedMain][WARN][org.mybatis.spring.mapper.ClassPathMapperScanner:240] Skipping MapperFactoryBean with name 'activeHistoryMapper' and 'com.rejoice.active.console.mapper.ActiveHistoryMapper' mapperInterface. Bean already defined with the same name!
[2017-06-19 09:48:27,382][restartedMain][WARN][org.mybatis.spring.mapper.ClassPathMapperScanner:240] Skipping MapperFactoryBean with name 'companyMapper' and 'com.rejoice.active.console.mapper.CompanyMapper' mapperInterface. Bean already defined with the same name!
[2017-06-19 09:48:27,383][restartedMain][WARN][org.mybatis.spring.mapper.ClassPathMapperScanner:240] Skipping MapperFactoryBean with name 'userMapper' and 'com.rejoice.active.console.mapper.UserMapper' mapperInterface. Bean already defined with the same name!
[2017-06-19 09:48:27,383][restartedMain][WARN][org.mybatis.spring.mapper.ClassPathMapperScanner:167] No MyBatis mapper was found in '[com.rejoice.active.console.mapper]' package. Please check your configuration.
[2017-06-19 09:48:58,972][restartedMain][WARN][org.mybatis.spring.mapper.ClassPathMapperScanner:240] Skipping MapperFactoryBean with name 'activeHistoryMapper' and 'com.rejoice.active.console.mapper.ActiveHistoryMapper' mapperInterface. Bean already defined with the same name!
[2017-06-19 09:48:58,972][restartedMain][WARN][org.mybatis.spring.mapper.ClassPathMapperScanner:240] Skipping MapperFactoryBean with name 'companyMapper' and 'com.rejoice.active.console.mapper.CompanyMapper' mapperInterface. Bean already defined with the same name!
[2017-06-19 09:48:58,972][restartedMain][WARN][org.mybatis.spring.mapper.ClassPathMapperScanner:240] Skipping MapperFactoryBean with name 'userMapper' and 'com.rejoice.active.console.mapper.UserMapper' mapperInterface. Bean already defined with the same name!
[2017-06-19 09:48:58,972][restartedMain][WARN][org.mybatis.spring.mapper.ClassPathMapperScanner:167] No MyBatis mapper was found in '[com.rejoice.active.console.mapper]' package. Please check your configuration.
[2017-06-19 09:49:04,839][restartedMain][WARN][org.mybatis.spring.mapper.ClassPathMapperScanner:240] Skipping MapperFactoryBean with name 'activeHistoryMapper' and 'com.rejoice.active.console.mapper.ActiveHistoryMapper' mapperInterface. Bean already defined with the same name!
[2017-06-19 09:49:04,839][restartedMain][WARN][org.mybatis.spring.mapper.ClassPathMapperScanner:240] Skipping MapperFactoryBean with name 'companyMapper' and 'com.rejoice.active.console.mapper.CompanyMapper' mapperInterface. Bean already defined with the same name!
[2017-06-19 09:49:04,839][restartedMain][WARN][org.mybatis.spring.mapper.ClassPathMapperScanner:240] Skipping MapperFactoryBean with name 'userMapper' and 'com.rejoice.active.console.mapper.UserMapper' mapperInterface. Bean already defined with the same name!
[2017-06-19 09:49:04,839][restartedMain][WARN][org.mybatis.spring.mapper.ClassPathMapperScanner:167] No MyBatis mapper was found in '[com.rejoice.active.console.mapper]' package. Please check your configuration.
[2017-06-19 09:51:26,648][restartedMain][WARN][org.mybatis.spring.mapper.ClassPathMapperScanner:240] Skipping MapperFactoryBean with name 'activeHistoryMapper' and 'com.rejoice.active.console.mapper.ActiveHistoryMapper' mapperInterface. Bean already defined with the same name!
[2017-06-19 09:51:26,648][restartedMain][WARN][org.mybatis.spring.mapper.ClassPathMapperScanner:240] Skipping MapperFactoryBean with name 'companyMapper' and 'com.rejoice.active.console.mapper.CompanyMapper' mapperInterface. Bean already defined with the same name!
[2017-06-19 09:51:26,648][restartedMain][WARN][org.mybatis.spring.mapper.ClassPathMapperScanner:240] Skipping MapperFactoryBean with name 'userMapper' and 'com.rejoice.active.console.mapper.UserMapper' mapperInterface. Bean already defined with the same name!
[2017-06-19 09:51:26,648][restartedMain][WARN][org.mybatis.spring.mapper.ClassPathMapperScanner:167] No MyBatis mapper was found in '[com.rejoice.active.console.mapper]' package. Please check your configuration.
[2017-06-19 09:54:01,777][restartedMain][WARN][org.mybatis.spring.mapper.ClassPathMapperScanner:240] Skipping MapperFactoryBean with name 'activeHistoryMapper' and 'com.rejoice.active.console.mapper.ActiveHistoryMapper' mapperInterface. Bean already defined with the same name!
[2017-06-19 09:54:01,777][restartedMain][WARN][org.mybatis.spring.mapper.ClassPathMapperScanner:240] Skipping MapperFactoryBean with name 'companyMapper' and 'com.rejoice.active.console.mapper.CompanyMapper' mapperInterface. Bean already defined with the same name!
[2017-06-19 09:54:01,777][restartedMain][WARN][org.mybatis.spring.mapper.ClassPathMapperScanner:240] Skipping MapperFactoryBean with name 'userMapper' and 'com.rejoice.active.console.mapper.UserMapper' mapperInterface. Bean already defined with the same name!
[2017-06-19 09:54:01,777][restartedMain][WARN][org.mybatis.spring.mapper.ClassPathMapperScanner:167] No MyBatis mapper was found in '[com.rejoice.active.console.mapper]' package. Please check your configuration.
[2017-06-19 09:55:28,103][restartedMain][WARN][org.mybatis.spring.mapper.ClassPathMapperScanner:240] Skipping MapperFactoryBean with name 'activeHistoryMapper' and 'com.rejoice.active.console.mapper.ActiveHistoryMapper' mapperInterface. Bean already defined with the same name!
[2017-06-19 09:55:28,104][restartedMain][WARN][org.mybatis.spring.mapper.ClassPathMapperScanner:240] Skipping MapperFactoryBean with name 'companyMapper' and 'com.rejoice.active.console.mapper.CompanyMapper' mapperInterface. Bean already defined with the same name!
[2017-06-19 09:55:28,104][restartedMain][WARN][org.mybatis.spring.mapper.ClassPathMapperScanner:240] Skipping MapperFactoryBean with name 'userMapper' and 'com.rejoice.active.console.mapper.UserMapper' mapperInterface. Bean already defined with the same name!
[2017-06-19 09:55:28,104][restartedMain][WARN][org.mybatis.spring.mapper.ClassPathMapperScanner:167] No MyBatis mapper was found in '[com.rejoice.active.console.mapper]' package. Please check your configuration.
[2017-06-19 09:57:35,051][restartedMain][WARN][org.mybatis.spring.mapper.ClassPathMapperScanner:240] Skipping MapperFactoryBean with name 'activeHistoryMapper' and 'com.rejoice.active.console.mapper.ActiveHistoryMapper' mapperInterface. Bean already defined with the same name!
[2017-06-19 09:57:35,051][restartedMain][WARN][org.mybatis.spring.mapper.ClassPathMapperScanner:240] Skipping MapperFactoryBean with name 'companyMapper' and 'com.rejoice.active.console.mapper.CompanyMapper' mapperInterface. Bean already defined with the same name!
[2017-06-19 09:57:35,051][restartedMain][WARN][org.mybatis.spring.mapper.ClassPathMapperScanner:240] Skipping MapperFactoryBean with name 'userMapper' and 'com.rejoice.active.console.mapper.UserMapper' mapperInterface. Bean already defined with the same name!
[2017-06-19 09:57:35,051][restartedMain][WARN][org.mybatis.spring.mapper.ClassPathMapperScanner:167] No MyBatis mapper was found in '[com.rejoice.active.console.mapper]' package. Please check your configuration.
[2017-06-19 09:57:43,580][restartedMain][WARN][org.mybatis.spring.mapper.ClassPathMapperScanner:240] Skipping MapperFactoryBean with name 'activeHistoryMapper' and 'com.rejoice.active.console.mapper.ActiveHistoryMapper' mapperInterface. Bean already defined with the same name!
[2017-06-19 09:57:43,580][restartedMain][WARN][org.mybatis.spring.mapper.ClassPathMapperScanner:240] Skipping MapperFactoryBean with name 'companyMapper' and 'com.rejoice.active.console.mapper.CompanyMapper' mapperInterface. Bean already defined with the same name!
[2017-06-19 09:57:43,581][restartedMain][WARN][org.mybatis.spring.mapper.ClassPathMapperScanner:240] Skipping MapperFactoryBean with name 'userMapper' and 'com.rejoice.active.console.mapper.UserMapper' mapperInterface. Bean already defined with the same name!
[2017-06-19 09:57:43,581][restartedMain][WARN][org.mybatis.spring.mapper.ClassPathMapperScanner:167] No MyBatis mapper was found in '[com.rejoice.active.console.mapper]' package. Please check your configuration.
[2017-06-19 09:57:46,777][restartedMain][WARN][org.mybatis.spring.mapper.ClassPathMapperScanner:240] Skipping MapperFactoryBean with name 'activeHistoryMapper' and 'com.rejoice.active.console.mapper.ActiveHistoryMapper' mapperInterface. Bean already defined with the same name!
[2017-06-19 09:57:46,777][restartedMain][WARN][org.mybatis.spring.mapper.ClassPathMapperScanner:240] Skipping MapperFactoryBean with name 'companyMapper' and 'com.rejoice.active.console.mapper.CompanyMapper' mapperInterface. Bean already defined with the same name!
[2017-06-19 09:57:46,777][restartedMain][WARN][org.mybatis.spring.mapper.ClassPathMapperScanner:240] Skipping MapperFactoryBean with name 'userMapper' and 'com.rejoice.active.console.mapper.UserMapper' mapperInterface. Bean already defined with the same name!
[2017-06-19 09:57:46,777][restartedMain][WARN][org.mybatis.spring.mapper.ClassPathMapperScanner:167] No MyBatis mapper was found in '[com.rejoice.active.console.mapper]' package. Please check your configuration.
[2017-06-19 09:57:58,788][restartedMain][WARN][org.mybatis.spring.mapper.ClassPathMapperScanner:240] Skipping MapperFactoryBean with name 'activeHistoryMapper' and 'com.rejoice.active.console.mapper.ActiveHistoryMapper' mapperInterface. Bean already defined with the same name!
[2017-06-19 09:57:58,788][restartedMain][WARN][org.mybatis.spring.mapper.ClassPathMapperScanner:240] Skipping MapperFactoryBean with name 'companyMapper' and 'com.rejoice.active.console.mapper.CompanyMapper' mapperInterface. Bean already defined with the same name!
[2017-06-19 09:57:58,789][restartedMain][WARN][org.mybatis.spring.mapper.ClassPathMapperScanner:240] Skipping MapperFactoryBean with name 'userMapper' and 'com.rejoice.active.console.mapper.UserMapper' mapperInterface. Bean already defined with the same name!
[2017-06-19 09:57:58,789][restartedMain][WARN][org.mybatis.spring.mapper.ClassPathMapperScanner:167] No MyBatis mapper was found in '[com.rejoice.active.console.mapper]' package. Please check your configuration.
[2017-06-19 09:58:18,592][restartedMain][WARN][org.mybatis.spring.mapper.ClassPathMapperScanner:240] Skipping MapperFactoryBean with name 'activeHistoryMapper' and 'com.rejoice.active.console.mapper.ActiveHistoryMapper' mapperInterface. Bean already defined with the same name!
[2017-06-19 09:58:18,592][restartedMain][WARN][org.mybatis.spring.mapper.ClassPathMapperScanner:240] Skipping MapperFactoryBean with name 'companyMapper' and 'com.rejoice.active.console.mapper.CompanyMapper' mapperInterface. Bean already defined with the same name!
[2017-06-19 09:58:18,592][restartedMain][WARN][org.mybatis.spring.mapper.ClassPathMapperScanner:240] Skipping MapperFactoryBean with name 'userMapper' and 'com.rejoice.active.console.mapper.UserMapper' mapperInterface. Bean already defined with the same name!
[2017-06-19 09:58:18,592][restartedMain][WARN][org.mybatis.spring.mapper.ClassPathMapperScanner:167] No MyBatis mapper was found in '[com.rejoice.active.console.mapper]' package. Please check your configuration.
[2017-06-19 09:58:28,494][restartedMain][WARN][org.mybatis.spring.mapper.ClassPathMapperScanner:240] Skipping MapperFactoryBean with name 'activeHistoryMapper' and 'com.rejoice.active.console.mapper.ActiveHistoryMapper' mapperInterface. Bean already defined with the same name!
[2017-06-19 09:58:28,494][restartedMain][WARN][org.mybatis.spring.mapper.ClassPathMapperScanner:240] Skipping MapperFactoryBean with name 'companyMapper' and 'com.rejoice.active.console.mapper.CompanyMapper' mapperInterface. Bean already defined with the same name!
[2017-06-19 09:58:28,494][restartedMain][WARN][org.mybatis.spring.mapper.ClassPathMapperScanner:240] Skipping MapperFactoryBean with name 'userMapper' and 'com.rejoice.active.console.mapper.UserMapper' mapperInterface. Bean already defined with the same name!
[2017-06-19 09:58:28,494][restartedMain][WARN][org.mybatis.spring.mapper.ClassPathMapperScanner:167] No MyBatis mapper was found in '[com.rejoice.active.console.mapper]' package. Please check your configuration.
[2017-06-19 09:58:52,422][restartedMain][WARN][org.mybatis.spring.mapper.ClassPathMapperScanner:240] Skipping MapperFactoryBean with name 'activeHistoryMapper' and 'com.rejoice.active.console.mapper.ActiveHistoryMapper' mapperInterface. Bean already defined with the same name!
[2017-06-19 09:58:52,422][restartedMain][WARN][org.mybatis.spring.mapper.ClassPathMapperScanner:240] Skipping MapperFactoryBean with name 'companyMapper' and 'com.rejoice.active.console.mapper.CompanyMapper' mapperInterface. Bean already defined with the same name!
[2017-06-19 09:58:52,422][restartedMain][WARN][org.mybatis.spring.mapper.ClassPathMapperScanner:240] Skipping MapperFactoryBean with name 'userMapper' and 'com.rejoice.active.console.mapper.UserMapper' mapperInterface. Bean already defined with the same name!
[2017-06-19 09:58:52,422][restartedMain][WARN][org.mybatis.spring.mapper.ClassPathMapperScanner:167] No MyBatis mapper was found in '[com.rejoice.active.console.mapper]' package. Please check your configuration.
[2017-06-19 09:59:02,190][restartedMain][WARN][org.mybatis.spring.mapper.ClassPathMapperScanner:240] Skipping MapperFactoryBean with name 'activeHistoryMapper' and 'com.rejoice.active.console.mapper.ActiveHistoryMapper' mapperInterface. Bean already defined with the same name!
[2017-06-19 09:59:02,190][restartedMain][WARN][org.mybatis.spring.mapper.ClassPathMapperScanner:240] Skipping MapperFactoryBean with name 'companyMapper' and 'com.rejoice.active.console.mapper.CompanyMapper' mapperInterface. Bean already defined with the same name!
[2017-06-19 09:59:02,190][restartedMain][WARN][org.mybatis.spring.mapper.ClassPathMapperScanner:240] Skipping MapperFactoryBean with name 'userMapper' and 'com.rejoice.active.console.mapper.UserMapper' mapperInterface. Bean already defined with the same name!
[2017-06-19 09:59:02,190][restartedMain][WARN][org.mybatis.spring.mapper.ClassPathMapperScanner:167] No MyBatis mapper was found in '[com.rejoice.active.console.mapper]' package. Please check your configuration.
[2017-06-19 09:59:07,607][restartedMain][WARN][org.mybatis.spring.mapper.ClassPathMapperScanner:240] Skipping MapperFactoryBean with name 'activeHistoryMapper' and 'com.rejoice.active.console.mapper.ActiveHistoryMapper' mapperInterface. Bean already defined with the same name!
[2017-06-19 09:59:07,608][restartedMain][WARN][org.mybatis.spring.mapper.ClassPathMapperScanner:240] Skipping MapperFactoryBean with name 'companyMapper' and 'com.rejoice.active.console.mapper.CompanyMapper' mapperInterface. Bean already defined with the same name!
[2017-06-19 09:59:07,608][restartedMain][WARN][org.mybatis.spring.mapper.ClassPathMapperScanner:240] Skipping MapperFactoryBean with name 'userMapper' and 'com.rejoice.active.console.mapper.UserMapper' mapperInterface. Bean already defined with the same name!
[2017-06-19 09:59:07,608][restartedMain][WARN][org.mybatis.spring.mapper.ClassPathMapperScanner:167] No MyBatis mapper was found in '[com.rejoice.active.console.mapper]' package. Please check your configuration.
[2017-06-19 10:00:03,051][restartedMain][WARN][org.mybatis.spring.mapper.ClassPathMapperScanner:240] Skipping MapperFactoryBean with name 'activeHistoryMapper' and 'com.rejoice.active.console.mapper.ActiveHistoryMapper' mapperInterface. Bean already defined with the same name!
[2017-06-19 10:00:03,051][restartedMain][WARN][org.mybatis.spring.mapper.ClassPathMapperScanner:240] Skipping MapperFactoryBean with name 'companyMapper' and 'com.rejoice.active.console.mapper.CompanyMapper' mapperInterface. Bean already defined with the same name!
[2017-06-19 10:00:03,051][restartedMain][WARN][org.mybatis.spring.mapper.ClassPathMapperScanner:240] Skipping MapperFactoryBean with name 'userMapper' and 'com.rejoice.active.console.mapper.UserMapper' mapperInterface. Bean already defined with the same name!
[2017-06-19 10:00:03,051][restartedMain][WARN][org.mybatis.spring.mapper.ClassPathMapperScanner:167] No MyBatis mapper was found in '[com.rejoice.active.console.mapper]' package. Please check your configuration.
[2017-06-19 10:00:19,331][restartedMain][WARN][org.mybatis.spring.mapper.ClassPathMapperScanner:240] Skipping MapperFactoryBean with name 'activeHistoryMapper' and 'com.rejoice.active.console.mapper.ActiveHistoryMapper' mapperInterface. Bean already defined with the same name!
[2017-06-19 10:00:19,331][restartedMain][WARN][org.mybatis.spring.mapper.ClassPathMapperScanner:240] Skipping MapperFactoryBean with name 'companyMapper' and 'com.rejoice.active.console.mapper.CompanyMapper' mapperInterface. Bean already defined with the same name!
[2017-06-19 10:00:19,331][restartedMain][WARN][org.mybatis.spring.mapper.ClassPathMapperScanner:240] Skipping MapperFactoryBean with name 'userMapper' and 'com.rejoice.active.console.mapper.UserMapper' mapperInterface. Bean already defined with the same name!
[2017-06-19 10:00:19,331][restartedMain][WARN][org.mybatis.spring.mapper.ClassPathMapperScanner:167] No MyBatis mapper was found in '[com.rejoice.active.console.mapper]' package. Please check your configuration.
[2017-06-19 10:03:21,601][http-nio-8081-exec-1][WARN][com.rejoice.active.console.interceptor.SessionInterceptor:48] visit path[/rejoice/pdf/a.pdf]:no session, redirect to /login
[2017-06-19 10:06:07,227][restartedMain][WARN][org.mybatis.spring.mapper.ClassPathMapperScanner:240] Skipping MapperFactoryBean with name 'activeHistoryMapper' and 'com.rejoice.active.console.mapper.ActiveHistoryMapper' mapperInterface. Bean already defined with the same name!
[2017-06-19 10:06:07,227][restartedMain][WARN][org.mybatis.spring.mapper.ClassPathMapperScanner:240] Skipping MapperFactoryBean with name 'companyMapper' and 'com.rejoice.active.console.mapper.CompanyMapper' mapperInterface. Bean already defined with the same name!
[2017-06-19 10:06:07,227][restartedMain][WARN][org.mybatis.spring.mapper.ClassPathMapperScanner:240] Skipping MapperFactoryBean with name 'userMapper' and 'com.rejoice.active.console.mapper.UserMapper' mapperInterface. Bean already defined with the same name!
[2017-06-19 10:06:07,227][restartedMain][WARN][org.mybatis.spring.mapper.ClassPathMapperScanner:167] No MyBatis mapper was found in '[com.rejoice.active.console.mapper]' package. Please check your configuration.
[2017-06-19 10:07:35,335][restartedMain][WARN][org.mybatis.spring.mapper.ClassPathMapperScanner:240] Skipping MapperFactoryBean with name 'activeHistoryMapper' and 'com.rejoice.active.console.mapper.ActiveHistoryMapper' mapperInterface. Bean already defined with the same name!
[2017-06-19 10:07:35,336][restartedMain][WARN][org.mybatis.spring.mapper.ClassPathMapperScanner:240] Skipping MapperFactoryBean with name 'companyMapper' and 'com.rejoice.active.console.mapper.CompanyMapper' mapperInterface. Bean already defined with the same name!
[2017-06-19 10:07:35,336][restartedMain][WARN][org.mybatis.spring.mapper.ClassPathMapperScanner:240] Skipping MapperFactoryBean with name 'userMapper' and 'com.rejoice.active.console.mapper.UserMapper' mapperInterface. Bean already defined with the same name!
[2017-06-19 10:07:35,336][restartedMain][WARN][org.mybatis.spring.mapper.ClassPathMapperScanner:167] No MyBatis mapper was found in '[com.rejoice.active.console.mapper]' package. Please check your configuration.
[2017-06-19 10:12:28,960][restartedMain][WARN][org.mybatis.spring.mapper.ClassPathMapperScanner:240] Skipping MapperFactoryBean with name 'activeHistoryMapper' and 'com.rejoice.active.console.mapper.ActiveHistoryMapper' mapperInterface. Bean already defined with the same name!
[2017-06-19 10:12:28,960][restartedMain][WARN][org.mybatis.spring.mapper.ClassPathMapperScanner:240] Skipping MapperFactoryBean with name 'companyMapper' and 'com.rejoice.active.console.mapper.CompanyMapper' mapperInterface. Bean already defined with the same name!
[2017-06-19 10:12:28,960][restartedMain][WARN][org.mybatis.spring.mapper.ClassPathMapperScanner:240] Skipping MapperFactoryBean with name 'userMapper' and 'com.rejoice.active.console.mapper.UserMapper' mapperInterface. Bean already defined with the same name!
[2017-06-19 10:12:28,960][restartedMain][WARN][org.mybatis.spring.mapper.ClassPathMapperScanner:167] No MyBatis mapper was found in '[com.rejoice.active.console.mapper]' package. Please check your configuration.
[2017-06-19 10:12:47,415][restartedMain][WARN][org.mybatis.spring.mapper.ClassPathMapperScanner:240] Skipping MapperFactoryBean with name 'activeHistoryMapper' and 'com.rejoice.active.console.mapper.ActiveHistoryMapper' mapperInterface. Bean already defined with the same name!
[2017-06-19 10:12:47,415][restartedMain][WARN][org.mybatis.spring.mapper.ClassPathMapperScanner:240] Skipping MapperFactoryBean with name 'companyMapper' and 'com.rejoice.active.console.mapper.CompanyMapper' mapperInterface. Bean already defined with the same name!
[2017-06-19 10:12:47,415][restartedMain][WARN][org.mybatis.spring.mapper.ClassPathMapperScanner:240] Skipping MapperFactoryBean with name 'userMapper' and 'com.rejoice.active.console.mapper.UserMapper' mapperInterface. Bean already defined with the same name!
[2017-06-19 10:12:47,415][restartedMain][WARN][org.mybatis.spring.mapper.ClassPathMapperScanner:167] No MyBatis mapper was found in '[com.rejoice.active.console.mapper]' package. Please check your configuration.
[2017-06-19 10:12:55,291][restartedMain][WARN][org.mybatis.spring.mapper.ClassPathMapperScanner:240] Skipping MapperFactoryBean with name 'activeHistoryMapper' and 'com.rejoice.active.console.mapper.ActiveHistoryMapper' mapperInterface. Bean already defined with the same name!
[2017-06-19 10:12:55,291][restartedMain][WARN][org.mybatis.spring.mapper.ClassPathMapperScanner:240] Skipping MapperFactoryBean with name 'companyMapper' and 'com.rejoice.active.console.mapper.CompanyMapper' mapperInterface. Bean already defined with the same name!
[2017-06-19 10:12:55,291][restartedMain][WARN][org.mybatis.spring.mapper.ClassPathMapperScanner:240] Skipping MapperFactoryBean with name 'userMapper' and 'com.rejoice.active.console.mapper.UserMapper' mapperInterface. Bean already defined with the same name!
[2017-06-19 10:12:55,291][restartedMain][WARN][org.mybatis.spring.mapper.ClassPathMapperScanner:167] No MyBatis mapper was found in '[com.rejoice.active.console.mapper]' package. Please check your configuration.
[2017-06-19 10:14:43,403][restartedMain][WARN][org.mybatis.spring.mapper.ClassPathMapperScanner:240] Skipping MapperFactoryBean with name 'activeHistoryMapper' and 'com.rejoice.active.console.mapper.ActiveHistoryMapper' mapperInterface. Bean already defined with the same name!
[2017-06-19 10:14:43,403][restartedMain][WARN][org.mybatis.spring.mapper.ClassPathMapperScanner:240] Skipping MapperFactoryBean with name 'companyMapper' and 'com.rejoice.active.console.mapper.CompanyMapper' mapperInterface. Bean already defined with the same name!
[2017-06-19 10:14:43,404][restartedMain][WARN][org.mybatis.spring.mapper.ClassPathMapperScanner:240] Skipping MapperFactoryBean with name 'userMapper' and 'com.rejoice.active.console.mapper.UserMapper' mapperInterface. Bean already defined with the same name!
[2017-06-19 10:14:43,404][restartedMain][WARN][org.mybatis.spring.mapper.ClassPathMapperScanner:167] No MyBatis mapper was found in '[com.rejoice.active.console.mapper]' package. Please check your configuration.
[2017-06-19 10:29:42,435][restartedMain][WARN][org.mybatis.spring.mapper.ClassPathMapperScanner:240] Skipping MapperFactoryBean with name 'activeHistoryMapper' and 'com.rejoice.active.console.mapper.ActiveHistoryMapper' mapperInterface. Bean already defined with the same name!
[2017-06-19 10:29:42,435][restartedMain][WARN][org.mybatis.spring.mapper.ClassPathMapperScanner:240] Skipping MapperFactoryBean with name 'companyMapper' and 'com.rejoice.active.console.mapper.CompanyMapper' mapperInterface. Bean already defined with the same name!
[2017-06-19 10:29:42,435][restartedMain][WARN][org.mybatis.spring.mapper.ClassPathMapperScanner:240] Skipping MapperFactoryBean with name 'userMapper' and 'com.rejoice.active.console.mapper.UserMapper' mapperInterface. Bean already defined with the same name!
[2017-06-19 10:29:42,435][restartedMain][WARN][org.mybatis.spring.mapper.ClassPathMapperScanner:167] No MyBatis mapper was found in '[com.rejoice.active.console.mapper]' package. Please check your configuration.
