[2017-06-09 10:02:54,694][restartedMain][WARN][org.springframework.boot.devtools.autoconfigure.OptionalLiveReloadServer:62] Unable to start LiveReload server
[2017-06-09 10:02:54,871][localhost-startStop-1][WARN][org.apache.catalina.loader.WebappClassLoaderBase:179] The web application [ROOT] appears to have started a thread named [Abandoned connection cleanup thread] but has failed to stop it. This is very likely to create a memory leak. Stack trace of thread:
 java.lang.Object.wait(Native Method)
 java.lang.ref.ReferenceQueue.remove(ReferenceQueue.java:142)
 com.mysql.jdbc.AbandonedConnectionCleanupThread.run(AbandonedConnectionCleanupThread.java:43)
[2017-06-09 14:52:40,255][restartedMain][WARN][org.mybatis.spring.mapper.ClassPathMapperScanner:240] Skipping MapperFactoryBean with name 'companyMapper' and 'com.rejoice.active.console.mapper.CompanyMapper' mapperInterface. Bean already defined with the same name!
[2017-06-09 14:52:40,256][restartedMain][WARN][org.mybatis.spring.mapper.ClassPathMapperScanner:167] No MyBatis mapper was found in '[com.rejoice.active.console.mapper]' package. Please check your configuration.
[2017-06-09 14:52:42,056][restartedMain][WARN][org.springframework.boot.context.embedded.AnnotationConfigEmbeddedWebApplicationContext:550] Exception encountered during context initialization - cancelling refresh attempt: org.springframework.beans.factory.UnsatisfiedDependencyException: Error creating bean with name 'userController': Unsatisfied dependency expressed through field 'baseService'; nested exception is org.springframework.beans.factory.NoSuchBeanDefinitionException: No qualifying bean of type 'com.rejoice.active.console.service.BaseService<com.rejoice.active.console.entity.User>' available: expected at least 1 bean which qualifies as autowire candidate. Dependency annotations: {@org.springframework.beans.factory.annotation.Autowired(required=true)}
[2017-06-09 14:52:52,893][restartedMain][WARN][org.mybatis.spring.mapper.ClassPathMapperScanner:240] Skipping MapperFactoryBean with name 'companyMapper' and 'com.rejoice.active.console.mapper.CompanyMapper' mapperInterface. Bean already defined with the same name!
[2017-06-09 14:52:52,894][restartedMain][WARN][org.mybatis.spring.mapper.ClassPathMapperScanner:167] No MyBatis mapper was found in '[com.rejoice.active.console.mapper]' package. Please check your configuration.
[2017-06-09 14:52:54,896][restartedMain][WARN][org.springframework.boot.context.embedded.AnnotationConfigEmbeddedWebApplicationContext:550] Exception encountered during context initialization - cancelling refresh attempt: org.springframework.beans.factory.UnsatisfiedDependencyException: Error creating bean with name 'userController': Unsatisfied dependency expressed through field 'baseService'; nested exception is org.springframework.beans.factory.NoSuchBeanDefinitionException: No qualifying bean of type 'com.rejoice.active.console.service.BaseService<com.rejoice.active.console.entity.User>' available: expected at least 1 bean which qualifies as autowire candidate. Dependency annotations: {@org.springframework.beans.factory.annotation.Autowired(required=true)}
[2017-06-09 14:53:31,263][restartedMain][WARN][org.mybatis.spring.mapper.ClassPathMapperScanner:240] Skipping MapperFactoryBean with name 'companyMapper' and 'com.rejoice.active.console.mapper.CompanyMapper' mapperInterface. Bean already defined with the same name!
[2017-06-09 14:53:31,264][restartedMain][WARN][org.mybatis.spring.mapper.ClassPathMapperScanner:167] No MyBatis mapper was found in '[com.rejoice.active.console.mapper]' package. Please check your configuration.
[2017-06-09 14:53:33,117][restartedMain][WARN][org.springframework.boot.context.embedded.AnnotationConfigEmbeddedWebApplicationContext:550] Exception encountered during context initialization - cancelling refresh attempt: org.springframework.beans.factory.UnsatisfiedDependencyException: Error creating bean with name 'userController': Unsatisfied dependency expressed through field 'baseService'; nested exception is org.springframework.beans.factory.UnsatisfiedDependencyException: Error creating bean with name 'userService': Unsatisfied dependency expressed through field 'mapper'; nested exception is org.springframework.beans.factory.NoSuchBeanDefinitionException: No qualifying bean of type 'tk.mybatis.mapper.common.Mapper<com.rejoice.active.console.entity.User>' available: expected at least 1 bean which qualifies as autowire candidate. Dependency annotations: {@org.springframework.beans.factory.annotation.Autowired(required=true)}
[2017-06-09 14:55:25,031][restartedMain][WARN][org.mybatis.spring.mapper.ClassPathMapperScanner:240] Skipping MapperFactoryBean with name 'companyMapper' and 'com.rejoice.active.console.mapper.CompanyMapper' mapperInterface. Bean already defined with the same name!
[2017-06-09 14:55:25,031][restartedMain][WARN][org.mybatis.spring.mapper.ClassPathMapperScanner:240] Skipping MapperFactoryBean with name 'userMapper' and 'com.rejoice.active.console.mapper.UserMapper' mapperInterface. Bean already defined with the same name!
[2017-06-09 14:55:25,031][restartedMain][WARN][org.mybatis.spring.mapper.ClassPathMapperScanner:167] No MyBatis mapper was found in '[com.rejoice.active.console.mapper]' package. Please check your configuration.
[2017-06-09 14:56:46,613][http-nio-8081-exec-10][WARN][org.springframework.web.servlet.mvc.method.annotation.ExceptionHandlerExceptionResolver:189] Resolved exception caused by Handler execution: org.springframework.jdbc.BadSqlGrammarException: 
### Error querying database.  Cause: com.mysql.jdbc.exceptions.jdbc4.MySQLSyntaxErrorException: Unknown column 'code' in 'field list'
### The error may exist in com/rejoice/active/console/mapper/CompanyMapper.java (best guess)
### The error may involve com.rejoice.active.console.mapper.CompanyMapper.select-Inline
### The error occurred while setting parameters
### SQL: SELECT create_time,update_time,description,id,name,code,max_active_size,active_size  FROM rejoice_company
### Cause: com.mysql.jdbc.exceptions.jdbc4.MySQLSyntaxErrorException: Unknown column 'code' in 'field list'
; bad SQL grammar []; nested exception is com.mysql.jdbc.exceptions.jdbc4.MySQLSyntaxErrorException: Unknown column 'code' in 'field list'
[2017-06-09 14:59:26,951][restartedMain][WARN][org.mybatis.spring.mapper.ClassPathMapperScanner:240] Skipping MapperFactoryBean with name 'companyMapper' and 'com.rejoice.active.console.mapper.CompanyMapper' mapperInterface. Bean already defined with the same name!
[2017-06-09 14:59:26,951][restartedMain][WARN][org.mybatis.spring.mapper.ClassPathMapperScanner:240] Skipping MapperFactoryBean with name 'userMapper' and 'com.rejoice.active.console.mapper.UserMapper' mapperInterface. Bean already defined with the same name!
[2017-06-09 14:59:26,952][restartedMain][WARN][org.mybatis.spring.mapper.ClassPathMapperScanner:167] No MyBatis mapper was found in '[com.rejoice.active.console.mapper]' package. Please check your configuration.
[2017-06-09 15:02:12,396][restartedMain][WARN][org.mybatis.spring.mapper.ClassPathMapperScanner:240] Skipping MapperFactoryBean with name 'companyMapper' and 'com.rejoice.active.console.mapper.CompanyMapper' mapperInterface. Bean already defined with the same name!
[2017-06-09 15:02:12,397][restartedMain][WARN][org.mybatis.spring.mapper.ClassPathMapperScanner:240] Skipping MapperFactoryBean with name 'userMapper' and 'com.rejoice.active.console.mapper.UserMapper' mapperInterface. Bean already defined with the same name!
[2017-06-09 15:02:12,397][restartedMain][WARN][org.mybatis.spring.mapper.ClassPathMapperScanner:167] No MyBatis mapper was found in '[com.rejoice.active.console.mapper]' package. Please check your configuration.
[2017-06-09 15:02:30,241][restartedMain][WARN][org.mybatis.spring.mapper.ClassPathMapperScanner:240] Skipping MapperFactoryBean with name 'companyMapper' and 'com.rejoice.active.console.mapper.CompanyMapper' mapperInterface. Bean already defined with the same name!
[2017-06-09 15:02:30,241][restartedMain][WARN][org.mybatis.spring.mapper.ClassPathMapperScanner:240] Skipping MapperFactoryBean with name 'userMapper' and 'com.rejoice.active.console.mapper.UserMapper' mapperInterface. Bean already defined with the same name!
[2017-06-09 15:02:30,241][restartedMain][WARN][org.mybatis.spring.mapper.ClassPathMapperScanner:167] No MyBatis mapper was found in '[com.rejoice.active.console.mapper]' package. Please check your configuration.
[2017-06-09 15:18:38,447][restartedMain][WARN][org.mybatis.spring.mapper.ClassPathMapperScanner:240] Skipping MapperFactoryBean with name 'companyMapper' and 'com.rejoice.active.console.mapper.CompanyMapper' mapperInterface. Bean already defined with the same name!
[2017-06-09 15:18:38,447][restartedMain][WARN][org.mybatis.spring.mapper.ClassPathMapperScanner:240] Skipping MapperFactoryBean with name 'userMapper' and 'com.rejoice.active.console.mapper.UserMapper' mapperInterface. Bean already defined with the same name!
[2017-06-09 15:18:38,447][restartedMain][WARN][org.mybatis.spring.mapper.ClassPathMapperScanner:167] No MyBatis mapper was found in '[com.rejoice.active.console.mapper]' package. Please check your configuration.
[2017-06-09 15:18:47,090][restartedMain][WARN][org.mybatis.spring.mapper.ClassPathMapperScanner:240] Skipping MapperFactoryBean with name 'companyMapper' and 'com.rejoice.active.console.mapper.CompanyMapper' mapperInterface. Bean already defined with the same name!
[2017-06-09 15:18:47,090][restartedMain][WARN][org.mybatis.spring.mapper.ClassPathMapperScanner:240] Skipping MapperFactoryBean with name 'userMapper' and 'com.rejoice.active.console.mapper.UserMapper' mapperInterface. Bean already defined with the same name!
[2017-06-09 15:18:47,091][restartedMain][WARN][org.mybatis.spring.mapper.ClassPathMapperScanner:167] No MyBatis mapper was found in '[com.rejoice.active.console.mapper]' package. Please check your configuration.
[2017-06-09 15:18:53,620][restartedMain][WARN][org.mybatis.spring.mapper.ClassPathMapperScanner:240] Skipping MapperFactoryBean with name 'companyMapper' and 'com.rejoice.active.console.mapper.CompanyMapper' mapperInterface. Bean already defined with the same name!
[2017-06-09 15:18:53,621][restartedMain][WARN][org.mybatis.spring.mapper.ClassPathMapperScanner:240] Skipping MapperFactoryBean with name 'userMapper' and 'com.rejoice.active.console.mapper.UserMapper' mapperInterface. Bean already defined with the same name!
[2017-06-09 15:18:53,621][restartedMain][WARN][org.mybatis.spring.mapper.ClassPathMapperScanner:167] No MyBatis mapper was found in '[com.rejoice.active.console.mapper]' package. Please check your configuration.
[2017-06-09 15:19:06,870][restartedMain][WARN][org.mybatis.spring.mapper.ClassPathMapperScanner:240] Skipping MapperFactoryBean with name 'companyMapper' and 'com.rejoice.active.console.mapper.CompanyMapper' mapperInterface. Bean already defined with the same name!
[2017-06-09 15:19:06,870][restartedMain][WARN][org.mybatis.spring.mapper.ClassPathMapperScanner:240] Skipping MapperFactoryBean with name 'userMapper' and 'com.rejoice.active.console.mapper.UserMapper' mapperInterface. Bean already defined with the same name!
[2017-06-09 15:19:06,870][restartedMain][WARN][org.mybatis.spring.mapper.ClassPathMapperScanner:167] No MyBatis mapper was found in '[com.rejoice.active.console.mapper]' package. Please check your configuration.
[2017-06-09 15:20:40,893][http-nio-8081-exec-2][WARN][org.springframework.web.servlet.mvc.method.annotation.ExceptionHandlerExceptionResolver:189] Resolved exception caused by Handler execution: org.springframework.jdbc.BadSqlGrammarException: 
### Error querying database.  Cause: com.mysql.jdbc.exceptions.jdbc4.MySQLSyntaxErrorException: Unknown column 'create_time' in 'field list'
### The error may exist in com/rejoice/active/console/mapper/UserMapper.java (best guess)
### The error may involve com.rejoice.active.console.mapper.UserMapper.select-Inline
### The error occurred while setting parameters
### SQL: SELECT create_time,update_time,description,id,real_name,nick_name,english_name,username,password,address,age,sex  FROM rejoice_user
### Cause: com.mysql.jdbc.exceptions.jdbc4.MySQLSyntaxErrorException: Unknown column 'create_time' in 'field list'
; bad SQL grammar []; nested exception is com.mysql.jdbc.exceptions.jdbc4.MySQLSyntaxErrorException: Unknown column 'create_time' in 'field list'
[2017-06-09 15:21:24,934][http-nio-8081-exec-9][WARN][org.springframework.web.servlet.mvc.method.annotation.ExceptionHandlerExceptionResolver:189] Resolved exception caused by Handler execution: org.springframework.jdbc.BadSqlGrammarException: 
### Error querying database.  Cause: com.mysql.jdbc.exceptions.jdbc4.MySQLSyntaxErrorException: Unknown column 'update_time' in 'field list'
### The error may exist in com/rejoice/active/console/mapper/UserMapper.java (best guess)
### The error may involve com.rejoice.active.console.mapper.UserMapper.select-Inline
### The error occurred while setting parameters
### SQL: SELECT create_time,update_time,description,id,real_name,nick_name,english_name,username,password,address,age,sex  FROM rejoice_user
### Cause: com.mysql.jdbc.exceptions.jdbc4.MySQLSyntaxErrorException: Unknown column 'update_time' in 'field list'
; bad SQL grammar []; nested exception is com.mysql.jdbc.exceptions.jdbc4.MySQLSyntaxErrorException: Unknown column 'update_time' in 'field list'
[2017-06-09 15:21:37,876][http-nio-8081-exec-4][WARN][org.springframework.web.servlet.mvc.method.annotation.ExceptionHandlerExceptionResolver:189] Resolved exception caused by Handler execution: org.springframework.jdbc.BadSqlGrammarException: 
### Error querying database.  Cause: com.mysql.jdbc.exceptions.jdbc4.MySQLSyntaxErrorException: Unknown column 'description' in 'field list'
### The error may exist in com/rejoice/active/console/mapper/UserMapper.java (best guess)
### The error may involve com.rejoice.active.console.mapper.UserMapper.select-Inline
### The error occurred while setting parameters
### SQL: SELECT create_time,update_time,description,id,real_name,nick_name,english_name,username,password,address,age,sex  FROM rejoice_user
### Cause: com.mysql.jdbc.exceptions.jdbc4.MySQLSyntaxErrorException: Unknown column 'description' in 'field list'
; bad SQL grammar []; nested exception is com.mysql.jdbc.exceptions.jdbc4.MySQLSyntaxErrorException: Unknown column 'description' in 'field list'
[2017-06-09 15:21:57,412][http-nio-8081-exec-3][WARN][org.springframework.web.servlet.mvc.method.annotation.ExceptionHandlerExceptionResolver:189] Resolved exception caused by Handler execution: org.springframework.jdbc.BadSqlGrammarException: 
### Error querying database.  Cause: com.mysql.jdbc.exceptions.jdbc4.MySQLSyntaxErrorException: Unknown column 'nick_name' in 'field list'
### The error may exist in com/rejoice/active/console/mapper/UserMapper.java (best guess)
### The error may involve com.rejoice.active.console.mapper.UserMapper.select-Inline
### The error occurred while setting parameters
### SQL: SELECT create_time,update_time,description,id,real_name,nick_name,english_name,username,password,address,age,sex  FROM rejoice_user
### Cause: com.mysql.jdbc.exceptions.jdbc4.MySQLSyntaxErrorException: Unknown column 'nick_name' in 'field list'
; bad SQL grammar []; nested exception is com.mysql.jdbc.exceptions.jdbc4.MySQLSyntaxErrorException: Unknown column 'nick_name' in 'field list'
[2017-06-09 16:03:35,695][restartedMain][WARN][org.mybatis.spring.mapper.ClassPathMapperScanner:240] Skipping MapperFactoryBean with name 'companyMapper' and 'com.rejoice.active.console.mapper.CompanyMapper' mapperInterface. Bean already defined with the same name!
[2017-06-09 16:03:35,695][restartedMain][WARN][org.mybatis.spring.mapper.ClassPathMapperScanner:240] Skipping MapperFactoryBean with name 'userMapper' and 'com.rejoice.active.console.mapper.UserMapper' mapperInterface. Bean already defined with the same name!
[2017-06-09 16:03:35,695][restartedMain][WARN][org.mybatis.spring.mapper.ClassPathMapperScanner:167] No MyBatis mapper was found in '[com.rejoice.active.console.mapper]' package. Please check your configuration.
[2017-06-09 16:04:18,820][restartedMain][WARN][org.mybatis.spring.mapper.ClassPathMapperScanner:240] Skipping MapperFactoryBean with name 'companyMapper' and 'com.rejoice.active.console.mapper.CompanyMapper' mapperInterface. Bean already defined with the same name!
[2017-06-09 16:04:18,821][restartedMain][WARN][org.mybatis.spring.mapper.ClassPathMapperScanner:240] Skipping MapperFactoryBean with name 'userMapper' and 'com.rejoice.active.console.mapper.UserMapper' mapperInterface. Bean already defined with the same name!
[2017-06-09 16:04:18,821][restartedMain][WARN][org.mybatis.spring.mapper.ClassPathMapperScanner:167] No MyBatis mapper was found in '[com.rejoice.active.console.mapper]' package. Please check your configuration.
[2017-06-09 16:05:13,951][restartedMain][WARN][org.mybatis.spring.mapper.ClassPathMapperScanner:240] Skipping MapperFactoryBean with name 'companyMapper' and 'com.rejoice.active.console.mapper.CompanyMapper' mapperInterface. Bean already defined with the same name!
[2017-06-09 16:05:13,952][restartedMain][WARN][org.mybatis.spring.mapper.ClassPathMapperScanner:240] Skipping MapperFactoryBean with name 'userMapper' and 'com.rejoice.active.console.mapper.UserMapper' mapperInterface. Bean already defined with the same name!
[2017-06-09 16:05:13,952][restartedMain][WARN][org.mybatis.spring.mapper.ClassPathMapperScanner:167] No MyBatis mapper was found in '[com.rejoice.active.console.mapper]' package. Please check your configuration.
[2017-06-09 16:06:34,922][restartedMain][WARN][org.mybatis.spring.mapper.ClassPathMapperScanner:240] Skipping MapperFactoryBean with name 'companyMapper' and 'com.rejoice.active.console.mapper.CompanyMapper' mapperInterface. Bean already defined with the same name!
[2017-06-09 16:06:34,923][restartedMain][WARN][org.mybatis.spring.mapper.ClassPathMapperScanner:240] Skipping MapperFactoryBean with name 'userMapper' and 'com.rejoice.active.console.mapper.UserMapper' mapperInterface. Bean already defined with the same name!
[2017-06-09 16:06:34,923][restartedMain][WARN][org.mybatis.spring.mapper.ClassPathMapperScanner:167] No MyBatis mapper was found in '[com.rejoice.active.console.mapper]' package. Please check your configuration.
[2017-06-09 16:06:53,725][restartedMain][WARN][org.mybatis.spring.mapper.ClassPathMapperScanner:240] Skipping MapperFactoryBean with name 'companyMapper' and 'com.rejoice.active.console.mapper.CompanyMapper' mapperInterface. Bean already defined with the same name!
[2017-06-09 16:06:53,726][restartedMain][WARN][org.mybatis.spring.mapper.ClassPathMapperScanner:240] Skipping MapperFactoryBean with name 'userMapper' and 'com.rejoice.active.console.mapper.UserMapper' mapperInterface. Bean already defined with the same name!
[2017-06-09 16:06:53,726][restartedMain][WARN][org.mybatis.spring.mapper.ClassPathMapperScanner:167] No MyBatis mapper was found in '[com.rejoice.active.console.mapper]' package. Please check your configuration.
[2017-06-09 16:07:30,603][restartedMain][WARN][org.mybatis.spring.mapper.ClassPathMapperScanner:240] Skipping MapperFactoryBean with name 'companyMapper' and 'com.rejoice.active.console.mapper.CompanyMapper' mapperInterface. Bean already defined with the same name!
[2017-06-09 16:07:30,603][restartedMain][WARN][org.mybatis.spring.mapper.ClassPathMapperScanner:240] Skipping MapperFactoryBean with name 'userMapper' and 'com.rejoice.active.console.mapper.UserMapper' mapperInterface. Bean already defined with the same name!
[2017-06-09 16:07:30,603][restartedMain][WARN][org.mybatis.spring.mapper.ClassPathMapperScanner:167] No MyBatis mapper was found in '[com.rejoice.active.console.mapper]' package. Please check your configuration.
[2017-06-09 16:07:35,187][restartedMain][WARN][org.mybatis.spring.mapper.ClassPathMapperScanner:240] Skipping MapperFactoryBean with name 'companyMapper' and 'com.rejoice.active.console.mapper.CompanyMapper' mapperInterface. Bean already defined with the same name!
[2017-06-09 16:07:35,187][restartedMain][WARN][org.mybatis.spring.mapper.ClassPathMapperScanner:240] Skipping MapperFactoryBean with name 'userMapper' and 'com.rejoice.active.console.mapper.UserMapper' mapperInterface. Bean already defined with the same name!
[2017-06-09 16:07:35,187][restartedMain][WARN][org.mybatis.spring.mapper.ClassPathMapperScanner:167] No MyBatis mapper was found in '[com.rejoice.active.console.mapper]' package. Please check your configuration.
[2017-06-09 16:08:00,033][restartedMain][WARN][org.mybatis.spring.mapper.ClassPathMapperScanner:240] Skipping MapperFactoryBean with name 'companyMapper' and 'com.rejoice.active.console.mapper.CompanyMapper' mapperInterface. Bean already defined with the same name!
[2017-06-09 16:08:00,033][restartedMain][WARN][org.mybatis.spring.mapper.ClassPathMapperScanner:240] Skipping MapperFactoryBean with name 'userMapper' and 'com.rejoice.active.console.mapper.UserMapper' mapperInterface. Bean already defined with the same name!
[2017-06-09 16:08:00,033][restartedMain][WARN][org.mybatis.spring.mapper.ClassPathMapperScanner:167] No MyBatis mapper was found in '[com.rejoice.active.console.mapper]' package. Please check your configuration.
[2017-06-09 16:08:18,110][restartedMain][WARN][org.mybatis.spring.mapper.ClassPathMapperScanner:240] Skipping MapperFactoryBean with name 'companyMapper' and 'com.rejoice.active.console.mapper.CompanyMapper' mapperInterface. Bean already defined with the same name!
[2017-06-09 16:08:18,110][restartedMain][WARN][org.mybatis.spring.mapper.ClassPathMapperScanner:240] Skipping MapperFactoryBean with name 'userMapper' and 'com.rejoice.active.console.mapper.UserMapper' mapperInterface. Bean already defined with the same name!
[2017-06-09 16:08:18,110][restartedMain][WARN][org.mybatis.spring.mapper.ClassPathMapperScanner:167] No MyBatis mapper was found in '[com.rejoice.active.console.mapper]' package. Please check your configuration.
[2017-06-09 16:08:35,673][http-nio-8081-exec-1][WARN][org.springframework.web.servlet.PageNotFound:215] Request method 'GET' not supported
[2017-06-09 16:08:35,675][http-nio-8081-exec-1][WARN][org.springframework.web.servlet.mvc.support.DefaultHandlerExceptionResolver:189] Resolved exception caused by Handler execution: org.springframework.web.HttpRequestMethodNotSupportedException: Request method 'GET' not supported
[2017-06-09 16:08:45,716][restartedMain][WARN][org.mybatis.spring.mapper.ClassPathMapperScanner:240] Skipping MapperFactoryBean with name 'companyMapper' and 'com.rejoice.active.console.mapper.CompanyMapper' mapperInterface. Bean already defined with the same name!
[2017-06-09 16:08:45,716][restartedMain][WARN][org.mybatis.spring.mapper.ClassPathMapperScanner:240] Skipping MapperFactoryBean with name 'userMapper' and 'com.rejoice.active.console.mapper.UserMapper' mapperInterface. Bean already defined with the same name!
[2017-06-09 16:08:45,716][restartedMain][WARN][org.mybatis.spring.mapper.ClassPathMapperScanner:167] No MyBatis mapper was found in '[com.rejoice.active.console.mapper]' package. Please check your configuration.
[2017-06-09 16:09:23,373][http-nio-8081-exec-4][WARN][org.springframework.web.servlet.PageNotFound:215] Request method 'GET' not supported
[2017-06-09 16:09:23,374][http-nio-8081-exec-4][WARN][org.springframework.web.servlet.mvc.support.DefaultHandlerExceptionResolver:189] Resolved exception caused by Handler execution: org.springframework.web.HttpRequestMethodNotSupportedException: Request method 'GET' not supported
[2017-06-09 16:09:28,639][http-nio-8081-exec-10][WARN][org.springframework.web.servlet.PageNotFound:215] Request method 'GET' not supported
[2017-06-09 16:09:28,640][http-nio-8081-exec-10][WARN][org.springframework.web.servlet.mvc.support.DefaultHandlerExceptionResolver:189] Resolved exception caused by Handler execution: org.springframework.web.HttpRequestMethodNotSupportedException: Request method 'GET' not supported
[2017-06-09 16:12:46,761][restartedMain][WARN][org.mybatis.spring.mapper.ClassPathMapperScanner:240] Skipping MapperFactoryBean with name 'companyMapper' and 'com.rejoice.active.console.mapper.CompanyMapper' mapperInterface. Bean already defined with the same name!
[2017-06-09 16:12:46,762][restartedMain][WARN][org.mybatis.spring.mapper.ClassPathMapperScanner:240] Skipping MapperFactoryBean with name 'userMapper' and 'com.rejoice.active.console.mapper.UserMapper' mapperInterface. Bean already defined with the same name!
[2017-06-09 16:12:46,762][restartedMain][WARN][org.mybatis.spring.mapper.ClassPathMapperScanner:167] No MyBatis mapper was found in '[com.rejoice.active.console.mapper]' package. Please check your configuration.
[2017-06-09 16:13:06,256][restartedMain][WARN][org.mybatis.spring.mapper.ClassPathMapperScanner:240] Skipping MapperFactoryBean with name 'companyMapper' and 'com.rejoice.active.console.mapper.CompanyMapper' mapperInterface. Bean already defined with the same name!
[2017-06-09 16:13:06,256][restartedMain][WARN][org.mybatis.spring.mapper.ClassPathMapperScanner:240] Skipping MapperFactoryBean with name 'userMapper' and 'com.rejoice.active.console.mapper.UserMapper' mapperInterface. Bean already defined with the same name!
[2017-06-09 16:13:06,257][restartedMain][WARN][org.mybatis.spring.mapper.ClassPathMapperScanner:167] No MyBatis mapper was found in '[com.rejoice.active.console.mapper]' package. Please check your configuration.
[2017-06-09 16:13:21,995][restartedMain][WARN][org.mybatis.spring.mapper.ClassPathMapperScanner:240] Skipping MapperFactoryBean with name 'companyMapper' and 'com.rejoice.active.console.mapper.CompanyMapper' mapperInterface. Bean already defined with the same name!
[2017-06-09 16:13:21,996][restartedMain][WARN][org.mybatis.spring.mapper.ClassPathMapperScanner:240] Skipping MapperFactoryBean with name 'userMapper' and 'com.rejoice.active.console.mapper.UserMapper' mapperInterface. Bean already defined with the same name!
[2017-06-09 16:13:21,996][restartedMain][WARN][org.mybatis.spring.mapper.ClassPathMapperScanner:167] No MyBatis mapper was found in '[com.rejoice.active.console.mapper]' package. Please check your configuration.
[2017-06-09 16:13:31,772][restartedMain][WARN][org.mybatis.spring.mapper.ClassPathMapperScanner:240] Skipping MapperFactoryBean with name 'companyMapper' and 'com.rejoice.active.console.mapper.CompanyMapper' mapperInterface. Bean already defined with the same name!
[2017-06-09 16:13:31,773][restartedMain][WARN][org.mybatis.spring.mapper.ClassPathMapperScanner:240] Skipping MapperFactoryBean with name 'userMapper' and 'com.rejoice.active.console.mapper.UserMapper' mapperInterface. Bean already defined with the same name!
[2017-06-09 16:13:31,773][restartedMain][WARN][org.mybatis.spring.mapper.ClassPathMapperScanner:167] No MyBatis mapper was found in '[com.rejoice.active.console.mapper]' package. Please check your configuration.
[2017-06-09 16:14:11,685][restartedMain][WARN][org.mybatis.spring.mapper.ClassPathMapperScanner:240] Skipping MapperFactoryBean with name 'companyMapper' and 'com.rejoice.active.console.mapper.CompanyMapper' mapperInterface. Bean already defined with the same name!
[2017-06-09 16:14:11,685][restartedMain][WARN][org.mybatis.spring.mapper.ClassPathMapperScanner:240] Skipping MapperFactoryBean with name 'userMapper' and 'com.rejoice.active.console.mapper.UserMapper' mapperInterface. Bean already defined with the same name!
[2017-06-09 16:14:11,685][restartedMain][WARN][org.mybatis.spring.mapper.ClassPathMapperScanner:167] No MyBatis mapper was found in '[com.rejoice.active.console.mapper]' package. Please check your configuration.
[2017-06-09 16:14:21,026][http-nio-8081-exec-1][WARN][org.springframework.web.servlet.PageNotFound:215] Request method 'GET' not supported
[2017-06-09 16:14:21,027][http-nio-8081-exec-1][WARN][org.springframework.web.servlet.mvc.support.DefaultHandlerExceptionResolver:189] Resolved exception caused by Handler execution: org.springframework.web.HttpRequestMethodNotSupportedException: Request method 'GET' not supported
[2017-06-09 16:14:46,620][restartedMain][WARN][org.mybatis.spring.mapper.ClassPathMapperScanner:240] Skipping MapperFactoryBean with name 'companyMapper' and 'com.rejoice.active.console.mapper.CompanyMapper' mapperInterface. Bean already defined with the same name!
[2017-06-09 16:14:46,620][restartedMain][WARN][org.mybatis.spring.mapper.ClassPathMapperScanner:240] Skipping MapperFactoryBean with name 'userMapper' and 'com.rejoice.active.console.mapper.UserMapper' mapperInterface. Bean already defined with the same name!
[2017-06-09 16:14:46,620][restartedMain][WARN][org.mybatis.spring.mapper.ClassPathMapperScanner:167] No MyBatis mapper was found in '[com.rejoice.active.console.mapper]' package. Please check your configuration.
[2017-06-09 16:15:44,567][restartedMain][WARN][org.mybatis.spring.mapper.ClassPathMapperScanner:240] Skipping MapperFactoryBean with name 'companyMapper' and 'com.rejoice.active.console.mapper.CompanyMapper' mapperInterface. Bean already defined with the same name!
[2017-06-09 16:15:44,567][restartedMain][WARN][org.mybatis.spring.mapper.ClassPathMapperScanner:240] Skipping MapperFactoryBean with name 'userMapper' and 'com.rejoice.active.console.mapper.UserMapper' mapperInterface. Bean already defined with the same name!
[2017-06-09 16:15:44,567][restartedMain][WARN][org.mybatis.spring.mapper.ClassPathMapperScanner:167] No MyBatis mapper was found in '[com.rejoice.active.console.mapper]' package. Please check your configuration.
[2017-06-09 16:15:52,633][restartedMain][WARN][org.mybatis.spring.mapper.ClassPathMapperScanner:240] Skipping MapperFactoryBean with name 'companyMapper' and 'com.rejoice.active.console.mapper.CompanyMapper' mapperInterface. Bean already defined with the same name!
[2017-06-09 16:15:52,633][restartedMain][WARN][org.mybatis.spring.mapper.ClassPathMapperScanner:240] Skipping MapperFactoryBean with name 'userMapper' and 'com.rejoice.active.console.mapper.UserMapper' mapperInterface. Bean already defined with the same name!
[2017-06-09 16:15:52,633][restartedMain][WARN][org.mybatis.spring.mapper.ClassPathMapperScanner:167] No MyBatis mapper was found in '[com.rejoice.active.console.mapper]' package. Please check your configuration.
[2017-06-09 16:19:52,651][restartedMain][WARN][org.mybatis.spring.mapper.ClassPathMapperScanner:240] Skipping MapperFactoryBean with name 'companyMapper' and 'com.rejoice.active.console.mapper.CompanyMapper' mapperInterface. Bean already defined with the same name!
[2017-06-09 16:19:52,652][restartedMain][WARN][org.mybatis.spring.mapper.ClassPathMapperScanner:240] Skipping MapperFactoryBean with name 'userMapper' and 'com.rejoice.active.console.mapper.UserMapper' mapperInterface. Bean already defined with the same name!
[2017-06-09 16:19:52,652][restartedMain][WARN][org.mybatis.spring.mapper.ClassPathMapperScanner:167] No MyBatis mapper was found in '[com.rejoice.active.console.mapper]' package. Please check your configuration.
[2017-06-09 16:20:06,527][restartedMain][WARN][org.mybatis.spring.mapper.ClassPathMapperScanner:240] Skipping MapperFactoryBean with name 'companyMapper' and 'com.rejoice.active.console.mapper.CompanyMapper' mapperInterface. Bean already defined with the same name!
[2017-06-09 16:20:06,528][restartedMain][WARN][org.mybatis.spring.mapper.ClassPathMapperScanner:240] Skipping MapperFactoryBean with name 'userMapper' and 'com.rejoice.active.console.mapper.UserMapper' mapperInterface. Bean already defined with the same name!
[2017-06-09 16:20:06,528][restartedMain][WARN][org.mybatis.spring.mapper.ClassPathMapperScanner:167] No MyBatis mapper was found in '[com.rejoice.active.console.mapper]' package. Please check your configuration.
[2017-06-09 16:23:13,170][restartedMain][WARN][org.mybatis.spring.mapper.ClassPathMapperScanner:240] Skipping MapperFactoryBean with name 'companyMapper' and 'com.rejoice.active.console.mapper.CompanyMapper' mapperInterface. Bean already defined with the same name!
[2017-06-09 16:23:13,171][restartedMain][WARN][org.mybatis.spring.mapper.ClassPathMapperScanner:240] Skipping MapperFactoryBean with name 'userMapper' and 'com.rejoice.active.console.mapper.UserMapper' mapperInterface. Bean already defined with the same name!
[2017-06-09 16:23:13,171][restartedMain][WARN][org.mybatis.spring.mapper.ClassPathMapperScanner:167] No MyBatis mapper was found in '[com.rejoice.active.console.mapper]' package. Please check your configuration.
[2017-06-09 16:23:28,500][restartedMain][WARN][org.mybatis.spring.mapper.ClassPathMapperScanner:240] Skipping MapperFactoryBean with name 'companyMapper' and 'com.rejoice.active.console.mapper.CompanyMapper' mapperInterface. Bean already defined with the same name!
[2017-06-09 16:23:28,500][restartedMain][WARN][org.mybatis.spring.mapper.ClassPathMapperScanner:240] Skipping MapperFactoryBean with name 'userMapper' and 'com.rejoice.active.console.mapper.UserMapper' mapperInterface. Bean already defined with the same name!
[2017-06-09 16:23:28,500][restartedMain][WARN][org.mybatis.spring.mapper.ClassPathMapperScanner:167] No MyBatis mapper was found in '[com.rejoice.active.console.mapper]' package. Please check your configuration.
[2017-06-09 16:25:02,765][restartedMain][WARN][org.mybatis.spring.mapper.ClassPathMapperScanner:240] Skipping MapperFactoryBean with name 'companyMapper' and 'com.rejoice.active.console.mapper.CompanyMapper' mapperInterface. Bean already defined with the same name!
[2017-06-09 16:25:02,765][restartedMain][WARN][org.mybatis.spring.mapper.ClassPathMapperScanner:240] Skipping MapperFactoryBean with name 'userMapper' and 'com.rejoice.active.console.mapper.UserMapper' mapperInterface. Bean already defined with the same name!
[2017-06-09 16:25:02,766][restartedMain][WARN][org.mybatis.spring.mapper.ClassPathMapperScanner:167] No MyBatis mapper was found in '[com.rejoice.active.console.mapper]' package. Please check your configuration.
[2017-06-09 16:25:38,808][restartedMain][WARN][org.mybatis.spring.mapper.ClassPathMapperScanner:240] Skipping MapperFactoryBean with name 'companyMapper' and 'com.rejoice.active.console.mapper.CompanyMapper' mapperInterface. Bean already defined with the same name!
[2017-06-09 16:25:38,808][restartedMain][WARN][org.mybatis.spring.mapper.ClassPathMapperScanner:240] Skipping MapperFactoryBean with name 'userMapper' and 'com.rejoice.active.console.mapper.UserMapper' mapperInterface. Bean already defined with the same name!
[2017-06-09 16:25:38,808][restartedMain][WARN][org.mybatis.spring.mapper.ClassPathMapperScanner:167] No MyBatis mapper was found in '[com.rejoice.active.console.mapper]' package. Please check your configuration.
[2017-06-09 16:25:49,529][restartedMain][WARN][org.mybatis.spring.mapper.ClassPathMapperScanner:240] Skipping MapperFactoryBean with name 'companyMapper' and 'com.rejoice.active.console.mapper.CompanyMapper' mapperInterface. Bean already defined with the same name!
[2017-06-09 16:25:49,529][restartedMain][WARN][org.mybatis.spring.mapper.ClassPathMapperScanner:240] Skipping MapperFactoryBean with name 'userMapper' and 'com.rejoice.active.console.mapper.UserMapper' mapperInterface. Bean already defined with the same name!
[2017-06-09 16:25:49,529][restartedMain][WARN][org.mybatis.spring.mapper.ClassPathMapperScanner:167] No MyBatis mapper was found in '[com.rejoice.active.console.mapper]' package. Please check your configuration.
[2017-06-09 16:25:52,587][http-nio-8081-exec-1][WARN][org.springframework.web.servlet.PageNotFound:215] Request method 'POST' not supported
[2017-06-09 16:25:52,587][http-nio-8081-exec-1][WARN][org.springframework.web.servlet.mvc.support.DefaultHandlerExceptionResolver:189] Resolved exception caused by Handler execution: org.springframework.web.HttpRequestMethodNotSupportedException: Request method 'POST' not supported
[2017-06-09 16:25:57,202][http-nio-8081-exec-8][WARN][org.springframework.web.servlet.PageNotFound:215] Request method 'POST' not supported
[2017-06-09 16:25:57,203][http-nio-8081-exec-8][WARN][org.springframework.web.servlet.mvc.support.DefaultHandlerExceptionResolver:189] Resolved exception caused by Handler execution: org.springframework.web.HttpRequestMethodNotSupportedException: Request method 'POST' not supported
[2017-06-09 16:26:06,807][http-nio-8081-exec-9][WARN][org.springframework.web.servlet.PageNotFound:215] Request method 'POST' not supported
[2017-06-09 16:26:06,807][http-nio-8081-exec-9][WARN][org.springframework.web.servlet.mvc.support.DefaultHandlerExceptionResolver:189] Resolved exception caused by Handler execution: org.springframework.web.HttpRequestMethodNotSupportedException: Request method 'POST' not supported
[2017-06-09 16:26:18,311][restartedMain][WARN][org.mybatis.spring.mapper.ClassPathMapperScanner:240] Skipping MapperFactoryBean with name 'companyMapper' and 'com.rejoice.active.console.mapper.CompanyMapper' mapperInterface. Bean already defined with the same name!
[2017-06-09 16:26:18,312][restartedMain][WARN][org.mybatis.spring.mapper.ClassPathMapperScanner:240] Skipping MapperFactoryBean with name 'userMapper' and 'com.rejoice.active.console.mapper.UserMapper' mapperInterface. Bean already defined with the same name!
[2017-06-09 16:26:18,312][restartedMain][WARN][org.mybatis.spring.mapper.ClassPathMapperScanner:167] No MyBatis mapper was found in '[com.rejoice.active.console.mapper]' package. Please check your configuration.
[2017-06-09 16:26:42,110][restartedMain][WARN][org.mybatis.spring.mapper.ClassPathMapperScanner:240] Skipping MapperFactoryBean with name 'companyMapper' and 'com.rejoice.active.console.mapper.CompanyMapper' mapperInterface. Bean already defined with the same name!
[2017-06-09 16:26:42,111][restartedMain][WARN][org.mybatis.spring.mapper.ClassPathMapperScanner:240] Skipping MapperFactoryBean with name 'userMapper' and 'com.rejoice.active.console.mapper.UserMapper' mapperInterface. Bean already defined with the same name!
[2017-06-09 16:26:42,111][restartedMain][WARN][org.mybatis.spring.mapper.ClassPathMapperScanner:167] No MyBatis mapper was found in '[com.rejoice.active.console.mapper]' package. Please check your configuration.
[2017-06-09 16:38:08,769][restartedMain][WARN][org.mybatis.spring.mapper.ClassPathMapperScanner:240] Skipping MapperFactoryBean with name 'companyMapper' and 'com.rejoice.active.console.mapper.CompanyMapper' mapperInterface. Bean already defined with the same name!
[2017-06-09 16:38:08,769][restartedMain][WARN][org.mybatis.spring.mapper.ClassPathMapperScanner:240] Skipping MapperFactoryBean with name 'userMapper' and 'com.rejoice.active.console.mapper.UserMapper' mapperInterface. Bean already defined with the same name!
[2017-06-09 16:38:08,769][restartedMain][WARN][org.mybatis.spring.mapper.ClassPathMapperScanner:167] No MyBatis mapper was found in '[com.rejoice.active.console.mapper]' package. Please check your configuration.
[2017-06-09 16:38:50,465][restartedMain][WARN][org.mybatis.spring.mapper.ClassPathMapperScanner:240] Skipping MapperFactoryBean with name 'companyMapper' and 'com.rejoice.active.console.mapper.CompanyMapper' mapperInterface. Bean already defined with the same name!
[2017-06-09 16:38:50,465][restartedMain][WARN][org.mybatis.spring.mapper.ClassPathMapperScanner:240] Skipping MapperFactoryBean with name 'userMapper' and 'com.rejoice.active.console.mapper.UserMapper' mapperInterface. Bean already defined with the same name!
[2017-06-09 16:38:50,465][restartedMain][WARN][org.mybatis.spring.mapper.ClassPathMapperScanner:167] No MyBatis mapper was found in '[com.rejoice.active.console.mapper]' package. Please check your configuration.
[2017-06-09 16:41:06,212][restartedMain][WARN][org.mybatis.spring.mapper.ClassPathMapperScanner:240] Skipping MapperFactoryBean with name 'companyMapper' and 'com.rejoice.active.console.mapper.CompanyMapper' mapperInterface. Bean already defined with the same name!
[2017-06-09 16:41:06,212][restartedMain][WARN][org.mybatis.spring.mapper.ClassPathMapperScanner:240] Skipping MapperFactoryBean with name 'userMapper' and 'com.rejoice.active.console.mapper.UserMapper' mapperInterface. Bean already defined with the same name!
[2017-06-09 16:41:06,212][restartedMain][WARN][org.mybatis.spring.mapper.ClassPathMapperScanner:167] No MyBatis mapper was found in '[com.rejoice.active.console.mapper]' package. Please check your configuration.
[2017-06-09 16:41:31,746][restartedMain][WARN][org.mybatis.spring.mapper.ClassPathMapperScanner:240] Skipping MapperFactoryBean with name 'companyMapper' and 'com.rejoice.active.console.mapper.CompanyMapper' mapperInterface. Bean already defined with the same name!
[2017-06-09 16:41:31,746][restartedMain][WARN][org.mybatis.spring.mapper.ClassPathMapperScanner:240] Skipping MapperFactoryBean with name 'userMapper' and 'com.rejoice.active.console.mapper.UserMapper' mapperInterface. Bean already defined with the same name!
[2017-06-09 16:41:31,746][restartedMain][WARN][org.mybatis.spring.mapper.ClassPathMapperScanner:167] No MyBatis mapper was found in '[com.rejoice.active.console.mapper]' package. Please check your configuration.
[2017-06-09 16:41:59,377][restartedMain][WARN][org.mybatis.spring.mapper.ClassPathMapperScanner:240] Skipping MapperFactoryBean with name 'companyMapper' and 'com.rejoice.active.console.mapper.CompanyMapper' mapperInterface. Bean already defined with the same name!
[2017-06-09 16:41:59,377][restartedMain][WARN][org.mybatis.spring.mapper.ClassPathMapperScanner:240] Skipping MapperFactoryBean with name 'userMapper' and 'com.rejoice.active.console.mapper.UserMapper' mapperInterface. Bean already defined with the same name!
[2017-06-09 16:41:59,377][restartedMain][WARN][org.mybatis.spring.mapper.ClassPathMapperScanner:167] No MyBatis mapper was found in '[com.rejoice.active.console.mapper]' package. Please check your configuration.
[2017-06-09 16:42:08,888][restartedMain][WARN][org.mybatis.spring.mapper.ClassPathMapperScanner:240] Skipping MapperFactoryBean with name 'companyMapper' and 'com.rejoice.active.console.mapper.CompanyMapper' mapperInterface. Bean already defined with the same name!
[2017-06-09 16:42:08,888][restartedMain][WARN][org.mybatis.spring.mapper.ClassPathMapperScanner:240] Skipping MapperFactoryBean with name 'userMapper' and 'com.rejoice.active.console.mapper.UserMapper' mapperInterface. Bean already defined with the same name!
[2017-06-09 16:42:08,888][restartedMain][WARN][org.mybatis.spring.mapper.ClassPathMapperScanner:167] No MyBatis mapper was found in '[com.rejoice.active.console.mapper]' package. Please check your configuration.
[2017-06-09 16:42:15,310][restartedMain][WARN][org.mybatis.spring.mapper.ClassPathMapperScanner:240] Skipping MapperFactoryBean with name 'companyMapper' and 'com.rejoice.active.console.mapper.CompanyMapper' mapperInterface. Bean already defined with the same name!
[2017-06-09 16:42:15,310][restartedMain][WARN][org.mybatis.spring.mapper.ClassPathMapperScanner:240] Skipping MapperFactoryBean with name 'userMapper' and 'com.rejoice.active.console.mapper.UserMapper' mapperInterface. Bean already defined with the same name!
[2017-06-09 16:42:15,310][restartedMain][WARN][org.mybatis.spring.mapper.ClassPathMapperScanner:167] No MyBatis mapper was found in '[com.rejoice.active.console.mapper]' package. Please check your configuration.
[2017-06-09 16:43:09,904][restartedMain][WARN][org.mybatis.spring.mapper.ClassPathMapperScanner:240] Skipping MapperFactoryBean with name 'companyMapper' and 'com.rejoice.active.console.mapper.CompanyMapper' mapperInterface. Bean already defined with the same name!
[2017-06-09 16:43:09,904][restartedMain][WARN][org.mybatis.spring.mapper.ClassPathMapperScanner:240] Skipping MapperFactoryBean with name 'userMapper' and 'com.rejoice.active.console.mapper.UserMapper' mapperInterface. Bean already defined with the same name!
[2017-06-09 16:43:09,904][restartedMain][WARN][org.mybatis.spring.mapper.ClassPathMapperScanner:167] No MyBatis mapper was found in '[com.rejoice.active.console.mapper]' package. Please check your configuration.
[2017-06-09 16:43:39,484][restartedMain][WARN][org.mybatis.spring.mapper.ClassPathMapperScanner:240] Skipping MapperFactoryBean with name 'companyMapper' and 'com.rejoice.active.console.mapper.CompanyMapper' mapperInterface. Bean already defined with the same name!
[2017-06-09 16:43:39,484][restartedMain][WARN][org.mybatis.spring.mapper.ClassPathMapperScanner:240] Skipping MapperFactoryBean with name 'userMapper' and 'com.rejoice.active.console.mapper.UserMapper' mapperInterface. Bean already defined with the same name!
[2017-06-09 16:43:39,484][restartedMain][WARN][org.mybatis.spring.mapper.ClassPathMapperScanner:167] No MyBatis mapper was found in '[com.rejoice.active.console.mapper]' package. Please check your configuration.
[2017-06-09 16:43:43,322][http-nio-8081-exec-8][WARN][org.springframework.web.servlet.PageNotFound:215] Request method 'POST' not supported
[2017-06-09 16:43:43,323][http-nio-8081-exec-8][WARN][org.springframework.web.servlet.mvc.support.DefaultHandlerExceptionResolver:189] Resolved exception caused by Handler execution: org.springframework.web.HttpRequestMethodNotSupportedException: Request method 'POST' not supported
[2017-06-09 16:43:55,699][http-nio-8081-exec-7][WARN][org.springframework.web.servlet.PageNotFound:215] Request method 'POST' not supported
[2017-06-09 16:43:55,700][http-nio-8081-exec-7][WARN][org.springframework.web.servlet.mvc.support.DefaultHandlerExceptionResolver:189] Resolved exception caused by Handler execution: org.springframework.web.HttpRequestMethodNotSupportedException: Request method 'POST' not supported
[2017-06-09 16:44:16,990][http-nio-8081-exec-10][WARN][org.springframework.web.servlet.PageNotFound:215] Request method 'POST' not supported
[2017-06-09 16:44:16,990][http-nio-8081-exec-10][WARN][org.springframework.web.servlet.mvc.support.DefaultHandlerExceptionResolver:189] Resolved exception caused by Handler execution: org.springframework.web.HttpRequestMethodNotSupportedException: Request method 'POST' not supported
[2017-06-09 16:44:29,214][restartedMain][WARN][org.mybatis.spring.mapper.ClassPathMapperScanner:240] Skipping MapperFactoryBean with name 'companyMapper' and 'com.rejoice.active.console.mapper.CompanyMapper' mapperInterface. Bean already defined with the same name!
[2017-06-09 16:44:29,215][restartedMain][WARN][org.mybatis.spring.mapper.ClassPathMapperScanner:240] Skipping MapperFactoryBean with name 'userMapper' and 'com.rejoice.active.console.mapper.UserMapper' mapperInterface. Bean already defined with the same name!
[2017-06-09 16:44:29,215][restartedMain][WARN][org.mybatis.spring.mapper.ClassPathMapperScanner:167] No MyBatis mapper was found in '[com.rejoice.active.console.mapper]' package. Please check your configuration.
[2017-06-09 16:44:34,635][restartedMain][WARN][org.mybatis.spring.mapper.ClassPathMapperScanner:240] Skipping MapperFactoryBean with name 'companyMapper' and 'com.rejoice.active.console.mapper.CompanyMapper' mapperInterface. Bean already defined with the same name!
[2017-06-09 16:44:34,635][restartedMain][WARN][org.mybatis.spring.mapper.ClassPathMapperScanner:240] Skipping MapperFactoryBean with name 'userMapper' and 'com.rejoice.active.console.mapper.UserMapper' mapperInterface. Bean already defined with the same name!
[2017-06-09 16:44:34,635][restartedMain][WARN][org.mybatis.spring.mapper.ClassPathMapperScanner:167] No MyBatis mapper was found in '[com.rejoice.active.console.mapper]' package. Please check your configuration.
[2017-06-09 16:44:51,574][http-nio-8081-exec-1][WARN][org.springframework.web.servlet.PageNotFound:215] Request method 'POST' not supported
[2017-06-09 16:44:51,575][http-nio-8081-exec-1][WARN][org.springframework.web.servlet.mvc.support.DefaultHandlerExceptionResolver:189] Resolved exception caused by Handler execution: org.springframework.web.HttpRequestMethodNotSupportedException: Request method 'POST' not supported
[2017-06-09 16:45:45,085][restartedMain][WARN][org.mybatis.spring.mapper.ClassPathMapperScanner:240] Skipping MapperFactoryBean with name 'companyMapper' and 'com.rejoice.active.console.mapper.CompanyMapper' mapperInterface. Bean already defined with the same name!
[2017-06-09 16:45:45,085][restartedMain][WARN][org.mybatis.spring.mapper.ClassPathMapperScanner:240] Skipping MapperFactoryBean with name 'userMapper' and 'com.rejoice.active.console.mapper.UserMapper' mapperInterface. Bean already defined with the same name!
[2017-06-09 16:45:45,085][restartedMain][WARN][org.mybatis.spring.mapper.ClassPathMapperScanner:167] No MyBatis mapper was found in '[com.rejoice.active.console.mapper]' package. Please check your configuration.
[2017-06-09 16:45:49,504][restartedMain][WARN][org.mybatis.spring.mapper.ClassPathMapperScanner:240] Skipping MapperFactoryBean with name 'companyMapper' and 'com.rejoice.active.console.mapper.CompanyMapper' mapperInterface. Bean already defined with the same name!
[2017-06-09 16:45:49,504][restartedMain][WARN][org.mybatis.spring.mapper.ClassPathMapperScanner:240] Skipping MapperFactoryBean with name 'userMapper' and 'com.rejoice.active.console.mapper.UserMapper' mapperInterface. Bean already defined with the same name!
[2017-06-09 16:45:49,504][restartedMain][WARN][org.mybatis.spring.mapper.ClassPathMapperScanner:167] No MyBatis mapper was found in '[com.rejoice.active.console.mapper]' package. Please check your configuration.
[2017-06-09 16:47:29,450][restartedMain][WARN][org.mybatis.spring.mapper.ClassPathMapperScanner:240] Skipping MapperFactoryBean with name 'companyMapper' and 'com.rejoice.active.console.mapper.CompanyMapper' mapperInterface. Bean already defined with the same name!
[2017-06-09 16:47:29,450][restartedMain][WARN][org.mybatis.spring.mapper.ClassPathMapperScanner:240] Skipping MapperFactoryBean with name 'userMapper' and 'com.rejoice.active.console.mapper.UserMapper' mapperInterface. Bean already defined with the same name!
[2017-06-09 16:47:29,450][restartedMain][WARN][org.mybatis.spring.mapper.ClassPathMapperScanner:167] No MyBatis mapper was found in '[com.rejoice.active.console.mapper]' package. Please check your configuration.
[2017-06-09 16:49:20,122][http-nio-8081-exec-6][WARN][org.springframework.web.servlet.mvc.method.annotation.ExceptionHandlerExceptionResolver:189] Resolved exception caused by Handler execution: java.lang.ClassCastException: com.rejoice.active.console.entity.User cannot be cast to com.rejoice.active.console.entity.User
[2017-06-09 17:11:55,251][http-nio-8081-exec-4][WARN][org.springframework.web.servlet.mvc.method.annotation.ExceptionHandlerExceptionResolver:189] Resolved exception caused by Handler execution: java.lang.ClassCastException: com.rejoice.active.console.entity.User cannot be cast to com.rejoice.active.console.entity.User
[2017-06-09 17:12:04,817][http-nio-8081-exec-2][WARN][org.springframework.web.servlet.mvc.method.annotation.ExceptionHandlerExceptionResolver:189] Resolved exception caused by Handler execution: java.lang.ClassCastException: com.rejoice.active.console.entity.User cannot be cast to com.rejoice.active.console.entity.User
[2017-06-09 17:13:21,450][http-nio-8081-exec-9][WARN][org.springframework.web.servlet.mvc.method.annotation.ExceptionHandlerExceptionResolver:189] Resolved exception caused by Handler execution: java.lang.ClassCastException: com.rejoice.active.console.entity.User cannot be cast to com.rejoice.active.console.entity.User
[2017-06-09 17:13:27,171][restartedMain][WARN][org.mybatis.spring.mapper.ClassPathMapperScanner:240] Skipping MapperFactoryBean with name 'companyMapper' and 'com.rejoice.active.console.mapper.CompanyMapper' mapperInterface. Bean already defined with the same name!
[2017-06-09 17:13:27,171][restartedMain][WARN][org.mybatis.spring.mapper.ClassPathMapperScanner:240] Skipping MapperFactoryBean with name 'userMapper' and 'com.rejoice.active.console.mapper.UserMapper' mapperInterface. Bean already defined with the same name!
[2017-06-09 17:13:27,172][restartedMain][WARN][org.mybatis.spring.mapper.ClassPathMapperScanner:167] No MyBatis mapper was found in '[com.rejoice.active.console.mapper]' package. Please check your configuration.
[2017-06-09 17:13:35,373][http-nio-8081-exec-9][WARN][org.springframework.web.servlet.mvc.method.annotation.ExceptionHandlerExceptionResolver:189] Resolved exception caused by Handler execution: java.lang.ClassCastException: com.rejoice.active.console.entity.User cannot be cast to com.rejoice.active.console.entity.User
[2017-06-09 17:14:32,711][restartedMain][WARN][org.mybatis.spring.mapper.ClassPathMapperScanner:240] Skipping MapperFactoryBean with name 'companyMapper' and 'com.rejoice.active.console.mapper.CompanyMapper' mapperInterface. Bean already defined with the same name!
[2017-06-09 17:14:32,711][restartedMain][WARN][org.mybatis.spring.mapper.ClassPathMapperScanner:240] Skipping MapperFactoryBean with name 'userMapper' and 'com.rejoice.active.console.mapper.UserMapper' mapperInterface. Bean already defined with the same name!
[2017-06-09 17:14:32,711][restartedMain][WARN][org.mybatis.spring.mapper.ClassPathMapperScanner:167] No MyBatis mapper was found in '[com.rejoice.active.console.mapper]' package. Please check your configuration.
[2017-06-09 17:14:40,294][http-nio-8081-exec-1][WARN][org.springframework.web.servlet.mvc.method.annotation.ExceptionHandlerExceptionResolver:189] Resolved exception caused by Handler execution: java.lang.ClassCastException: com.rejoice.active.console.entity.User cannot be cast to com.rejoice.active.console.entity.User
[2017-06-09 17:14:41,142][http-nio-8081-exec-2][WARN][org.springframework.web.servlet.mvc.method.annotation.ExceptionHandlerExceptionResolver:189] Resolved exception caused by Handler execution: java.lang.ClassCastException: com.rejoice.active.console.entity.User cannot be cast to com.rejoice.active.console.entity.User
[2017-06-09 17:14:41,528][http-nio-8081-exec-4][WARN][org.springframework.web.servlet.mvc.method.annotation.ExceptionHandlerExceptionResolver:189] Resolved exception caused by Handler execution: java.lang.ClassCastException: com.rejoice.active.console.entity.User cannot be cast to com.rejoice.active.console.entity.User
[2017-06-09 17:15:46,880][http-nio-8081-exec-1][WARN][org.springframework.web.servlet.mvc.method.annotation.ExceptionHandlerExceptionResolver:189] Resolved exception caused by Handler execution: java.lang.ClassCastException: com.rejoice.active.console.entity.User cannot be cast to com.rejoice.active.console.entity.User
[2017-06-09 17:17:22,428][restartedMain][WARN][org.mybatis.spring.mapper.ClassPathMapperScanner:240] Skipping MapperFactoryBean with name 'companyMapper' and 'com.rejoice.active.console.mapper.CompanyMapper' mapperInterface. Bean already defined with the same name!
[2017-06-09 17:17:22,428][restartedMain][WARN][org.mybatis.spring.mapper.ClassPathMapperScanner:240] Skipping MapperFactoryBean with name 'userMapper' and 'com.rejoice.active.console.mapper.UserMapper' mapperInterface. Bean already defined with the same name!
[2017-06-09 17:17:22,428][restartedMain][WARN][org.mybatis.spring.mapper.ClassPathMapperScanner:167] No MyBatis mapper was found in '[com.rejoice.active.console.mapper]' package. Please check your configuration.
[2017-06-09 17:19:31,258][restartedMain][WARN][org.mybatis.spring.mapper.ClassPathMapperScanner:240] Skipping MapperFactoryBean with name 'companyMapper' and 'com.rejoice.active.console.mapper.CompanyMapper' mapperInterface. Bean already defined with the same name!
[2017-06-09 17:19:31,258][restartedMain][WARN][org.mybatis.spring.mapper.ClassPathMapperScanner:240] Skipping MapperFactoryBean with name 'userMapper' and 'com.rejoice.active.console.mapper.UserMapper' mapperInterface. Bean already defined with the same name!
[2017-06-09 17:19:31,259][restartedMain][WARN][org.mybatis.spring.mapper.ClassPathMapperScanner:167] No MyBatis mapper was found in '[com.rejoice.active.console.mapper]' package. Please check your configuration.
[2017-06-09 17:19:35,062][restartedMain][WARN][org.mybatis.spring.mapper.ClassPathMapperScanner:240] Skipping MapperFactoryBean with name 'companyMapper' and 'com.rejoice.active.console.mapper.CompanyMapper' mapperInterface. Bean already defined with the same name!
[2017-06-09 17:19:35,062][restartedMain][WARN][org.mybatis.spring.mapper.ClassPathMapperScanner:240] Skipping MapperFactoryBean with name 'userMapper' and 'com.rejoice.active.console.mapper.UserMapper' mapperInterface. Bean already defined with the same name!
[2017-06-09 17:19:35,063][restartedMain][WARN][org.mybatis.spring.mapper.ClassPathMapperScanner:167] No MyBatis mapper was found in '[com.rejoice.active.console.mapper]' package. Please check your configuration.
[2017-06-09 17:19:39,264][http-nio-8081-exec-9][WARN][org.springframework.web.servlet.mvc.method.annotation.ExceptionHandlerExceptionResolver:189] Resolved exception caused by Handler execution: org.mybatis.spring.MyBatisSystemException: nested exception is org.apache.ibatis.type.TypeException: Could not set parameters for mapping: ParameterMapping{property='createTime', mode=IN, javaType=class java.util.Date, jdbcType=null, numericScale=null, resultMapId='null', jdbcTypeName='null', expression='null'}. Cause: org.apache.ibatis.type.TypeException: Error setting non null for parameter #1 with JdbcType null . Try setting a different JdbcType for this parameter or a different configuration property. Cause: java.lang.ClassCastException: java.lang.Integer cannot be cast to java.util.Date
[2017-06-09 17:21:12,860][restartedMain][WARN][org.mybatis.spring.mapper.ClassPathMapperScanner:240] Skipping MapperFactoryBean with name 'companyMapper' and 'com.rejoice.active.console.mapper.CompanyMapper' mapperInterface. Bean already defined with the same name!
[2017-06-09 17:21:12,860][restartedMain][WARN][org.mybatis.spring.mapper.ClassPathMapperScanner:240] Skipping MapperFactoryBean with name 'userMapper' and 'com.rejoice.active.console.mapper.UserMapper' mapperInterface. Bean already defined with the same name!
[2017-06-09 17:21:12,860][restartedMain][WARN][org.mybatis.spring.mapper.ClassPathMapperScanner:167] No MyBatis mapper was found in '[com.rejoice.active.console.mapper]' package. Please check your configuration.
[2017-06-09 17:21:30,550][http-nio-8081-exec-2][WARN][org.springframework.web.servlet.mvc.method.annotation.ExceptionHandlerExceptionResolver:189] Resolved exception caused by Handler execution: org.mybatis.spring.MyBatisSystemException: nested exception is org.apache.ibatis.type.TypeException: Could not set parameters for mapping: ParameterMapping{property='createTime', mode=IN, javaType=class java.util.Date, jdbcType=null, numericScale=null, resultMapId='null', jdbcTypeName='null', expression='null'}. Cause: org.apache.ibatis.type.TypeException: Error setting non null for parameter #1 with JdbcType null . Try setting a different JdbcType for this parameter or a different configuration property. Cause: java.lang.ClassCastException: java.lang.Integer cannot be cast to java.util.Date
[2017-06-09 17:22:07,180][restartedMain][WARN][org.mybatis.spring.mapper.ClassPathMapperScanner:240] Skipping MapperFactoryBean with name 'companyMapper' and 'com.rejoice.active.console.mapper.CompanyMapper' mapperInterface. Bean already defined with the same name!
[2017-06-09 17:22:07,181][restartedMain][WARN][org.mybatis.spring.mapper.ClassPathMapperScanner:240] Skipping MapperFactoryBean with name 'userMapper' and 'com.rejoice.active.console.mapper.UserMapper' mapperInterface. Bean already defined with the same name!
[2017-06-09 17:22:07,181][restartedMain][WARN][org.mybatis.spring.mapper.ClassPathMapperScanner:167] No MyBatis mapper was found in '[com.rejoice.active.console.mapper]' package. Please check your configuration.
[2017-06-09 17:22:10,827][http-nio-8081-exec-1][WARN][org.springframework.web.servlet.mvc.method.annotation.ExceptionHandlerExceptionResolver:189] Resolved exception caused by Handler execution: org.mybatis.spring.MyBatisSystemException: nested exception is org.apache.ibatis.type.TypeException: Could not set parameters for mapping: ParameterMapping{property='createTime', mode=IN, javaType=class java.util.Date, jdbcType=null, numericScale=null, resultMapId='null', jdbcTypeName='null', expression='null'}. Cause: org.apache.ibatis.type.TypeException: Error setting non null for parameter #1 with JdbcType null . Try setting a different JdbcType for this parameter or a different configuration property. Cause: java.lang.ClassCastException: java.lang.Integer cannot be cast to java.util.Date
[2017-06-09 17:22:35,723][http-nio-8081-exec-2][WARN][org.springframework.web.servlet.mvc.method.annotation.ExceptionHandlerExceptionResolver:189] Resolved exception caused by Handler execution: org.mybatis.spring.MyBatisSystemException: nested exception is org.apache.ibatis.type.TypeException: Could not set parameters for mapping: ParameterMapping{property='createTime', mode=IN, javaType=class java.util.Date, jdbcType=null, numericScale=null, resultMapId='null', jdbcTypeName='null', expression='null'}. Cause: org.apache.ibatis.type.TypeException: Error setting non null for parameter #1 with JdbcType null . Try setting a different JdbcType for this parameter or a different configuration property. Cause: java.lang.ClassCastException: java.lang.Integer cannot be cast to java.util.Date
[2017-06-09 17:22:41,696][restartedMain][WARN][org.mybatis.spring.mapper.ClassPathMapperScanner:240] Skipping MapperFactoryBean with name 'companyMapper' and 'com.rejoice.active.console.mapper.CompanyMapper' mapperInterface. Bean already defined with the same name!
[2017-06-09 17:22:41,697][restartedMain][WARN][org.mybatis.spring.mapper.ClassPathMapperScanner:240] Skipping MapperFactoryBean with name 'userMapper' and 'com.rejoice.active.console.mapper.UserMapper' mapperInterface. Bean already defined with the same name!
[2017-06-09 17:22:41,697][restartedMain][WARN][org.mybatis.spring.mapper.ClassPathMapperScanner:167] No MyBatis mapper was found in '[com.rejoice.active.console.mapper]' package. Please check your configuration.
[2017-06-09 17:22:57,484][http-nio-8081-exec-4][WARN][org.springframework.web.servlet.mvc.method.annotation.ExceptionHandlerExceptionResolver:189] Resolved exception caused by Handler execution: org.mybatis.spring.MyBatisSystemException: nested exception is org.apache.ibatis.type.TypeException: Could not set parameters for mapping: ParameterMapping{property='createTime', mode=IN, javaType=class java.util.Date, jdbcType=null, numericScale=null, resultMapId='null', jdbcTypeName='null', expression='null'}. Cause: org.apache.ibatis.type.TypeException: Error setting non null for parameter #1 with JdbcType null . Try setting a different JdbcType for this parameter or a different configuration property. Cause: java.lang.ClassCastException: java.lang.Integer cannot be cast to java.util.Date
[2017-06-09 17:24:40,660][restartedMain][WARN][org.mybatis.spring.mapper.ClassPathMapperScanner:240] Skipping MapperFactoryBean with name 'companyMapper' and 'com.rejoice.active.console.mapper.CompanyMapper' mapperInterface. Bean already defined with the same name!
[2017-06-09 17:24:40,660][restartedMain][WARN][org.mybatis.spring.mapper.ClassPathMapperScanner:240] Skipping MapperFactoryBean with name 'userMapper' and 'com.rejoice.active.console.mapper.UserMapper' mapperInterface. Bean already defined with the same name!
[2017-06-09 17:24:40,660][restartedMain][WARN][org.mybatis.spring.mapper.ClassPathMapperScanner:167] No MyBatis mapper was found in '[com.rejoice.active.console.mapper]' package. Please check your configuration.
[2017-06-09 17:24:41,704][http-nio-8081-exec-2][WARN][org.springframework.web.servlet.mvc.method.annotation.ExceptionHandlerExceptionResolver:189] Resolved exception caused by Handler execution: org.mybatis.spring.MyBatisSystemException: nested exception is org.apache.ibatis.type.TypeException: Could not set parameters for mapping: ParameterMapping{property='createTime', mode=IN, javaType=class java.util.Date, jdbcType=null, numericScale=null, resultMapId='null', jdbcTypeName='null', expression='null'}. Cause: org.apache.ibatis.type.TypeException: Error setting non null for parameter #1 with JdbcType null . Try setting a different JdbcType for this parameter or a different configuration property. Cause: java.lang.ClassCastException: java.lang.Integer cannot be cast to java.util.Date
[2017-06-09 17:24:44,763][restartedMain][WARN][org.mybatis.spring.mapper.ClassPathMapperScanner:240] Skipping MapperFactoryBean with name 'companyMapper' and 'com.rejoice.active.console.mapper.CompanyMapper' mapperInterface. Bean already defined with the same name!
[2017-06-09 17:24:44,763][restartedMain][WARN][org.mybatis.spring.mapper.ClassPathMapperScanner:240] Skipping MapperFactoryBean with name 'userMapper' and 'com.rejoice.active.console.mapper.UserMapper' mapperInterface. Bean already defined with the same name!
[2017-06-09 17:24:44,763][restartedMain][WARN][org.mybatis.spring.mapper.ClassPathMapperScanner:167] No MyBatis mapper was found in '[com.rejoice.active.console.mapper]' package. Please check your configuration.
[2017-06-09 17:24:48,697][http-nio-8081-exec-2][WARN][org.springframework.web.servlet.mvc.method.annotation.ExceptionHandlerExceptionResolver:189] Resolved exception caused by Handler execution: org.mybatis.spring.MyBatisSystemException: nested exception is org.apache.ibatis.type.TypeException: Could not set parameters for mapping: ParameterMapping{property='createTime', mode=IN, javaType=class java.util.Date, jdbcType=null, numericScale=null, resultMapId='null', jdbcTypeName='null', expression='null'}. Cause: org.apache.ibatis.type.TypeException: Error setting non null for parameter #1 with JdbcType null . Try setting a different JdbcType for this parameter or a different configuration property. Cause: java.lang.ClassCastException: java.lang.Integer cannot be cast to java.util.Date
[2017-06-09 17:25:09,609][http-nio-8081-exec-8][WARN][org.apache.catalina.connector.CoyoteAdapter:181] Exception while attempting to add an entry to the access log
java.lang.NullPointerException: null
	at org.apache.catalina.connector.CoyoteAdapter.log(CoyoteAdapter.java:468) [tomcat-embed-core-8.5.14.jar:8.5.14]
	at org.apache.coyote.http11.Http11Processor.service(Http11Processor.java:829) [tomcat-embed-core-8.5.14.jar:8.5.14]
	at org.apache.coyote.AbstractProcessorLight.process(AbstractProcessorLight.java:66) [tomcat-embed-core-8.5.14.jar:8.5.14]
	at org.apache.coyote.AbstractProtocol$ConnectionHandler.process(AbstractProtocol.java:861) [tomcat-embed-core-8.5.14.jar:8.5.14]
	at org.apache.tomcat.util.net.NioEndpoint$SocketProcessor.doRun(NioEndpoint.java:1455) [tomcat-embed-core-8.5.14.jar:8.5.14]
	at org.apache.tomcat.util.net.SocketProcessorBase.run(SocketProcessorBase.java:49) [tomcat-embed-core-8.5.14.jar:8.5.14]
	at java.util.concurrent.ThreadPoolExecutor.runWorker(ThreadPoolExecutor.java:1142) [?:1.8.0_05]
	at java.util.concurrent.ThreadPoolExecutor$Worker.run(ThreadPoolExecutor.java:617) [?:1.8.0_05]
	at org.apache.tomcat.util.threads.TaskThread$WrappingRunnable.run(TaskThread.java:61) [tomcat-embed-core-8.5.14.jar:8.5.14]
	at java.lang.Thread.run(Thread.java:745) [?:1.8.0_05]
[2017-06-09 17:25:32,267][http-nio-8081-exec-3][WARN][org.springframework.web.servlet.mvc.method.annotation.ExceptionHandlerExceptionResolver:189] Resolved exception caused by Handler execution: org.mybatis.spring.MyBatisSystemException: nested exception is org.apache.ibatis.type.TypeException: Could not set parameters for mapping: ParameterMapping{property='createTime', mode=IN, javaType=class java.util.Date, jdbcType=null, numericScale=null, resultMapId='null', jdbcTypeName='null', expression='null'}. Cause: org.apache.ibatis.type.TypeException: Error setting non null for parameter #1 with JdbcType null . Try setting a different JdbcType for this parameter or a different configuration property. Cause: java.lang.ClassCastException: java.lang.Integer cannot be cast to java.util.Date
[2017-06-09 17:26:39,872][http-nio-8081-exec-1][WARN][org.springframework.web.servlet.mvc.method.annotation.ExceptionHandlerExceptionResolver:189] Resolved exception caused by Handler execution: org.mybatis.spring.MyBatisSystemException: nested exception is org.apache.ibatis.type.TypeException: Could not set parameters for mapping: ParameterMapping{property='createTime', mode=IN, javaType=class java.util.Date, jdbcType=null, numericScale=null, resultMapId='null', jdbcTypeName='null', expression='null'}. Cause: org.apache.ibatis.type.TypeException: Error setting non null for parameter #1 with JdbcType null . Try setting a different JdbcType for this parameter or a different configuration property. Cause: java.lang.ClassCastException: java.lang.Integer cannot be cast to java.util.Date
