[2017-06-20 09:50:35,662][restartedMain][WARN][org.mybatis.spring.mapper.ClassPathMapperScanner:240] Skipping MapperFactoryBean with name 'activeHistoryMapper' and 'com.rejoice.active.console.mapper.ActiveHistoryMapper' mapperInterface. Bean already defined with the same name!
[2017-06-20 09:50:35,665][restartedMain][WARN][org.mybatis.spring.mapper.ClassPathMapperScanner:240] Skipping MapperFactoryBean with name 'companyMapper' and 'com.rejoice.active.console.mapper.CompanyMapper' mapperInterface. Bean already defined with the same name!
[2017-06-20 09:50:35,665][restartedMain][WARN][org.mybatis.spring.mapper.ClassPathMapperScanner:240] Skipping MapperFactoryBean with name 'userMapper' and 'com.rejoice.active.console.mapper.UserMapper' mapperInterface. Bean already defined with the same name!
[2017-06-20 09:50:35,666][restartedMain][WARN][org.mybatis.spring.mapper.ClassPathMapperScanner:167] No MyBatis mapper was found in '[com.rejoice.active.console.mapper]' package. Please check your configuration.
[2017-06-20 09:50:52,036][http-nio-8081-exec-1][WARN][com.rejoice.active.console.interceptor.SessionInterceptor:48] visit path[/rejoice/pdf/a.pdf]:no session, redirect to /login
[2017-06-20 09:51:10,645][http-nio-8081-exec-8][WARN][com.rejoice.active.console.interceptor.SessionInterceptor:48] visit path[/rejoice/page/login]:no session, redirect to /login
[2017-06-20 09:51:42,570][restartedMain][WARN][org.mybatis.spring.mapper.ClassPathMapperScanner:240] Skipping MapperFactoryBean with name 'activeHistoryMapper' and 'com.rejoice.active.console.mapper.ActiveHistoryMapper' mapperInterface. Bean already defined with the same name!
[2017-06-20 09:51:42,571][restartedMain][WARN][org.mybatis.spring.mapper.ClassPathMapperScanner:240] Skipping MapperFactoryBean with name 'companyMapper' and 'com.rejoice.active.console.mapper.CompanyMapper' mapperInterface. Bean already defined with the same name!
[2017-06-20 09:51:42,571][restartedMain][WARN][org.mybatis.spring.mapper.ClassPathMapperScanner:240] Skipping MapperFactoryBean with name 'userMapper' and 'com.rejoice.active.console.mapper.UserMapper' mapperInterface. Bean already defined with the same name!
[2017-06-20 09:51:42,571][restartedMain][WARN][org.mybatis.spring.mapper.ClassPathMapperScanner:167] No MyBatis mapper was found in '[com.rejoice.active.console.mapper]' package. Please check your configuration.
[2017-06-20 09:51:52,558][restartedMain][WARN][org.mybatis.spring.mapper.ClassPathMapperScanner:240] Skipping MapperFactoryBean with name 'activeHistoryMapper' and 'com.rejoice.active.console.mapper.ActiveHistoryMapper' mapperInterface. Bean already defined with the same name!
[2017-06-20 09:51:52,558][restartedMain][WARN][org.mybatis.spring.mapper.ClassPathMapperScanner:240] Skipping MapperFactoryBean with name 'companyMapper' and 'com.rejoice.active.console.mapper.CompanyMapper' mapperInterface. Bean already defined with the same name!
[2017-06-20 09:51:52,558][restartedMain][WARN][org.mybatis.spring.mapper.ClassPathMapperScanner:240] Skipping MapperFactoryBean with name 'userMapper' and 'com.rejoice.active.console.mapper.UserMapper' mapperInterface. Bean already defined with the same name!
[2017-06-20 09:51:52,558][restartedMain][WARN][org.mybatis.spring.mapper.ClassPathMapperScanner:167] No MyBatis mapper was found in '[com.rejoice.active.console.mapper]' package. Please check your configuration.
[2017-06-20 09:52:04,029][restartedMain][WARN][org.mybatis.spring.mapper.ClassPathMapperScanner:240] Skipping MapperFactoryBean with name 'activeHistoryMapper' and 'com.rejoice.active.console.mapper.ActiveHistoryMapper' mapperInterface. Bean already defined with the same name!
[2017-06-20 09:52:04,029][restartedMain][WARN][org.mybatis.spring.mapper.ClassPathMapperScanner:240] Skipping MapperFactoryBean with name 'companyMapper' and 'com.rejoice.active.console.mapper.CompanyMapper' mapperInterface. Bean already defined with the same name!
[2017-06-20 09:52:04,029][restartedMain][WARN][org.mybatis.spring.mapper.ClassPathMapperScanner:240] Skipping MapperFactoryBean with name 'userMapper' and 'com.rejoice.active.console.mapper.UserMapper' mapperInterface. Bean already defined with the same name!
[2017-06-20 09:52:04,029][restartedMain][WARN][org.mybatis.spring.mapper.ClassPathMapperScanner:167] No MyBatis mapper was found in '[com.rejoice.active.console.mapper]' package. Please check your configuration.
[2017-06-20 09:52:04,507][restartedMain][WARN][org.springframework.boot.context.embedded.AnnotationConfigEmbeddedWebApplicationContext:550] Exception encountered during context initialization - cancelling refresh attempt: org.springframework.beans.factory.BeanCreationException: Error creating bean with name 'requestMappingHandlerMapping' defined in class path resource [org/springframework/boot/autoconfigure/web/WebMvcAutoConfiguration$EnableWebMvcConfiguration.class]: Invocation of init method failed; nested exception is java.lang.IllegalStateException: Ambiguous mapping. Cannot map 'pageController' method 
public java.lang.String com.rejoice.active.console.controller.PageController.toPage(java.lang.String)
to {[/{pageName}],methods=[GET]}: There is already 'indexController' bean method
public java.lang.String com.rejoice.active.console.controller.IndexController.toPage(java.lang.String) mapped.
[2017-06-20 09:52:26,462][restartedMain][WARN][org.mybatis.spring.mapper.ClassPathMapperScanner:240] Skipping MapperFactoryBean with name 'activeHistoryMapper' and 'com.rejoice.active.console.mapper.ActiveHistoryMapper' mapperInterface. Bean already defined with the same name!
[2017-06-20 09:52:26,462][restartedMain][WARN][org.mybatis.spring.mapper.ClassPathMapperScanner:240] Skipping MapperFactoryBean with name 'companyMapper' and 'com.rejoice.active.console.mapper.CompanyMapper' mapperInterface. Bean already defined with the same name!
[2017-06-20 09:52:26,462][restartedMain][WARN][org.mybatis.spring.mapper.ClassPathMapperScanner:240] Skipping MapperFactoryBean with name 'userMapper' and 'com.rejoice.active.console.mapper.UserMapper' mapperInterface. Bean already defined with the same name!
[2017-06-20 09:52:26,462][restartedMain][WARN][org.mybatis.spring.mapper.ClassPathMapperScanner:167] No MyBatis mapper was found in '[com.rejoice.active.console.mapper]' package. Please check your configuration.
[2017-06-20 09:53:40,830][restartedMain][WARN][org.mybatis.spring.mapper.ClassPathMapperScanner:240] Skipping MapperFactoryBean with name 'activeHistoryMapper' and 'com.rejoice.active.console.mapper.ActiveHistoryMapper' mapperInterface. Bean already defined with the same name!
[2017-06-20 09:53:40,830][restartedMain][WARN][org.mybatis.spring.mapper.ClassPathMapperScanner:240] Skipping MapperFactoryBean with name 'companyMapper' and 'com.rejoice.active.console.mapper.CompanyMapper' mapperInterface. Bean already defined with the same name!
[2017-06-20 09:53:40,830][restartedMain][WARN][org.mybatis.spring.mapper.ClassPathMapperScanner:240] Skipping MapperFactoryBean with name 'userMapper' and 'com.rejoice.active.console.mapper.UserMapper' mapperInterface. Bean already defined with the same name!
[2017-06-20 09:53:40,831][restartedMain][WARN][org.mybatis.spring.mapper.ClassPathMapperScanner:167] No MyBatis mapper was found in '[com.rejoice.active.console.mapper]' package. Please check your configuration.
[2017-06-20 09:53:50,229][http-nio-8081-exec-4][WARN][com.rejoice.active.console.interceptor.SessionInterceptor:48] visit path[/rejoice/]:no session, redirect to /login
[2017-06-20 09:55:59,422][restartedMain][WARN][org.mybatis.spring.mapper.ClassPathMapperScanner:240] Skipping MapperFactoryBean with name 'activeHistoryMapper' and 'com.rejoice.active.console.mapper.ActiveHistoryMapper' mapperInterface. Bean already defined with the same name!
[2017-06-20 09:55:59,422][restartedMain][WARN][org.mybatis.spring.mapper.ClassPathMapperScanner:240] Skipping MapperFactoryBean with name 'companyMapper' and 'com.rejoice.active.console.mapper.CompanyMapper' mapperInterface. Bean already defined with the same name!
[2017-06-20 09:55:59,422][restartedMain][WARN][org.mybatis.spring.mapper.ClassPathMapperScanner:240] Skipping MapperFactoryBean with name 'userMapper' and 'com.rejoice.active.console.mapper.UserMapper' mapperInterface. Bean already defined with the same name!
[2017-06-20 09:55:59,422][restartedMain][WARN][org.mybatis.spring.mapper.ClassPathMapperScanner:167] No MyBatis mapper was found in '[com.rejoice.active.console.mapper]' package. Please check your configuration.
[2017-06-20 10:02:27,552][restartedMain][WARN][org.mybatis.spring.mapper.ClassPathMapperScanner:240] Skipping MapperFactoryBean with name 'activeHistoryMapper' and 'com.rejoice.active.console.mapper.ActiveHistoryMapper' mapperInterface. Bean already defined with the same name!
[2017-06-20 10:02:27,553][restartedMain][WARN][org.mybatis.spring.mapper.ClassPathMapperScanner:240] Skipping MapperFactoryBean with name 'companyMapper' and 'com.rejoice.active.console.mapper.CompanyMapper' mapperInterface. Bean already defined with the same name!
[2017-06-20 10:02:27,553][restartedMain][WARN][org.mybatis.spring.mapper.ClassPathMapperScanner:240] Skipping MapperFactoryBean with name 'userMapper' and 'com.rejoice.active.console.mapper.UserMapper' mapperInterface. Bean already defined with the same name!
[2017-06-20 10:02:27,553][restartedMain][WARN][org.mybatis.spring.mapper.ClassPathMapperScanner:167] No MyBatis mapper was found in '[com.rejoice.active.console.mapper]' package. Please check your configuration.
[2017-06-20 10:02:54,342][restartedMain][WARN][org.mybatis.spring.mapper.ClassPathMapperScanner:240] Skipping MapperFactoryBean with name 'activeHistoryMapper' and 'com.rejoice.active.console.mapper.ActiveHistoryMapper' mapperInterface. Bean already defined with the same name!
[2017-06-20 10:02:54,342][restartedMain][WARN][org.mybatis.spring.mapper.ClassPathMapperScanner:240] Skipping MapperFactoryBean with name 'companyMapper' and 'com.rejoice.active.console.mapper.CompanyMapper' mapperInterface. Bean already defined with the same name!
[2017-06-20 10:02:54,342][restartedMain][WARN][org.mybatis.spring.mapper.ClassPathMapperScanner:240] Skipping MapperFactoryBean with name 'userMapper' and 'com.rejoice.active.console.mapper.UserMapper' mapperInterface. Bean already defined with the same name!
[2017-06-20 10:02:54,342][restartedMain][WARN][org.mybatis.spring.mapper.ClassPathMapperScanner:167] No MyBatis mapper was found in '[com.rejoice.active.console.mapper]' package. Please check your configuration.
[2017-06-20 10:03:06,385][restartedMain][WARN][org.mybatis.spring.mapper.ClassPathMapperScanner:240] Skipping MapperFactoryBean with name 'activeHistoryMapper' and 'com.rejoice.active.console.mapper.ActiveHistoryMapper' mapperInterface. Bean already defined with the same name!
[2017-06-20 10:03:06,386][restartedMain][WARN][org.mybatis.spring.mapper.ClassPathMapperScanner:240] Skipping MapperFactoryBean with name 'companyMapper' and 'com.rejoice.active.console.mapper.CompanyMapper' mapperInterface. Bean already defined with the same name!
[2017-06-20 10:03:06,386][restartedMain][WARN][org.mybatis.spring.mapper.ClassPathMapperScanner:240] Skipping MapperFactoryBean with name 'userMapper' and 'com.rejoice.active.console.mapper.UserMapper' mapperInterface. Bean already defined with the same name!
[2017-06-20 10:03:06,386][restartedMain][WARN][org.mybatis.spring.mapper.ClassPathMapperScanner:167] No MyBatis mapper was found in '[com.rejoice.active.console.mapper]' package. Please check your configuration.
[2017-06-20 10:03:19,573][restartedMain][WARN][org.mybatis.spring.mapper.ClassPathMapperScanner:240] Skipping MapperFactoryBean with name 'activeHistoryMapper' and 'com.rejoice.active.console.mapper.ActiveHistoryMapper' mapperInterface. Bean already defined with the same name!
[2017-06-20 10:03:19,573][restartedMain][WARN][org.mybatis.spring.mapper.ClassPathMapperScanner:240] Skipping MapperFactoryBean with name 'companyMapper' and 'com.rejoice.active.console.mapper.CompanyMapper' mapperInterface. Bean already defined with the same name!
[2017-06-20 10:03:19,574][restartedMain][WARN][org.mybatis.spring.mapper.ClassPathMapperScanner:240] Skipping MapperFactoryBean with name 'userMapper' and 'com.rejoice.active.console.mapper.UserMapper' mapperInterface. Bean already defined with the same name!
[2017-06-20 10:03:19,574][restartedMain][WARN][org.mybatis.spring.mapper.ClassPathMapperScanner:167] No MyBatis mapper was found in '[com.rejoice.active.console.mapper]' package. Please check your configuration.
[2017-06-20 10:03:34,790][restartedMain][WARN][org.mybatis.spring.mapper.ClassPathMapperScanner:240] Skipping MapperFactoryBean with name 'activeHistoryMapper' and 'com.rejoice.active.console.mapper.ActiveHistoryMapper' mapperInterface. Bean already defined with the same name!
[2017-06-20 10:03:34,791][restartedMain][WARN][org.mybatis.spring.mapper.ClassPathMapperScanner:240] Skipping MapperFactoryBean with name 'companyMapper' and 'com.rejoice.active.console.mapper.CompanyMapper' mapperInterface. Bean already defined with the same name!
[2017-06-20 10:03:34,791][restartedMain][WARN][org.mybatis.spring.mapper.ClassPathMapperScanner:240] Skipping MapperFactoryBean with name 'userMapper' and 'com.rejoice.active.console.mapper.UserMapper' mapperInterface. Bean already defined with the same name!
[2017-06-20 10:03:34,791][restartedMain][WARN][org.mybatis.spring.mapper.ClassPathMapperScanner:167] No MyBatis mapper was found in '[com.rejoice.active.console.mapper]' package. Please check your configuration.
[2017-06-20 10:03:45,121][restartedMain][WARN][org.mybatis.spring.mapper.ClassPathMapperScanner:240] Skipping MapperFactoryBean with name 'activeHistoryMapper' and 'com.rejoice.active.console.mapper.ActiveHistoryMapper' mapperInterface. Bean already defined with the same name!
[2017-06-20 10:03:45,121][restartedMain][WARN][org.mybatis.spring.mapper.ClassPathMapperScanner:240] Skipping MapperFactoryBean with name 'companyMapper' and 'com.rejoice.active.console.mapper.CompanyMapper' mapperInterface. Bean already defined with the same name!
[2017-06-20 10:03:45,121][restartedMain][WARN][org.mybatis.spring.mapper.ClassPathMapperScanner:240] Skipping MapperFactoryBean with name 'userMapper' and 'com.rejoice.active.console.mapper.UserMapper' mapperInterface. Bean already defined with the same name!
[2017-06-20 10:03:45,121][restartedMain][WARN][org.mybatis.spring.mapper.ClassPathMapperScanner:167] No MyBatis mapper was found in '[com.rejoice.active.console.mapper]' package. Please check your configuration.
[2017-06-20 10:03:56,459][restartedMain][WARN][org.mybatis.spring.mapper.ClassPathMapperScanner:240] Skipping MapperFactoryBean with name 'activeHistoryMapper' and 'com.rejoice.active.console.mapper.ActiveHistoryMapper' mapperInterface. Bean already defined with the same name!
[2017-06-20 10:03:56,459][restartedMain][WARN][org.mybatis.spring.mapper.ClassPathMapperScanner:240] Skipping MapperFactoryBean with name 'companyMapper' and 'com.rejoice.active.console.mapper.CompanyMapper' mapperInterface. Bean already defined with the same name!
[2017-06-20 10:03:56,459][restartedMain][WARN][org.mybatis.spring.mapper.ClassPathMapperScanner:240] Skipping MapperFactoryBean with name 'userMapper' and 'com.rejoice.active.console.mapper.UserMapper' mapperInterface. Bean already defined with the same name!
[2017-06-20 10:03:56,459][restartedMain][WARN][org.mybatis.spring.mapper.ClassPathMapperScanner:167] No MyBatis mapper was found in '[com.rejoice.active.console.mapper]' package. Please check your configuration.
[2017-06-20 10:04:10,568][restartedMain][WARN][org.mybatis.spring.mapper.ClassPathMapperScanner:240] Skipping MapperFactoryBean with name 'activeHistoryMapper' and 'com.rejoice.active.console.mapper.ActiveHistoryMapper' mapperInterface. Bean already defined with the same name!
[2017-06-20 10:04:10,568][restartedMain][WARN][org.mybatis.spring.mapper.ClassPathMapperScanner:240] Skipping MapperFactoryBean with name 'companyMapper' and 'com.rejoice.active.console.mapper.CompanyMapper' mapperInterface. Bean already defined with the same name!
[2017-06-20 10:04:10,568][restartedMain][WARN][org.mybatis.spring.mapper.ClassPathMapperScanner:240] Skipping MapperFactoryBean with name 'userMapper' and 'com.rejoice.active.console.mapper.UserMapper' mapperInterface. Bean already defined with the same name!
[2017-06-20 10:04:10,568][restartedMain][WARN][org.mybatis.spring.mapper.ClassPathMapperScanner:167] No MyBatis mapper was found in '[com.rejoice.active.console.mapper]' package. Please check your configuration.
[2017-06-20 10:06:09,485][restartedMain][WARN][org.mybatis.spring.mapper.ClassPathMapperScanner:240] Skipping MapperFactoryBean with name 'activeHistoryMapper' and 'com.rejoice.active.console.mapper.ActiveHistoryMapper' mapperInterface. Bean already defined with the same name!
[2017-06-20 10:06:09,486][restartedMain][WARN][org.mybatis.spring.mapper.ClassPathMapperScanner:240] Skipping MapperFactoryBean with name 'companyMapper' and 'com.rejoice.active.console.mapper.CompanyMapper' mapperInterface. Bean already defined with the same name!
[2017-06-20 10:06:09,486][restartedMain][WARN][org.mybatis.spring.mapper.ClassPathMapperScanner:240] Skipping MapperFactoryBean with name 'userMapper' and 'com.rejoice.active.console.mapper.UserMapper' mapperInterface. Bean already defined with the same name!
[2017-06-20 10:06:09,486][restartedMain][WARN][org.mybatis.spring.mapper.ClassPathMapperScanner:167] No MyBatis mapper was found in '[com.rejoice.active.console.mapper]' package. Please check your configuration.
[2017-06-20 10:16:27,846][restartedMain][WARN][org.mybatis.spring.mapper.ClassPathMapperScanner:240] Skipping MapperFactoryBean with name 'activeHistoryMapper' and 'com.rejoice.active.console.mapper.ActiveHistoryMapper' mapperInterface. Bean already defined with the same name!
[2017-06-20 10:16:27,847][restartedMain][WARN][org.mybatis.spring.mapper.ClassPathMapperScanner:240] Skipping MapperFactoryBean with name 'companyMapper' and 'com.rejoice.active.console.mapper.CompanyMapper' mapperInterface. Bean already defined with the same name!
[2017-06-20 10:16:27,847][restartedMain][WARN][org.mybatis.spring.mapper.ClassPathMapperScanner:240] Skipping MapperFactoryBean with name 'userMapper' and 'com.rejoice.active.console.mapper.UserMapper' mapperInterface. Bean already defined with the same name!
[2017-06-20 10:16:27,847][restartedMain][WARN][org.mybatis.spring.mapper.ClassPathMapperScanner:167] No MyBatis mapper was found in '[com.rejoice.active.console.mapper]' package. Please check your configuration.
[2017-06-20 10:16:43,761][restartedMain][WARN][org.mybatis.spring.mapper.ClassPathMapperScanner:240] Skipping MapperFactoryBean with name 'activeHistoryMapper' and 'com.rejoice.active.console.mapper.ActiveHistoryMapper' mapperInterface. Bean already defined with the same name!
[2017-06-20 10:16:43,761][restartedMain][WARN][org.mybatis.spring.mapper.ClassPathMapperScanner:240] Skipping MapperFactoryBean with name 'companyMapper' and 'com.rejoice.active.console.mapper.CompanyMapper' mapperInterface. Bean already defined with the same name!
[2017-06-20 10:16:43,762][restartedMain][WARN][org.mybatis.spring.mapper.ClassPathMapperScanner:240] Skipping MapperFactoryBean with name 'userMapper' and 'com.rejoice.active.console.mapper.UserMapper' mapperInterface. Bean already defined with the same name!
[2017-06-20 10:16:43,762][restartedMain][WARN][org.mybatis.spring.mapper.ClassPathMapperScanner:167] No MyBatis mapper was found in '[com.rejoice.active.console.mapper]' package. Please check your configuration.
[2017-06-20 10:16:54,088][restartedMain][WARN][org.mybatis.spring.mapper.ClassPathMapperScanner:240] Skipping MapperFactoryBean with name 'activeHistoryMapper' and 'com.rejoice.active.console.mapper.ActiveHistoryMapper' mapperInterface. Bean already defined with the same name!
[2017-06-20 10:16:54,089][restartedMain][WARN][org.mybatis.spring.mapper.ClassPathMapperScanner:240] Skipping MapperFactoryBean with name 'companyMapper' and 'com.rejoice.active.console.mapper.CompanyMapper' mapperInterface. Bean already defined with the same name!
[2017-06-20 10:16:54,089][restartedMain][WARN][org.mybatis.spring.mapper.ClassPathMapperScanner:240] Skipping MapperFactoryBean with name 'userMapper' and 'com.rejoice.active.console.mapper.UserMapper' mapperInterface. Bean already defined with the same name!
[2017-06-20 10:16:54,089][restartedMain][WARN][org.mybatis.spring.mapper.ClassPathMapperScanner:167] No MyBatis mapper was found in '[com.rejoice.active.console.mapper]' package. Please check your configuration.
[2017-06-20 10:17:04,076][http-nio-8081-exec-3][WARN][com.rejoice.active.console.interceptor.SessionInterceptor:48] visit path[/rejoice/page/login.html]:no session, redirect to /login
[2017-06-20 10:17:18,386][restartedMain][WARN][org.mybatis.spring.mapper.ClassPathMapperScanner:240] Skipping MapperFactoryBean with name 'activeHistoryMapper' and 'com.rejoice.active.console.mapper.ActiveHistoryMapper' mapperInterface. Bean already defined with the same name!
[2017-06-20 10:17:18,387][restartedMain][WARN][org.mybatis.spring.mapper.ClassPathMapperScanner:240] Skipping MapperFactoryBean with name 'companyMapper' and 'com.rejoice.active.console.mapper.CompanyMapper' mapperInterface. Bean already defined with the same name!
[2017-06-20 10:17:18,387][restartedMain][WARN][org.mybatis.spring.mapper.ClassPathMapperScanner:240] Skipping MapperFactoryBean with name 'userMapper' and 'com.rejoice.active.console.mapper.UserMapper' mapperInterface. Bean already defined with the same name!
[2017-06-20 10:17:18,387][restartedMain][WARN][org.mybatis.spring.mapper.ClassPathMapperScanner:167] No MyBatis mapper was found in '[com.rejoice.active.console.mapper]' package. Please check your configuration.
[2017-06-20 10:17:42,959][http-nio-8081-exec-5][WARN][com.rejoice.active.console.interceptor.SessionInterceptor:48] visit path[/rejoice/page/login.html]:no session, redirect to /login
[2017-06-20 10:24:18,960][restartedMain][WARN][org.mybatis.spring.mapper.ClassPathMapperScanner:240] Skipping MapperFactoryBean with name 'activeHistoryMapper' and 'com.rejoice.active.console.mapper.ActiveHistoryMapper' mapperInterface. Bean already defined with the same name!
[2017-06-20 10:24:18,960][restartedMain][WARN][org.mybatis.spring.mapper.ClassPathMapperScanner:240] Skipping MapperFactoryBean with name 'companyMapper' and 'com.rejoice.active.console.mapper.CompanyMapper' mapperInterface. Bean already defined with the same name!
[2017-06-20 10:24:18,960][restartedMain][WARN][org.mybatis.spring.mapper.ClassPathMapperScanner:240] Skipping MapperFactoryBean with name 'userMapper' and 'com.rejoice.active.console.mapper.UserMapper' mapperInterface. Bean already defined with the same name!
[2017-06-20 10:24:18,960][restartedMain][WARN][org.mybatis.spring.mapper.ClassPathMapperScanner:167] No MyBatis mapper was found in '[com.rejoice.active.console.mapper]' package. Please check your configuration.
[2017-06-20 10:24:21,262][http-nio-8081-exec-8][WARN][com.rejoice.active.console.interceptor.SessionInterceptor:48] visit path[/rejoice/pdf/a.pdf]:no session, redirect to /login
[2017-06-20 10:25:00,302][restartedMain][WARN][org.mybatis.spring.mapper.ClassPathMapperScanner:240] Skipping MapperFactoryBean with name 'activeHistoryMapper' and 'com.rejoice.active.console.mapper.ActiveHistoryMapper' mapperInterface. Bean already defined with the same name!
[2017-06-20 10:25:00,302][restartedMain][WARN][org.mybatis.spring.mapper.ClassPathMapperScanner:240] Skipping MapperFactoryBean with name 'companyMapper' and 'com.rejoice.active.console.mapper.CompanyMapper' mapperInterface. Bean already defined with the same name!
[2017-06-20 10:25:00,302][restartedMain][WARN][org.mybatis.spring.mapper.ClassPathMapperScanner:240] Skipping MapperFactoryBean with name 'userMapper' and 'com.rejoice.active.console.mapper.UserMapper' mapperInterface. Bean already defined with the same name!
[2017-06-20 10:25:00,302][restartedMain][WARN][org.mybatis.spring.mapper.ClassPathMapperScanner:167] No MyBatis mapper was found in '[com.rejoice.active.console.mapper]' package. Please check your configuration.
[2017-06-20 10:25:13,141][restartedMain][WARN][org.mybatis.spring.mapper.ClassPathMapperScanner:240] Skipping MapperFactoryBean with name 'activeHistoryMapper' and 'com.rejoice.active.console.mapper.ActiveHistoryMapper' mapperInterface. Bean already defined with the same name!
[2017-06-20 10:25:13,141][restartedMain][WARN][org.mybatis.spring.mapper.ClassPathMapperScanner:240] Skipping MapperFactoryBean with name 'companyMapper' and 'com.rejoice.active.console.mapper.CompanyMapper' mapperInterface. Bean already defined with the same name!
[2017-06-20 10:25:13,141][restartedMain][WARN][org.mybatis.spring.mapper.ClassPathMapperScanner:240] Skipping MapperFactoryBean with name 'userMapper' and 'com.rejoice.active.console.mapper.UserMapper' mapperInterface. Bean already defined with the same name!
[2017-06-20 10:25:13,141][restartedMain][WARN][org.mybatis.spring.mapper.ClassPathMapperScanner:167] No MyBatis mapper was found in '[com.rejoice.active.console.mapper]' package. Please check your configuration.
[2017-06-20 10:25:25,802][restartedMain][WARN][org.mybatis.spring.mapper.ClassPathMapperScanner:240] Skipping MapperFactoryBean with name 'activeHistoryMapper' and 'com.rejoice.active.console.mapper.ActiveHistoryMapper' mapperInterface. Bean already defined with the same name!
[2017-06-20 10:25:25,802][restartedMain][WARN][org.mybatis.spring.mapper.ClassPathMapperScanner:240] Skipping MapperFactoryBean with name 'companyMapper' and 'com.rejoice.active.console.mapper.CompanyMapper' mapperInterface. Bean already defined with the same name!
[2017-06-20 10:25:25,802][restartedMain][WARN][org.mybatis.spring.mapper.ClassPathMapperScanner:240] Skipping MapperFactoryBean with name 'userMapper' and 'com.rejoice.active.console.mapper.UserMapper' mapperInterface. Bean already defined with the same name!
[2017-06-20 10:25:25,802][restartedMain][WARN][org.mybatis.spring.mapper.ClassPathMapperScanner:167] No MyBatis mapper was found in '[com.rejoice.active.console.mapper]' package. Please check your configuration.
[2017-06-20 10:25:46,656][restartedMain][WARN][org.mybatis.spring.mapper.ClassPathMapperScanner:240] Skipping MapperFactoryBean with name 'activeHistoryMapper' and 'com.rejoice.active.console.mapper.ActiveHistoryMapper' mapperInterface. Bean already defined with the same name!
[2017-06-20 10:25:46,656][restartedMain][WARN][org.mybatis.spring.mapper.ClassPathMapperScanner:240] Skipping MapperFactoryBean with name 'companyMapper' and 'com.rejoice.active.console.mapper.CompanyMapper' mapperInterface. Bean already defined with the same name!
[2017-06-20 10:25:46,656][restartedMain][WARN][org.mybatis.spring.mapper.ClassPathMapperScanner:240] Skipping MapperFactoryBean with name 'userMapper' and 'com.rejoice.active.console.mapper.UserMapper' mapperInterface. Bean already defined with the same name!
[2017-06-20 10:25:46,656][restartedMain][WARN][org.mybatis.spring.mapper.ClassPathMapperScanner:167] No MyBatis mapper was found in '[com.rejoice.active.console.mapper]' package. Please check your configuration.
[2017-06-20 10:26:01,048][restartedMain][WARN][org.mybatis.spring.mapper.ClassPathMapperScanner:240] Skipping MapperFactoryBean with name 'activeHistoryMapper' and 'com.rejoice.active.console.mapper.ActiveHistoryMapper' mapperInterface. Bean already defined with the same name!
[2017-06-20 10:26:01,048][restartedMain][WARN][org.mybatis.spring.mapper.ClassPathMapperScanner:240] Skipping MapperFactoryBean with name 'companyMapper' and 'com.rejoice.active.console.mapper.CompanyMapper' mapperInterface. Bean already defined with the same name!
[2017-06-20 10:26:01,048][restartedMain][WARN][org.mybatis.spring.mapper.ClassPathMapperScanner:240] Skipping MapperFactoryBean with name 'userMapper' and 'com.rejoice.active.console.mapper.UserMapper' mapperInterface. Bean already defined with the same name!
[2017-06-20 10:26:01,048][restartedMain][WARN][org.mybatis.spring.mapper.ClassPathMapperScanner:167] No MyBatis mapper was found in '[com.rejoice.active.console.mapper]' package. Please check your configuration.
[2017-06-20 10:26:02,336][http-nio-8081-exec-1][WARN][com.rejoice.active.console.interceptor.SessionInterceptor:48] visit path[/rejoice/page/user.html]:no session, redirect to /login
[2017-06-20 10:29:07,868][restartedMain][WARN][org.mybatis.spring.mapper.ClassPathMapperScanner:240] Skipping MapperFactoryBean with name 'activeHistoryMapper' and 'com.rejoice.active.console.mapper.ActiveHistoryMapper' mapperInterface. Bean already defined with the same name!
[2017-06-20 10:29:07,868][restartedMain][WARN][org.mybatis.spring.mapper.ClassPathMapperScanner:240] Skipping MapperFactoryBean with name 'companyMapper' and 'com.rejoice.active.console.mapper.CompanyMapper' mapperInterface. Bean already defined with the same name!
[2017-06-20 10:29:07,868][restartedMain][WARN][org.mybatis.spring.mapper.ClassPathMapperScanner:240] Skipping MapperFactoryBean with name 'userMapper' and 'com.rejoice.active.console.mapper.UserMapper' mapperInterface. Bean already defined with the same name!
[2017-06-20 10:29:07,868][restartedMain][WARN][org.mybatis.spring.mapper.ClassPathMapperScanner:167] No MyBatis mapper was found in '[com.rejoice.active.console.mapper]' package. Please check your configuration.
[2017-06-20 10:29:08,512][restartedMain][WARN][org.springframework.boot.context.embedded.AnnotationConfigEmbeddedWebApplicationContext:550] Exception encountered during context initialization - cancelling refresh attempt: org.springframework.beans.factory.BeanCreationException: Error creating bean with name 'pageController': Failed to introspect bean class [com.rejoice.active.console.controller.PageController] for lookup method metadata: could not find class that it depends on; nested exception is java.lang.NoClassDefFoundError: HttpServletRequest
[2017-06-20 10:29:20,799][restartedMain][WARN][org.mybatis.spring.mapper.ClassPathMapperScanner:240] Skipping MapperFactoryBean with name 'activeHistoryMapper' and 'com.rejoice.active.console.mapper.ActiveHistoryMapper' mapperInterface. Bean already defined with the same name!
[2017-06-20 10:29:20,799][restartedMain][WARN][org.mybatis.spring.mapper.ClassPathMapperScanner:240] Skipping MapperFactoryBean with name 'companyMapper' and 'com.rejoice.active.console.mapper.CompanyMapper' mapperInterface. Bean already defined with the same name!
[2017-06-20 10:29:20,799][restartedMain][WARN][org.mybatis.spring.mapper.ClassPathMapperScanner:240] Skipping MapperFactoryBean with name 'userMapper' and 'com.rejoice.active.console.mapper.UserMapper' mapperInterface. Bean already defined with the same name!
[2017-06-20 10:29:20,799][restartedMain][WARN][org.mybatis.spring.mapper.ClassPathMapperScanner:167] No MyBatis mapper was found in '[com.rejoice.active.console.mapper]' package. Please check your configuration.
[2017-06-20 10:29:21,501][restartedMain][WARN][org.springframework.boot.context.embedded.AnnotationConfigEmbeddedWebApplicationContext:550] Exception encountered during context initialization - cancelling refresh attempt: org.springframework.beans.factory.BeanCreationException: Error creating bean with name 'pageController': Failed to introspect bean class [com.rejoice.active.console.controller.PageController] for lookup method metadata: could not find class that it depends on; nested exception is java.lang.NoClassDefFoundError: HttpServletRequest
[2017-06-20 10:29:26,071][restartedMain][WARN][org.mybatis.spring.mapper.ClassPathMapperScanner:240] Skipping MapperFactoryBean with name 'activeHistoryMapper' and 'com.rejoice.active.console.mapper.ActiveHistoryMapper' mapperInterface. Bean already defined with the same name!
[2017-06-20 10:29:26,071][restartedMain][WARN][org.mybatis.spring.mapper.ClassPathMapperScanner:240] Skipping MapperFactoryBean with name 'companyMapper' and 'com.rejoice.active.console.mapper.CompanyMapper' mapperInterface. Bean already defined with the same name!
[2017-06-20 10:29:26,072][restartedMain][WARN][org.mybatis.spring.mapper.ClassPathMapperScanner:240] Skipping MapperFactoryBean with name 'userMapper' and 'com.rejoice.active.console.mapper.UserMapper' mapperInterface. Bean already defined with the same name!
[2017-06-20 10:29:26,072][restartedMain][WARN][org.mybatis.spring.mapper.ClassPathMapperScanner:167] No MyBatis mapper was found in '[com.rejoice.active.console.mapper]' package. Please check your configuration.
[2017-06-20 10:30:31,076][restartedMain][WARN][org.mybatis.spring.mapper.ClassPathMapperScanner:240] Skipping MapperFactoryBean with name 'activeHistoryMapper' and 'com.rejoice.active.console.mapper.ActiveHistoryMapper' mapperInterface. Bean already defined with the same name!
[2017-06-20 10:30:31,077][restartedMain][WARN][org.mybatis.spring.mapper.ClassPathMapperScanner:240] Skipping MapperFactoryBean with name 'companyMapper' and 'com.rejoice.active.console.mapper.CompanyMapper' mapperInterface. Bean already defined with the same name!
[2017-06-20 10:30:31,077][restartedMain][WARN][org.mybatis.spring.mapper.ClassPathMapperScanner:240] Skipping MapperFactoryBean with name 'userMapper' and 'com.rejoice.active.console.mapper.UserMapper' mapperInterface. Bean already defined with the same name!
[2017-06-20 10:30:31,077][restartedMain][WARN][org.mybatis.spring.mapper.ClassPathMapperScanner:167] No MyBatis mapper was found in '[com.rejoice.active.console.mapper]' package. Please check your configuration.
[2017-06-20 10:30:33,363][http-nio-8081-exec-1][WARN][com.rejoice.active.console.interceptor.SessionInterceptor:48] visit path[/rejoice/page/usr/list.html]:no session, redirect to /login
[2017-06-20 10:31:53,060][restartedMain][WARN][org.mybatis.spring.mapper.ClassPathMapperScanner:240] Skipping MapperFactoryBean with name 'activeHistoryMapper' and 'com.rejoice.active.console.mapper.ActiveHistoryMapper' mapperInterface. Bean already defined with the same name!
[2017-06-20 10:31:53,060][restartedMain][WARN][org.mybatis.spring.mapper.ClassPathMapperScanner:240] Skipping MapperFactoryBean with name 'companyMapper' and 'com.rejoice.active.console.mapper.CompanyMapper' mapperInterface. Bean already defined with the same name!
[2017-06-20 10:31:53,060][restartedMain][WARN][org.mybatis.spring.mapper.ClassPathMapperScanner:240] Skipping MapperFactoryBean with name 'userMapper' and 'com.rejoice.active.console.mapper.UserMapper' mapperInterface. Bean already defined with the same name!
[2017-06-20 10:31:53,060][restartedMain][WARN][org.mybatis.spring.mapper.ClassPathMapperScanner:167] No MyBatis mapper was found in '[com.rejoice.active.console.mapper]' package. Please check your configuration.
[2017-06-20 10:31:59,743][http-nio-8081-exec-1][WARN][com.rejoice.active.console.interceptor.SessionInterceptor:48] visit path[/rejoice/page/user/list.html]:no session, redirect to /login
[2017-06-20 10:32:47,174][restartedMain][WARN][org.mybatis.spring.mapper.ClassPathMapperScanner:240] Skipping MapperFactoryBean with name 'activeHistoryMapper' and 'com.rejoice.active.console.mapper.ActiveHistoryMapper' mapperInterface. Bean already defined with the same name!
[2017-06-20 10:32:47,174][restartedMain][WARN][org.mybatis.spring.mapper.ClassPathMapperScanner:240] Skipping MapperFactoryBean with name 'companyMapper' and 'com.rejoice.active.console.mapper.CompanyMapper' mapperInterface. Bean already defined with the same name!
[2017-06-20 10:32:47,174][restartedMain][WARN][org.mybatis.spring.mapper.ClassPathMapperScanner:240] Skipping MapperFactoryBean with name 'userMapper' and 'com.rejoice.active.console.mapper.UserMapper' mapperInterface. Bean already defined with the same name!
[2017-06-20 10:32:47,174][restartedMain][WARN][org.mybatis.spring.mapper.ClassPathMapperScanner:167] No MyBatis mapper was found in '[com.rejoice.active.console.mapper]' package. Please check your configuration.
[2017-06-20 10:32:50,997][http-nio-8081-exec-6][WARN][com.rejoice.active.console.interceptor.SessionInterceptor:48] visit path[/rejoice/page]:no session, redirect to /login
[2017-06-20 10:33:37,968][restartedMain][WARN][org.mybatis.spring.mapper.ClassPathMapperScanner:240] Skipping MapperFactoryBean with name 'activeHistoryMapper' and 'com.rejoice.active.console.mapper.ActiveHistoryMapper' mapperInterface. Bean already defined with the same name!
[2017-06-20 10:33:37,968][restartedMain][WARN][org.mybatis.spring.mapper.ClassPathMapperScanner:240] Skipping MapperFactoryBean with name 'companyMapper' and 'com.rejoice.active.console.mapper.CompanyMapper' mapperInterface. Bean already defined with the same name!
[2017-06-20 10:33:37,969][restartedMain][WARN][org.mybatis.spring.mapper.ClassPathMapperScanner:240] Skipping MapperFactoryBean with name 'userMapper' and 'com.rejoice.active.console.mapper.UserMapper' mapperInterface. Bean already defined with the same name!
[2017-06-20 10:33:37,969][restartedMain][WARN][org.mybatis.spring.mapper.ClassPathMapperScanner:167] No MyBatis mapper was found in '[com.rejoice.active.console.mapper]' package. Please check your configuration.
[2017-06-20 10:33:59,431][restartedMain][WARN][org.mybatis.spring.mapper.ClassPathMapperScanner:240] Skipping MapperFactoryBean with name 'activeHistoryMapper' and 'com.rejoice.active.console.mapper.ActiveHistoryMapper' mapperInterface. Bean already defined with the same name!
[2017-06-20 10:33:59,431][restartedMain][WARN][org.mybatis.spring.mapper.ClassPathMapperScanner:240] Skipping MapperFactoryBean with name 'companyMapper' and 'com.rejoice.active.console.mapper.CompanyMapper' mapperInterface. Bean already defined with the same name!
[2017-06-20 10:33:59,431][restartedMain][WARN][org.mybatis.spring.mapper.ClassPathMapperScanner:240] Skipping MapperFactoryBean with name 'userMapper' and 'com.rejoice.active.console.mapper.UserMapper' mapperInterface. Bean already defined with the same name!
[2017-06-20 10:33:59,431][restartedMain][WARN][org.mybatis.spring.mapper.ClassPathMapperScanner:167] No MyBatis mapper was found in '[com.rejoice.active.console.mapper]' package. Please check your configuration.
[2017-06-20 10:34:00,762][http-nio-8081-exec-1][WARN][com.rejoice.active.console.interceptor.SessionInterceptor:48] visit path[/rejoice/user/list.html]:no session, redirect to /login
[2017-06-20 10:34:25,392][restartedMain][WARN][org.mybatis.spring.mapper.ClassPathMapperScanner:240] Skipping MapperFactoryBean with name 'activeHistoryMapper' and 'com.rejoice.active.console.mapper.ActiveHistoryMapper' mapperInterface. Bean already defined with the same name!
[2017-06-20 10:34:25,392][restartedMain][WARN][org.mybatis.spring.mapper.ClassPathMapperScanner:240] Skipping MapperFactoryBean with name 'companyMapper' and 'com.rejoice.active.console.mapper.CompanyMapper' mapperInterface. Bean already defined with the same name!
[2017-06-20 10:34:25,392][restartedMain][WARN][org.mybatis.spring.mapper.ClassPathMapperScanner:240] Skipping MapperFactoryBean with name 'userMapper' and 'com.rejoice.active.console.mapper.UserMapper' mapperInterface. Bean already defined with the same name!
[2017-06-20 10:34:25,392][restartedMain][WARN][org.mybatis.spring.mapper.ClassPathMapperScanner:167] No MyBatis mapper was found in '[com.rejoice.active.console.mapper]' package. Please check your configuration.
[2017-06-20 10:34:39,236][http-nio-8081-exec-9][WARN][com.rejoice.active.console.interceptor.SessionInterceptor:48] visit path[/rejoice/page]:no session, redirect to /login
[2017-06-20 10:35:25,900][restartedMain][WARN][org.mybatis.spring.mapper.ClassPathMapperScanner:240] Skipping MapperFactoryBean with name 'activeHistoryMapper' and 'com.rejoice.active.console.mapper.ActiveHistoryMapper' mapperInterface. Bean already defined with the same name!
[2017-06-20 10:35:25,901][restartedMain][WARN][org.mybatis.spring.mapper.ClassPathMapperScanner:240] Skipping MapperFactoryBean with name 'companyMapper' and 'com.rejoice.active.console.mapper.CompanyMapper' mapperInterface. Bean already defined with the same name!
[2017-06-20 10:35:25,901][restartedMain][WARN][org.mybatis.spring.mapper.ClassPathMapperScanner:240] Skipping MapperFactoryBean with name 'userMapper' and 'com.rejoice.active.console.mapper.UserMapper' mapperInterface. Bean already defined with the same name!
[2017-06-20 10:35:25,901][restartedMain][WARN][org.mybatis.spring.mapper.ClassPathMapperScanner:167] No MyBatis mapper was found in '[com.rejoice.active.console.mapper]' package. Please check your configuration.
[2017-06-20 10:35:42,537][restartedMain][WARN][org.mybatis.spring.mapper.ClassPathMapperScanner:240] Skipping MapperFactoryBean with name 'activeHistoryMapper' and 'com.rejoice.active.console.mapper.ActiveHistoryMapper' mapperInterface. Bean already defined with the same name!
[2017-06-20 10:35:42,538][restartedMain][WARN][org.mybatis.spring.mapper.ClassPathMapperScanner:240] Skipping MapperFactoryBean with name 'companyMapper' and 'com.rejoice.active.console.mapper.CompanyMapper' mapperInterface. Bean already defined with the same name!
[2017-06-20 10:35:42,538][restartedMain][WARN][org.mybatis.spring.mapper.ClassPathMapperScanner:240] Skipping MapperFactoryBean with name 'userMapper' and 'com.rejoice.active.console.mapper.UserMapper' mapperInterface. Bean already defined with the same name!
[2017-06-20 10:35:42,538][restartedMain][WARN][org.mybatis.spring.mapper.ClassPathMapperScanner:167] No MyBatis mapper was found in '[com.rejoice.active.console.mapper]' package. Please check your configuration.
[2017-06-20 10:35:52,059][restartedMain][WARN][org.mybatis.spring.mapper.ClassPathMapperScanner:240] Skipping MapperFactoryBean with name 'activeHistoryMapper' and 'com.rejoice.active.console.mapper.ActiveHistoryMapper' mapperInterface. Bean already defined with the same name!
[2017-06-20 10:35:52,059][restartedMain][WARN][org.mybatis.spring.mapper.ClassPathMapperScanner:240] Skipping MapperFactoryBean with name 'companyMapper' and 'com.rejoice.active.console.mapper.CompanyMapper' mapperInterface. Bean already defined with the same name!
[2017-06-20 10:35:52,059][restartedMain][WARN][org.mybatis.spring.mapper.ClassPathMapperScanner:240] Skipping MapperFactoryBean with name 'userMapper' and 'com.rejoice.active.console.mapper.UserMapper' mapperInterface. Bean already defined with the same name!
[2017-06-20 10:35:52,059][restartedMain][WARN][org.mybatis.spring.mapper.ClassPathMapperScanner:167] No MyBatis mapper was found in '[com.rejoice.active.console.mapper]' package. Please check your configuration.
[2017-06-20 10:36:01,172][restartedMain][WARN][org.mybatis.spring.mapper.ClassPathMapperScanner:240] Skipping MapperFactoryBean with name 'activeHistoryMapper' and 'com.rejoice.active.console.mapper.ActiveHistoryMapper' mapperInterface. Bean already defined with the same name!
[2017-06-20 10:36:01,172][restartedMain][WARN][org.mybatis.spring.mapper.ClassPathMapperScanner:240] Skipping MapperFactoryBean with name 'companyMapper' and 'com.rejoice.active.console.mapper.CompanyMapper' mapperInterface. Bean already defined with the same name!
[2017-06-20 10:36:01,172][restartedMain][WARN][org.mybatis.spring.mapper.ClassPathMapperScanner:240] Skipping MapperFactoryBean with name 'userMapper' and 'com.rejoice.active.console.mapper.UserMapper' mapperInterface. Bean already defined with the same name!
[2017-06-20 10:36:01,172][restartedMain][WARN][org.mybatis.spring.mapper.ClassPathMapperScanner:167] No MyBatis mapper was found in '[com.rejoice.active.console.mapper]' package. Please check your configuration.
[2017-06-20 10:36:15,987][restartedMain][WARN][org.mybatis.spring.mapper.ClassPathMapperScanner:240] Skipping MapperFactoryBean with name 'activeHistoryMapper' and 'com.rejoice.active.console.mapper.ActiveHistoryMapper' mapperInterface. Bean already defined with the same name!
[2017-06-20 10:36:15,987][restartedMain][WARN][org.mybatis.spring.mapper.ClassPathMapperScanner:240] Skipping MapperFactoryBean with name 'companyMapper' and 'com.rejoice.active.console.mapper.CompanyMapper' mapperInterface. Bean already defined with the same name!
[2017-06-20 10:36:15,987][restartedMain][WARN][org.mybatis.spring.mapper.ClassPathMapperScanner:240] Skipping MapperFactoryBean with name 'userMapper' and 'com.rejoice.active.console.mapper.UserMapper' mapperInterface. Bean already defined with the same name!
[2017-06-20 10:36:15,987][restartedMain][WARN][org.mybatis.spring.mapper.ClassPathMapperScanner:167] No MyBatis mapper was found in '[com.rejoice.active.console.mapper]' package. Please check your configuration.
[2017-06-20 10:36:17,225][http-nio-8081-exec-1][WARN][com.rejoice.active.console.interceptor.SessionInterceptor:48] visit path[/rejoice/page/user/list]:no session, redirect to /login
[2017-06-20 10:36:53,290][restartedMain][WARN][org.mybatis.spring.mapper.ClassPathMapperScanner:240] Skipping MapperFactoryBean with name 'activeHistoryMapper' and 'com.rejoice.active.console.mapper.ActiveHistoryMapper' mapperInterface. Bean already defined with the same name!
[2017-06-20 10:36:53,290][restartedMain][WARN][org.mybatis.spring.mapper.ClassPathMapperScanner:240] Skipping MapperFactoryBean with name 'companyMapper' and 'com.rejoice.active.console.mapper.CompanyMapper' mapperInterface. Bean already defined with the same name!
[2017-06-20 10:36:53,290][restartedMain][WARN][org.mybatis.spring.mapper.ClassPathMapperScanner:240] Skipping MapperFactoryBean with name 'userMapper' and 'com.rejoice.active.console.mapper.UserMapper' mapperInterface. Bean already defined with the same name!
[2017-06-20 10:36:53,290][restartedMain][WARN][org.mybatis.spring.mapper.ClassPathMapperScanner:167] No MyBatis mapper was found in '[com.rejoice.active.console.mapper]' package. Please check your configuration.
[2017-06-20 10:37:19,640][restartedMain][WARN][org.mybatis.spring.mapper.ClassPathMapperScanner:240] Skipping MapperFactoryBean with name 'activeHistoryMapper' and 'com.rejoice.active.console.mapper.ActiveHistoryMapper' mapperInterface. Bean already defined with the same name!
[2017-06-20 10:37:19,640][restartedMain][WARN][org.mybatis.spring.mapper.ClassPathMapperScanner:240] Skipping MapperFactoryBean with name 'companyMapper' and 'com.rejoice.active.console.mapper.CompanyMapper' mapperInterface. Bean already defined with the same name!
[2017-06-20 10:37:19,640][restartedMain][WARN][org.mybatis.spring.mapper.ClassPathMapperScanner:240] Skipping MapperFactoryBean with name 'userMapper' and 'com.rejoice.active.console.mapper.UserMapper' mapperInterface. Bean already defined with the same name!
[2017-06-20 10:37:19,640][restartedMain][WARN][org.mybatis.spring.mapper.ClassPathMapperScanner:167] No MyBatis mapper was found in '[com.rejoice.active.console.mapper]' package. Please check your configuration.
[2017-06-20 10:38:23,030][restartedMain][WARN][org.mybatis.spring.mapper.ClassPathMapperScanner:240] Skipping MapperFactoryBean with name 'activeHistoryMapper' and 'com.rejoice.active.console.mapper.ActiveHistoryMapper' mapperInterface. Bean already defined with the same name!
[2017-06-20 10:38:23,030][restartedMain][WARN][org.mybatis.spring.mapper.ClassPathMapperScanner:240] Skipping MapperFactoryBean with name 'companyMapper' and 'com.rejoice.active.console.mapper.CompanyMapper' mapperInterface. Bean already defined with the same name!
[2017-06-20 10:38:23,030][restartedMain][WARN][org.mybatis.spring.mapper.ClassPathMapperScanner:240] Skipping MapperFactoryBean with name 'userMapper' and 'com.rejoice.active.console.mapper.UserMapper' mapperInterface. Bean already defined with the same name!
[2017-06-20 10:38:23,031][restartedMain][WARN][org.mybatis.spring.mapper.ClassPathMapperScanner:167] No MyBatis mapper was found in '[com.rejoice.active.console.mapper]' package. Please check your configuration.
[2017-06-20 10:38:25,697][http-nio-8081-exec-1][WARN][com.rejoice.active.console.interceptor.SessionInterceptor:48] visit path[/rejoice/page/user.html]:no session, redirect to /login
[2017-06-20 10:39:33,336][restartedMain][WARN][org.mybatis.spring.mapper.ClassPathMapperScanner:240] Skipping MapperFactoryBean with name 'activeHistoryMapper' and 'com.rejoice.active.console.mapper.ActiveHistoryMapper' mapperInterface. Bean already defined with the same name!
[2017-06-20 10:39:33,336][restartedMain][WARN][org.mybatis.spring.mapper.ClassPathMapperScanner:240] Skipping MapperFactoryBean with name 'companyMapper' and 'com.rejoice.active.console.mapper.CompanyMapper' mapperInterface. Bean already defined with the same name!
[2017-06-20 10:39:33,337][restartedMain][WARN][org.mybatis.spring.mapper.ClassPathMapperScanner:240] Skipping MapperFactoryBean with name 'userMapper' and 'com.rejoice.active.console.mapper.UserMapper' mapperInterface. Bean already defined with the same name!
[2017-06-20 10:39:33,337][restartedMain][WARN][org.mybatis.spring.mapper.ClassPathMapperScanner:167] No MyBatis mapper was found in '[com.rejoice.active.console.mapper]' package. Please check your configuration.
[2017-06-20 10:39:46,615][http-nio-8081-exec-1][WARN][com.rejoice.active.console.interceptor.SessionInterceptor:48] visit path[/rejoice/page/user/user/sdfd.html]:no session, redirect to /login
[2017-06-20 10:40:23,314][restartedMain][WARN][org.mybatis.spring.mapper.ClassPathMapperScanner:240] Skipping MapperFactoryBean with name 'activeHistoryMapper' and 'com.rejoice.active.console.mapper.ActiveHistoryMapper' mapperInterface. Bean already defined with the same name!
[2017-06-20 10:40:23,314][restartedMain][WARN][org.mybatis.spring.mapper.ClassPathMapperScanner:240] Skipping MapperFactoryBean with name 'companyMapper' and 'com.rejoice.active.console.mapper.CompanyMapper' mapperInterface. Bean already defined with the same name!
[2017-06-20 10:40:23,314][restartedMain][WARN][org.mybatis.spring.mapper.ClassPathMapperScanner:240] Skipping MapperFactoryBean with name 'userMapper' and 'com.rejoice.active.console.mapper.UserMapper' mapperInterface. Bean already defined with the same name!
[2017-06-20 10:40:23,314][restartedMain][WARN][org.mybatis.spring.mapper.ClassPathMapperScanner:167] No MyBatis mapper was found in '[com.rejoice.active.console.mapper]' package. Please check your configuration.
[2017-06-20 10:40:25,213][http-nio-8081-exec-1][WARN][com.rejoice.active.console.interceptor.SessionInterceptor:48] visit path[/rejoice/page/user/list.html]:no session, redirect to /login
[2017-06-20 10:40:41,903][restartedMain][WARN][org.mybatis.spring.mapper.ClassPathMapperScanner:240] Skipping MapperFactoryBean with name 'activeHistoryMapper' and 'com.rejoice.active.console.mapper.ActiveHistoryMapper' mapperInterface. Bean already defined with the same name!
[2017-06-20 10:40:41,903][restartedMain][WARN][org.mybatis.spring.mapper.ClassPathMapperScanner:240] Skipping MapperFactoryBean with name 'companyMapper' and 'com.rejoice.active.console.mapper.CompanyMapper' mapperInterface. Bean already defined with the same name!
[2017-06-20 10:40:41,903][restartedMain][WARN][org.mybatis.spring.mapper.ClassPathMapperScanner:240] Skipping MapperFactoryBean with name 'userMapper' and 'com.rejoice.active.console.mapper.UserMapper' mapperInterface. Bean already defined with the same name!
[2017-06-20 10:40:41,903][restartedMain][WARN][org.mybatis.spring.mapper.ClassPathMapperScanner:167] No MyBatis mapper was found in '[com.rejoice.active.console.mapper]' package. Please check your configuration.
[2017-06-20 10:40:47,833][http-nio-8081-exec-4][WARN][com.rejoice.active.console.interceptor.SessionInterceptor:48] visit path[/rejoice/]:no session, redirect to /login
[2017-06-20 10:42:31,929][restartedMain][WARN][org.mybatis.spring.mapper.ClassPathMapperScanner:240] Skipping MapperFactoryBean with name 'activeHistoryMapper' and 'com.rejoice.active.console.mapper.ActiveHistoryMapper' mapperInterface. Bean already defined with the same name!
[2017-06-20 10:42:31,929][restartedMain][WARN][org.mybatis.spring.mapper.ClassPathMapperScanner:240] Skipping MapperFactoryBean with name 'companyMapper' and 'com.rejoice.active.console.mapper.CompanyMapper' mapperInterface. Bean already defined with the same name!
[2017-06-20 10:42:31,929][restartedMain][WARN][org.mybatis.spring.mapper.ClassPathMapperScanner:240] Skipping MapperFactoryBean with name 'userMapper' and 'com.rejoice.active.console.mapper.UserMapper' mapperInterface. Bean already defined with the same name!
[2017-06-20 10:42:31,929][restartedMain][WARN][org.mybatis.spring.mapper.ClassPathMapperScanner:167] No MyBatis mapper was found in '[com.rejoice.active.console.mapper]' package. Please check your configuration.
[2017-06-20 10:43:14,156][http-nio-8081-exec-3][WARN][com.rejoice.active.console.interceptor.SessionInterceptor:48] visit path[/rejoice/]:no session, redirect to /login
[2017-06-20 10:45:32,028][restartedMain][WARN][org.mybatis.spring.mapper.ClassPathMapperScanner:240] Skipping MapperFactoryBean with name 'activeHistoryMapper' and 'com.rejoice.active.console.mapper.ActiveHistoryMapper' mapperInterface. Bean already defined with the same name!
[2017-06-20 10:45:32,028][restartedMain][WARN][org.mybatis.spring.mapper.ClassPathMapperScanner:240] Skipping MapperFactoryBean with name 'companyMapper' and 'com.rejoice.active.console.mapper.CompanyMapper' mapperInterface. Bean already defined with the same name!
[2017-06-20 10:45:32,028][restartedMain][WARN][org.mybatis.spring.mapper.ClassPathMapperScanner:240] Skipping MapperFactoryBean with name 'userMapper' and 'com.rejoice.active.console.mapper.UserMapper' mapperInterface. Bean already defined with the same name!
[2017-06-20 10:45:32,028][restartedMain][WARN][org.mybatis.spring.mapper.ClassPathMapperScanner:167] No MyBatis mapper was found in '[com.rejoice.active.console.mapper]' package. Please check your configuration.
[2017-06-20 10:45:34,134][http-nio-8081-exec-1][WARN][com.rejoice.active.console.interceptor.SessionInterceptor:48] visit path[/rejoice/home]:no session, redirect to /login
[2017-06-20 10:46:06,147][restartedMain][WARN][org.mybatis.spring.mapper.ClassPathMapperScanner:240] Skipping MapperFactoryBean with name 'activeHistoryMapper' and 'com.rejoice.active.console.mapper.ActiveHistoryMapper' mapperInterface. Bean already defined with the same name!
[2017-06-20 10:46:06,147][restartedMain][WARN][org.mybatis.spring.mapper.ClassPathMapperScanner:240] Skipping MapperFactoryBean with name 'companyMapper' and 'com.rejoice.active.console.mapper.CompanyMapper' mapperInterface. Bean already defined with the same name!
[2017-06-20 10:46:06,147][restartedMain][WARN][org.mybatis.spring.mapper.ClassPathMapperScanner:240] Skipping MapperFactoryBean with name 'userMapper' and 'com.rejoice.active.console.mapper.UserMapper' mapperInterface. Bean already defined with the same name!
[2017-06-20 10:46:06,147][restartedMain][WARN][org.mybatis.spring.mapper.ClassPathMapperScanner:167] No MyBatis mapper was found in '[com.rejoice.active.console.mapper]' package. Please check your configuration.
[2017-06-20 10:46:07,242][http-nio-8081-exec-1][WARN][com.rejoice.active.console.interceptor.SessionInterceptor:48] visit path[/rejoice/home]:no session, redirect to /login
[2017-06-20 10:46:17,890][restartedMain][WARN][org.mybatis.spring.mapper.ClassPathMapperScanner:240] Skipping MapperFactoryBean with name 'activeHistoryMapper' and 'com.rejoice.active.console.mapper.ActiveHistoryMapper' mapperInterface. Bean already defined with the same name!
[2017-06-20 10:46:17,890][restartedMain][WARN][org.mybatis.spring.mapper.ClassPathMapperScanner:240] Skipping MapperFactoryBean with name 'companyMapper' and 'com.rejoice.active.console.mapper.CompanyMapper' mapperInterface. Bean already defined with the same name!
[2017-06-20 10:46:17,890][restartedMain][WARN][org.mybatis.spring.mapper.ClassPathMapperScanner:240] Skipping MapperFactoryBean with name 'userMapper' and 'com.rejoice.active.console.mapper.UserMapper' mapperInterface. Bean already defined with the same name!
[2017-06-20 10:46:17,890][restartedMain][WARN][org.mybatis.spring.mapper.ClassPathMapperScanner:167] No MyBatis mapper was found in '[com.rejoice.active.console.mapper]' package. Please check your configuration.
[2017-06-20 10:46:19,035][http-nio-8081-exec-2][WARN][com.rejoice.active.console.interceptor.SessionInterceptor:48] visit path[/rejoice/page/activehistory/list.html]:no session, redirect to /login
[2017-06-20 10:46:19,334][http-nio-8081-exec-3][WARN][com.rejoice.active.console.interceptor.SessionInterceptor:48] visit path[/rejoice/user/page]:no session, redirect to /login
[2017-06-20 10:46:19,360][http-nio-8081-exec-10][WARN][com.rejoice.active.console.interceptor.SessionInterceptor:48] visit path[/rejoice/company/page]:no session, redirect to /login
[2017-06-20 11:27:02,414][http-nio-8081-exec-4][WARN][com.rejoice.active.console.interceptor.SessionInterceptor:48] visit path[/rejoice/page/user/list.html]:no session, redirect to /login
[2017-06-20 11:27:35,744][restartedMain][WARN][org.mybatis.spring.mapper.ClassPathMapperScanner:240] Skipping MapperFactoryBean with name 'activeHistoryMapper' and 'com.rejoice.active.console.mapper.ActiveHistoryMapper' mapperInterface. Bean already defined with the same name!
[2017-06-20 11:27:35,744][restartedMain][WARN][org.mybatis.spring.mapper.ClassPathMapperScanner:240] Skipping MapperFactoryBean with name 'companyMapper' and 'com.rejoice.active.console.mapper.CompanyMapper' mapperInterface. Bean already defined with the same name!
[2017-06-20 11:27:35,744][restartedMain][WARN][org.mybatis.spring.mapper.ClassPathMapperScanner:240] Skipping MapperFactoryBean with name 'userMapper' and 'com.rejoice.active.console.mapper.UserMapper' mapperInterface. Bean already defined with the same name!
[2017-06-20 11:27:35,744][restartedMain][WARN][org.mybatis.spring.mapper.ClassPathMapperScanner:167] No MyBatis mapper was found in '[com.rejoice.active.console.mapper]' package. Please check your configuration.
[2017-06-20 11:29:04,305][restartedMain][WARN][org.mybatis.spring.mapper.ClassPathMapperScanner:240] Skipping MapperFactoryBean with name 'activeHistoryMapper' and 'com.rejoice.active.console.mapper.ActiveHistoryMapper' mapperInterface. Bean already defined with the same name!
[2017-06-20 11:29:04,305][restartedMain][WARN][org.mybatis.spring.mapper.ClassPathMapperScanner:240] Skipping MapperFactoryBean with name 'companyMapper' and 'com.rejoice.active.console.mapper.CompanyMapper' mapperInterface. Bean already defined with the same name!
[2017-06-20 11:29:04,306][restartedMain][WARN][org.mybatis.spring.mapper.ClassPathMapperScanner:240] Skipping MapperFactoryBean with name 'userMapper' and 'com.rejoice.active.console.mapper.UserMapper' mapperInterface. Bean already defined with the same name!
[2017-06-20 11:29:04,306][restartedMain][WARN][org.mybatis.spring.mapper.ClassPathMapperScanner:167] No MyBatis mapper was found in '[com.rejoice.active.console.mapper]' package. Please check your configuration.
[2017-06-20 11:29:41,212][restartedMain][WARN][org.mybatis.spring.mapper.ClassPathMapperScanner:240] Skipping MapperFactoryBean with name 'activeHistoryMapper' and 'com.rejoice.active.console.mapper.ActiveHistoryMapper' mapperInterface. Bean already defined with the same name!
[2017-06-20 11:29:41,212][restartedMain][WARN][org.mybatis.spring.mapper.ClassPathMapperScanner:240] Skipping MapperFactoryBean with name 'companyMapper' and 'com.rejoice.active.console.mapper.CompanyMapper' mapperInterface. Bean already defined with the same name!
[2017-06-20 11:29:41,212][restartedMain][WARN][org.mybatis.spring.mapper.ClassPathMapperScanner:240] Skipping MapperFactoryBean with name 'userMapper' and 'com.rejoice.active.console.mapper.UserMapper' mapperInterface. Bean already defined with the same name!
[2017-06-20 11:29:41,212][restartedMain][WARN][org.mybatis.spring.mapper.ClassPathMapperScanner:167] No MyBatis mapper was found in '[com.rejoice.active.console.mapper]' package. Please check your configuration.
[2017-06-20 11:29:56,331][restartedMain][WARN][org.mybatis.spring.mapper.ClassPathMapperScanner:240] Skipping MapperFactoryBean with name 'activeHistoryMapper' and 'com.rejoice.active.console.mapper.ActiveHistoryMapper' mapperInterface. Bean already defined with the same name!
[2017-06-20 11:29:56,331][restartedMain][WARN][org.mybatis.spring.mapper.ClassPathMapperScanner:240] Skipping MapperFactoryBean with name 'companyMapper' and 'com.rejoice.active.console.mapper.CompanyMapper' mapperInterface. Bean already defined with the same name!
[2017-06-20 11:29:56,331][restartedMain][WARN][org.mybatis.spring.mapper.ClassPathMapperScanner:240] Skipping MapperFactoryBean with name 'userMapper' and 'com.rejoice.active.console.mapper.UserMapper' mapperInterface. Bean already defined with the same name!
[2017-06-20 11:29:56,331][restartedMain][WARN][org.mybatis.spring.mapper.ClassPathMapperScanner:167] No MyBatis mapper was found in '[com.rejoice.active.console.mapper]' package. Please check your configuration.
[2017-06-20 11:30:04,700][http-nio-8081-exec-1][WARN][com.rejoice.active.console.interceptor.SessionInterceptor:48] visit path[/rejoice/user/12]:no session, redirect to /login
[2017-06-20 11:30:12,222][http-nio-8081-exec-2][WARN][org.springframework.web.servlet.mvc.method.annotation.ExceptionHandlerExceptionResolver:189] Resolved exception caused by Handler execution: org.mybatis.spring.MyBatisSystemException: nested exception is org.apache.ibatis.type.TypeException: Could not set parameters for mapping: ParameterMapping{property='id', mode=IN, javaType=class java.lang.Integer, jdbcType=null, numericScale=null, resultMapId='null', jdbcTypeName='null', expression='null'}. Cause: org.apache.ibatis.type.TypeException: Error setting non null for parameter #1 with JdbcType null . Try setting a different JdbcType for this parameter or a different configuration property. Cause: java.lang.ClassCastException: java.lang.String cannot be cast to java.lang.Integer
[2017-06-20 11:30:51,555][restartedMain][WARN][org.mybatis.spring.mapper.ClassPathMapperScanner:240] Skipping MapperFactoryBean with name 'activeHistoryMapper' and 'com.rejoice.active.console.mapper.ActiveHistoryMapper' mapperInterface. Bean already defined with the same name!
[2017-06-20 11:30:51,555][restartedMain][WARN][org.mybatis.spring.mapper.ClassPathMapperScanner:240] Skipping MapperFactoryBean with name 'companyMapper' and 'com.rejoice.active.console.mapper.CompanyMapper' mapperInterface. Bean already defined with the same name!
[2017-06-20 11:30:51,555][restartedMain][WARN][org.mybatis.spring.mapper.ClassPathMapperScanner:240] Skipping MapperFactoryBean with name 'userMapper' and 'com.rejoice.active.console.mapper.UserMapper' mapperInterface. Bean already defined with the same name!
[2017-06-20 11:30:51,555][restartedMain][WARN][org.mybatis.spring.mapper.ClassPathMapperScanner:167] No MyBatis mapper was found in '[com.rejoice.active.console.mapper]' package. Please check your configuration.
[2017-06-20 11:30:54,139][http-nio-8081-exec-2][WARN][com.rejoice.active.console.interceptor.SessionInterceptor:48] visit path[/rejoice/user/12]:no session, redirect to /login
[2017-06-20 11:31:01,033][http-nio-8081-exec-3][WARN][org.springframework.web.servlet.mvc.method.annotation.ExceptionHandlerExceptionResolver:189] Resolved exception caused by Handler execution: org.mybatis.spring.MyBatisSystemException: nested exception is org.apache.ibatis.type.TypeException: Could not set parameters for mapping: ParameterMapping{property='id', mode=IN, javaType=class java.lang.Integer, jdbcType=null, numericScale=null, resultMapId='null', jdbcTypeName='null', expression='null'}. Cause: org.apache.ibatis.type.TypeException: Error setting non null for parameter #1 with JdbcType null . Try setting a different JdbcType for this parameter or a different configuration property. Cause: java.lang.ClassCastException: java.lang.String cannot be cast to java.lang.Integer
[2017-06-20 11:31:12,682][restartedMain][WARN][org.mybatis.spring.mapper.ClassPathMapperScanner:240] Skipping MapperFactoryBean with name 'activeHistoryMapper' and 'com.rejoice.active.console.mapper.ActiveHistoryMapper' mapperInterface. Bean already defined with the same name!
[2017-06-20 11:31:12,683][restartedMain][WARN][org.mybatis.spring.mapper.ClassPathMapperScanner:240] Skipping MapperFactoryBean with name 'companyMapper' and 'com.rejoice.active.console.mapper.CompanyMapper' mapperInterface. Bean already defined with the same name!
[2017-06-20 11:31:12,683][restartedMain][WARN][org.mybatis.spring.mapper.ClassPathMapperScanner:240] Skipping MapperFactoryBean with name 'userMapper' and 'com.rejoice.active.console.mapper.UserMapper' mapperInterface. Bean already defined with the same name!
[2017-06-20 11:31:12,683][restartedMain][WARN][org.mybatis.spring.mapper.ClassPathMapperScanner:167] No MyBatis mapper was found in '[com.rejoice.active.console.mapper]' package. Please check your configuration.
[2017-06-20 11:31:15,895][http-nio-8081-exec-1][WARN][com.rejoice.active.console.interceptor.SessionInterceptor:48] visit path[/rejoice/user/12]:no session, redirect to /login
[2017-06-20 11:31:22,830][http-nio-8081-exec-4][WARN][org.springframework.web.servlet.mvc.method.annotation.ExceptionHandlerExceptionResolver:189] Resolved exception caused by Handler execution: org.mybatis.spring.MyBatisSystemException: nested exception is org.apache.ibatis.type.TypeException: Could not set parameters for mapping: ParameterMapping{property='id', mode=IN, javaType=class java.lang.Integer, jdbcType=null, numericScale=null, resultMapId='null', jdbcTypeName='null', expression='null'}. Cause: org.apache.ibatis.type.TypeException: Error setting non null for parameter #1 with JdbcType null . Try setting a different JdbcType for this parameter or a different configuration property. Cause: java.lang.ClassCastException: java.lang.Long cannot be cast to java.lang.Integer
[2017-06-20 11:31:54,877][restartedMain][WARN][org.mybatis.spring.mapper.ClassPathMapperScanner:240] Skipping MapperFactoryBean with name 'activeHistoryMapper' and 'com.rejoice.active.console.mapper.ActiveHistoryMapper' mapperInterface. Bean already defined with the same name!
[2017-06-20 11:31:54,877][restartedMain][WARN][org.mybatis.spring.mapper.ClassPathMapperScanner:240] Skipping MapperFactoryBean with name 'companyMapper' and 'com.rejoice.active.console.mapper.CompanyMapper' mapperInterface. Bean already defined with the same name!
[2017-06-20 11:31:54,878][restartedMain][WARN][org.mybatis.spring.mapper.ClassPathMapperScanner:240] Skipping MapperFactoryBean with name 'userMapper' and 'com.rejoice.active.console.mapper.UserMapper' mapperInterface. Bean already defined with the same name!
[2017-06-20 11:31:54,878][restartedMain][WARN][org.mybatis.spring.mapper.ClassPathMapperScanner:167] No MyBatis mapper was found in '[com.rejoice.active.console.mapper]' package. Please check your configuration.
[2017-06-20 11:31:58,350][http-nio-8081-exec-3][WARN][com.rejoice.active.console.interceptor.SessionInterceptor:48] visit path[/rejoice/user/12]:no session, redirect to /login
[2017-06-20 11:34:16,296][restartedMain][WARN][org.mybatis.spring.mapper.ClassPathMapperScanner:240] Skipping MapperFactoryBean with name 'activeHistoryMapper' and 'com.rejoice.active.console.mapper.ActiveHistoryMapper' mapperInterface. Bean already defined with the same name!
[2017-06-20 11:34:16,296][restartedMain][WARN][org.mybatis.spring.mapper.ClassPathMapperScanner:240] Skipping MapperFactoryBean with name 'companyMapper' and 'com.rejoice.active.console.mapper.CompanyMapper' mapperInterface. Bean already defined with the same name!
[2017-06-20 11:34:16,296][restartedMain][WARN][org.mybatis.spring.mapper.ClassPathMapperScanner:240] Skipping MapperFactoryBean with name 'userMapper' and 'com.rejoice.active.console.mapper.UserMapper' mapperInterface. Bean already defined with the same name!
[2017-06-20 11:34:16,296][restartedMain][WARN][org.mybatis.spring.mapper.ClassPathMapperScanner:167] No MyBatis mapper was found in '[com.rejoice.active.console.mapper]' package. Please check your configuration.
[2017-06-20 11:34:49,831][http-nio-8081-exec-7][WARN][com.rejoice.active.console.interceptor.SessionInterceptor:48] visit path[/rejoice/user/29]:no session, redirect to /login
[2017-06-20 11:34:54,682][http-nio-8081-exec-3][WARN][org.springframework.web.servlet.mvc.method.annotation.ExceptionHandlerExceptionResolver:189] Resolved exception caused by Handler execution: org.mybatis.spring.MyBatisSystemException: nested exception is org.apache.ibatis.type.TypeException: Could not set parameters for mapping: ParameterMapping{property='id', mode=IN, javaType=class java.lang.Integer, jdbcType=null, numericScale=null, resultMapId='null', jdbcTypeName='null', expression='null'}. Cause: org.apache.ibatis.type.TypeException: Error setting non null for parameter #1 with JdbcType null . Try setting a different JdbcType for this parameter or a different configuration property. Cause: java.lang.ClassCastException: java.lang.String cannot be cast to java.lang.Integer
[2017-06-20 11:34:57,196][http-nio-8081-exec-9][WARN][org.springframework.web.servlet.mvc.method.annotation.ExceptionHandlerExceptionResolver:189] Resolved exception caused by Handler execution: org.mybatis.spring.MyBatisSystemException: nested exception is org.apache.ibatis.type.TypeException: Could not set parameters for mapping: ParameterMapping{property='id', mode=IN, javaType=class java.lang.Integer, jdbcType=null, numericScale=null, resultMapId='null', jdbcTypeName='null', expression='null'}. Cause: org.apache.ibatis.type.TypeException: Error setting non null for parameter #1 with JdbcType null . Try setting a different JdbcType for this parameter or a different configuration property. Cause: java.lang.ClassCastException: java.lang.String cannot be cast to java.lang.Integer
[2017-06-20 11:36:51,103][restartedMain][WARN][org.mybatis.spring.mapper.ClassPathMapperScanner:240] Skipping MapperFactoryBean with name 'activeHistoryMapper' and 'com.rejoice.active.console.mapper.ActiveHistoryMapper' mapperInterface. Bean already defined with the same name!
[2017-06-20 11:36:51,103][restartedMain][WARN][org.mybatis.spring.mapper.ClassPathMapperScanner:240] Skipping MapperFactoryBean with name 'companyMapper' and 'com.rejoice.active.console.mapper.CompanyMapper' mapperInterface. Bean already defined with the same name!
[2017-06-20 11:36:51,103][restartedMain][WARN][org.mybatis.spring.mapper.ClassPathMapperScanner:240] Skipping MapperFactoryBean with name 'userMapper' and 'com.rejoice.active.console.mapper.UserMapper' mapperInterface. Bean already defined with the same name!
[2017-06-20 11:36:51,104][restartedMain][WARN][org.mybatis.spring.mapper.ClassPathMapperScanner:167] No MyBatis mapper was found in '[com.rejoice.active.console.mapper]' package. Please check your configuration.
[2017-06-20 11:37:08,013][http-nio-8081-exec-1][WARN][com.rejoice.active.console.interceptor.SessionInterceptor:48] visit path[/rejoice/user/29]:no session, redirect to /login
[2017-06-20 11:37:48,670][http-nio-8081-exec-3][WARN][org.springframework.web.servlet.mvc.method.annotation.ExceptionHandlerExceptionResolver:189] Resolved exception caused by Handler execution: org.mybatis.spring.MyBatisSystemException: nested exception is org.apache.ibatis.type.TypeException: Could not set parameters for mapping: ParameterMapping{property='id', mode=IN, javaType=class java.lang.Integer, jdbcType=null, numericScale=null, resultMapId='null', jdbcTypeName='null', expression='null'}. Cause: org.apache.ibatis.type.TypeException: Error setting non null for parameter #1 with JdbcType null . Try setting a different JdbcType for this parameter or a different configuration property. Cause: java.lang.ClassCastException: java.lang.String cannot be cast to java.lang.Integer
[2017-06-20 11:38:43,377][http-nio-8081-exec-9][WARN][org.springframework.web.servlet.mvc.method.annotation.ExceptionHandlerExceptionResolver:189] Resolved exception caused by Handler execution: org.mybatis.spring.MyBatisSystemException: nested exception is org.apache.ibatis.type.TypeException: Could not set parameters for mapping: ParameterMapping{property='id', mode=IN, javaType=class java.lang.Integer, jdbcType=null, numericScale=null, resultMapId='null', jdbcTypeName='null', expression='null'}. Cause: org.apache.ibatis.type.TypeException: Error setting non null for parameter #1 with JdbcType null . Try setting a different JdbcType for this parameter or a different configuration property. Cause: java.lang.ClassCastException: java.lang.String cannot be cast to java.lang.Integer
[2017-06-20 11:39:05,102][http-nio-8081-exec-2][WARN][org.springframework.web.servlet.mvc.method.annotation.ExceptionHandlerExceptionResolver:189] Resolved exception caused by Handler execution: org.mybatis.spring.MyBatisSystemException: nested exception is org.apache.ibatis.type.TypeException: Could not set parameters for mapping: ParameterMapping{property='id', mode=IN, javaType=class java.lang.Integer, jdbcType=null, numericScale=null, resultMapId='null', jdbcTypeName='null', expression='null'}. Cause: org.apache.ibatis.type.TypeException: Error setting non null for parameter #1 with JdbcType null . Try setting a different JdbcType for this parameter or a different configuration property. Cause: java.lang.ClassCastException: java.lang.String cannot be cast to java.lang.Integer
[2017-06-20 11:39:29,405][http-nio-8081-exec-1][WARN][org.springframework.web.servlet.mvc.method.annotation.ExceptionHandlerExceptionResolver:189] Resolved exception caused by Handler execution: org.mybatis.spring.MyBatisSystemException: nested exception is org.apache.ibatis.type.TypeException: Could not set parameters for mapping: ParameterMapping{property='id', mode=IN, javaType=class java.lang.Integer, jdbcType=null, numericScale=null, resultMapId='null', jdbcTypeName='null', expression='null'}. Cause: org.apache.ibatis.type.TypeException: Error setting non null for parameter #1 with JdbcType null . Try setting a different JdbcType for this parameter or a different configuration property. Cause: java.lang.ClassCastException: java.lang.String cannot be cast to java.lang.Integer
[2017-06-20 11:42:53,091][http-nio-8081-exec-3][WARN][org.springframework.web.servlet.mvc.method.annotation.ExceptionHandlerExceptionResolver:189] Resolved exception caused by Handler execution: org.mybatis.spring.MyBatisSystemException: nested exception is org.apache.ibatis.type.TypeException: Could not set parameters for mapping: ParameterMapping{property='id', mode=IN, javaType=class java.lang.Integer, jdbcType=null, numericScale=null, resultMapId='null', jdbcTypeName='null', expression='null'}. Cause: org.apache.ibatis.type.TypeException: Error setting non null for parameter #1 with JdbcType null . Try setting a different JdbcType for this parameter or a different configuration property. Cause: java.lang.ClassCastException: java.lang.String cannot be cast to java.lang.Integer
[2017-06-20 11:48:21,456][restartedMain][WARN][org.mybatis.spring.mapper.ClassPathMapperScanner:240] Skipping MapperFactoryBean with name 'activeHistoryMapper' and 'com.rejoice.active.console.mapper.ActiveHistoryMapper' mapperInterface. Bean already defined with the same name!
[2017-06-20 11:48:21,457][restartedMain][WARN][org.mybatis.spring.mapper.ClassPathMapperScanner:240] Skipping MapperFactoryBean with name 'companyMapper' and 'com.rejoice.active.console.mapper.CompanyMapper' mapperInterface. Bean already defined with the same name!
[2017-06-20 11:48:21,457][restartedMain][WARN][org.mybatis.spring.mapper.ClassPathMapperScanner:240] Skipping MapperFactoryBean with name 'userMapper' and 'com.rejoice.active.console.mapper.UserMapper' mapperInterface. Bean already defined with the same name!
[2017-06-20 11:48:21,457][restartedMain][WARN][org.mybatis.spring.mapper.ClassPathMapperScanner:167] No MyBatis mapper was found in '[com.rejoice.active.console.mapper]' package. Please check your configuration.
[2017-06-20 11:48:47,747][http-nio-8081-exec-1][WARN][com.rejoice.active.console.interceptor.SessionInterceptor:48] visit path[/rejoice/user/12]:no session, redirect to /login
[2017-06-20 11:48:56,137][http-nio-8081-exec-1][WARN][org.springframework.web.servlet.mvc.method.annotation.ExceptionHandlerExceptionResolver:189] Resolved exception caused by Handler execution: org.mybatis.spring.MyBatisSystemException: nested exception is org.apache.ibatis.type.TypeException: Could not set parameters for mapping: ParameterMapping{property='id', mode=IN, javaType=class java.lang.Integer, jdbcType=null, numericScale=null, resultMapId='null', jdbcTypeName='null', expression='null'}. Cause: org.apache.ibatis.type.TypeException: Error setting non null for parameter #1 with JdbcType null . Try setting a different JdbcType for this parameter or a different configuration property. Cause: java.lang.ClassCastException: java.lang.String cannot be cast to java.lang.Integer
[2017-06-20 11:49:37,633][restartedMain][WARN][org.mybatis.spring.mapper.ClassPathMapperScanner:240] Skipping MapperFactoryBean with name 'activeHistoryMapper' and 'com.rejoice.active.console.mapper.ActiveHistoryMapper' mapperInterface. Bean already defined with the same name!
[2017-06-20 11:49:37,633][restartedMain][WARN][org.mybatis.spring.mapper.ClassPathMapperScanner:240] Skipping MapperFactoryBean with name 'companyMapper' and 'com.rejoice.active.console.mapper.CompanyMapper' mapperInterface. Bean already defined with the same name!
[2017-06-20 11:49:37,634][restartedMain][WARN][org.mybatis.spring.mapper.ClassPathMapperScanner:240] Skipping MapperFactoryBean with name 'userMapper' and 'com.rejoice.active.console.mapper.UserMapper' mapperInterface. Bean already defined with the same name!
[2017-06-20 11:49:37,634][restartedMain][WARN][org.mybatis.spring.mapper.ClassPathMapperScanner:167] No MyBatis mapper was found in '[com.rejoice.active.console.mapper]' package. Please check your configuration.
[2017-06-20 11:50:38,138][http-nio-8081-exec-1][WARN][com.rejoice.active.console.interceptor.SessionInterceptor:48] visit path[/rejoice/user/12]:no session, redirect to /login
[2017-06-20 11:50:46,216][http-nio-8081-exec-5][WARN][org.springframework.web.servlet.PageNotFound:215] Request method 'DELETE' not supported
[2017-06-20 11:50:46,217][http-nio-8081-exec-5][WARN][org.springframework.web.servlet.mvc.support.DefaultHandlerExceptionResolver:189] Resolved exception caused by Handler execution: org.springframework.web.HttpRequestMethodNotSupportedException: Request method 'DELETE' not supported
[2017-06-20 11:53:19,462][http-nio-8081-exec-10][WARN][org.springframework.web.servlet.PageNotFound:215] Request method 'DELETE' not supported
[2017-06-20 11:53:19,463][http-nio-8081-exec-10][WARN][org.springframework.web.servlet.mvc.support.DefaultHandlerExceptionResolver:189] Resolved exception caused by Handler execution: org.springframework.web.HttpRequestMethodNotSupportedException: Request method 'DELETE' not supported
[2017-06-20 11:56:11,319][http-nio-8081-exec-8][WARN][org.springframework.web.servlet.PageNotFound:215] Request method 'DELETE' not supported
[2017-06-20 11:56:11,319][http-nio-8081-exec-8][WARN][org.springframework.web.servlet.mvc.support.DefaultHandlerExceptionResolver:189] Resolved exception caused by Handler execution: org.springframework.web.HttpRequestMethodNotSupportedException: Request method 'DELETE' not supported
[2017-06-20 11:57:06,201][restartedMain][WARN][org.mybatis.spring.mapper.ClassPathMapperScanner:240] Skipping MapperFactoryBean with name 'activeHistoryMapper' and 'com.rejoice.active.console.mapper.ActiveHistoryMapper' mapperInterface. Bean already defined with the same name!
[2017-06-20 11:57:06,201][restartedMain][WARN][org.mybatis.spring.mapper.ClassPathMapperScanner:240] Skipping MapperFactoryBean with name 'companyMapper' and 'com.rejoice.active.console.mapper.CompanyMapper' mapperInterface. Bean already defined with the same name!
[2017-06-20 11:57:06,201][restartedMain][WARN][org.mybatis.spring.mapper.ClassPathMapperScanner:240] Skipping MapperFactoryBean with name 'userMapper' and 'com.rejoice.active.console.mapper.UserMapper' mapperInterface. Bean already defined with the same name!
[2017-06-20 11:57:06,201][restartedMain][WARN][org.mybatis.spring.mapper.ClassPathMapperScanner:167] No MyBatis mapper was found in '[com.rejoice.active.console.mapper]' package. Please check your configuration.
[2017-06-20 11:57:09,084][http-nio-8081-exec-3][WARN][com.rejoice.active.console.interceptor.SessionInterceptor:48] visit path[/rejoice/home]:no session, redirect to /login
[2017-06-20 11:59:46,784][restartedMain][WARN][org.mybatis.spring.mapper.ClassPathMapperScanner:240] Skipping MapperFactoryBean with name 'activeHistoryMapper' and 'com.rejoice.active.console.mapper.ActiveHistoryMapper' mapperInterface. Bean already defined with the same name!
[2017-06-20 11:59:46,784][restartedMain][WARN][org.mybatis.spring.mapper.ClassPathMapperScanner:240] Skipping MapperFactoryBean with name 'companyMapper' and 'com.rejoice.active.console.mapper.CompanyMapper' mapperInterface. Bean already defined with the same name!
[2017-06-20 11:59:46,784][restartedMain][WARN][org.mybatis.spring.mapper.ClassPathMapperScanner:240] Skipping MapperFactoryBean with name 'userMapper' and 'com.rejoice.active.console.mapper.UserMapper' mapperInterface. Bean already defined with the same name!
[2017-06-20 11:59:46,784][restartedMain][WARN][org.mybatis.spring.mapper.ClassPathMapperScanner:167] No MyBatis mapper was found in '[com.rejoice.active.console.mapper]' package. Please check your configuration.
[2017-06-20 12:01:12,704][restartedMain][WARN][org.mybatis.spring.mapper.ClassPathMapperScanner:240] Skipping MapperFactoryBean with name 'activeHistoryMapper' and 'com.rejoice.active.console.mapper.ActiveHistoryMapper' mapperInterface. Bean already defined with the same name!
[2017-06-20 12:01:12,704][restartedMain][WARN][org.mybatis.spring.mapper.ClassPathMapperScanner:240] Skipping MapperFactoryBean with name 'companyMapper' and 'com.rejoice.active.console.mapper.CompanyMapper' mapperInterface. Bean already defined with the same name!
[2017-06-20 12:01:12,704][restartedMain][WARN][org.mybatis.spring.mapper.ClassPathMapperScanner:240] Skipping MapperFactoryBean with name 'userMapper' and 'com.rejoice.active.console.mapper.UserMapper' mapperInterface. Bean already defined with the same name!
[2017-06-20 12:01:12,705][restartedMain][WARN][org.mybatis.spring.mapper.ClassPathMapperScanner:167] No MyBatis mapper was found in '[com.rejoice.active.console.mapper]' package. Please check your configuration.
[2017-06-20 12:40:09,533][http-nio-8081-exec-2][WARN][com.rejoice.active.console.interceptor.SessionInterceptor:48] visit path[/rejoice/home]:no session, redirect to /login
[2017-06-20 12:40:44,245][restartedMain][WARN][org.mybatis.spring.mapper.ClassPathMapperScanner:240] Skipping MapperFactoryBean with name 'activeHistoryMapper' and 'com.rejoice.active.console.mapper.ActiveHistoryMapper' mapperInterface. Bean already defined with the same name!
[2017-06-20 12:40:44,245][restartedMain][WARN][org.mybatis.spring.mapper.ClassPathMapperScanner:240] Skipping MapperFactoryBean with name 'companyMapper' and 'com.rejoice.active.console.mapper.CompanyMapper' mapperInterface. Bean already defined with the same name!
[2017-06-20 12:40:44,246][restartedMain][WARN][org.mybatis.spring.mapper.ClassPathMapperScanner:240] Skipping MapperFactoryBean with name 'userMapper' and 'com.rejoice.active.console.mapper.UserMapper' mapperInterface. Bean already defined with the same name!
[2017-06-20 12:40:44,246][restartedMain][WARN][org.mybatis.spring.mapper.ClassPathMapperScanner:167] No MyBatis mapper was found in '[com.rejoice.active.console.mapper]' package. Please check your configuration.
[2017-06-20 12:41:05,947][restartedMain][WARN][org.mybatis.spring.mapper.ClassPathMapperScanner:240] Skipping MapperFactoryBean with name 'activeHistoryMapper' and 'com.rejoice.active.console.mapper.ActiveHistoryMapper' mapperInterface. Bean already defined with the same name!
[2017-06-20 12:41:05,947][restartedMain][WARN][org.mybatis.spring.mapper.ClassPathMapperScanner:240] Skipping MapperFactoryBean with name 'companyMapper' and 'com.rejoice.active.console.mapper.CompanyMapper' mapperInterface. Bean already defined with the same name!
[2017-06-20 12:41:05,948][restartedMain][WARN][org.mybatis.spring.mapper.ClassPathMapperScanner:240] Skipping MapperFactoryBean with name 'userMapper' and 'com.rejoice.active.console.mapper.UserMapper' mapperInterface. Bean already defined with the same name!
[2017-06-20 12:41:05,948][restartedMain][WARN][org.mybatis.spring.mapper.ClassPathMapperScanner:167] No MyBatis mapper was found in '[com.rejoice.active.console.mapper]' package. Please check your configuration.
[2017-06-20 12:41:20,614][restartedMain][WARN][org.mybatis.spring.mapper.ClassPathMapperScanner:240] Skipping MapperFactoryBean with name 'activeHistoryMapper' and 'com.rejoice.active.console.mapper.ActiveHistoryMapper' mapperInterface. Bean already defined with the same name!
[2017-06-20 12:41:20,614][restartedMain][WARN][org.mybatis.spring.mapper.ClassPathMapperScanner:240] Skipping MapperFactoryBean with name 'companyMapper' and 'com.rejoice.active.console.mapper.CompanyMapper' mapperInterface. Bean already defined with the same name!
[2017-06-20 12:41:20,614][restartedMain][WARN][org.mybatis.spring.mapper.ClassPathMapperScanner:240] Skipping MapperFactoryBean with name 'userMapper' and 'com.rejoice.active.console.mapper.UserMapper' mapperInterface. Bean already defined with the same name!
[2017-06-20 12:41:20,614][restartedMain][WARN][org.mybatis.spring.mapper.ClassPathMapperScanner:167] No MyBatis mapper was found in '[com.rejoice.active.console.mapper]' package. Please check your configuration.
[2017-06-20 12:41:21,735][http-nio-8081-exec-3][WARN][com.rejoice.active.console.interceptor.SessionInterceptor:48] visit path[/rejoice/home]:no session, redirect to /login
[2017-06-20 12:41:31,963][http-nio-8081-exec-4][WARN][org.springframework.web.servlet.mvc.method.annotation.ExceptionHandlerExceptionResolver:189] Resolved exception caused by Handler execution: org.mybatis.spring.MyBatisSystemException: nested exception is org.apache.ibatis.type.TypeException: Could not set parameters for mapping: ParameterMapping{property='id', mode=IN, javaType=class java.lang.Integer, jdbcType=null, numericScale=null, resultMapId='null', jdbcTypeName='null', expression='null'}. Cause: org.apache.ibatis.type.TypeException: Error setting non null for parameter #1 with JdbcType null . Try setting a different JdbcType for this parameter or a different configuration property. Cause: java.lang.ClassCastException: java.lang.String cannot be cast to java.lang.Integer
[2017-06-20 12:46:48,626][restartedMain][WARN][org.mybatis.spring.mapper.ClassPathMapperScanner:240] Skipping MapperFactoryBean with name 'activeHistoryMapper' and 'com.rejoice.active.console.mapper.ActiveHistoryMapper' mapperInterface. Bean already defined with the same name!
[2017-06-20 12:46:48,626][restartedMain][WARN][org.mybatis.spring.mapper.ClassPathMapperScanner:240] Skipping MapperFactoryBean with name 'companyMapper' and 'com.rejoice.active.console.mapper.CompanyMapper' mapperInterface. Bean already defined with the same name!
[2017-06-20 12:46:48,627][restartedMain][WARN][org.mybatis.spring.mapper.ClassPathMapperScanner:240] Skipping MapperFactoryBean with name 'userMapper' and 'com.rejoice.active.console.mapper.UserMapper' mapperInterface. Bean already defined with the same name!
[2017-06-20 12:46:48,627][restartedMain][WARN][org.mybatis.spring.mapper.ClassPathMapperScanner:167] No MyBatis mapper was found in '[com.rejoice.active.console.mapper]' package. Please check your configuration.
[2017-06-20 15:19:10,574][restartedMain][WARN][org.mybatis.spring.mapper.ClassPathMapperScanner:240] Skipping MapperFactoryBean with name 'activeHistoryMapper' and 'com.rejoice.active.console.mapper.ActiveHistoryMapper' mapperInterface. Bean already defined with the same name!
[2017-06-20 15:19:10,574][restartedMain][WARN][org.mybatis.spring.mapper.ClassPathMapperScanner:240] Skipping MapperFactoryBean with name 'companyMapper' and 'com.rejoice.active.console.mapper.CompanyMapper' mapperInterface. Bean already defined with the same name!
[2017-06-20 15:19:10,574][restartedMain][WARN][org.mybatis.spring.mapper.ClassPathMapperScanner:240] Skipping MapperFactoryBean with name 'userMapper' and 'com.rejoice.active.console.mapper.UserMapper' mapperInterface. Bean already defined with the same name!
[2017-06-20 15:19:10,574][restartedMain][WARN][org.mybatis.spring.mapper.ClassPathMapperScanner:167] No MyBatis mapper was found in '[com.rejoice.active.console.mapper]' package. Please check your configuration.
[2017-06-20 16:08:54,284][restartedMain][WARN][org.mybatis.spring.mapper.ClassPathMapperScanner:240] Skipping MapperFactoryBean with name 'activeHistoryMapper' and 'com.rejoice.active.console.mapper.ActiveHistoryMapper' mapperInterface. Bean already defined with the same name!
[2017-06-20 16:08:54,284][restartedMain][WARN][org.mybatis.spring.mapper.ClassPathMapperScanner:240] Skipping MapperFactoryBean with name 'companyMapper' and 'com.rejoice.active.console.mapper.CompanyMapper' mapperInterface. Bean already defined with the same name!
[2017-06-20 16:08:54,285][restartedMain][WARN][org.mybatis.spring.mapper.ClassPathMapperScanner:240] Skipping MapperFactoryBean with name 'userMapper' and 'com.rejoice.active.console.mapper.UserMapper' mapperInterface. Bean already defined with the same name!
[2017-06-20 16:08:54,285][restartedMain][WARN][org.mybatis.spring.mapper.ClassPathMapperScanner:167] No MyBatis mapper was found in '[com.rejoice.active.console.mapper]' package. Please check your configuration.
[2017-06-20 16:08:57,838][restartedMain][WARN][org.springframework.boot.devtools.autoconfigure.OptionalLiveReloadServer:62] Unable to start LiveReload server
