[2017-06-23 09:01:14,822][restartedMain][WARN][org.mybatis.spring.mapper.ClassPathMapperScanner:240] Skipping MapperFactoryBean with name 'activeHistoryMapper' and 'com.rejoice.active.console.mapper.ActiveHistoryMapper' mapperInterface. Bean already defined with the same name!
[2017-06-23 09:01:14,824][restartedMain][WARN][org.mybatis.spring.mapper.ClassPathMapperScanner:240] Skipping MapperFactoryBean with name 'companyMapper' and 'com.rejoice.active.console.mapper.CompanyMapper' mapperInterface. Bean already defined with the same name!
[2017-06-23 09:01:14,824][restartedMain][WARN][org.mybatis.spring.mapper.ClassPathMapperScanner:240] Skipping MapperFactoryBean with name 'userMapper' and 'com.rejoice.active.console.mapper.UserMapper' mapperInterface. Bean already defined with the same name!
[2017-06-23 09:01:14,824][restartedMain][WARN][org.mybatis.spring.mapper.ClassPathMapperScanner:167] No MyBatis mapper was found in '[com.rejoice.active.console.mapper]' package. Please check your configuration.
[2017-06-23 09:01:18,384][restartedMain][WARN][org.mybatis.spring.mapper.ClassPathMapperScanner:240] Skipping MapperFactoryBean with name 'activeHistoryMapper' and 'com.rejoice.active.console.mapper.ActiveHistoryMapper' mapperInterface. Bean already defined with the same name!
[2017-06-23 09:01:18,384][restartedMain][WARN][org.mybatis.spring.mapper.ClassPathMapperScanner:240] Skipping MapperFactoryBean with name 'companyMapper' and 'com.rejoice.active.console.mapper.CompanyMapper' mapperInterface. Bean already defined with the same name!
[2017-06-23 09:01:18,384][restartedMain][WARN][org.mybatis.spring.mapper.ClassPathMapperScanner:240] Skipping MapperFactoryBean with name 'userMapper' and 'com.rejoice.active.console.mapper.UserMapper' mapperInterface. Bean already defined with the same name!
[2017-06-23 09:01:18,384][restartedMain][WARN][org.mybatis.spring.mapper.ClassPathMapperScanner:167] No MyBatis mapper was found in '[com.rejoice.active.console.mapper]' package. Please check your configuration.
[2017-06-23 09:01:35,109][restartedMain][WARN][org.mybatis.spring.mapper.ClassPathMapperScanner:240] Skipping MapperFactoryBean with name 'activeHistoryMapper' and 'com.rejoice.active.console.mapper.ActiveHistoryMapper' mapperInterface. Bean already defined with the same name!
[2017-06-23 09:01:35,109][restartedMain][WARN][org.mybatis.spring.mapper.ClassPathMapperScanner:240] Skipping MapperFactoryBean with name 'companyMapper' and 'com.rejoice.active.console.mapper.CompanyMapper' mapperInterface. Bean already defined with the same name!
[2017-06-23 09:01:35,109][restartedMain][WARN][org.mybatis.spring.mapper.ClassPathMapperScanner:240] Skipping MapperFactoryBean with name 'userMapper' and 'com.rejoice.active.console.mapper.UserMapper' mapperInterface. Bean already defined with the same name!
[2017-06-23 09:01:35,109][restartedMain][WARN][org.mybatis.spring.mapper.ClassPathMapperScanner:167] No MyBatis mapper was found in '[com.rejoice.active.console.mapper]' package. Please check your configuration.
[2017-06-23 09:01:55,096][restartedMain][WARN][org.mybatis.spring.mapper.ClassPathMapperScanner:240] Skipping MapperFactoryBean with name 'activeHistoryMapper' and 'com.rejoice.active.console.mapper.ActiveHistoryMapper' mapperInterface. Bean already defined with the same name!
[2017-06-23 09:01:55,096][restartedMain][WARN][org.mybatis.spring.mapper.ClassPathMapperScanner:240] Skipping MapperFactoryBean with name 'companyMapper' and 'com.rejoice.active.console.mapper.CompanyMapper' mapperInterface. Bean already defined with the same name!
[2017-06-23 09:01:55,096][restartedMain][WARN][org.mybatis.spring.mapper.ClassPathMapperScanner:240] Skipping MapperFactoryBean with name 'userMapper' and 'com.rejoice.active.console.mapper.UserMapper' mapperInterface. Bean already defined with the same name!
[2017-06-23 09:01:55,096][restartedMain][WARN][org.mybatis.spring.mapper.ClassPathMapperScanner:167] No MyBatis mapper was found in '[com.rejoice.active.console.mapper]' package. Please check your configuration.
[2017-06-23 09:02:50,552][restartedMain][WARN][org.mybatis.spring.mapper.ClassPathMapperScanner:240] Skipping MapperFactoryBean with name 'activeHistoryMapper' and 'com.rejoice.active.console.mapper.ActiveHistoryMapper' mapperInterface. Bean already defined with the same name!
[2017-06-23 09:02:50,552][restartedMain][WARN][org.mybatis.spring.mapper.ClassPathMapperScanner:240] Skipping MapperFactoryBean with name 'companyMapper' and 'com.rejoice.active.console.mapper.CompanyMapper' mapperInterface. Bean already defined with the same name!
[2017-06-23 09:02:50,552][restartedMain][WARN][org.mybatis.spring.mapper.ClassPathMapperScanner:240] Skipping MapperFactoryBean with name 'userMapper' and 'com.rejoice.active.console.mapper.UserMapper' mapperInterface. Bean already defined with the same name!
[2017-06-23 09:02:50,552][restartedMain][WARN][org.mybatis.spring.mapper.ClassPathMapperScanner:167] No MyBatis mapper was found in '[com.rejoice.active.console.mapper]' package. Please check your configuration.
[2017-06-23 09:03:16,755][restartedMain][WARN][org.mybatis.spring.mapper.ClassPathMapperScanner:240] Skipping MapperFactoryBean with name 'activeHistoryMapper' and 'com.rejoice.active.console.mapper.ActiveHistoryMapper' mapperInterface. Bean already defined with the same name!
[2017-06-23 09:03:16,755][restartedMain][WARN][org.mybatis.spring.mapper.ClassPathMapperScanner:240] Skipping MapperFactoryBean with name 'companyMapper' and 'com.rejoice.active.console.mapper.CompanyMapper' mapperInterface. Bean already defined with the same name!
[2017-06-23 09:03:16,755][restartedMain][WARN][org.mybatis.spring.mapper.ClassPathMapperScanner:240] Skipping MapperFactoryBean with name 'userMapper' and 'com.rejoice.active.console.mapper.UserMapper' mapperInterface. Bean already defined with the same name!
[2017-06-23 09:03:16,755][restartedMain][WARN][org.mybatis.spring.mapper.ClassPathMapperScanner:167] No MyBatis mapper was found in '[com.rejoice.active.console.mapper]' package. Please check your configuration.
[2017-06-23 09:03:23,721][restartedMain][WARN][org.mybatis.spring.mapper.ClassPathMapperScanner:240] Skipping MapperFactoryBean with name 'activeHistoryMapper' and 'com.rejoice.active.console.mapper.ActiveHistoryMapper' mapperInterface. Bean already defined with the same name!
[2017-06-23 09:03:23,721][restartedMain][WARN][org.mybatis.spring.mapper.ClassPathMapperScanner:240] Skipping MapperFactoryBean with name 'companyMapper' and 'com.rejoice.active.console.mapper.CompanyMapper' mapperInterface. Bean already defined with the same name!
[2017-06-23 09:03:23,721][restartedMain][WARN][org.mybatis.spring.mapper.ClassPathMapperScanner:240] Skipping MapperFactoryBean with name 'userMapper' and 'com.rejoice.active.console.mapper.UserMapper' mapperInterface. Bean already defined with the same name!
[2017-06-23 09:03:23,721][restartedMain][WARN][org.mybatis.spring.mapper.ClassPathMapperScanner:167] No MyBatis mapper was found in '[com.rejoice.active.console.mapper]' package. Please check your configuration.
[2017-06-23 09:04:03,350][restartedMain][WARN][org.mybatis.spring.mapper.ClassPathMapperScanner:240] Skipping MapperFactoryBean with name 'activeHistoryMapper' and 'com.rejoice.active.console.mapper.ActiveHistoryMapper' mapperInterface. Bean already defined with the same name!
[2017-06-23 09:04:03,350][restartedMain][WARN][org.mybatis.spring.mapper.ClassPathMapperScanner:240] Skipping MapperFactoryBean with name 'companyMapper' and 'com.rejoice.active.console.mapper.CompanyMapper' mapperInterface. Bean already defined with the same name!
[2017-06-23 09:04:03,350][restartedMain][WARN][org.mybatis.spring.mapper.ClassPathMapperScanner:240] Skipping MapperFactoryBean with name 'userMapper' and 'com.rejoice.active.console.mapper.UserMapper' mapperInterface. Bean already defined with the same name!
[2017-06-23 09:04:03,350][restartedMain][WARN][org.mybatis.spring.mapper.ClassPathMapperScanner:167] No MyBatis mapper was found in '[com.rejoice.active.console.mapper]' package. Please check your configuration.
[2017-06-23 09:04:11,539][restartedMain][WARN][org.mybatis.spring.mapper.ClassPathMapperScanner:240] Skipping MapperFactoryBean with name 'activeHistoryMapper' and 'com.rejoice.active.console.mapper.ActiveHistoryMapper' mapperInterface. Bean already defined with the same name!
[2017-06-23 09:04:11,539][restartedMain][WARN][org.mybatis.spring.mapper.ClassPathMapperScanner:240] Skipping MapperFactoryBean with name 'companyMapper' and 'com.rejoice.active.console.mapper.CompanyMapper' mapperInterface. Bean already defined with the same name!
[2017-06-23 09:04:11,539][restartedMain][WARN][org.mybatis.spring.mapper.ClassPathMapperScanner:240] Skipping MapperFactoryBean with name 'userMapper' and 'com.rejoice.active.console.mapper.UserMapper' mapperInterface. Bean already defined with the same name!
[2017-06-23 09:04:11,539][restartedMain][WARN][org.mybatis.spring.mapper.ClassPathMapperScanner:167] No MyBatis mapper was found in '[com.rejoice.active.console.mapper]' package. Please check your configuration.
[2017-06-23 09:04:17,492][restartedMain][WARN][org.mybatis.spring.mapper.ClassPathMapperScanner:240] Skipping MapperFactoryBean with name 'activeHistoryMapper' and 'com.rejoice.active.console.mapper.ActiveHistoryMapper' mapperInterface. Bean already defined with the same name!
[2017-06-23 09:04:17,492][restartedMain][WARN][org.mybatis.spring.mapper.ClassPathMapperScanner:240] Skipping MapperFactoryBean with name 'companyMapper' and 'com.rejoice.active.console.mapper.CompanyMapper' mapperInterface. Bean already defined with the same name!
[2017-06-23 09:04:17,492][restartedMain][WARN][org.mybatis.spring.mapper.ClassPathMapperScanner:240] Skipping MapperFactoryBean with name 'userMapper' and 'com.rejoice.active.console.mapper.UserMapper' mapperInterface. Bean already defined with the same name!
[2017-06-23 09:04:17,493][restartedMain][WARN][org.mybatis.spring.mapper.ClassPathMapperScanner:167] No MyBatis mapper was found in '[com.rejoice.active.console.mapper]' package. Please check your configuration.
[2017-06-23 09:04:22,710][http-nio-8081-exec-2][WARN][com.rejoice.active.console.interceptor.SessionInterceptor:48] visit path[/rejoice/]:no session, redirect to /login
[2017-06-23 09:04:22,717][http-nio-8081-exec-8][WARN][com.rejoice.active.console.interceptor.SessionInterceptor:48] visit path[/rejoice/page/login.html]:no session, redirect to /login
[2017-06-23 09:04:22,721][http-nio-8081-exec-4][WARN][com.rejoice.active.console.interceptor.SessionInterceptor:48] visit path[/rejoice/page/login.html]:no session, redirect to /login
[2017-06-23 09:04:22,724][http-nio-8081-exec-9][WARN][com.rejoice.active.console.interceptor.SessionInterceptor:48] visit path[/rejoice/page/login.html]:no session, redirect to /login
[2017-06-23 09:04:22,726][http-nio-8081-exec-5][WARN][com.rejoice.active.console.interceptor.SessionInterceptor:48] visit path[/rejoice/page/login.html]:no session, redirect to /login
[2017-06-23 09:04:22,729][http-nio-8081-exec-1][WARN][com.rejoice.active.console.interceptor.SessionInterceptor:48] visit path[/rejoice/page/login.html]:no session, redirect to /login
[2017-06-23 09:04:22,731][http-nio-8081-exec-7][WARN][com.rejoice.active.console.interceptor.SessionInterceptor:48] visit path[/rejoice/page/login.html]:no session, redirect to /login
[2017-06-23 09:04:22,734][http-nio-8081-exec-10][WARN][com.rejoice.active.console.interceptor.SessionInterceptor:48] visit path[/rejoice/page/login.html]:no session, redirect to /login
[2017-06-23 09:04:22,738][http-nio-8081-exec-6][WARN][com.rejoice.active.console.interceptor.SessionInterceptor:48] visit path[/rejoice/page/login.html]:no session, redirect to /login
[2017-06-23 09:04:22,744][http-nio-8081-exec-3][WARN][com.rejoice.active.console.interceptor.SessionInterceptor:48] visit path[/rejoice/page/login.html]:no session, redirect to /login
[2017-06-23 09:04:22,754][http-nio-8081-exec-2][WARN][com.rejoice.active.console.interceptor.SessionInterceptor:48] visit path[/rejoice/page/login.html]:no session, redirect to /login
[2017-06-23 09:04:22,759][http-nio-8081-exec-8][WARN][com.rejoice.active.console.interceptor.SessionInterceptor:48] visit path[/rejoice/page/login.html]:no session, redirect to /login
[2017-06-23 09:04:22,761][http-nio-8081-exec-4][WARN][com.rejoice.active.console.interceptor.SessionInterceptor:48] visit path[/rejoice/page/login.html]:no session, redirect to /login
[2017-06-23 09:04:22,765][http-nio-8081-exec-9][WARN][com.rejoice.active.console.interceptor.SessionInterceptor:48] visit path[/rejoice/page/login.html]:no session, redirect to /login
[2017-06-23 09:04:22,769][http-nio-8081-exec-5][WARN][com.rejoice.active.console.interceptor.SessionInterceptor:48] visit path[/rejoice/page/login.html]:no session, redirect to /login
[2017-06-23 09:04:22,773][http-nio-8081-exec-1][WARN][com.rejoice.active.console.interceptor.SessionInterceptor:48] visit path[/rejoice/page/login.html]:no session, redirect to /login
[2017-06-23 09:04:22,776][http-nio-8081-exec-7][WARN][com.rejoice.active.console.interceptor.SessionInterceptor:48] visit path[/rejoice/page/login.html]:no session, redirect to /login
[2017-06-23 09:04:22,779][http-nio-8081-exec-10][WARN][com.rejoice.active.console.interceptor.SessionInterceptor:48] visit path[/rejoice/page/login.html]:no session, redirect to /login
[2017-06-23 09:04:22,784][http-nio-8081-exec-6][WARN][com.rejoice.active.console.interceptor.SessionInterceptor:48] visit path[/rejoice/page/login.html]:no session, redirect to /login
[2017-06-23 09:04:22,788][http-nio-8081-exec-3][WARN][com.rejoice.active.console.interceptor.SessionInterceptor:48] visit path[/rejoice/page/login.html]:no session, redirect to /login
[2017-06-23 09:04:22,791][http-nio-8081-exec-2][WARN][com.rejoice.active.console.interceptor.SessionInterceptor:48] visit path[/rejoice/page/login.html]:no session, redirect to /login
[2017-06-23 09:04:22,830][http-nio-8081-exec-8][WARN][com.rejoice.active.console.interceptor.SessionInterceptor:48] visit path[/rejoice/page/login.html]:no session, redirect to /login
[2017-06-23 09:04:22,833][http-nio-8081-exec-4][WARN][com.rejoice.active.console.interceptor.SessionInterceptor:48] visit path[/rejoice/page/login.html]:no session, redirect to /login
[2017-06-23 09:04:22,836][http-nio-8081-exec-9][WARN][com.rejoice.active.console.interceptor.SessionInterceptor:48] visit path[/rejoice/page/login.html]:no session, redirect to /login
[2017-06-23 09:04:22,839][http-nio-8081-exec-5][WARN][com.rejoice.active.console.interceptor.SessionInterceptor:48] visit path[/rejoice/page/login.html]:no session, redirect to /login
[2017-06-23 09:04:22,842][http-nio-8081-exec-1][WARN][com.rejoice.active.console.interceptor.SessionInterceptor:48] visit path[/rejoice/page/login.html]:no session, redirect to /login
[2017-06-23 09:04:22,847][http-nio-8081-exec-7][WARN][com.rejoice.active.console.interceptor.SessionInterceptor:48] visit path[/rejoice/page/login.html]:no session, redirect to /login
[2017-06-23 09:04:22,849][http-nio-8081-exec-10][WARN][com.rejoice.active.console.interceptor.SessionInterceptor:48] visit path[/rejoice/page/login.html]:no session, redirect to /login
[2017-06-23 09:04:22,851][http-nio-8081-exec-6][WARN][com.rejoice.active.console.interceptor.SessionInterceptor:48] visit path[/rejoice/page/login.html]:no session, redirect to /login
[2017-06-23 09:04:22,853][http-nio-8081-exec-3][WARN][com.rejoice.active.console.interceptor.SessionInterceptor:48] visit path[/rejoice/page/login.html]:no session, redirect to /login
[2017-06-23 09:04:22,856][http-nio-8081-exec-2][WARN][com.rejoice.active.console.interceptor.SessionInterceptor:48] visit path[/rejoice/page/login.html]:no session, redirect to /login
[2017-06-23 09:04:22,859][http-nio-8081-exec-8][WARN][com.rejoice.active.console.interceptor.SessionInterceptor:48] visit path[/rejoice/page/login.html]:no session, redirect to /login
[2017-06-23 09:04:22,862][http-nio-8081-exec-4][WARN][com.rejoice.active.console.interceptor.SessionInterceptor:48] visit path[/rejoice/page/login.html]:no session, redirect to /login
[2017-06-23 09:04:22,864][http-nio-8081-exec-9][WARN][com.rejoice.active.console.interceptor.SessionInterceptor:48] visit path[/rejoice/page/login.html]:no session, redirect to /login
[2017-06-23 09:04:22,866][http-nio-8081-exec-5][WARN][com.rejoice.active.console.interceptor.SessionInterceptor:48] visit path[/rejoice/page/login.html]:no session, redirect to /login
[2017-06-23 09:04:22,869][http-nio-8081-exec-1][WARN][com.rejoice.active.console.interceptor.SessionInterceptor:48] visit path[/rejoice/page/login.html]:no session, redirect to /login
[2017-06-23 09:04:22,871][http-nio-8081-exec-7][WARN][com.rejoice.active.console.interceptor.SessionInterceptor:48] visit path[/rejoice/page/login.html]:no session, redirect to /login
[2017-06-23 09:04:22,873][http-nio-8081-exec-10][WARN][com.rejoice.active.console.interceptor.SessionInterceptor:48] visit path[/rejoice/page/login.html]:no session, redirect to /login
[2017-06-23 09:04:22,876][http-nio-8081-exec-6][WARN][com.rejoice.active.console.interceptor.SessionInterceptor:48] visit path[/rejoice/page/login.html]:no session, redirect to /login
[2017-06-23 09:04:22,878][http-nio-8081-exec-3][WARN][com.rejoice.active.console.interceptor.SessionInterceptor:48] visit path[/rejoice/page/login.html]:no session, redirect to /login
[2017-06-23 09:04:22,880][http-nio-8081-exec-2][WARN][com.rejoice.active.console.interceptor.SessionInterceptor:48] visit path[/rejoice/page/login.html]:no session, redirect to /login
[2017-06-23 09:04:22,883][http-nio-8081-exec-8][WARN][com.rejoice.active.console.interceptor.SessionInterceptor:48] visit path[/rejoice/page/login.html]:no session, redirect to /login
[2017-06-23 09:04:27,891][http-nio-8081-exec-4][WARN][com.rejoice.active.console.interceptor.SessionInterceptor:48] visit path[/rejoice/page/login.html]:no session, redirect to /login
[2017-06-23 09:04:27,897][http-nio-8081-exec-9][WARN][com.rejoice.active.console.interceptor.SessionInterceptor:48] visit path[/rejoice/page/login.html]:no session, redirect to /login
[2017-06-23 09:04:27,902][http-nio-8081-exec-5][WARN][com.rejoice.active.console.interceptor.SessionInterceptor:48] visit path[/rejoice/page/login.html]:no session, redirect to /login
[2017-06-23 09:04:27,907][http-nio-8081-exec-1][WARN][com.rejoice.active.console.interceptor.SessionInterceptor:48] visit path[/rejoice/page/login.html]:no session, redirect to /login
[2017-06-23 09:04:27,910][http-nio-8081-exec-7][WARN][com.rejoice.active.console.interceptor.SessionInterceptor:48] visit path[/rejoice/page/login.html]:no session, redirect to /login
[2017-06-23 09:04:27,912][http-nio-8081-exec-10][WARN][com.rejoice.active.console.interceptor.SessionInterceptor:48] visit path[/rejoice/page/login.html]:no session, redirect to /login
[2017-06-23 09:04:27,915][http-nio-8081-exec-6][WARN][com.rejoice.active.console.interceptor.SessionInterceptor:48] visit path[/rejoice/page/login.html]:no session, redirect to /login
[2017-06-23 09:04:27,918][http-nio-8081-exec-3][WARN][com.rejoice.active.console.interceptor.SessionInterceptor:48] visit path[/rejoice/page/login.html]:no session, redirect to /login
[2017-06-23 09:04:27,921][http-nio-8081-exec-2][WARN][com.rejoice.active.console.interceptor.SessionInterceptor:48] visit path[/rejoice/page/login.html]:no session, redirect to /login
[2017-06-23 09:04:27,924][http-nio-8081-exec-8][WARN][com.rejoice.active.console.interceptor.SessionInterceptor:48] visit path[/rejoice/page/login.html]:no session, redirect to /login
[2017-06-23 09:04:27,927][http-nio-8081-exec-4][WARN][com.rejoice.active.console.interceptor.SessionInterceptor:48] visit path[/rejoice/page/login.html]:no session, redirect to /login
[2017-06-23 09:04:27,930][http-nio-8081-exec-9][WARN][com.rejoice.active.console.interceptor.SessionInterceptor:48] visit path[/rejoice/page/login.html]:no session, redirect to /login
[2017-06-23 09:04:27,932][http-nio-8081-exec-5][WARN][com.rejoice.active.console.interceptor.SessionInterceptor:48] visit path[/rejoice/page/login.html]:no session, redirect to /login
[2017-06-23 09:04:27,935][http-nio-8081-exec-1][WARN][com.rejoice.active.console.interceptor.SessionInterceptor:48] visit path[/rejoice/page/login.html]:no session, redirect to /login
[2017-06-23 09:04:27,937][http-nio-8081-exec-7][WARN][com.rejoice.active.console.interceptor.SessionInterceptor:48] visit path[/rejoice/page/login.html]:no session, redirect to /login
[2017-06-23 09:04:27,941][http-nio-8081-exec-10][WARN][com.rejoice.active.console.interceptor.SessionInterceptor:48] visit path[/rejoice/page/login.html]:no session, redirect to /login
[2017-06-23 09:04:27,944][http-nio-8081-exec-6][WARN][com.rejoice.active.console.interceptor.SessionInterceptor:48] visit path[/rejoice/page/login.html]:no session, redirect to /login
[2017-06-23 09:04:27,948][http-nio-8081-exec-3][WARN][com.rejoice.active.console.interceptor.SessionInterceptor:48] visit path[/rejoice/page/login.html]:no session, redirect to /login
[2017-06-23 09:04:27,952][http-nio-8081-exec-2][WARN][com.rejoice.active.console.interceptor.SessionInterceptor:48] visit path[/rejoice/page/login.html]:no session, redirect to /login
[2017-06-23 09:04:27,955][http-nio-8081-exec-8][WARN][com.rejoice.active.console.interceptor.SessionInterceptor:48] visit path[/rejoice/page/login.html]:no session, redirect to /login
[2017-06-23 09:04:27,958][http-nio-8081-exec-4][WARN][com.rejoice.active.console.interceptor.SessionInterceptor:48] visit path[/rejoice/page/login.html]:no session, redirect to /login
[2017-06-23 09:04:57,977][http-nio-8081-exec-9][WARN][com.rejoice.active.console.interceptor.SessionInterceptor:48] visit path[/rejoice/page/login.html]:no session, redirect to /login
[2017-06-23 09:04:57,983][http-nio-8081-exec-3][WARN][com.rejoice.active.console.interceptor.SessionInterceptor:48] visit path[/rejoice/page/login.html]:no session, redirect to /login
[2017-06-23 09:04:57,989][http-nio-8081-exec-2][WARN][com.rejoice.active.console.interceptor.SessionInterceptor:48] visit path[/rejoice/page/login.html]:no session, redirect to /login
[2017-06-23 09:04:57,999][http-nio-8081-exec-8][WARN][com.rejoice.active.console.interceptor.SessionInterceptor:48] visit path[/rejoice/page/login.html]:no session, redirect to /login
[2017-06-23 09:04:58,002][http-nio-8081-exec-4][WARN][com.rejoice.active.console.interceptor.SessionInterceptor:48] visit path[/rejoice/page/login.html]:no session, redirect to /login
[2017-06-23 09:04:58,006][http-nio-8081-exec-5][WARN][com.rejoice.active.console.interceptor.SessionInterceptor:48] visit path[/rejoice/page/login.html]:no session, redirect to /login
[2017-06-23 09:04:58,012][http-nio-8081-exec-1][WARN][com.rejoice.active.console.interceptor.SessionInterceptor:48] visit path[/rejoice/page/login.html]:no session, redirect to /login
[2017-06-23 09:04:58,014][http-nio-8081-exec-7][WARN][com.rejoice.active.console.interceptor.SessionInterceptor:48] visit path[/rejoice/page/login.html]:no session, redirect to /login
[2017-06-23 09:04:58,017][http-nio-8081-exec-10][WARN][com.rejoice.active.console.interceptor.SessionInterceptor:48] visit path[/rejoice/page/login.html]:no session, redirect to /login
[2017-06-23 09:04:58,020][http-nio-8081-exec-6][WARN][com.rejoice.active.console.interceptor.SessionInterceptor:48] visit path[/rejoice/page/login.html]:no session, redirect to /login
[2017-06-23 09:04:58,024][http-nio-8081-exec-9][WARN][com.rejoice.active.console.interceptor.SessionInterceptor:48] visit path[/rejoice/page/login.html]:no session, redirect to /login
[2017-06-23 09:04:58,026][http-nio-8081-exec-3][WARN][com.rejoice.active.console.interceptor.SessionInterceptor:48] visit path[/rejoice/page/login.html]:no session, redirect to /login
[2017-06-23 09:04:58,029][http-nio-8081-exec-2][WARN][com.rejoice.active.console.interceptor.SessionInterceptor:48] visit path[/rejoice/page/login.html]:no session, redirect to /login
[2017-06-23 09:04:58,032][http-nio-8081-exec-8][WARN][com.rejoice.active.console.interceptor.SessionInterceptor:48] visit path[/rejoice/page/login.html]:no session, redirect to /login
[2017-06-23 09:04:58,034][http-nio-8081-exec-4][WARN][com.rejoice.active.console.interceptor.SessionInterceptor:48] visit path[/rejoice/page/login.html]:no session, redirect to /login
[2017-06-23 09:04:58,036][http-nio-8081-exec-5][WARN][com.rejoice.active.console.interceptor.SessionInterceptor:48] visit path[/rejoice/page/login.html]:no session, redirect to /login
[2017-06-23 09:04:58,038][http-nio-8081-exec-1][WARN][com.rejoice.active.console.interceptor.SessionInterceptor:48] visit path[/rejoice/page/login.html]:no session, redirect to /login
[2017-06-23 09:04:58,041][http-nio-8081-exec-7][WARN][com.rejoice.active.console.interceptor.SessionInterceptor:48] visit path[/rejoice/page/login.html]:no session, redirect to /login
[2017-06-23 09:04:58,043][http-nio-8081-exec-10][WARN][com.rejoice.active.console.interceptor.SessionInterceptor:48] visit path[/rejoice/page/login.html]:no session, redirect to /login
[2017-06-23 09:04:58,045][http-nio-8081-exec-6][WARN][com.rejoice.active.console.interceptor.SessionInterceptor:48] visit path[/rejoice/page/login.html]:no session, redirect to /login
[2017-06-23 09:04:58,047][http-nio-8081-exec-9][WARN][com.rejoice.active.console.interceptor.SessionInterceptor:48] visit path[/rejoice/page/login.html]:no session, redirect to /login
[2017-06-23 09:05:42,249][restartedMain][WARN][org.mybatis.spring.mapper.ClassPathMapperScanner:240] Skipping MapperFactoryBean with name 'activeHistoryMapper' and 'com.rejoice.active.console.mapper.ActiveHistoryMapper' mapperInterface. Bean already defined with the same name!
[2017-06-23 09:05:42,250][restartedMain][WARN][org.mybatis.spring.mapper.ClassPathMapperScanner:240] Skipping MapperFactoryBean with name 'companyMapper' and 'com.rejoice.active.console.mapper.CompanyMapper' mapperInterface. Bean already defined with the same name!
[2017-06-23 09:05:42,250][restartedMain][WARN][org.mybatis.spring.mapper.ClassPathMapperScanner:240] Skipping MapperFactoryBean with name 'userMapper' and 'com.rejoice.active.console.mapper.UserMapper' mapperInterface. Bean already defined with the same name!
[2017-06-23 09:05:42,250][restartedMain][WARN][org.mybatis.spring.mapper.ClassPathMapperScanner:167] No MyBatis mapper was found in '[com.rejoice.active.console.mapper]' package. Please check your configuration.
[2017-06-23 09:05:42,868][http-nio-8081-exec-1][WARN][com.rejoice.active.console.interceptor.SessionInterceptor:48] visit path[/rejoice/page/login.html]:no session, redirect to /login
[2017-06-23 09:06:16,420][http-nio-8081-exec-2][WARN][org.springframework.web.servlet.mvc.method.annotation.ExceptionHandlerExceptionResolver:189] Resolved exception caused by Handler execution: org.springframework.web.HttpMediaTypeNotAcceptableException: Could not find acceptable representation
[2017-06-23 09:07:55,215][http-nio-8081-exec-4][WARN][org.springframework.web.servlet.mvc.method.annotation.ExceptionHandlerExceptionResolver:189] Resolved exception caused by Handler execution: org.springframework.web.HttpMediaTypeNotAcceptableException: Could not find acceptable representation
[2017-06-23 09:08:16,540][http-nio-8081-exec-3][WARN][org.springframework.web.servlet.mvc.method.annotation.ExceptionHandlerExceptionResolver:189] Resolved exception caused by Handler execution: org.springframework.web.HttpMediaTypeNotAcceptableException: Could not find acceptable representation
[2017-06-23 09:09:09,316][http-nio-8081-exec-4][WARN][org.springframework.web.servlet.mvc.method.annotation.ExceptionHandlerExceptionResolver:189] Resolved exception caused by Handler execution: org.springframework.web.HttpMediaTypeNotAcceptableException: Could not find acceptable representation
[2017-06-23 09:09:23,676][http-nio-8081-exec-1][WARN][org.springframework.web.servlet.mvc.method.annotation.ExceptionHandlerExceptionResolver:189] Resolved exception caused by Handler execution: org.springframework.web.HttpMediaTypeNotAcceptableException: Could not find acceptable representation
[2017-06-23 09:09:37,180][http-nio-8081-exec-9][WARN][org.springframework.web.servlet.mvc.method.annotation.ExceptionHandlerExceptionResolver:189] Resolved exception caused by Handler execution: org.springframework.web.HttpMediaTypeNotAcceptableException: Could not find acceptable representation
[2017-06-23 09:10:08,247][http-nio-8081-exec-1][WARN][org.springframework.web.servlet.mvc.method.annotation.ExceptionHandlerExceptionResolver:189] Resolved exception caused by Handler execution: org.springframework.web.HttpMediaTypeNotAcceptableException: Could not find acceptable representation
[2017-06-23 09:10:25,094][http-nio-8081-exec-4][WARN][org.springframework.web.servlet.mvc.method.annotation.ExceptionHandlerExceptionResolver:189] Resolved exception caused by Handler execution: org.springframework.web.HttpMediaTypeNotAcceptableException: Could not find acceptable representation
[2017-06-23 09:10:51,752][restartedMain][WARN][org.mybatis.spring.mapper.ClassPathMapperScanner:240] Skipping MapperFactoryBean with name 'activeHistoryMapper' and 'com.rejoice.active.console.mapper.ActiveHistoryMapper' mapperInterface. Bean already defined with the same name!
[2017-06-23 09:10:51,752][restartedMain][WARN][org.mybatis.spring.mapper.ClassPathMapperScanner:240] Skipping MapperFactoryBean with name 'companyMapper' and 'com.rejoice.active.console.mapper.CompanyMapper' mapperInterface. Bean already defined with the same name!
[2017-06-23 09:10:51,752][restartedMain][WARN][org.mybatis.spring.mapper.ClassPathMapperScanner:240] Skipping MapperFactoryBean with name 'userMapper' and 'com.rejoice.active.console.mapper.UserMapper' mapperInterface. Bean already defined with the same name!
[2017-06-23 09:10:51,753][restartedMain][WARN][org.mybatis.spring.mapper.ClassPathMapperScanner:167] No MyBatis mapper was found in '[com.rejoice.active.console.mapper]' package. Please check your configuration.
[2017-06-23 09:10:52,489][http-nio-8081-exec-2][WARN][com.rejoice.active.console.interceptor.SessionInterceptor:48] visit path[/rejoice/user/list.html]:no session, redirect to /login
[2017-06-23 09:11:13,417][http-nio-8081-exec-5][WARN][org.springframework.web.servlet.mvc.method.annotation.ExceptionHandlerExceptionResolver:189] Resolved exception caused by Handler execution: org.springframework.web.HttpMediaTypeNotAcceptableException: Could not find acceptable representation
[2017-06-23 09:11:23,216][restartedMain][WARN][org.mybatis.spring.mapper.ClassPathMapperScanner:240] Skipping MapperFactoryBean with name 'activeHistoryMapper' and 'com.rejoice.active.console.mapper.ActiveHistoryMapper' mapperInterface. Bean already defined with the same name!
[2017-06-23 09:11:23,216][restartedMain][WARN][org.mybatis.spring.mapper.ClassPathMapperScanner:240] Skipping MapperFactoryBean with name 'companyMapper' and 'com.rejoice.active.console.mapper.CompanyMapper' mapperInterface. Bean already defined with the same name!
[2017-06-23 09:11:23,216][restartedMain][WARN][org.mybatis.spring.mapper.ClassPathMapperScanner:240] Skipping MapperFactoryBean with name 'userMapper' and 'com.rejoice.active.console.mapper.UserMapper' mapperInterface. Bean already defined with the same name!
[2017-06-23 09:11:23,216][restartedMain][WARN][org.mybatis.spring.mapper.ClassPathMapperScanner:167] No MyBatis mapper was found in '[com.rejoice.active.console.mapper]' package. Please check your configuration.
[2017-06-23 09:11:28,665][http-nio-8081-exec-3][WARN][com.rejoice.active.console.interceptor.SessionInterceptor:48] visit path[/rejoice/home.html]:no session, redirect to /login
[2017-06-23 09:11:33,915][http-nio-8081-exec-1][WARN][org.springframework.web.servlet.mvc.method.annotation.ExceptionHandlerExceptionResolver:189] Resolved exception caused by Handler execution: org.springframework.web.HttpMediaTypeNotAcceptableException: Could not find acceptable representation
[2017-06-23 09:12:14,071][http-nio-8081-exec-6][WARN][org.springframework.web.servlet.mvc.method.annotation.ExceptionHandlerExceptionResolver:189] Resolved exception caused by Handler execution: org.springframework.web.HttpMediaTypeNotAcceptableException: Could not find acceptable representation
[2017-06-23 09:12:43,029][http-nio-8081-exec-5][WARN][org.springframework.web.servlet.mvc.method.annotation.ExceptionHandlerExceptionResolver:189] Resolved exception caused by Handler execution: org.springframework.web.HttpMediaTypeNotAcceptableException: Could not find acceptable representation
[2017-06-23 09:13:09,536][http-nio-8081-exec-9][WARN][org.springframework.web.servlet.mvc.method.annotation.ExceptionHandlerExceptionResolver:189] Resolved exception caused by Handler execution: org.springframework.web.HttpMediaTypeNotAcceptableException: Could not find acceptable representation
[2017-06-23 09:13:52,745][restartedMain][WARN][org.mybatis.spring.mapper.ClassPathMapperScanner:240] Skipping MapperFactoryBean with name 'activeHistoryMapper' and 'com.rejoice.active.console.mapper.ActiveHistoryMapper' mapperInterface. Bean already defined with the same name!
[2017-06-23 09:13:52,746][restartedMain][WARN][org.mybatis.spring.mapper.ClassPathMapperScanner:240] Skipping MapperFactoryBean with name 'companyMapper' and 'com.rejoice.active.console.mapper.CompanyMapper' mapperInterface. Bean already defined with the same name!
[2017-06-23 09:13:52,746][restartedMain][WARN][org.mybatis.spring.mapper.ClassPathMapperScanner:240] Skipping MapperFactoryBean with name 'userMapper' and 'com.rejoice.active.console.mapper.UserMapper' mapperInterface. Bean already defined with the same name!
[2017-06-23 09:13:52,746][restartedMain][WARN][org.mybatis.spring.mapper.ClassPathMapperScanner:167] No MyBatis mapper was found in '[com.rejoice.active.console.mapper]' package. Please check your configuration.
[2017-06-23 09:13:59,252][http-nio-8081-exec-5][WARN][com.rejoice.active.console.interceptor.SessionInterceptor:48] visit path[/rejoice/home.html]:no session, redirect to /login
[2017-06-23 09:13:59,258][http-nio-8081-exec-1][WARN][com.rejoice.active.console.interceptor.SessionInterceptor:48] visit path[/rejoice/home.html]:no session, redirect to /login
[2017-06-23 09:14:14,058][http-nio-8081-exec-6][WARN][org.springframework.web.servlet.mvc.method.annotation.ExceptionHandlerExceptionResolver:189] Resolved exception caused by Handler execution: org.springframework.web.HttpMediaTypeNotAcceptableException: Could not find acceptable representation
[2017-06-23 09:15:08,500][restartedMain][WARN][org.mybatis.spring.mapper.ClassPathMapperScanner:240] Skipping MapperFactoryBean with name 'activeHistoryMapper' and 'com.rejoice.active.console.mapper.ActiveHistoryMapper' mapperInterface. Bean already defined with the same name!
[2017-06-23 09:15:08,500][restartedMain][WARN][org.mybatis.spring.mapper.ClassPathMapperScanner:240] Skipping MapperFactoryBean with name 'companyMapper' and 'com.rejoice.active.console.mapper.CompanyMapper' mapperInterface. Bean already defined with the same name!
[2017-06-23 09:15:08,501][restartedMain][WARN][org.mybatis.spring.mapper.ClassPathMapperScanner:240] Skipping MapperFactoryBean with name 'userMapper' and 'com.rejoice.active.console.mapper.UserMapper' mapperInterface. Bean already defined with the same name!
[2017-06-23 09:15:08,501][restartedMain][WARN][org.mybatis.spring.mapper.ClassPathMapperScanner:167] No MyBatis mapper was found in '[com.rejoice.active.console.mapper]' package. Please check your configuration.
[2017-06-23 09:15:27,980][restartedMain][WARN][org.mybatis.spring.mapper.ClassPathMapperScanner:240] Skipping MapperFactoryBean with name 'activeHistoryMapper' and 'com.rejoice.active.console.mapper.ActiveHistoryMapper' mapperInterface. Bean already defined with the same name!
[2017-06-23 09:15:27,980][restartedMain][WARN][org.mybatis.spring.mapper.ClassPathMapperScanner:240] Skipping MapperFactoryBean with name 'companyMapper' and 'com.rejoice.active.console.mapper.CompanyMapper' mapperInterface. Bean already defined with the same name!
[2017-06-23 09:15:27,980][restartedMain][WARN][org.mybatis.spring.mapper.ClassPathMapperScanner:240] Skipping MapperFactoryBean with name 'userMapper' and 'com.rejoice.active.console.mapper.UserMapper' mapperInterface. Bean already defined with the same name!
[2017-06-23 09:15:27,980][restartedMain][WARN][org.mybatis.spring.mapper.ClassPathMapperScanner:167] No MyBatis mapper was found in '[com.rejoice.active.console.mapper]' package. Please check your configuration.
[2017-06-23 09:15:41,021][restartedMain][WARN][org.mybatis.spring.mapper.ClassPathMapperScanner:240] Skipping MapperFactoryBean with name 'activeHistoryMapper' and 'com.rejoice.active.console.mapper.ActiveHistoryMapper' mapperInterface. Bean already defined with the same name!
[2017-06-23 09:15:41,021][restartedMain][WARN][org.mybatis.spring.mapper.ClassPathMapperScanner:240] Skipping MapperFactoryBean with name 'companyMapper' and 'com.rejoice.active.console.mapper.CompanyMapper' mapperInterface. Bean already defined with the same name!
[2017-06-23 09:15:41,021][restartedMain][WARN][org.mybatis.spring.mapper.ClassPathMapperScanner:240] Skipping MapperFactoryBean with name 'userMapper' and 'com.rejoice.active.console.mapper.UserMapper' mapperInterface. Bean already defined with the same name!
[2017-06-23 09:15:41,021][restartedMain][WARN][org.mybatis.spring.mapper.ClassPathMapperScanner:167] No MyBatis mapper was found in '[com.rejoice.active.console.mapper]' package. Please check your configuration.
[2017-06-23 09:15:52,826][restartedMain][WARN][org.mybatis.spring.mapper.ClassPathMapperScanner:240] Skipping MapperFactoryBean with name 'activeHistoryMapper' and 'com.rejoice.active.console.mapper.ActiveHistoryMapper' mapperInterface. Bean already defined with the same name!
[2017-06-23 09:15:52,827][restartedMain][WARN][org.mybatis.spring.mapper.ClassPathMapperScanner:240] Skipping MapperFactoryBean with name 'companyMapper' and 'com.rejoice.active.console.mapper.CompanyMapper' mapperInterface. Bean already defined with the same name!
[2017-06-23 09:15:52,827][restartedMain][WARN][org.mybatis.spring.mapper.ClassPathMapperScanner:240] Skipping MapperFactoryBean with name 'userMapper' and 'com.rejoice.active.console.mapper.UserMapper' mapperInterface. Bean already defined with the same name!
[2017-06-23 09:15:52,827][restartedMain][WARN][org.mybatis.spring.mapper.ClassPathMapperScanner:167] No MyBatis mapper was found in '[com.rejoice.active.console.mapper]' package. Please check your configuration.
[2017-06-23 09:16:04,656][restartedMain][WARN][org.mybatis.spring.mapper.ClassPathMapperScanner:240] Skipping MapperFactoryBean with name 'activeHistoryMapper' and 'com.rejoice.active.console.mapper.ActiveHistoryMapper' mapperInterface. Bean already defined with the same name!
[2017-06-23 09:16:04,656][restartedMain][WARN][org.mybatis.spring.mapper.ClassPathMapperScanner:240] Skipping MapperFactoryBean with name 'companyMapper' and 'com.rejoice.active.console.mapper.CompanyMapper' mapperInterface. Bean already defined with the same name!
[2017-06-23 09:16:04,656][restartedMain][WARN][org.mybatis.spring.mapper.ClassPathMapperScanner:240] Skipping MapperFactoryBean with name 'userMapper' and 'com.rejoice.active.console.mapper.UserMapper' mapperInterface. Bean already defined with the same name!
[2017-06-23 09:16:04,656][restartedMain][WARN][org.mybatis.spring.mapper.ClassPathMapperScanner:167] No MyBatis mapper was found in '[com.rejoice.active.console.mapper]' package. Please check your configuration.
[2017-06-23 09:16:12,289][restartedMain][WARN][org.mybatis.spring.mapper.ClassPathMapperScanner:240] Skipping MapperFactoryBean with name 'activeHistoryMapper' and 'com.rejoice.active.console.mapper.ActiveHistoryMapper' mapperInterface. Bean already defined with the same name!
[2017-06-23 09:16:12,289][restartedMain][WARN][org.mybatis.spring.mapper.ClassPathMapperScanner:240] Skipping MapperFactoryBean with name 'companyMapper' and 'com.rejoice.active.console.mapper.CompanyMapper' mapperInterface. Bean already defined with the same name!
[2017-06-23 09:16:12,289][restartedMain][WARN][org.mybatis.spring.mapper.ClassPathMapperScanner:240] Skipping MapperFactoryBean with name 'userMapper' and 'com.rejoice.active.console.mapper.UserMapper' mapperInterface. Bean already defined with the same name!
[2017-06-23 09:16:12,289][restartedMain][WARN][org.mybatis.spring.mapper.ClassPathMapperScanner:167] No MyBatis mapper was found in '[com.rejoice.active.console.mapper]' package. Please check your configuration.
[2017-06-23 09:16:27,310][restartedMain][WARN][org.mybatis.spring.mapper.ClassPathMapperScanner:240] Skipping MapperFactoryBean with name 'activeHistoryMapper' and 'com.rejoice.active.console.mapper.ActiveHistoryMapper' mapperInterface. Bean already defined with the same name!
[2017-06-23 09:16:27,310][restartedMain][WARN][org.mybatis.spring.mapper.ClassPathMapperScanner:240] Skipping MapperFactoryBean with name 'companyMapper' and 'com.rejoice.active.console.mapper.CompanyMapper' mapperInterface. Bean already defined with the same name!
[2017-06-23 09:16:27,310][restartedMain][WARN][org.mybatis.spring.mapper.ClassPathMapperScanner:240] Skipping MapperFactoryBean with name 'userMapper' and 'com.rejoice.active.console.mapper.UserMapper' mapperInterface. Bean already defined with the same name!
[2017-06-23 09:16:27,310][restartedMain][WARN][org.mybatis.spring.mapper.ClassPathMapperScanner:167] No MyBatis mapper was found in '[com.rejoice.active.console.mapper]' package. Please check your configuration.
[2017-06-23 09:17:05,425][restartedMain][WARN][org.mybatis.spring.mapper.ClassPathMapperScanner:240] Skipping MapperFactoryBean with name 'activeHistoryMapper' and 'com.rejoice.active.console.mapper.ActiveHistoryMapper' mapperInterface. Bean already defined with the same name!
[2017-06-23 09:17:05,425][restartedMain][WARN][org.mybatis.spring.mapper.ClassPathMapperScanner:240] Skipping MapperFactoryBean with name 'companyMapper' and 'com.rejoice.active.console.mapper.CompanyMapper' mapperInterface. Bean already defined with the same name!
[2017-06-23 09:17:05,425][restartedMain][WARN][org.mybatis.spring.mapper.ClassPathMapperScanner:240] Skipping MapperFactoryBean with name 'userMapper' and 'com.rejoice.active.console.mapper.UserMapper' mapperInterface. Bean already defined with the same name!
[2017-06-23 09:17:05,425][restartedMain][WARN][org.mybatis.spring.mapper.ClassPathMapperScanner:167] No MyBatis mapper was found in '[com.rejoice.active.console.mapper]' package. Please check your configuration.
[2017-06-23 09:17:10,957][http-nio-8081-exec-7][WARN][com.rejoice.active.console.interceptor.SessionInterceptor:48] visit path[/rejoice/]:no session, redirect to /login
[2017-06-23 09:17:57,412][http-nio-8081-exec-5][WARN][org.springframework.web.servlet.mvc.method.annotation.ExceptionHandlerExceptionResolver:189] Resolved exception caused by Handler execution: org.springframework.web.HttpMediaTypeNotAcceptableException: Could not find acceptable representation
[2017-06-23 09:18:01,029][http-nio-8081-exec-9][WARN][org.springframework.web.servlet.mvc.method.annotation.ExceptionHandlerExceptionResolver:189] Resolved exception caused by Handler execution: org.springframework.web.HttpMediaTypeNotAcceptableException: Could not find acceptable representation
[2017-06-23 09:18:42,088][http-nio-8081-exec-9][WARN][org.springframework.web.servlet.mvc.method.annotation.ExceptionHandlerExceptionResolver:189] Resolved exception caused by Handler execution: org.springframework.web.HttpMediaTypeNotAcceptableException: Could not find acceptable representation
[2017-06-23 09:19:47,882][restartedMain][WARN][org.mybatis.spring.mapper.ClassPathMapperScanner:240] Skipping MapperFactoryBean with name 'activeHistoryMapper' and 'com.rejoice.active.console.mapper.ActiveHistoryMapper' mapperInterface. Bean already defined with the same name!
[2017-06-23 09:19:47,882][restartedMain][WARN][org.mybatis.spring.mapper.ClassPathMapperScanner:240] Skipping MapperFactoryBean with name 'companyMapper' and 'com.rejoice.active.console.mapper.CompanyMapper' mapperInterface. Bean already defined with the same name!
[2017-06-23 09:19:47,882][restartedMain][WARN][org.mybatis.spring.mapper.ClassPathMapperScanner:240] Skipping MapperFactoryBean with name 'userMapper' and 'com.rejoice.active.console.mapper.UserMapper' mapperInterface. Bean already defined with the same name!
[2017-06-23 09:19:47,882][restartedMain][WARN][org.mybatis.spring.mapper.ClassPathMapperScanner:167] No MyBatis mapper was found in '[com.rejoice.active.console.mapper]' package. Please check your configuration.
[2017-06-23 09:19:51,512][http-nio-8081-exec-3][WARN][com.rejoice.active.console.interceptor.SessionInterceptor:48] visit path[/rejoice/]:no session, redirect to /login
[2017-06-23 09:21:00,060][restartedMain][WARN][org.mybatis.spring.mapper.ClassPathMapperScanner:240] Skipping MapperFactoryBean with name 'activeHistoryMapper' and 'com.rejoice.active.console.mapper.ActiveHistoryMapper' mapperInterface. Bean already defined with the same name!
[2017-06-23 09:21:00,060][restartedMain][WARN][org.mybatis.spring.mapper.ClassPathMapperScanner:240] Skipping MapperFactoryBean with name 'companyMapper' and 'com.rejoice.active.console.mapper.CompanyMapper' mapperInterface. Bean already defined with the same name!
[2017-06-23 09:21:00,060][restartedMain][WARN][org.mybatis.spring.mapper.ClassPathMapperScanner:240] Skipping MapperFactoryBean with name 'userMapper' and 'com.rejoice.active.console.mapper.UserMapper' mapperInterface. Bean already defined with the same name!
[2017-06-23 09:21:00,060][restartedMain][WARN][org.mybatis.spring.mapper.ClassPathMapperScanner:167] No MyBatis mapper was found in '[com.rejoice.active.console.mapper]' package. Please check your configuration.
[2017-06-23 09:21:02,712][http-nio-8081-exec-8][WARN][com.rejoice.active.console.interceptor.SessionInterceptor:48] visit path[/rejoice/]:no session, redirect to /login
[2017-06-23 09:28:05,567][restartedMain][WARN][org.mybatis.spring.mapper.ClassPathMapperScanner:240] Skipping MapperFactoryBean with name 'activeHistoryMapper' and 'com.rejoice.active.console.mapper.ActiveHistoryMapper' mapperInterface. Bean already defined with the same name!
[2017-06-23 09:28:05,568][restartedMain][WARN][org.mybatis.spring.mapper.ClassPathMapperScanner:240] Skipping MapperFactoryBean with name 'companyMapper' and 'com.rejoice.active.console.mapper.CompanyMapper' mapperInterface. Bean already defined with the same name!
[2017-06-23 09:28:05,568][restartedMain][WARN][org.mybatis.spring.mapper.ClassPathMapperScanner:240] Skipping MapperFactoryBean with name 'userMapper' and 'com.rejoice.active.console.mapper.UserMapper' mapperInterface. Bean already defined with the same name!
[2017-06-23 09:28:05,568][restartedMain][WARN][org.mybatis.spring.mapper.ClassPathMapperScanner:167] No MyBatis mapper was found in '[com.rejoice.active.console.mapper]' package. Please check your configuration.
[2017-06-23 09:28:08,529][http-nio-8081-exec-3][WARN][com.rejoice.active.console.interceptor.SessionInterceptor:48] visit path[/]:no session, redirect to /login
[2017-06-23 09:32:17,792][restartedMain][WARN][org.mybatis.spring.mapper.ClassPathMapperScanner:240] Skipping MapperFactoryBean with name 'activeHistoryMapper' and 'com.rejoice.active.console.mapper.ActiveHistoryMapper' mapperInterface. Bean already defined with the same name!
[2017-06-23 09:32:17,792][restartedMain][WARN][org.mybatis.spring.mapper.ClassPathMapperScanner:240] Skipping MapperFactoryBean with name 'companyMapper' and 'com.rejoice.active.console.mapper.CompanyMapper' mapperInterface. Bean already defined with the same name!
[2017-06-23 09:32:17,792][restartedMain][WARN][org.mybatis.spring.mapper.ClassPathMapperScanner:240] Skipping MapperFactoryBean with name 'userMapper' and 'com.rejoice.active.console.mapper.UserMapper' mapperInterface. Bean already defined with the same name!
[2017-06-23 09:32:17,792][restartedMain][WARN][org.mybatis.spring.mapper.ClassPathMapperScanner:167] No MyBatis mapper was found in '[com.rejoice.active.console.mapper]' package. Please check your configuration.
[2017-06-23 09:32:30,326][http-nio-8081-exec-1][WARN][com.rejoice.active.console.interceptor.SessionInterceptor:48] visit path[/page/user/list.html]:no session, redirect to /login
[2017-06-23 09:32:50,646][restartedMain][WARN][org.mybatis.spring.mapper.ClassPathMapperScanner:240] Skipping MapperFactoryBean with name 'activeHistoryMapper' and 'com.rejoice.active.console.mapper.ActiveHistoryMapper' mapperInterface. Bean already defined with the same name!
[2017-06-23 09:32:50,647][restartedMain][WARN][org.mybatis.spring.mapper.ClassPathMapperScanner:240] Skipping MapperFactoryBean with name 'companyMapper' and 'com.rejoice.active.console.mapper.CompanyMapper' mapperInterface. Bean already defined with the same name!
[2017-06-23 09:32:50,647][restartedMain][WARN][org.mybatis.spring.mapper.ClassPathMapperScanner:240] Skipping MapperFactoryBean with name 'userMapper' and 'com.rejoice.active.console.mapper.UserMapper' mapperInterface. Bean already defined with the same name!
[2017-06-23 09:32:50,647][restartedMain][WARN][org.mybatis.spring.mapper.ClassPathMapperScanner:167] No MyBatis mapper was found in '[com.rejoice.active.console.mapper]' package. Please check your configuration.
[2017-06-23 09:32:51,751][http-nio-8081-exec-1][WARN][com.rejoice.active.console.interceptor.SessionInterceptor:48] visit path[/page/home.html]:no session, redirect to /login
[2017-06-23 09:33:00,665][restartedMain][WARN][org.mybatis.spring.mapper.ClassPathMapperScanner:240] Skipping MapperFactoryBean with name 'activeHistoryMapper' and 'com.rejoice.active.console.mapper.ActiveHistoryMapper' mapperInterface. Bean already defined with the same name!
[2017-06-23 09:33:00,666][restartedMain][WARN][org.mybatis.spring.mapper.ClassPathMapperScanner:240] Skipping MapperFactoryBean with name 'companyMapper' and 'com.rejoice.active.console.mapper.CompanyMapper' mapperInterface. Bean already defined with the same name!
[2017-06-23 09:33:00,666][restartedMain][WARN][org.mybatis.spring.mapper.ClassPathMapperScanner:240] Skipping MapperFactoryBean with name 'userMapper' and 'com.rejoice.active.console.mapper.UserMapper' mapperInterface. Bean already defined with the same name!
[2017-06-23 09:33:00,666][restartedMain][WARN][org.mybatis.spring.mapper.ClassPathMapperScanner:167] No MyBatis mapper was found in '[com.rejoice.active.console.mapper]' package. Please check your configuration.
[2017-06-23 09:33:04,122][http-nio-8081-exec-1][WARN][com.rejoice.active.console.interceptor.SessionInterceptor:48] visit path[/page/activehistory/list.html]:no session, redirect to /login
[2017-06-23 09:33:04,431][http-nio-8081-exec-4][WARN][com.rejoice.active.console.interceptor.SessionInterceptor:48] visit path[/user/page]:no session, redirect to /login
[2017-06-23 09:33:04,456][http-nio-8081-exec-8][WARN][com.rejoice.active.console.interceptor.SessionInterceptor:48] visit path[/company/page]:no session, redirect to /login
[2017-06-23 09:34:37,350][restartedMain][WARN][org.mybatis.spring.mapper.ClassPathMapperScanner:240] Skipping MapperFactoryBean with name 'activeHistoryMapper' and 'com.rejoice.active.console.mapper.ActiveHistoryMapper' mapperInterface. Bean already defined with the same name!
[2017-06-23 09:34:37,350][restartedMain][WARN][org.mybatis.spring.mapper.ClassPathMapperScanner:240] Skipping MapperFactoryBean with name 'companyMapper' and 'com.rejoice.active.console.mapper.CompanyMapper' mapperInterface. Bean already defined with the same name!
[2017-06-23 09:34:37,351][restartedMain][WARN][org.mybatis.spring.mapper.ClassPathMapperScanner:240] Skipping MapperFactoryBean with name 'userMapper' and 'com.rejoice.active.console.mapper.UserMapper' mapperInterface. Bean already defined with the same name!
[2017-06-23 09:34:37,351][restartedMain][WARN][org.mybatis.spring.mapper.ClassPathMapperScanner:167] No MyBatis mapper was found in '[com.rejoice.active.console.mapper]' package. Please check your configuration.
[2017-06-23 09:35:20,749][restartedMain][WARN][org.mybatis.spring.mapper.ClassPathMapperScanner:240] Skipping MapperFactoryBean with name 'activeHistoryMapper' and 'com.rejoice.active.console.mapper.ActiveHistoryMapper' mapperInterface. Bean already defined with the same name!
[2017-06-23 09:35:20,749][restartedMain][WARN][org.mybatis.spring.mapper.ClassPathMapperScanner:240] Skipping MapperFactoryBean with name 'companyMapper' and 'com.rejoice.active.console.mapper.CompanyMapper' mapperInterface. Bean already defined with the same name!
[2017-06-23 09:35:20,749][restartedMain][WARN][org.mybatis.spring.mapper.ClassPathMapperScanner:240] Skipping MapperFactoryBean with name 'userMapper' and 'com.rejoice.active.console.mapper.UserMapper' mapperInterface. Bean already defined with the same name!
[2017-06-23 09:35:20,749][restartedMain][WARN][org.mybatis.spring.mapper.ClassPathMapperScanner:167] No MyBatis mapper was found in '[com.rejoice.active.console.mapper]' package. Please check your configuration.
[2017-06-23 09:35:23,153][http-nio-8081-exec-1][WARN][com.rejoice.active.console.interceptor.SessionInterceptor:48] visit path[/page/home.html]:no session, redirect to /login
[2017-06-23 11:13:53,881][restartedMain][WARN][org.mybatis.spring.mapper.ClassPathMapperScanner:240] Skipping MapperFactoryBean with name 'activeHistoryMapper' and 'com.rejoice.active.console.mapper.ActiveHistoryMapper' mapperInterface. Bean already defined with the same name!
[2017-06-23 11:13:53,881][restartedMain][WARN][org.mybatis.spring.mapper.ClassPathMapperScanner:240] Skipping MapperFactoryBean with name 'companyMapper' and 'com.rejoice.active.console.mapper.CompanyMapper' mapperInterface. Bean already defined with the same name!
[2017-06-23 11:13:53,881][restartedMain][WARN][org.mybatis.spring.mapper.ClassPathMapperScanner:240] Skipping MapperFactoryBean with name 'userMapper' and 'com.rejoice.active.console.mapper.UserMapper' mapperInterface. Bean already defined with the same name!
[2017-06-23 11:13:53,881][restartedMain][WARN][org.mybatis.spring.mapper.ClassPathMapperScanner:167] No MyBatis mapper was found in '[com.rejoice.active.console.mapper]' package. Please check your configuration.
[2017-06-23 11:13:57,480][restartedMain][WARN][org.springframework.boot.devtools.autoconfigure.OptionalLiveReloadServer:62] Unable to start LiveReload server
[2017-06-23 11:14:37,448][http-nio-8080-exec-2][WARN][com.rejoice.active.console.interceptor.SessionInterceptor:48] visit path[/page/home.html]:no session, redirect to /login
[2017-06-23 11:23:17,681][http-nio-8080-exec-1][WARN][com.rejoice.active.console.interceptor.SessionInterceptor:48] visit path[/page/user/list.html]:no session, redirect to /login
