[2017-06-27 11:54:40,679][restartedMain][WARN][org.mybatis.spring.mapper.ClassPathMapperScanner:240] Skipping MapperFactoryBean with name 'activeHistoryMapper' and 'com.rejoice.active.console.mapper.ActiveHistoryMapper' mapperInterface. Bean already defined with the same name!
[2017-06-27 11:54:40,682][restartedMain][WARN][org.mybatis.spring.mapper.ClassPathMapperScanner:240] Skipping MapperFactoryBean with name 'companyMapper' and 'com.rejoice.active.console.mapper.CompanyMapper' mapperInterface. Bean already defined with the same name!
[2017-06-27 11:54:40,682][restartedMain][WARN][org.mybatis.spring.mapper.ClassPathMapperScanner:240] Skipping MapperFactoryBean with name 'userMapper' and 'com.rejoice.active.console.mapper.UserMapper' mapperInterface. Bean already defined with the same name!
[2017-06-27 11:54:40,683][restartedMain][WARN][org.mybatis.spring.mapper.ClassPathMapperScanner:167] No MyBatis mapper was found in '[com.rejoice.active.console.mapper]' package. Please check your configuration.
[2017-06-27 11:54:42,803][restartedMain][WARN][org.springframework.boot.context.embedded.AnnotationConfigEmbeddedWebApplicationContext:550] Exception encountered during context initialization - cancelling refresh attempt: org.springframework.beans.factory.BeanCreationException: Error creating bean with name 'activeConsole': Invocation of init method failed; nested exception is java.lang.NullPointerException
[2017-06-27 11:55:27,547][restartedMain][WARN][org.mybatis.spring.mapper.ClassPathMapperScanner:240] Skipping MapperFactoryBean with name 'activeHistoryMapper' and 'com.rejoice.active.console.mapper.ActiveHistoryMapper' mapperInterface. Bean already defined with the same name!
[2017-06-27 11:55:27,547][restartedMain][WARN][org.mybatis.spring.mapper.ClassPathMapperScanner:240] Skipping MapperFactoryBean with name 'companyMapper' and 'com.rejoice.active.console.mapper.CompanyMapper' mapperInterface. Bean already defined with the same name!
[2017-06-27 11:55:27,547][restartedMain][WARN][org.mybatis.spring.mapper.ClassPathMapperScanner:240] Skipping MapperFactoryBean with name 'userMapper' and 'com.rejoice.active.console.mapper.UserMapper' mapperInterface. Bean already defined with the same name!
[2017-06-27 11:55:27,547][restartedMain][WARN][org.mybatis.spring.mapper.ClassPathMapperScanner:167] No MyBatis mapper was found in '[com.rejoice.active.console.mapper]' package. Please check your configuration.
[2017-06-27 11:55:43,211][restartedMain][WARN][org.mybatis.spring.mapper.ClassPathMapperScanner:240] Skipping MapperFactoryBean with name 'activeHistoryMapper' and 'com.rejoice.active.console.mapper.ActiveHistoryMapper' mapperInterface. Bean already defined with the same name!
[2017-06-27 11:55:43,211][restartedMain][WARN][org.mybatis.spring.mapper.ClassPathMapperScanner:240] Skipping MapperFactoryBean with name 'companyMapper' and 'com.rejoice.active.console.mapper.CompanyMapper' mapperInterface. Bean already defined with the same name!
[2017-06-27 11:55:43,211][restartedMain][WARN][org.mybatis.spring.mapper.ClassPathMapperScanner:240] Skipping MapperFactoryBean with name 'userMapper' and 'com.rejoice.active.console.mapper.UserMapper' mapperInterface. Bean already defined with the same name!
[2017-06-27 11:55:43,211][restartedMain][WARN][org.mybatis.spring.mapper.ClassPathMapperScanner:167] No MyBatis mapper was found in '[com.rejoice.active.console.mapper]' package. Please check your configuration.
[2017-06-27 11:55:45,334][restartedMain][WARN][org.springframework.boot.context.embedded.AnnotationConfigEmbeddedWebApplicationContext:550] Exception encountered during context initialization - cancelling refresh attempt: org.springframework.beans.factory.BeanCreationException: Error creating bean with name 'activeConsole': Invocation of init method failed; nested exception is java.lang.NullPointerException
[2017-06-27 11:55:56,676][restartedMain][WARN][org.mybatis.spring.mapper.ClassPathMapperScanner:240] Skipping MapperFactoryBean with name 'activeHistoryMapper' and 'com.rejoice.active.console.mapper.ActiveHistoryMapper' mapperInterface. Bean already defined with the same name!
[2017-06-27 11:55:56,676][restartedMain][WARN][org.mybatis.spring.mapper.ClassPathMapperScanner:240] Skipping MapperFactoryBean with name 'companyMapper' and 'com.rejoice.active.console.mapper.CompanyMapper' mapperInterface. Bean already defined with the same name!
[2017-06-27 11:55:56,676][restartedMain][WARN][org.mybatis.spring.mapper.ClassPathMapperScanner:240] Skipping MapperFactoryBean with name 'userMapper' and 'com.rejoice.active.console.mapper.UserMapper' mapperInterface. Bean already defined with the same name!
[2017-06-27 11:55:56,676][restartedMain][WARN][org.mybatis.spring.mapper.ClassPathMapperScanner:167] No MyBatis mapper was found in '[com.rejoice.active.console.mapper]' package. Please check your configuration.
[2017-06-27 12:00:42,409][restartedMain][WARN][org.mybatis.spring.mapper.ClassPathMapperScanner:240] Skipping MapperFactoryBean with name 'activeHistoryMapper' and 'com.rejoice.active.console.mapper.ActiveHistoryMapper' mapperInterface. Bean already defined with the same name!
[2017-06-27 12:00:42,409][restartedMain][WARN][org.mybatis.spring.mapper.ClassPathMapperScanner:240] Skipping MapperFactoryBean with name 'companyMapper' and 'com.rejoice.active.console.mapper.CompanyMapper' mapperInterface. Bean already defined with the same name!
[2017-06-27 12:00:42,409][restartedMain][WARN][org.mybatis.spring.mapper.ClassPathMapperScanner:240] Skipping MapperFactoryBean with name 'userMapper' and 'com.rejoice.active.console.mapper.UserMapper' mapperInterface. Bean already defined with the same name!
[2017-06-27 12:00:42,409][restartedMain][WARN][org.mybatis.spring.mapper.ClassPathMapperScanner:167] No MyBatis mapper was found in '[com.rejoice.active.console.mapper]' package. Please check your configuration.
[2017-06-27 12:01:20,378][restartedMain][WARN][org.mybatis.spring.mapper.ClassPathMapperScanner:240] Skipping MapperFactoryBean with name 'activeHistoryMapper' and 'com.rejoice.active.console.mapper.ActiveHistoryMapper' mapperInterface. Bean already defined with the same name!
[2017-06-27 12:01:20,378][restartedMain][WARN][org.mybatis.spring.mapper.ClassPathMapperScanner:240] Skipping MapperFactoryBean with name 'companyMapper' and 'com.rejoice.active.console.mapper.CompanyMapper' mapperInterface. Bean already defined with the same name!
[2017-06-27 12:01:20,378][restartedMain][WARN][org.mybatis.spring.mapper.ClassPathMapperScanner:240] Skipping MapperFactoryBean with name 'userMapper' and 'com.rejoice.active.console.mapper.UserMapper' mapperInterface. Bean already defined with the same name!
[2017-06-27 12:01:20,378][restartedMain][WARN][org.mybatis.spring.mapper.ClassPathMapperScanner:167] No MyBatis mapper was found in '[com.rejoice.active.console.mapper]' package. Please check your configuration.
