[2017-05-23 16:42:58,909][main][WARN][org.mybatis.spring.mapper.ClassPathMapperScanner:167] No MyBatis mapper was found in '[com.rejoice.active.console]' package. Please check your configuration.
[2017-05-23 16:43:00,271][main][WARN][org.springframework.boot.context.embedded.AnnotationConfigEmbeddedWebApplicationContext:550] Exception encountered during context initialization - cancelling refresh attempt: org.springframework.beans.factory.UnsatisfiedDependencyException: Error creating bean with name 'companyController': Unsatisfied dependency expressed through field 'companyService'; nested exception is org.springframework.beans.factory.NoSuchBeanDefinitionException: No qualifying bean of type 'com.rejoice.active.console.service.CompanyService' available: expected at least 1 bean which qualifies as autowire candidate. Dependency annotations: {@org.springframework.beans.factory.annotation.Autowired(required=true)}
[2017-05-23 16:43:00,282][localhost-startStop-1][WARN][org.apache.catalina.loader.WebappClassLoaderBase:179] The web application [ROOT] appears to have started a thread named [Abandoned connection cleanup thread] but has failed to stop it. This is very likely to create a memory leak. Stack trace of thread:
 java.lang.Object.wait(Native Method)
 java.lang.ref.ReferenceQueue.remove(ReferenceQueue.java:142)
 com.mysql.jdbc.AbandonedConnectionCleanupThread.run(AbandonedConnectionCleanupThread.java:43)
[2017-05-23 16:43:36,340][main][WARN][org.mybatis.spring.mapper.ClassPathMapperScanner:167] No MyBatis mapper was found in '[com.rejoice.active.console]' package. Please check your configuration.
[2017-05-23 16:43:37,621][main][WARN][org.springframework.boot.context.embedded.AnnotationConfigEmbeddedWebApplicationContext:550] Exception encountered during context initialization - cancelling refresh attempt: org.springframework.beans.factory.UnsatisfiedDependencyException: Error creating bean with name 'companyController': Unsatisfied dependency expressed through field 'companyService'; nested exception is org.springframework.beans.factory.UnsatisfiedDependencyException: Error creating bean with name 'companyService': Unsatisfied dependency expressed through field 'mapper'; nested exception is org.springframework.beans.factory.NoSuchBeanDefinitionException: No qualifying bean of type 'tk.mybatis.mapper.common.Mapper<com.rejoice.active.console.entity.Company>' available: expected at least 1 bean which qualifies as autowire candidate. Dependency annotations: {@org.springframework.beans.factory.annotation.Autowired(required=true)}
[2017-05-23 16:43:37,634][localhost-startStop-1][WARN][org.apache.catalina.loader.WebappClassLoaderBase:179] The web application [ROOT] appears to have started a thread named [Abandoned connection cleanup thread] but has failed to stop it. This is very likely to create a memory leak. Stack trace of thread:
 java.lang.Object.wait(Native Method)
 java.lang.ref.ReferenceQueue.remove(ReferenceQueue.java:142)
 com.mysql.jdbc.AbandonedConnectionCleanupThread.run(AbandonedConnectionCleanupThread.java:43)
[2017-05-21 17:30:34,562][http-nio-8081-exec-1][WARN][com.rejoice.active.console.controller.HelloController:38] warn:hello
[2017-05-21 18:10:22,647][main][WARN][org.springframework.boot.context.embedded.AnnotationConfigEmbeddedWebApplicationContext:550] Exception encountered during context initialization - cancelling refresh attempt: org.springframework.beans.factory.UnsatisfiedDependencyException: Error creating bean with name 'companyController': Unsatisfied dependency expressed through field 'companyService'; nested exception is org.springframework.beans.factory.NoSuchBeanDefinitionException: No qualifying bean of type 'com.rejoice.active.console.service.CompanyService' available: expected at least 1 bean which qualifies as autowire candidate. Dependency annotations: {@org.springframework.beans.factory.annotation.Autowired(required=true)}
[2017-05-21 18:10:22,657][localhost-startStop-1][WARN][org.apache.catalina.loader.WebappClassLoaderBase:179] The web application [ROOT] appears to have started a thread named [Abandoned connection cleanup thread] but has failed to stop it. This is very likely to create a memory leak. Stack trace of thread:
 java.lang.Object.wait(Native Method)
 java.lang.ref.ReferenceQueue.remove(ReferenceQueue.java:142)
 com.mysql.jdbc.AbandonedConnectionCleanupThread.run(AbandonedConnectionCleanupThread.java:43)
[2017-05-21 18:15:02,872][http-nio-8081-exec-7][WARN][org.springframework.web.servlet.PageNotFound:215] Request method 'POST' not supported
[2017-05-21 18:42:18,800][main][WARN][org.springframework.boot.context.embedded.AnnotationConfigEmbeddedWebApplicationContext:550] Exception encountered during context initialization - cancelling refresh attempt: org.springframework.beans.factory.BeanCreationException: Error creating bean with name 'requestMappingHandlerMapping' defined in class path resource [org/springframework/boot/autoconfigure/web/WebMvcAutoConfiguration$EnableWebMvcConfiguration.class]: Invocation of init method failed; nested exception is org.springframework.core.annotation.AnnotationConfigurationException: In annotation [org.springframework.web.bind.annotation.ResponseStatus] declared on public void com.rejoice.active.console.controller.CompanyController.save(com.rejoice.active.console.entity.Company) and synthesized from [@org.springframework.web.bind.annotation.ResponseStatus(value=200, reason=, code=201)], attribute 'code' and its alias 'value' are present with values of [201] and [200], but only one is permitted.
[2017-05-21 18:42:18,814][localhost-startStop-1][WARN][org.apache.catalina.loader.WebappClassLoaderBase:179] The web application [ROOT] appears to have started a thread named [Abandoned connection cleanup thread] but has failed to stop it. This is very likely to create a memory leak. Stack trace of thread:
 java.lang.Object.wait(Native Method)
 java.lang.ref.ReferenceQueue.remove(ReferenceQueue.java:142)
 com.mysql.jdbc.AbandonedConnectionCleanupThread.run(AbandonedConnectionCleanupThread.java:43)
[2017-05-21 18:43:03,360][main][WARN][org.springframework.boot.context.embedded.AnnotationConfigEmbeddedWebApplicationContext:550] Exception encountered during context initialization - cancelling refresh attempt: org.springframework.beans.factory.BeanCreationException: Error creating bean with name 'requestMappingHandlerMapping' defined in class path resource [org/springframework/boot/autoconfigure/web/WebMvcAutoConfiguration$EnableWebMvcConfiguration.class]: Invocation of init method failed; nested exception is org.springframework.core.annotation.AnnotationConfigurationException: In annotation [org.springframework.web.bind.annotation.ResponseStatus] declared on public void com.rejoice.active.console.controller.CompanyController.save(com.rejoice.active.console.entity.Company) and synthesized from [@org.springframework.web.bind.annotation.ResponseStatus(value=200, reason=, code=201)], attribute 'code' and its alias 'value' are present with values of [201] and [200], but only one is permitted.
[2017-05-21 18:43:03,371][localhost-startStop-1][WARN][org.apache.catalina.loader.WebappClassLoaderBase:179] The web application [ROOT] appears to have started a thread named [Abandoned connection cleanup thread] but has failed to stop it. This is very likely to create a memory leak. Stack trace of thread:
 java.lang.Object.wait(Native Method)
 java.lang.ref.ReferenceQueue.remove(ReferenceQueue.java:142)
 com.mysql.jdbc.AbandonedConnectionCleanupThread.run(AbandonedConnectionCleanupThread.java:43)
